<?xml version="1.0" encoding="utf-8"?><testsuites name="pytest tests"><testsuite name="pytest" errors="0" failures="0" skipped="1" tests="33" time="1.840" timestamp="2026-01-28T20:38:19.020750+00:00" hostname="agent-env-4675e57f-44dd-472e-9e1c-87963fbeb84f"><testcase classname="backend.tests.test_backend_regression_iteration29.TestAuthentication" name="test_01_login_pe_desk_success" time="0.312" /><testcase classname="backend.tests.test_backend_regression_iteration29.TestAuthentication" name="test_02_login_invalid_credentials" time="0.042" /><testcase classname="backend.tests.test_backend_regression_iteration29.TestAuthentication" name="test_03_get_current_user" time="0.079" /><testcase classname="backend.tests.test_backend_regression_iteration29.TestDashboard" name="test_01_get_dashboard_stats" time="0.046" /><testcase classname="backend.tests.test_backend_regression_iteration29.TestDashboard" name="test_02_get_dashboard_analytics" time="0.046" /><testcase classname="backend.tests.test_backend_regression_iteration29.TestClients" name="test_01_get_clients_list" time="0.052" /><testcase classname="backend.tests.test_backend_regression_iteration29.TestClients" name="test_02_get_client_by_id" time="0.047" /><testcase classname="backend.tests.test_backend_regression_iteration29.TestStocks" name="test_01_get_stocks_list" time="0.041" /><testcase classname="backend.tests.test_backend_regression_iteration29.TestStocks" name="test_02_get_stock_by_id" time="0.000"><skipped type="pytest.skip" message="No stocks available to test">/app/backend/tests/test_backend_regression_iteration29.py:155: No stocks available to test</skipped></testcase><testcase classname="backend.tests.test_backend_regression_iteration29.TestInventory" name="test_01_get_inventory_list" time="0.041" /><testcase classname="backend.tests.test_backend_regression_iteration29.TestBookings" name="test_01_get_bookings_list" time="0.065" /><testcase classname="backend.tests.test_backend_regression_iteration29.TestBookings" name="test_02_get_booking_by_id" time="0.037" /><testcase classname="backend.tests.test_backend_regression_iteration29.TestReferralPartners" name="test_01_get_rp_list" time="0.047" /><testcase classname="backend.tests.test_backend_regression_iteration29.TestReferralPartners" name="test_02_get_approved_rps" time="0.040" /><testcase classname="backend.tests.test_backend_regression_iteration29.TestReferralPartners" name="test_03_get_pending_rps" time="0.037" /><testcase classname="backend.tests.test_backend_regression_iteration29.TestReferralPartners" name="test_04_create_rp_for_approval_test" time="0.057" /><testcase classname="backend.tests.test_backend_regression_iteration29.TestReferralPartners" name="test_05_approve_rp_workflow" time="0.043" /><testcase classname="backend.tests.test_backend_regression_iteration29.TestReferralPartners" name="test_06_reject_rp_requires_reason" time="0.048" /><testcase classname="backend.tests.test_backend_regression_iteration29.TestReferralPartners" name="test_07_get_rp_by_id" time="0.039" /><testcase classname="backend.tests.test_backend_regression_iteration29.TestFinance" name="test_01_get_finance_summary" time="0.047" /><testcase classname="backend.tests.test_backend_regression_iteration29.TestFinance" name="test_02_get_finance_payments" time="0.041" /><testcase classname="backend.tests.test_backend_regression_iteration29.TestFinance" name="test_03_get_rp_payments" time="0.045" /><testcase classname="backend.tests.test_backend_regression_iteration29.TestFinance" name="test_04_get_rp_payments_summary" time="0.039" /><testcase classname="backend.tests.test_backend_regression_iteration29.TestFinance" name="test_05_get_employee_commissions" time="0.038" /><testcase classname="backend.tests.test_backend_regression_iteration29.TestFinance" name="test_06_get_employee_commissions_summary" time="0.048" /><testcase classname="backend.tests.test_backend_regression_iteration29.TestFinance" name="test_07_get_refund_requests" time="0.039" /><testcase classname="backend.tests.test_backend_regression_iteration29.TestUsers" name="test_01_get_users_list" time="0.047" /><testcase classname="backend.tests.test_backend_regression_iteration29.TestUsers" name="test_02_get_employees_list" time="0.043" /><testcase classname="backend.tests.test_backend_regression_iteration29.TestNotifications" name="test_01_get_notifications" time="0.045" /><testcase classname="backend.tests.test_backend_regression_iteration29.TestNotifications" name="test_02_get_unread_count" time="0.041" /><testcase classname="backend.tests.test_backend_regression_iteration29.TestAuditLogs" name="test_01_get_audit_logs" time="0.052" /><testcase classname="backend.tests.test_backend_regression_iteration29.TestEmailTemplates" name="test_01_get_email_templates" time="0.039" /><testcase classname="backend.tests.test_backend_regression_iteration29.TestCleanup" name="test_99_cleanup_test_rp" time="0.041" /></testsuite></testsuites>