<?xml version="1.0" encoding="utf-8"?><testsuites name="pytest tests"><testsuite name="pytest" errors="0" failures="0" skipped="0" tests="21" time="2.588" timestamp="2026-02-04T18:17:26.827945+00:00" hostname="agent-env-1f8a6781-9362-432f-8010-554b218d13c5"><testcase classname="backend.tests.test_bi_whatsapp_features.TestAuthentication" name="test_login_success" time="0.466" /><testcase classname="backend.tests.test_bi_whatsapp_features.TestBIReportsAPI" name="test_get_bi_reports_config" time="0.345" /><testcase classname="backend.tests.test_bi_whatsapp_features.TestBIReportsAPI" name="test_generate_bookings_report" time="0.042" /><testcase classname="backend.tests.test_bi_whatsapp_features.TestBIReportsAPI" name="test_generate_clients_report" time="0.081" /><testcase classname="backend.tests.test_bi_whatsapp_features.TestBIReportsAPI" name="test_generate_revenue_report" time="0.042" /><testcase classname="backend.tests.test_bi_whatsapp_features.TestBIReportsAPI" name="test_generate_inventory_report" time="0.037" /><testcase classname="backend.tests.test_bi_whatsapp_features.TestBIReportsAPI" name="test_generate_payments_report" time="0.040" /><testcase classname="backend.tests.test_bi_whatsapp_features.TestBIReportsAPI" name="test_generate_pnl_report" time="0.045" /><testcase classname="backend.tests.test_bi_whatsapp_features.TestBIReportsAPI" name="test_export_report_to_excel" time="0.056" /><testcase classname="backend.tests.test_bi_whatsapp_features.TestBIReportsAPI" name="test_invalid_report_type" time="0.043" /><testcase classname="backend.tests.test_bi_whatsapp_features.TestBIReportsAPI" name="test_unauthorized_access" time="0.040" /><testcase classname="backend.tests.test_bi_whatsapp_features.TestWhatsAppAPI" name="test_get_whatsapp_config" time="0.299" /><testcase classname="backend.tests.test_bi_whatsapp_features.TestWhatsAppAPI" name="test_get_whatsapp_templates" time="0.038" /><testcase classname="backend.tests.test_bi_whatsapp_features.TestWhatsAppAPI" name="test_get_qr_code" time="0.069" /><testcase classname="backend.tests.test_bi_whatsapp_features.TestWhatsAppAPI" name="test_send_message_without_connection" time="0.039" /><testcase classname="backend.tests.test_bi_whatsapp_features.TestWhatsAppAPI" name="test_get_whatsapp_stats" time="0.039" /><testcase classname="backend.tests.test_bi_whatsapp_features.TestWhatsAppAPI" name="test_get_message_logs" time="0.039" /><testcase classname="backend.tests.test_bi_whatsapp_features.TestWhatsAppAPI" name="test_unauthorized_whatsapp_access" time="0.075" /><testcase classname="backend.tests.test_bi_whatsapp_features.TestPEDashboardBPOverrides" name="test_pe_dashboard_includes_bp_overrides" time="0.319" /><testcase classname="backend.tests.test_bi_whatsapp_features.TestNewPermissions" name="test_bi_builder_permission_exists" time="0.304" /><testcase classname="backend.tests.test_bi_whatsapp_features.TestNewPermissions" name="test_whatsapp_permission_exists" time="0.036" /></testsuite></testsuites>