<?xml version="1.0" encoding="utf-8"?><testsuites name="pytest tests"><testsuite name="pytest" errors="0" failures="8" skipped="0" tests="25" time="5.035" timestamp="2026-02-08T13:12:42.173156+00:00" hostname="agent-env-237895fa-930c-4e6f-a1e6-bd6983ff4739"><testcase classname="backend.tests.test_bond_scraping_service.TestBondDatabaseCount" name="test_statistics_shows_72_instruments" time="0.413" /><testcase classname="backend.tests.test_bond_scraping_service.TestDataSourcesStatistics" name="test_statistics_shows_all_source_categories" time="0.081" /><testcase classname="backend.tests.test_bond_scraping_service.TestDataSourcesStatistics" name="test_statistics_shows_live_lookup_enabled" time="0.040" /><testcase classname="backend.tests.test_bond_scraping_service.TestRatingFilter" name="test_search_aaa_rated_only" time="0.038"><failure message="AssertionError: Search failed: {&quot;detail&quot;:[{&quot;type&quot;:&quot;string_too_short&quot;,&quot;loc&quot;:[&quot;query&quot;,&quot;query&quot;],&quot;msg&quot;:&quot;String should have at least 2 characters&quot;,&quot;input&quot;:&quot;A&quot;,&quot;ctx&quot;:{&quot;min_length&quot;:2},&quot;url&quot;:&quot;https://errors.pydantic.dev/2.12/v/string_too_short&quot;}]}&#10;assert 422 == 200&#10; +  where 422 = &lt;Response [422]&gt;.status_code">backend/tests/test_bond_scraping_service.py:125: in test_search_aaa_rated_only
    assert response.status_code == 200, f"Search failed: {response.text}"
E   AssertionError: Search failed: {"detail":[{"type":"string_too_short","loc":["query","query"],"msg":"String should have at least 2 characters","input":"A","ctx":{"min_length":2},"url":"https://errors.pydantic.dev/2.12/v/string_too_short"}]}
E   assert 422 == 200
E    +  where 422 = &lt;Response [422]&gt;.status_code</failure></testcase><testcase classname="backend.tests.test_bond_scraping_service.TestRatingFilter" name="test_search_aa_plus_rated" time="0.045"><failure message="AssertionError: Search failed: {&quot;detail&quot;:[{&quot;type&quot;:&quot;string_too_short&quot;,&quot;loc&quot;:[&quot;query&quot;,&quot;query&quot;],&quot;msg&quot;:&quot;String should have at least 2 characters&quot;,&quot;input&quot;:&quot;A&quot;,&quot;ctx&quot;:{&quot;min_length&quot;:2},&quot;url&quot;:&quot;https://errors.pydantic.dev/2.12/v/string_too_short&quot;}]}&#10;assert 422 == 200&#10; +  where 422 = &lt;Response [422]&gt;.status_code">backend/tests/test_bond_scraping_service.py:145: in test_search_aa_plus_rated
    assert response.status_code == 200, f"Search failed: {response.text}"
E   AssertionError: Search failed: {"detail":[{"type":"string_too_short","loc":["query","query"],"msg":"String should have at least 2 characters","input":"A","ctx":{"min_length":2},"url":"https://errors.pydantic.dev/2.12/v/string_too_short"}]}
E   assert 422 == 200
E    +  where 422 = &lt;Response [422]&gt;.status_code</failure></testcase><testcase classname="backend.tests.test_bond_scraping_service.TestRatingFilter" name="test_search_sovereign_rated" time="0.041" /><testcase classname="backend.tests.test_bond_scraping_service.TestSectorFilter" name="test_search_infrastructure_sector" time="0.115"><failure message="AssertionError: Search failed: {&quot;detail&quot;:[{&quot;type&quot;:&quot;string_too_short&quot;,&quot;loc&quot;:[&quot;query&quot;,&quot;query&quot;],&quot;msg&quot;:&quot;String should have at least 2 characters&quot;,&quot;input&quot;:&quot;A&quot;,&quot;ctx&quot;:{&quot;min_length&quot;:2},&quot;url&quot;:&quot;https://errors.pydantic.dev/2.12/v/string_too_short&quot;}]}&#10;assert 422 == 200&#10; +  where 422 = &lt;Response [422]&gt;.status_code">backend/tests/test_bond_scraping_service.py:189: in test_search_infrastructure_sector
    assert response.status_code == 200, f"Search failed: {response.text}"
E   AssertionError: Search failed: {"detail":[{"type":"string_too_short","loc":["query","query"],"msg":"String should have at least 2 characters","input":"A","ctx":{"min_length":2},"url":"https://errors.pydantic.dev/2.12/v/string_too_short"}]}
E   assert 422 == 200
E    +  where 422 = &lt;Response [422]&gt;.status_code</failure></testcase><testcase classname="backend.tests.test_bond_scraping_service.TestSectorFilter" name="test_search_nbfc_sector" time="0.040"><failure message="AssertionError: Search failed: {&quot;detail&quot;:[{&quot;type&quot;:&quot;string_too_short&quot;,&quot;loc&quot;:[&quot;query&quot;,&quot;query&quot;],&quot;msg&quot;:&quot;String should have at least 2 characters&quot;,&quot;input&quot;:&quot;A&quot;,&quot;ctx&quot;:{&quot;min_length&quot;:2},&quot;url&quot;:&quot;https://errors.pydantic.dev/2.12/v/string_too_short&quot;}]}&#10;assert 422 == 200&#10; +  where 422 = &lt;Response [422]&gt;.status_code">backend/tests/test_bond_scraping_service.py:209: in test_search_nbfc_sector
    assert response.status_code == 200, f"Search failed: {response.text}"
E   AssertionError: Search failed: {"detail":[{"type":"string_too_short","loc":["query","query"],"msg":"String should have at least 2 characters","input":"A","ctx":{"min_length":2},"url":"https://errors.pydantic.dev/2.12/v/string_too_short"}]}
E   assert 422 == 200
E    +  where 422 = &lt;Response [422]&gt;.status_code</failure></testcase><testcase classname="backend.tests.test_bond_scraping_service.TestSectorFilter" name="test_search_banking_sector" time="0.080" /><testcase classname="backend.tests.test_bond_scraping_service.TestSectorFilter" name="test_search_government_sector" time="0.039" /><testcase classname="backend.tests.test_bond_scraping_service.TestInstrumentTypeFilter" name="test_search_ncd_type" time="0.043"><failure message="AssertionError: Search failed: {&quot;detail&quot;:[{&quot;type&quot;:&quot;string_too_short&quot;,&quot;loc&quot;:[&quot;query&quot;,&quot;query&quot;],&quot;msg&quot;:&quot;String should have at least 2 characters&quot;,&quot;input&quot;:&quot;A&quot;,&quot;ctx&quot;:{&quot;min_length&quot;:2},&quot;url&quot;:&quot;https://errors.pydantic.dev/2.12/v/string_too_short&quot;}]}&#10;assert 422 == 200&#10; +  where 422 = &lt;Response [422]&gt;.status_code">backend/tests/test_bond_scraping_service.py:263: in test_search_ncd_type
    assert response.status_code == 200, f"Search failed: {response.text}"
E   AssertionError: Search failed: {"detail":[{"type":"string_too_short","loc":["query","query"],"msg":"String should have at least 2 characters","input":"A","ctx":{"min_length":2},"url":"https://errors.pydantic.dev/2.12/v/string_too_short"}]}
E   assert 422 == 200
E    +  where 422 = &lt;Response [422]&gt;.status_code</failure></testcase><testcase classname="backend.tests.test_bond_scraping_service.TestInstrumentTypeFilter" name="test_search_bond_type" time="0.038"><failure message="AssertionError: Search failed: {&quot;detail&quot;:[{&quot;type&quot;:&quot;string_too_short&quot;,&quot;loc&quot;:[&quot;query&quot;,&quot;query&quot;],&quot;msg&quot;:&quot;String should have at least 2 characters&quot;,&quot;input&quot;:&quot;A&quot;,&quot;ctx&quot;:{&quot;min_length&quot;:2},&quot;url&quot;:&quot;https://errors.pydantic.dev/2.12/v/string_too_short&quot;}]}&#10;assert 422 == 200&#10; +  where 422 = &lt;Response [422]&gt;.status_code">backend/tests/test_bond_scraping_service.py:283: in test_search_bond_type
    assert response.status_code == 200, f"Search failed: {response.text}"
E   AssertionError: Search failed: {"detail":[{"type":"string_too_short","loc":["query","query"],"msg":"String should have at least 2 characters","input":"A","ctx":{"min_length":2},"url":"https://errors.pydantic.dev/2.12/v/string_too_short"}]}
E   assert 422 == 200
E    +  where 422 = &lt;Response [422]&gt;.status_code</failure></testcase><testcase classname="backend.tests.test_bond_scraping_service.TestInstrumentTypeFilter" name="test_search_gsec_type" time="0.039" /><testcase classname="backend.tests.test_bond_scraping_service.TestInstrumentTypeFilter" name="test_search_sdl_type" time="0.039" /><testcase classname="backend.tests.test_bond_scraping_service.TestLiveLookupTrigger" name="test_live_lookup_attempted_for_unknown_isin" time="2.156" /><testcase classname="backend.tests.test_bond_scraping_service.TestLiveLookupTrigger" name="test_live_lookup_not_triggered_for_local_match" time="0.040" /><testcase classname="backend.tests.test_bond_scraping_service.TestLiveLookupTrigger" name="test_live_lookup_can_be_disabled" time="0.040" /><testcase classname="backend.tests.test_bond_scraping_service.TestConfidenceScore" name="test_live_lookup_response_has_confidence_score" time="1.235" /><testcase classname="backend.tests.test_bond_scraping_service.TestSearchByIssuerName" name="test_search_reliance" time="0.078" /><testcase classname="backend.tests.test_bond_scraping_service.TestSearchByIssuerName" name="test_search_bajaj_finance" time="0.040" /><testcase classname="backend.tests.test_bond_scraping_service.TestSearchByIssuerName" name="test_search_tata" time="0.040" /><testcase classname="backend.tests.test_bond_scraping_service.TestCombinedFilters" name="test_rating_and_type_combined" time="0.035"><failure message="AssertionError: Search failed: {&quot;detail&quot;:[{&quot;type&quot;:&quot;string_too_short&quot;,&quot;loc&quot;:[&quot;query&quot;,&quot;query&quot;],&quot;msg&quot;:&quot;String should have at least 2 characters&quot;,&quot;input&quot;:&quot;A&quot;,&quot;ctx&quot;:{&quot;min_length&quot;:2},&quot;url&quot;:&quot;https://errors.pydantic.dev/2.12/v/string_too_short&quot;}]}&#10;assert 422 == 200&#10; +  where 422 = &lt;Response [422]&gt;.status_code">backend/tests/test_bond_scraping_service.py:498: in test_rating_and_type_combined
    assert response.status_code == 200, f"Search failed: {response.text}"
E   AssertionError: Search failed: {"detail":[{"type":"string_too_short","loc":["query","query"],"msg":"String should have at least 2 characters","input":"A","ctx":{"min_length":2},"url":"https://errors.pydantic.dev/2.12/v/string_too_short"}]}
E   assert 422 == 200
E    +  where 422 = &lt;Response [422]&gt;.status_code</failure></testcase><testcase classname="backend.tests.test_bond_scraping_service.TestCombinedFilters" name="test_sector_and_rating_combined" time="0.035"><failure message="AssertionError: Search failed: {&quot;detail&quot;:[{&quot;type&quot;:&quot;string_too_short&quot;,&quot;loc&quot;:[&quot;query&quot;,&quot;query&quot;],&quot;msg&quot;:&quot;String should have at least 2 characters&quot;,&quot;input&quot;:&quot;A&quot;,&quot;ctx&quot;:{&quot;min_length&quot;:2},&quot;url&quot;:&quot;https://errors.pydantic.dev/2.12/v/string_too_short&quot;}]}&#10;assert 422 == 200&#10; +  where 422 = &lt;Response [422]&gt;.status_code">backend/tests/test_bond_scraping_service.py:520: in test_sector_and_rating_combined
    assert response.status_code == 200, f"Search failed: {response.text}"
E   AssertionError: Search failed: {"detail":[{"type":"string_too_short","loc":["query","query"],"msg":"String should have at least 2 characters","input":"A","ctx":{"min_length":2},"url":"https://errors.pydantic.dev/2.12/v/string_too_short"}]}
E   assert 422 == 200
E    +  where 422 = &lt;Response [422]&gt;.status_code</failure></testcase><testcase classname="backend.tests.test_bond_scraping_service.TestInstrumentTypeDistribution" name="test_statistics_by_type" time="0.039" /><testcase classname="backend.tests.test_bond_scraping_service.TestInstrumentTypeDistribution" name="test_statistics_by_rating" time="0.036" /></testsuite></testsuites>