<?xml version="1.0" encoding="utf-8"?><testsuites name="pytest tests"><testsuite name="pytest" errors="0" failures="2" skipped="0" tests="25" time="5.546" timestamp="2026-02-08T13:13:10.984223+00:00" hostname="agent-env-237895fa-930c-4e6f-a1e6-bd6983ff4739"><testcase classname="backend.tests.test_bond_scraping_service.TestBondDatabaseCount" name="test_statistics_shows_72_instruments" time="0.395" /><testcase classname="backend.tests.test_bond_scraping_service.TestDataSourcesStatistics" name="test_statistics_shows_all_source_categories" time="0.041" /><testcase classname="backend.tests.test_bond_scraping_service.TestDataSourcesStatistics" name="test_statistics_shows_live_lookup_enabled" time="0.044" /><testcase classname="backend.tests.test_bond_scraping_service.TestRatingFilter" name="test_search_aaa_rated_only" time="0.041"><failure message="AssertionError: Should find AAA rated instruments&#10;assert 0 &gt; 0&#10; +  where 0 = len([])">backend/tests/test_bond_scraping_service.py:129: in test_search_aaa_rated_only
    assert len(results) &gt; 0, "Should find AAA rated instruments"
E   AssertionError: Should find AAA rated instruments
E   assert 0 &gt; 0
E    +  where 0 = len([])</failure></testcase><testcase classname="backend.tests.test_bond_scraping_service.TestRatingFilter" name="test_search_aa_plus_rated" time="0.036"><failure message="AssertionError: Should find AA+ rated instruments&#10;assert 0 &gt; 0&#10; +  where 0 = len([])">backend/tests/test_bond_scraping_service.py:149: in test_search_aa_plus_rated
    assert len(results) &gt; 0, "Should find AA+ rated instruments"
E   AssertionError: Should find AA+ rated instruments
E   assert 0 &gt; 0
E    +  where 0 = len([])</failure></testcase><testcase classname="backend.tests.test_bond_scraping_service.TestRatingFilter" name="test_search_sovereign_rated" time="0.039" /><testcase classname="backend.tests.test_bond_scraping_service.TestSectorFilter" name="test_search_infrastructure_sector" time="0.083" /><testcase classname="backend.tests.test_bond_scraping_service.TestSectorFilter" name="test_search_nbfc_sector" time="0.038" /><testcase classname="backend.tests.test_bond_scraping_service.TestSectorFilter" name="test_search_banking_sector" time="0.038" /><testcase classname="backend.tests.test_bond_scraping_service.TestSectorFilter" name="test_search_government_sector" time="0.038" /><testcase classname="backend.tests.test_bond_scraping_service.TestInstrumentTypeFilter" name="test_search_ncd_type" time="0.040" /><testcase classname="backend.tests.test_bond_scraping_service.TestInstrumentTypeFilter" name="test_search_bond_type" time="0.038" /><testcase classname="backend.tests.test_bond_scraping_service.TestInstrumentTypeFilter" name="test_search_gsec_type" time="0.040" /><testcase classname="backend.tests.test_bond_scraping_service.TestInstrumentTypeFilter" name="test_search_sdl_type" time="0.037" /><testcase classname="backend.tests.test_bond_scraping_service.TestLiveLookupTrigger" name="test_live_lookup_attempted_for_unknown_isin" time="2.206" /><testcase classname="backend.tests.test_bond_scraping_service.TestLiveLookupTrigger" name="test_live_lookup_not_triggered_for_local_match" time="0.055" /><testcase classname="backend.tests.test_bond_scraping_service.TestLiveLookupTrigger" name="test_live_lookup_can_be_disabled" time="0.036" /><testcase classname="backend.tests.test_bond_scraping_service.TestConfidenceScore" name="test_live_lookup_response_has_confidence_score" time="1.880" /><testcase classname="backend.tests.test_bond_scraping_service.TestSearchByIssuerName" name="test_search_reliance" time="0.057" /><testcase classname="backend.tests.test_bond_scraping_service.TestSearchByIssuerName" name="test_search_bajaj_finance" time="0.039" /><testcase classname="backend.tests.test_bond_scraping_service.TestSearchByIssuerName" name="test_search_tata" time="0.037" /><testcase classname="backend.tests.test_bond_scraping_service.TestCombinedFilters" name="test_rating_and_type_combined" time="0.038" /><testcase classname="backend.tests.test_bond_scraping_service.TestCombinedFilters" name="test_sector_and_rating_combined" time="0.037" /><testcase classname="backend.tests.test_bond_scraping_service.TestInstrumentTypeDistribution" name="test_statistics_by_type" time="0.042" /><testcase classname="backend.tests.test_bond_scraping_service.TestInstrumentTypeDistribution" name="test_statistics_by_rating" time="0.042" /></testsuite></testsuites>