<?xml version="1.0" encoding="utf-8"?><testsuites name="pytest tests"><testsuite name="pytest" errors="0" failures="0" skipped="1" tests="14" time="4.339" timestamp="2026-01-24T22:05:07.926764+00:00" hostname="agent-env-b7142e4a-3781-4115-b0a0-f7924a3d8272"><testcase classname="backend.tests.test_booking_type_insider_form.TestBookingTypeFeature" name="test_01_admin_login" time="0.283" /><testcase classname="backend.tests.test_booking_type_insider_form.TestBookingTypeFeature" name="test_02_get_clients_for_booking" time="0.267" /><testcase classname="backend.tests.test_booking_type_insider_form.TestBookingTypeFeature" name="test_03_get_stocks_for_booking" time="0.266" /><testcase classname="backend.tests.test_booking_type_insider_form.TestBookingTypeFeature" name="test_04_get_inventory_for_booking" time="0.272" /><testcase classname="backend.tests.test_booking_type_insider_form.TestBookingTypeFeature" name="test_05_create_client_booking" time="0.327" /><testcase classname="backend.tests.test_booking_type_insider_form.TestBookingTypeFeature" name="test_06_create_team_booking" time="0.369" /><testcase classname="backend.tests.test_booking_type_insider_form.TestBookingTypeFeature" name="test_07_create_own_booking" time="0.322" /><testcase classname="backend.tests.test_booking_type_insider_form.TestBookingTypeFeature" name="test_08_get_bookings_with_booking_type" time="0.269" /><testcase classname="backend.tests.test_booking_type_insider_form.TestInsiderFormUploadDownload" name="test_01_upload_insider_form_to_own_booking" time="0.323" /><testcase classname="backend.tests.test_booking_type_insider_form.TestInsiderFormUploadDownload" name="test_02_upload_insider_form_to_non_own_booking_fails" time="0.307"><skipped type="pytest.skip" message="No client booking found for testing">/app/backend/tests/test_booking_type_insider_form.py:344: No client booking found for testing</skipped></testcase><testcase classname="backend.tests.test_booking_type_insider_form.TestInsiderFormUploadDownload" name="test_03_download_insider_form" time="0.405" /><testcase classname="backend.tests.test_booking_type_insider_form.TestInsiderFormUploadDownload" name="test_04_download_insider_form_not_found" time="0.305" /><testcase classname="backend.tests.test_booking_type_insider_form.TestInsiderFormUploadDownload" name="test_05_download_insider_form_invalid_booking" time="0.268" /><testcase classname="backend.tests.test_booking_type_insider_form.TestBookingTypeValidation" name="test_01_booking_type_default_value" time="0.289" /></testsuite></testsuites>