<?xml version="1.0" encoding="utf-8"?><testsuites name="pytest tests"><testsuite name="pytest" errors="0" failures="4" skipped="4" tests="14" time="4.316" timestamp="2026-01-24T22:04:17.183351+00:00" hostname="agent-env-b7142e4a-3781-4115-b0a0-f7924a3d8272"><testcase classname="backend.tests.test_booking_type_insider_form.TestBookingTypeFeature" name="test_01_admin_login" time="0.278" /><testcase classname="backend.tests.test_booking_type_insider_form.TestBookingTypeFeature" name="test_02_get_clients_for_booking" time="0.265" /><testcase classname="backend.tests.test_booking_type_insider_form.TestBookingTypeFeature" name="test_03_get_stocks_for_booking" time="0.303" /><testcase classname="backend.tests.test_booking_type_insider_form.TestBookingTypeFeature" name="test_04_get_inventory_for_booking" time="0.305" /><testcase classname="backend.tests.test_booking_type_insider_form.TestBookingTypeFeature" name="test_05_create_client_booking" time="0.291"><failure message="AssertionError: Failed to create client booking: {&quot;detail&quot;:&quot;Stock not found&quot;}&#10;assert 404 == 200&#10; +  where 404 = &lt;Response [404]&gt;.status_code">backend/tests/test_booking_type_insider_form.py:122: in test_05_create_client_booking
    assert response.status_code == 200, f"Failed to create client booking: {response.text}"
E   AssertionError: Failed to create client booking: {"detail":"Stock not found"}
E   assert 404 == 200
E    +  where 404 = &lt;Response [404]&gt;.status_code</failure></testcase><testcase classname="backend.tests.test_booking_type_insider_form.TestBookingTypeFeature" name="test_06_create_team_booking" time="0.288"><failure message="AssertionError: Failed to create team booking: {&quot;detail&quot;:&quot;Stock not found&quot;}&#10;assert 404 == 200&#10; +  where 404 = &lt;Response [404]&gt;.status_code">backend/tests/test_booking_type_insider_form.py:162: in test_06_create_team_booking
    assert response.status_code == 200, f"Failed to create team booking: {response.text}"
E   AssertionError: Failed to create team booking: {"detail":"Stock not found"}
E   assert 404 == 200
E    +  where 404 = &lt;Response [404]&gt;.status_code</failure></testcase><testcase classname="backend.tests.test_booking_type_insider_form.TestBookingTypeFeature" name="test_07_create_own_booking" time="0.326"><failure message="AssertionError: Failed to create own booking: {&quot;detail&quot;:&quot;Stock not found&quot;}&#10;assert 404 == 200&#10; +  where 404 = &lt;Response [404]&gt;.status_code">backend/tests/test_booking_type_insider_form.py:202: in test_07_create_own_booking
    assert response.status_code == 200, f"Failed to create own booking: {response.text}"
E   AssertionError: Failed to create own booking: {"detail":"Stock not found"}
E   assert 404 == 200
E    +  where 404 = &lt;Response [404]&gt;.status_code</failure></testcase><testcase classname="backend.tests.test_booking_type_insider_form.TestBookingTypeFeature" name="test_08_get_bookings_with_booking_type" time="0.308" /><testcase classname="backend.tests.test_booking_type_insider_form.TestInsiderFormUploadDownload" name="test_01_upload_insider_form_to_own_booking" time="0.282"><skipped type="pytest.skip" message="Could not create own booking for testing">/app/backend/tests/test_booking_type_insider_form.py:291: Could not create own booking for testing</skipped></testcase><testcase classname="backend.tests.test_booking_type_insider_form.TestInsiderFormUploadDownload" name="test_02_upload_insider_form_to_non_own_booking_fails" time="0.263"><skipped type="pytest.skip" message="No client booking found for testing">/app/backend/tests/test_booking_type_insider_form.py:332: No client booking found for testing</skipped></testcase><testcase classname="backend.tests.test_booking_type_insider_form.TestInsiderFormUploadDownload" name="test_03_download_insider_form" time="0.321"><skipped type="pytest.skip" message="Could not create own booking for testing">/app/backend/tests/test_booking_type_insider_form.py:359: Could not create own booking for testing</skipped></testcase><testcase classname="backend.tests.test_booking_type_insider_form.TestInsiderFormUploadDownload" name="test_04_download_insider_form_not_found" time="0.364"><skipped type="pytest.skip" message="Could not create own booking for testing">/app/backend/tests/test_booking_type_insider_form.py:390: Could not create own booking for testing</skipped></testcase><testcase classname="backend.tests.test_booking_type_insider_form.TestInsiderFormUploadDownload" name="test_05_download_insider_form_invalid_booking" time="0.309" /><testcase classname="backend.tests.test_booking_type_insider_form.TestBookingTypeValidation" name="test_01_booking_type_default_value" time="0.317"><failure message="AssertionError: Failed to create booking: {&quot;detail&quot;:&quot;Stock not found&quot;}&#10;assert 404 == 200&#10; +  where 404 = &lt;Response [404]&gt;.status_code">backend/tests/test_booking_type_insider_form.py:460: in test_01_booking_type_default_value
    assert response.status_code == 200, f"Failed to create booking: {response.text}"
E   AssertionError: Failed to create booking: {"detail":"Stock not found"}
E   assert 404 == 200
E    +  where 404 = &lt;Response [404]&gt;.status_code</failure></testcase></testsuite></testsuites>