<?xml version="1.0" encoding="utf-8"?><testsuites name="pytest tests"><testsuite name="pytest" errors="0" failures="0" skipped="0" tests="7" time="0.940" timestamp="2026-01-28T06:22:40.451154+00:00" hostname="agent-env-602e7dc2-6129-4ac4-b7c3-aab07fd89379"><testcase classname="backend.tests.test_booking_selling_price_validation.TestBookingSellingPriceValidation" name="test_booking_without_selling_price_rejected" time="0.466" /><testcase classname="backend.tests.test_booking_selling_price_validation.TestBookingSellingPriceValidation" name="test_booking_with_selling_price_zero_rejected" time="0.034" /><testcase classname="backend.tests.test_booking_selling_price_validation.TestBookingSellingPriceValidation" name="test_booking_with_negative_selling_price_rejected" time="0.043" /><testcase classname="backend.tests.test_booking_selling_price_validation.TestBookingSellingPriceValidation" name="test_booking_with_valid_selling_price_accepted" time="0.092" /><testcase classname="backend.tests.test_booking_selling_price_validation.TestBookingSellingPriceValidation" name="test_booking_with_null_selling_price_rejected" time="0.037" /><testcase classname="backend.tests.test_booking_selling_price_validation.TestBookingSellingPriceEdgeCases" name="test_booking_with_very_small_selling_price_accepted" time="0.076" /><testcase classname="backend.tests.test_booking_selling_price_validation.TestBookingSellingPriceEdgeCases" name="test_booking_with_large_selling_price_accepted" time="0.088" /></testsuite></testsuites>