<?xml version="1.0" encoding="utf-8"?><testsuites name="pytest tests"><testsuite name="pytest" errors="0" failures="0" skipped="4" tests="14" time="4.143" timestamp="2026-01-24T22:04:41.583522+00:00" hostname="agent-env-b7142e4a-3781-4115-b0a0-f7924a3d8272"><testcase classname="backend.tests.test_booking_type_insider_form.TestBookingTypeFeature" name="test_01_admin_login" time="0.299" /><testcase classname="backend.tests.test_booking_type_insider_form.TestBookingTypeFeature" name="test_02_get_clients_for_booking" time="0.277" /><testcase classname="backend.tests.test_booking_type_insider_form.TestBookingTypeFeature" name="test_03_get_stocks_for_booking" time="0.266" /><testcase classname="backend.tests.test_booking_type_insider_form.TestBookingTypeFeature" name="test_04_get_inventory_for_booking" time="0.278" /><testcase classname="backend.tests.test_booking_type_insider_form.TestBookingTypeFeature" name="test_05_create_client_booking" time="0.287" /><testcase classname="backend.tests.test_booking_type_insider_form.TestBookingTypeFeature" name="test_06_create_team_booking" time="0.292" /><testcase classname="backend.tests.test_booking_type_insider_form.TestBookingTypeFeature" name="test_07_create_own_booking" time="0.279" /><testcase classname="backend.tests.test_booking_type_insider_form.TestBookingTypeFeature" name="test_08_get_bookings_with_booking_type" time="0.268" /><testcase classname="backend.tests.test_booking_type_insider_form.TestInsiderFormUploadDownload" name="test_01_upload_insider_form_to_own_booking" time="0.283"><skipped type="pytest.skip" message="Could not create own booking for testing">/app/backend/tests/test_booking_type_insider_form.py:300: Could not create own booking for testing</skipped></testcase><testcase classname="backend.tests.test_booking_type_insider_form.TestInsiderFormUploadDownload" name="test_02_upload_insider_form_to_non_own_booking_fails" time="0.310"><skipped type="pytest.skip" message="No client booking found for testing">/app/backend/tests/test_booking_type_insider_form.py:341: No client booking found for testing</skipped></testcase><testcase classname="backend.tests.test_booking_type_insider_form.TestInsiderFormUploadDownload" name="test_03_download_insider_form" time="0.326"><skipped type="pytest.skip" message="Could not create own booking for testing">/app/backend/tests/test_booking_type_insider_form.py:368: Could not create own booking for testing</skipped></testcase><testcase classname="backend.tests.test_booking_type_insider_form.TestInsiderFormUploadDownload" name="test_04_download_insider_form_not_found" time="0.354"><skipped type="pytest.skip" message="Could not create own booking for testing">/app/backend/tests/test_booking_type_insider_form.py:399: Could not create own booking for testing</skipped></testcase><testcase classname="backend.tests.test_booking_type_insider_form.TestInsiderFormUploadDownload" name="test_05_download_insider_form_invalid_booking" time="0.265" /><testcase classname="backend.tests.test_booking_type_insider_form.TestBookingTypeValidation" name="test_01_booking_type_default_value" time="0.289" /></testsuite></testsuites>