<?xml version="1.0" encoding="utf-8"?><testsuites name="pytest tests"><testsuite name="pytest" errors="0" failures="0" skipped="0" tests="15" time="4.368" timestamp="2026-01-29T11:36:44.722689+00:00" hostname="agent-env-ba9cc759-54b5-4ea6-b4a2-9476eea4cc23"><testcase classname="backend.tests.test_bp_features.TestBPManagement" name="test_get_all_business_partners" time="0.342" /><testcase classname="backend.tests.test_bp_features.TestBPManagement" name="test_get_specific_business_partner" time="0.345" /><testcase classname="backend.tests.test_bp_features.TestBPDocumentUpload" name="test_upload_pan_card" time="0.340" /><testcase classname="backend.tests.test_bp_features.TestBPDocumentUpload" name="test_upload_aadhaar_card" time="0.386" /><testcase classname="backend.tests.test_bp_features.TestBPDocumentUpload" name="test_upload_cancelled_cheque" time="0.332" /><testcase classname="backend.tests.test_bp_features.TestBPDocumentUpload" name="test_get_bp_documents" time="0.332" /><testcase classname="backend.tests.test_bp_features.TestBPDocumentUpload" name="test_documents_verified_after_all_uploads" time="0.467" /><testcase classname="backend.tests.test_bp_features.TestBPDocumentUpload" name="test_upload_invalid_doc_type" time="0.337" /><testcase classname="backend.tests.test_bp_features.TestBPOTPAuth" name="test_request_otp_for_valid_bp" time="0.038" /><testcase classname="backend.tests.test_bp_features.TestBPOTPAuth" name="test_request_otp_for_invalid_email" time="0.036" /><testcase classname="backend.tests.test_bp_features.TestBPOTPAuth" name="test_verify_otp_with_invalid_otp" time="0.038" /><testcase classname="backend.tests.test_bp_features.TestBPDashboard" name="test_bp_dashboard_stats_requires_bp_role" time="0.378" /><testcase classname="backend.tests.test_bp_features.TestBPDashboard" name="test_bp_dashboard_bookings_requires_bp_role" time="0.339" /><testcase classname="backend.tests.test_bp_features.TestBPBookingRestrictions" name="test_booking_creation_endpoint_exists" time="0.301" /><testcase classname="backend.tests.test_bp_features.TestBPBookingRestrictions" name="test_get_referral_partners_list" time="0.300" /></testsuite></testsuites>