<?xml version="1.0" encoding="utf-8"?><testsuites name="pytest tests"><testsuite name="pytest" errors="0" failures="0" skipped="0" tests="16" time="0.989" timestamp="2026-02-04T15:35:53.735161+00:00" hostname="agent-env-1f8a6781-9362-432f-8010-554b218d13c5"><testcase classname="backend.tests.test_bp_revenue_override.TestBPRevenueOverride" name="test_01_get_pending_bp_overrides_endpoint_exists" time="0.477" /><testcase classname="backend.tests.test_bp_revenue_override.TestBPRevenueOverride" name="test_02_bp_override_approval_requires_booking" time="0.015" /><testcase classname="backend.tests.test_bp_revenue_override.TestBPRevenueOverride" name="test_03_bp_override_edit_requires_booking" time="0.012" /><testcase classname="backend.tests.test_bp_revenue_override.TestBPRevenueOverride" name="test_04_bp_override_approval_requires_rejection_reason" time="0.049" /><testcase classname="backend.tests.test_bp_revenue_override.TestBPRevenueOverride" name="test_05_verify_bp_override_permissions_in_roles" time="0.013" /><testcase classname="backend.tests.test_bp_revenue_override.TestBPRevenueOverride" name="test_06_bp_role_has_override_permission" time="0.012" /><testcase classname="backend.tests.test_bp_revenue_override.TestBPRevenueOverride" name="test_07_partners_desk_has_override_permission" time="0.012" /><testcase classname="backend.tests.test_bp_revenue_override.TestBPRevenueOverride" name="test_08_pe_desk_has_approve_override_permission" time="0.012" /><testcase classname="backend.tests.test_bp_revenue_override.TestBPRevenueOverride" name="test_09_check_pending_bp_overrides_structure" time="0.010" /><testcase classname="backend.tests.test_bp_revenue_override.TestBPRevenueOverride" name="test_10_bp_override_approval_response_structure" time="0.011" /><testcase classname="backend.tests.test_bp_revenue_override.TestBPRevenueOverride" name="test_11_bp_override_edit_requires_override_percent" time="0.092" /><testcase classname="backend.tests.test_bp_revenue_override.TestBPRevenueOverride" name="test_12_bp_override_edit_validates_percentage_range" time="0.061" /><testcase classname="backend.tests.test_bp_revenue_override.TestBPRevenueOverride" name="test_13_check_bp_booking_in_bookings_list" time="0.034" /><testcase classname="backend.tests.test_bp_revenue_override.TestBPOverrideWithoutAuth" name="test_01_pending_bp_overrides_requires_auth" time="0.038" /><testcase classname="backend.tests.test_bp_revenue_override.TestBPOverrideWithoutAuth" name="test_02_bp_override_approval_requires_auth" time="0.035" /><testcase classname="backend.tests.test_bp_revenue_override.TestBPOverrideWithoutAuth" name="test_03_bp_override_edit_requires_auth" time="0.038" /></testsuite></testsuites>