<?xml version="1.0" encoding="utf-8"?><testsuites name="pytest tests"><testsuite name="pytest" errors="0" failures="0" skipped="4" tests="13" time="3.520" timestamp="2026-02-06T10:59:25.439075+00:00" hostname="agent-env-5736ead6-5f5a-4f88-bc17-2823645f6996"><testcase classname="backend.tests.test_bug_fixes_iteration73.TestAuthentication" name="test_pe_desk_login" time="0.469" /><testcase classname="backend.tests.test_bug_fixes_iteration73.TestAuthentication" name="test_employee_login" time="0.270" /><testcase classname="backend.tests.test_bug_fixes_iteration73.TestClientMappingVerification" name="test_client_mapping" time="0.306" /><testcase classname="backend.tests.test_bug_fixes_iteration73.TestBookingVisibility" name="test_pe_desk_creates_booking_for_mapped_client" time="0.343" /><testcase classname="backend.tests.test_bug_fixes_iteration73.TestBookingVisibility" name="test_employee_sees_bookings_for_mapped_client" time="0.308" /><testcase classname="backend.tests.test_bug_fixes_iteration73.TestBookingVisibility" name="test_employee_sees_pe_desk_created_bookings" time="0.571" /><testcase classname="backend.tests.test_bug_fixes_iteration73.TestPaymentStatusUpdate" name="test_payment_status_updates_to_paid" time="0.411" /><testcase classname="backend.tests.test_bug_fixes_iteration73.TestDPStatusUpdate" name="test_dp_status_ready_when_paid" time="0.322" /><testcase classname="backend.tests.test_bug_fixes_iteration73.TestDPStatusUpdate" name="test_dp_ready_bookings_endpoint" time="0.312" /><testcase classname="backend.tests.test_bug_fixes_iteration73.TestDocumentDownload" name="test_client_document_status" time="0.031"><skipped type="pytest.skip" message="PE Desk authentication failed">/app/backend/tests/test_bug_fixes_iteration73.py:321: PE Desk authentication failed</skipped></testcase><testcase classname="backend.tests.test_bug_fixes_iteration73.TestDocumentDownload" name="test_pe_user_can_download_documents" time="0.034"><skipped type="pytest.skip" message="PE Desk authentication failed">/app/backend/tests/test_bug_fixes_iteration73.py:346: PE Desk authentication failed</skipped></testcase><testcase classname="backend.tests.test_bug_fixes_iteration73.TestDocumentDownload" name="test_employee_can_view_documents" time="0.035"><skipped type="pytest.skip" message="Employee authentication failed">/app/backend/tests/test_bug_fixes_iteration73.py:383: Employee authentication failed</skipped></testcase><testcase classname="backend.tests.test_bug_fixes_iteration73.TestSpecificBooking" name="test_booking_bk_2026_00033_visibility" time="0.038"><skipped type="pytest.skip" message="Employee authentication failed">/app/backend/tests/test_bug_fixes_iteration73.py:421: Employee authentication failed</skipped></testcase></testsuite></testsuites>