<?xml version="1.0" encoding="utf-8"?><testsuites name="pytest tests"><testsuite name="pytest" errors="3" failures="0" skipped="0" tests="12" time="7.952" timestamp="2026-02-06T09:09:06.447251+00:00" hostname="agent-env-2672a12f-2bd7-4ea9-889f-c04d5658c458"><testcase classname="tests.test_bug_fixes_iteration71.TestBugFixes" name="test_can_book_field_for_pe_level" time="0.293" /><testcase classname="tests.test_bug_fixes_iteration71.TestBugFixes" name="test_can_book_logic_created_by_or_mapped" time="0.269" /><testcase classname="tests.test_bug_fixes_iteration71.TestBugFixes" name="test_booking_restriction_allows_created_or_mapped" time="0.303" /><testcase classname="tests.test_bug_fixes_iteration71.TestBugFixes" name="test_rerun_ocr_permission_in_default_roles" time="0.282" /><testcase classname="tests.test_bug_fixes_iteration71.TestBugFixes" name="test_rerun_ocr_endpoint_works_for_pe" time="5.467" /><testcase classname="tests.test_bug_fixes_iteration71.TestBugFixes" name="test_documents_list_has_required_fields" time="0.303" /><testcase classname="tests.test_bug_fixes_iteration71.TestBugFixes" name="test_document_download_endpoint" time="0.286" /><testcase classname="tests.test_bug_fixes_iteration71.TestBugFixes" name="test_document_status_endpoint" time="0.274" /><testcase classname="tests.test_bug_fixes_iteration71.TestCanBookLogic" name="test_can_book_field_exists_in_client_response" time="0.283" /><testcase classname="tests.test_bug_fixes_iteration71.TestCanBookLogic" name="test_clients_endpoint_returns_can_book_for_all_clients" time="0.034"><error message="failed on setup with &quot;assert 429 == 200&#10; +  where 429 = &lt;Response [429]&gt;.status_code&quot;">tests/test_bug_fixes_iteration71.py:214: in setup
    assert response.status_code == 200
E   assert 429 == 200
E    +  where 429 = &lt;Response [429]&gt;.status_code</error></testcase><testcase classname="tests.test_bug_fixes_iteration71.TestRerunOCRPermission" name="test_rerun_ocr_permission_in_all_permissions_list" time="0.050"><error message="failed on setup with &quot;assert 429 == 200&#10; +  where 429 = &lt;Response [429]&gt;.status_code&quot;">tests/test_bug_fixes_iteration71.py:257: in setup
    assert response.status_code == 200
E   assert 429 == 200
E    +  where 429 = &lt;Response [429]&gt;.status_code</error></testcase><testcase classname="tests.test_bug_fixes_iteration71.TestRerunOCRPermission" name="test_pe_manager_can_have_rerun_ocr_via_wildcard" time="0.033"><error message="failed on setup with &quot;assert 429 == 200&#10; +  where 429 = &lt;Response [429]&gt;.status_code&quot;">tests/test_bug_fixes_iteration71.py:257: in setup
    assert response.status_code == 200
E   assert 429 == 200
E    +  where 429 = &lt;Response [429]&gt;.status_code</error></testcase></testsuite></testsuites>