<?xml version="1.0" encoding="utf-8"?><testsuites name="pytest tests"><testsuite name="pytest" errors="0" failures="0" skipped="0" tests="9" time="1.443" timestamp="2026-02-08T08:41:46.304094+00:00" hostname="agent-env-550790a0-1dd3-4ff6-9c7c-64e428f7cfa2"><testcase classname="backend.tests.test_client_module_segregation.TestCompanyAgreements" name="test_get_company_agreements_public" time="0.070" /><testcase classname="backend.tests.test_client_module_segregation.TestCompanyAgreements" name="test_agreements_have_pe_and_fi" time="0.041" /><testcase classname="backend.tests.test_client_module_segregation.TestClientsByModule" name="test_get_clients_by_module_private_equity" time="0.442" /><testcase classname="backend.tests.test_client_module_segregation.TestClientsByModule" name="test_get_clients_by_module_fixed_income" time="0.042" /><testcase classname="backend.tests.test_client_module_segregation.TestClientsByModule" name="test_get_clients_by_module_invalid" time="0.036" /><testcase classname="backend.tests.test_client_module_segregation.TestClientsByModule" name="test_get_clients_by_module_with_search" time="0.050" /><testcase classname="backend.tests.test_client_module_segregation.TestClientCreationWithModules" name="test_client_modules_field_structure" time="0.305" /><testcase classname="backend.tests.test_client_module_segregation.TestClientCreationWithModules" name="test_legacy_clients_default_to_pe" time="0.080" /><testcase classname="backend.tests.test_client_module_segregation.TestCompanyMasterList" name="test_list_companies" time="0.308" /></testsuite></testsuites>