<?xml version="1.0" encoding="utf-8"?><testsuites name="pytest tests"><testsuite name="pytest" errors="0" failures="0" skipped="0" tests="14" time="5.922" timestamp="2026-01-24T20:11:59.549390+00:00" hostname="agent-env-588ae3b5-caee-4b6d-9b62-c07fc2a83f30"><testcase classname="backend.tests.test_client_dp_features.TestAuthentication" name="test_pe_desk_login" time="0.717" /><testcase classname="backend.tests.test_client_dp_features.TestAuthentication" name="test_employee_login" time="0.263" /><testcase classname="backend.tests.test_client_dp_features.TestDPTypeAndTradingUCC" name="test_create_client_dp_outside_without_trading_ucc" time="0.295" /><testcase classname="backend.tests.test_client_dp_features.TestDPTypeAndTradingUCC" name="test_create_client_dp_smifs_without_trading_ucc_fails" time="0.298" /><testcase classname="backend.tests.test_client_dp_features.TestDPTypeAndTradingUCC" name="test_create_client_dp_smifs_with_trading_ucc" time="0.300" /><testcase classname="backend.tests.test_client_dp_features.TestClientModificationRestrictions" name="test_employee_cannot_update_client" time="0.629" /><testcase classname="backend.tests.test_client_dp_features.TestClientModificationRestrictions" name="test_employee_cannot_delete_client" time="0.601" /><testcase classname="backend.tests.test_client_dp_features.TestClientModificationRestrictions" name="test_pe_desk_can_update_client" time="0.335" /><testcase classname="backend.tests.test_client_dp_features.TestClientModificationRestrictions" name="test_pe_desk_can_delete_client" time="0.416" /><testcase classname="backend.tests.test_client_dp_features.TestClientSearch" name="test_search_by_name" time="0.327" /><testcase classname="backend.tests.test_client_dp_features.TestClientSearch" name="test_search_by_pan" time="0.325" /><testcase classname="backend.tests.test_client_dp_features.TestDPTypeDisplay" name="test_dp_type_smifs_displayed" time="0.331" /><testcase classname="backend.tests.test_client_dp_features.TestDPTypeDisplay" name="test_dp_type_outside_displayed" time="0.342" /><testcase classname="backend.tests.test_client_dp_features.TestCleanup" name="test_cleanup_test_clients" time="0.672" /></testsuite></testsuites>