<?xml version="1.0" encoding="utf-8"?><testsuites name="pytest tests"><testsuite name="pytest" errors="0" failures="0" skipped="1" tests="36" time="3.115" timestamp="2026-01-28T09:20:35.268505+00:00" hostname="agent-env-602e7dc2-6129-4ac4-b7c3-aab07fd89379"><testcase classname="backend.tests.test_comprehensive_system.TestAuthentication" name="test_login_pe_desk_valid" time="0.321" /><testcase classname="backend.tests.test_comprehensive_system.TestAuthentication" name="test_login_invalid_credentials" time="0.038" /><testcase classname="backend.tests.test_comprehensive_system.TestAuthentication" name="test_login_pe_manager" time="0.260" /><testcase classname="backend.tests.test_comprehensive_system.TestAuthentication" name="test_login_employee" time="0.257" /><testcase classname="backend.tests.test_comprehensive_system.TestAuthentication" name="test_login_manager" time="0.258" /><testcase classname="backend.tests.test_comprehensive_system.TestAuthentication" name="test_login_zonal_manager" time="0.258" /><testcase classname="backend.tests.test_comprehensive_system.TestUserManagement" name="test_get_users_hierarchy" time="0.035" /><testcase classname="backend.tests.test_comprehensive_system.TestUserManagement" name="test_get_managers_list" time="0.033" /><testcase classname="backend.tests.test_comprehensive_system.TestUserManagement" name="test_create_user_pe_desk" time="0.262" /><testcase classname="backend.tests.test_comprehensive_system.TestUserManagement" name="test_pe_manager_cannot_delete_users" time="0.036" /><testcase classname="backend.tests.test_comprehensive_system.TestClientManagement" name="test_create_client" time="0.034" /><testcase classname="backend.tests.test_comprehensive_system.TestClientManagement" name="test_get_clients" time="0.041" /><testcase classname="backend.tests.test_comprehensive_system.TestClientManagement" name="test_check_duplicate_client" time="0.032" /><testcase classname="backend.tests.test_comprehensive_system.TestClientManagement" name="test_pe_desk_can_delete_client" time="0.033" /><testcase classname="backend.tests.test_comprehensive_system.TestClientManagement" name="test_pe_manager_cannot_delete_client" time="0.110" /><testcase classname="backend.tests.test_comprehensive_system.TestVendorManagement" name="test_create_vendor" time="0.039" /><testcase classname="backend.tests.test_comprehensive_system.TestVendorManagement" name="test_get_vendors" time="0.033" /><testcase classname="backend.tests.test_comprehensive_system.TestStockManagement" name="test_create_stock" time="0.074" /><testcase classname="backend.tests.test_comprehensive_system.TestStockManagement" name="test_get_stocks" time="0.038" /><testcase classname="backend.tests.test_comprehensive_system.TestStockManagement" name="test_pe_manager_cannot_delete_stock" time="0.034" /><testcase classname="backend.tests.test_comprehensive_system.TestPurchaseManagement" name="test_get_purchases" time="0.038" /><testcase classname="backend.tests.test_comprehensive_system.TestBookingManagement" name="test_get_bookings" time="0.033" /><testcase classname="backend.tests.test_comprehensive_system.TestBookingManagement" name="test_booking_requires_selling_price" time="0.063"><skipped type="pytest.skip" message="No clients or stocks available for booking test">/app/backend/tests/test_comprehensive_system.py:412: No clients or stocks available for booking test</skipped></testcase><testcase classname="backend.tests.test_comprehensive_system.TestFinanceDashboard" name="test_get_finance_payments" time="0.039" /><testcase classname="backend.tests.test_comprehensive_system.TestFinanceDashboard" name="test_get_finance_summary" time="0.041" /><testcase classname="backend.tests.test_comprehensive_system.TestFinanceDashboard" name="test_finance_export_excel" time="0.048" /><testcase classname="backend.tests.test_comprehensive_system.TestDatabaseBackup" name="test_get_backups" time="0.039" /><testcase classname="backend.tests.test_comprehensive_system.TestDatabaseBackup" name="test_get_database_stats" time="0.076" /><testcase classname="backend.tests.test_comprehensive_system.TestDatabaseBackup" name="test_pe_manager_cannot_clear_database" time="0.036" /><testcase classname="backend.tests.test_comprehensive_system.TestDatabaseBackup" name="test_pe_manager_cannot_restore_database" time="0.038" /><testcase classname="backend.tests.test_comprehensive_system.TestInventory" name="test_get_inventory" time="0.035" /><testcase classname="backend.tests.test_comprehensive_system.TestInventory" name="test_pe_manager_cannot_delete_inventory" time="0.031" /><testcase classname="backend.tests.test_comprehensive_system.TestAnalytics" name="test_get_analytics_summary" time="0.043" /><testcase classname="backend.tests.test_comprehensive_system.TestAnalytics" name="test_get_dashboard_stats" time="0.037" /><testcase classname="backend.tests.test_comprehensive_system.TestEmailTemplates" name="test_get_email_templates" time="0.032" /><testcase classname="backend.tests.test_comprehensive_system.TestCleanup" name="test_cleanup_test_data" time="0.112" /></testsuite></testsuites>