<?xml version="1.0" encoding="utf-8"?><testsuites name="pytest tests"><testsuite name="pytest" errors="0" failures="0" skipped="0" tests="11" time="1.405" timestamp="2026-01-29T05:07:01.268396+00:00" hostname="agent-env-685a7c11-90eb-4313-ae2f-1108aee69713"><testcase classname="tests.test_company_logo.TestCompanyLogoUpload" name="test_01_upload_logo_png_success" time="0.353" /><testcase classname="tests.test_company_logo.TestCompanyLogoUpload" name="test_02_upload_logo_jpg_success" time="0.046" /><testcase classname="tests.test_company_logo.TestCompanyLogoUpload" name="test_03_logo_url_persists_in_company_master" time="0.083" /><testcase classname="tests.test_company_logo.TestCompanyLogoUpload" name="test_04_upload_replaces_old_logo" time="0.134" /><testcase classname="tests.test_company_logo.TestCompanyLogoUpload" name="test_05_upload_invalid_file_type_rejected" time="0.043" /><testcase classname="tests.test_company_logo.TestCompanyLogoUpload" name="test_06_upload_without_auth_fails" time="0.038" /><testcase classname="tests.test_company_logo.TestCompanyLogoDelete" name="test_01_delete_logo_success" time="0.082" /><testcase classname="tests.test_company_logo.TestCompanyLogoDelete" name="test_02_logo_url_null_after_delete" time="0.129" /><testcase classname="tests.test_company_logo.TestCompanyLogoDelete" name="test_03_delete_without_auth_fails" time="0.042" /><testcase classname="tests.test_company_logo.TestCompanyLogoDelete" name="test_04_delete_nonexistent_logo_succeeds" time="0.125" /><testcase classname="tests.test_company_logo.TestCompanyLogoIntegration" name="test_01_full_logo_lifecycle" time="0.245" /></testsuite></testsuites>