<?xml version="1.0" encoding="utf-8"?><testsuites name="pytest tests"><testsuite name="pytest" errors="0" failures="0" skipped="0" tests="13" time="1.501" timestamp="2026-01-29T04:19:47.508034+00:00" hostname="agent-env-685a7c11-90eb-4313-ae2f-1108aee69713"><testcase classname="backend.tests.test_company_master.TestCompanyMasterAccess" name="test_01_pe_desk_can_get_company_master" time="0.386" /><testcase classname="backend.tests.test_company_master.TestCompanyMasterAccess" name="test_02_pe_manager_denied_get_company_master" time="0.306" /><testcase classname="backend.tests.test_company_master.TestCompanyMasterAccess" name="test_03_pe_desk_can_update_company_master" time="0.041" /><testcase classname="backend.tests.test_company_master.TestCompanyMasterAccess" name="test_04_pe_manager_denied_update_company_master" time="0.038" /><testcase classname="backend.tests.test_company_master.TestCompanyMasterAccess" name="test_05_unauthenticated_access_denied" time="0.043" /><testcase classname="backend.tests.test_company_master.TestCompanyMasterDocumentUpload" name="test_01_pe_desk_can_upload_document" time="0.042" /><testcase classname="backend.tests.test_company_master.TestCompanyMasterDocumentUpload" name="test_02_pe_manager_denied_upload_document" time="0.044" /><testcase classname="backend.tests.test_company_master.TestCompanyMasterDocumentUpload" name="test_03_invalid_document_type_rejected" time="0.040" /><testcase classname="backend.tests.test_company_master.TestCompanyMasterDocumentUpload" name="test_04_all_document_types_accepted" time="0.252" /><testcase classname="backend.tests.test_company_master.TestCompanyMasterDocumentDelete" name="test_01_pe_desk_can_delete_document" time="0.082" /><testcase classname="backend.tests.test_company_master.TestCompanyMasterDocumentDelete" name="test_02_pe_manager_denied_delete_document" time="0.040" /><testcase classname="backend.tests.test_company_master.TestCompanyMasterDocumentDelete" name="test_03_invalid_document_type_rejected" time="0.041" /><testcase classname="backend.tests.test_company_master.TestCompanyMasterDataPersistence" name="test_01_update_and_verify_persistence" time="0.061" /></testsuite></testsuites>