<?xml version="1.0" encoding="utf-8"?><testsuites name="pytest tests"><testsuite name="pytest" errors="0" failures="2" skipped="0" tests="27" time="19.591" timestamp="2026-01-29T21:34:58.471381+00:00" hostname="agent-env-8192ae42-96c0-4d40-9e20-572b14a84c45"><testcase classname="tests.test_comprehensive_stress.TestAuthentication" name="test_health_check" time="0.099" /><testcase classname="tests.test_comprehensive_stress.TestAuthentication" name="test_pe_desk_login" time="0.265" /><testcase classname="tests.test_comprehensive_stress.TestAuthentication" name="test_invalid_login" time="0.041" /><testcase classname="tests.test_comprehensive_stress.TestAuthentication" name="test_get_current_user" time="0.345" /><testcase classname="tests.test_comprehensive_stress.TestKillSwitch" name="test_get_kill_switch_status" time="0.302" /><testcase classname="tests.test_comprehensive_stress.TestKillSwitch" name="test_kill_switch_status_public" time="0.043" /><testcase classname="tests.test_comprehensive_stress.TestDPReceivables" name="test_get_dp_receivables" time="0.301" /><testcase classname="tests.test_comprehensive_stress.TestDPReceivables" name="test_get_dp_received" time="0.309" /><testcase classname="tests.test_comprehensive_stress.TestDPTransfer" name="test_get_dp_ready" time="0.383" /><testcase classname="tests.test_comprehensive_stress.TestDPTransfer" name="test_get_dp_transferred" time="0.302" /><testcase classname="tests.test_comprehensive_stress.TestAuditTrail" name="test_get_audit_logs" time="0.426" /><testcase classname="tests.test_comprehensive_stress.TestAuditTrail" name="test_get_audit_stats" time="0.430" /><testcase classname="tests.test_comprehensive_stress.TestDatabaseBackup" name="test_get_backup_stats" time="0.296"><failure message="assert 404 == 200&#10; +  where 404 = &lt;Response [404]&gt;.status_code">tests/test_comprehensive_stress.py:187: in test_get_backup_stats
    assert response.status_code == 200
E   assert 404 == 200
E    +  where 404 = &lt;Response [404]&gt;.status_code</failure></testcase><testcase classname="tests.test_comprehensive_stress.TestDatabaseBackup" name="test_get_backup_history" time="0.342"><failure message="assert 404 == 200&#10; +  where 404 = &lt;Response [404]&gt;.status_code">tests/test_comprehensive_stress.py:196: in test_get_backup_history
    assert response.status_code == 200
E   assert 404 == 200
E    +  where 404 = &lt;Response [404]&gt;.status_code</failure></testcase><testcase classname="tests.test_comprehensive_stress.TestSohiniAI" name="test_sohini_chat" time="9.881" /><testcase classname="tests.test_comprehensive_stress.TestDashboards" name="test_dashboard_stats" time="0.446" /><testcase classname="tests.test_comprehensive_stress.TestDashboards" name="test_employee_revenue_dashboard" time="0.466" /><testcase classname="tests.test_comprehensive_stress.TestDashboards" name="test_rp_revenue_dashboard" time="0.307" /><testcase classname="tests.test_comprehensive_stress.TestUserManagement" name="test_get_users" time="0.312" /><testcase classname="tests.test_comprehensive_stress.TestUserManagement" name="test_get_user_hierarchy" time="0.363" /><testcase classname="tests.test_comprehensive_stress.TestEmailLogs" name="test_get_email_logs" time="0.427" /><testcase classname="tests.test_comprehensive_stress.TestClientsVendorsStocks" name="test_get_clients" time="0.374" /><testcase classname="tests.test_comprehensive_stress.TestClientsVendorsStocks" name="test_get_vendors" time="0.342" /><testcase classname="tests.test_comprehensive_stress.TestClientsVendorsStocks" name="test_get_stocks" time="0.302" /><testcase classname="tests.test_comprehensive_stress.TestBookingsAndPurchases" name="test_get_bookings" time="0.303" /><testcase classname="tests.test_comprehensive_stress.TestBookingsAndPurchases" name="test_get_purchases" time="0.298" /><testcase classname="tests.test_comprehensive_stress.TestStressNavigation" name="test_rapid_navigation" time="1.771" /></testsuite></testsuites>