<?xml version="1.0" encoding="utf-8"?><testsuites name="pytest tests"><testsuite name="pytest" errors="0" failures="5" skipped="0" tests="44" time="26.531" timestamp="2026-01-30T22:14:36.772195+00:00" hostname="agent-env-e1009c0b-4f70-4e40-8de3-76489693b413"><testcase classname="backend.tests.test_comprehensive_regression.TestHealthEndpoints" name="test_root_health" time="0.069"><failure message="requests.exceptions.JSONDecodeError: Expecting value: line 1 column 1 (char 0)">/root/.venv/lib/python3.11/site-packages/requests/models.py:976: in json
    return complexjson.loads(self.text, **kwargs)
           ^^^^^^^^^^^^^^^^^^^^^^^^^^^^^^^^^^^^^^
/usr/local/lib/python3.11/json/__init__.py:346: in loads
    return _default_decoder.decode(s)
           ^^^^^^^^^^^^^^^^^^^^^^^^^^
/usr/local/lib/python3.11/json/decoder.py:337: in decode
    obj, end = self.raw_decode(s, idx=_w(s, 0).end())
               ^^^^^^^^^^^^^^^^^^^^^^^^^^^^^^^^^^^^^^
/usr/local/lib/python3.11/json/decoder.py:355: in raw_decode
    raise JSONDecodeError("Expecting value", s, err.value) from None
E   json.decoder.JSONDecodeError: Expecting value: line 1 column 1 (char 0)

During handling of the above exception, another exception occurred:
backend/tests/test_comprehensive_regression.py:31: in test_root_health
    data = response.json()
           ^^^^^^^^^^^^^^^
/root/.venv/lib/python3.11/site-packages/requests/models.py:980: in json
    raise RequestsJSONDecodeError(e.msg, e.doc, e.pos)
E   requests.exceptions.JSONDecodeError: Expecting value: line 1 column 1 (char 0)</failure></testcase><testcase classname="backend.tests.test_comprehensive_regression.TestHealthEndpoints" name="test_api_health" time="0.049" /><testcase classname="backend.tests.test_comprehensive_regression.TestAuthentication" name="test_login_pe_desk_valid" time="0.304" /><testcase classname="backend.tests.test_comprehensive_regression.TestAuthentication" name="test_login_invalid_credentials" time="0.044" /><testcase classname="backend.tests.test_comprehensive_regression.TestAuthentication" name="test_get_current_user" time="0.304" /><testcase classname="backend.tests.test_comprehensive_regression.TestDashboard" name="test_dashboard_stats" time="0.307" /><testcase classname="backend.tests.test_comprehensive_regression.TestDashboard" name="test_dashboard_analytics" time="0.304" /><testcase classname="backend.tests.test_comprehensive_regression.TestDashboard" name="test_pe_dashboard" time="0.316" /><testcase classname="backend.tests.test_comprehensive_regression.TestDashboard" name="test_finance_dashboard" time="0.299" /><testcase classname="backend.tests.test_comprehensive_regression.TestClients" name="test_list_clients" time="0.298" /><testcase classname="backend.tests.test_comprehensive_regression.TestClients" name="test_list_vendors" time="0.301" /><testcase classname="backend.tests.test_comprehensive_regression.TestClients" name="test_create_client" time="0.344" /><testcase classname="backend.tests.test_comprehensive_regression.TestClients" name="test_get_pending_clients" time="0.296" /><testcase classname="backend.tests.test_comprehensive_regression.TestVendors" name="test_create_vendor" time="0.310" /><testcase classname="backend.tests.test_comprehensive_regression.TestStocks" name="test_list_stocks" time="0.297" /><testcase classname="backend.tests.test_comprehensive_regression.TestStocks" name="test_create_stock" time="0.311" /><testcase classname="backend.tests.test_comprehensive_regression.TestStocks" name="test_get_inventory" time="0.301" /><testcase classname="backend.tests.test_comprehensive_regression.TestBookings" name="test_list_bookings" time="0.323" /><testcase classname="backend.tests.test_comprehensive_regression.TestBookings" name="test_get_pending_bookings" time="0.309"><failure message="assert 404 == 200&#10; +  where 404 = &lt;Response [404]&gt;.status_code">backend/tests/test_comprehensive_regression.py:307: in test_get_pending_bookings
    assert response.status_code == 200
E   assert 404 == 200
E    +  where 404 = &lt;Response [404]&gt;.status_code</failure></testcase><testcase classname="backend.tests.test_comprehensive_regression.TestBookings" name="test_get_pending_loss_bookings" time="0.293"><failure message="assert 404 == 200&#10; +  where 404 = &lt;Response [404]&gt;.status_code">backend/tests/test_comprehensive_regression.py:315: in test_get_pending_loss_bookings
    assert response.status_code == 200
E   assert 404 == 200
E    +  where 404 = &lt;Response [404]&gt;.status_code</failure></testcase><testcase classname="backend.tests.test_comprehensive_regression.TestBookings" name="test_get_dp_ready_bookings" time="0.306" /><testcase classname="backend.tests.test_comprehensive_regression.TestBookings" name="test_get_dp_transferred_bookings" time="0.302" /><testcase classname="backend.tests.test_comprehensive_regression.TestFinance" name="test_finance_payments" time="0.310" /><testcase classname="backend.tests.test_comprehensive_regression.TestFinance" name="test_finance_summary" time="0.307" /><testcase classname="backend.tests.test_comprehensive_regression.TestFinance" name="test_refund_requests" time="0.301" /><testcase classname="backend.tests.test_comprehensive_regression.TestFinance" name="test_rp_payments" time="0.302" /><testcase classname="backend.tests.test_comprehensive_regression.TestFinance" name="test_rp_payments_summary" time="0.304" /><testcase classname="backend.tests.test_comprehensive_regression.TestFinance" name="test_employee_commissions" time="0.298" /><testcase classname="backend.tests.test_comprehensive_regression.TestResearchCenter" name="test_research_stats" time="0.322" /><testcase classname="backend.tests.test_comprehensive_regression.TestResearchCenter" name="test_list_research_reports" time="0.305" /><testcase classname="backend.tests.test_comprehensive_regression.TestResearchCenter" name="test_ai_research_query" time="13.969" /><testcase classname="backend.tests.test_comprehensive_regression.TestResearchCenter" name="test_ai_research_empty_query_rejected" time="0.327" /><testcase classname="backend.tests.test_comprehensive_regression.TestDatabaseBackup" name="test_list_backups" time="0.316" /><testcase classname="backend.tests.test_comprehensive_regression.TestReferralPartners" name="test_list_referral_partners" time="0.304" /><testcase classname="backend.tests.test_comprehensive_regression.TestBusinessPartners" name="test_list_business_partners" time="0.301" /><testcase classname="backend.tests.test_comprehensive_regression.TestUsers" name="test_list_users" time="0.297" /><testcase classname="backend.tests.test_comprehensive_regression.TestNotifications" name="test_get_notifications" time="0.295" /><testcase classname="backend.tests.test_comprehensive_regression.TestAuditLogs" name="test_get_audit_logs" time="0.301"><failure message="AssertionError: assert False&#10; +  where False = isinstance({'limit': 100, 'logs': [{'action': 'USER_LOGIN', 'action_description': 'User Login', 'details': None, 'entity_id': '49202979-3285-436f-a37a-e8a1d6b1962e', ...}, {'action': 'USER_LOGIN', 'action_description': 'User Login', 'details': None, 'entity_id': '49202979-3285-436f-a37a-e8a1d6b1962e', ...}, {'action': 'USER_LOGIN', 'action_description': 'User Login', 'details': None, 'entity_id': '49202979-3285-436f-a37a-e8a1d6b1962e', ...}, {'action': 'USER_LOGIN', 'action_description': 'User Login', 'details': None, 'entity_id': '49202979-3285-436f-a37a-e8a1d6b1962e', ...}, {'action': 'USER_LOGIN', 'action_description': 'User Login', 'details': None, 'entity_id': '49202979-3285-436f-a37a-e8a1d6b1962e', ...}, {'action': 'USER_LOGIN', 'action_description': 'User Login', 'details': None, 'entity_id': '49202979-3285-436f-a37a-e8a1d6b1962e', ...}, ...], 'skip': 0, 'total': 990}, list)">backend/tests/test_comprehensive_regression.py:584: in test_get_audit_logs
    assert isinstance(data, list)
E   AssertionError: assert False
E    +  where False = isinstance({'limit': 100, 'logs': [{'action': 'USER_LOGIN', 'action_description': 'User Login', 'details': None, 'entity_id': '49202979-3285-436f-a37a-e8a1d6b1962e', ...}, {'action': 'USER_LOGIN', 'action_description': 'User Login', 'details': None, 'entity_id': '49202979-3285-436f-a37a-e8a1d6b1962e', ...}, {'action': 'USER_LOGIN', 'action_description': 'User Login', 'details': None, 'entity_id': '49202979-3285-436f-a37a-e8a1d6b1962e', ...}, {'action': 'USER_LOGIN', 'action_description': 'User Login', 'details': None, 'entity_id': '49202979-3285-436f-a37a-e8a1d6b1962e', ...}, {'action': 'USER_LOGIN', 'action_description': 'User Login', 'details': None, 'entity_id': '49202979-3285-436f-a37a-e8a1d6b1962e', ...}, {'action': 'USER_LOGIN', 'action_description': 'User Login', 'details': None, 'entity_id': '49202979-3285-436f-a37a-e8a1d6b1962e', ...}, ...], 'skip': 0, 'total': 990}, list)</failure></testcase><testcase classname="backend.tests.test_comprehensive_regression.TestEmailTemplates" name="test_list_email_templates" time="0.303" /><testcase classname="backend.tests.test_comprehensive_regression.TestCompanyMaster" name="test_get_company_info" time="0.294"><failure message="assert 404 == 200&#10; +  where 404 = &lt;Response [404]&gt;.status_code">backend/tests/test_comprehensive_regression.py:626: in test_get_company_info
    assert response.status_code == 200
E   assert 404 == 200
E    +  where 404 = &lt;Response [404]&gt;.status_code</failure></testcase><testcase classname="backend.tests.test_comprehensive_regression.TestReports" name="test_get_reports_summary" time="0.296" /><testcase classname="backend.tests.test_comprehensive_regression.TestPurchases" name="test_list_purchases" time="0.295" /><testcase classname="backend.tests.test_comprehensive_regression.TestPEManagerAccess" name="test_pe_manager_login" time="0.299" /><testcase classname="backend.tests.test_comprehensive_regression.TestPEManagerAccess" name="test_pe_manager_can_access_vendors" time="0.302" /></testsuite></testsuites>