<?xml version="1.0" encoding="utf-8"?><testsuites name="pytest tests"><testsuite name="pytest" errors="0" failures="0" skipped="0" tests="11" time="3.251" timestamp="2026-01-29T04:51:22.776316+00:00" hostname="agent-env-685a7c11-90eb-4313-ae2f-1108aee69713"><testcase classname="backend.tests.test_contract_note_email_attachment.TestEmailServiceAttachments" name="test_01_send_email_endpoint_exists" time="0.350" /><testcase classname="backend.tests.test_contract_note_email_attachment.TestEmailServiceAttachments" name="test_02_send_email_nonexistent_note_returns_404" time="0.277" /><testcase classname="backend.tests.test_contract_note_email_attachment.TestContractNotePDFAttachment" name="test_01_contract_note_has_pdf_url" time="0.275" /><testcase classname="backend.tests.test_contract_note_email_attachment.TestContractNotePDFAttachment" name="test_02_pdf_file_is_downloadable" time="0.287" /><testcase classname="backend.tests.test_contract_note_email_attachment.TestContractNotePDFAttachment" name="test_03_email_sent_status_tracked" time="0.274" /><testcase classname="backend.tests.test_contract_note_email_attachment.TestDPTransferAutoGeneration" name="test_01_confirm_stock_transfer_endpoint_exists" time="0.270" /><testcase classname="backend.tests.test_contract_note_email_attachment.TestDPTransferAutoGeneration" name="test_02_find_booking_for_dp_transfer_test" time="0.292" /><testcase classname="backend.tests.test_contract_note_email_attachment.TestDPTransferAutoGeneration" name="test_03_verify_existing_contract_notes_have_auto_fields" time="0.282" /><testcase classname="backend.tests.test_contract_note_email_attachment.TestConfirmStockTransferResponse" name="test_01_verify_bookings_with_dp_transfer_have_contract_notes" time="0.305" /><testcase classname="backend.tests.test_contract_note_email_attachment.TestConfirmStockTransferResponse" name="test_02_contract_notes_list_shows_email_status" time="0.273" /><testcase classname="backend.tests.test_contract_note_email_attachment.TestEmailServiceCodeReview" name="test_01_email_logs_endpoint_exists" time="0.311" /></testsuite></testsuites>