<?xml version="1.0" encoding="utf-8"?><testsuites name="pytest tests"><testsuite name="pytest" errors="0" failures="1" skipped="0" tests="19" time="5.832" timestamp="2026-01-29T04:34:16.624871+00:00" hostname="agent-env-685a7c11-90eb-4313-ae2f-1108aee69713"><testcase classname="backend.tests.test_contract_notes.TestContractNotesAuth" name="test_01_pe_desk_can_access_contract_notes" time="0.318" /><testcase classname="backend.tests.test_contract_notes.TestContractNotesAuth" name="test_02_unauthenticated_access_denied" time="0.310"><failure message="assert 403 == 401&#10; +  where 403 = &lt;Response [403]&gt;.status_code">backend/tests/test_contract_notes.py:48: in test_02_unauthenticated_access_denied
    assert response.status_code == 401
E   assert 403 == 401
E    +  where 403 = &lt;Response [403]&gt;.status_code</failure></testcase><testcase classname="backend.tests.test_contract_notes.TestContractNotesList" name="test_01_list_contract_notes_with_pagination" time="0.290" /><testcase classname="backend.tests.test_contract_notes.TestContractNotesList" name="test_02_list_contract_notes_with_status_filter" time="0.283" /><testcase classname="backend.tests.test_contract_notes.TestContractNotesList" name="test_03_contract_notes_enriched_with_client_stock" time="0.325" /><testcase classname="backend.tests.test_contract_notes.TestContractNoteDetail" name="test_01_get_single_contract_note" time="0.310" /><testcase classname="backend.tests.test_contract_notes.TestContractNoteDetail" name="test_02_get_nonexistent_contract_note" time="0.279" /><testcase classname="backend.tests.test_contract_notes.TestContractNoteGeneration" name="test_01_generate_contract_note_requires_dp_transfer" time="0.312" /><testcase classname="backend.tests.test_contract_notes.TestContractNoteGeneration" name="test_02_generate_contract_note_duplicate_rejected" time="0.291" /><testcase classname="backend.tests.test_contract_notes.TestContractNoteGeneration" name="test_03_generate_contract_note_nonexistent_booking" time="0.277" /><testcase classname="backend.tests.test_contract_notes.TestContractNoteDownload" name="test_01_download_contract_note_pdf" time="0.289" /><testcase classname="backend.tests.test_contract_notes.TestContractNoteDownload" name="test_02_download_nonexistent_contract_note" time="0.312" /><testcase classname="backend.tests.test_contract_notes.TestContractNotePreview" name="test_01_preview_contract_note_pdf" time="0.320" /><testcase classname="backend.tests.test_contract_notes.TestContractNotePreview" name="test_02_preview_nonexistent_booking" time="0.270" /><testcase classname="backend.tests.test_contract_notes.TestContractNoteByBooking" name="test_01_get_contract_note_by_booking_exists" time="0.325" /><testcase classname="backend.tests.test_contract_notes.TestContractNoteByBooking" name="test_02_get_contract_note_by_booking_not_exists" time="0.321" /><testcase classname="backend.tests.test_contract_notes.TestContractNoteCompanyMasterIntegration" name="test_01_company_master_data_exists" time="0.316" /><testcase classname="backend.tests.test_contract_notes.TestContractNoteDataValidation" name="test_01_contract_note_has_required_fields" time="0.292" /><testcase classname="backend.tests.test_contract_notes.TestContractNoteDataValidation" name="test_02_contract_note_number_format" time="0.277" /></testsuite></testsuites>