<?xml version="1.0" encoding="utf-8"?><testsuites name="pytest tests"><testsuite name="pytest" errors="0" failures="8" skipped="0" tests="8" time="2.703" timestamp="2026-02-06T11:14:47.197029+00:00" hostname="agent-env-5736ead6-5f5a-4f88-bc17-2823645f6996"><testcase classname="backend.tests.test_custom_domain_feature.TestCustomDomainFeature" name="test_01_get_company_master_has_custom_domain_field" time="0.513"><failure message="AssertionError: GET company-master failed: {&quot;detail&quot;:&quot;Access denied&quot;}&#10;assert 403 == 200&#10; +  where 403 = &lt;Response [403]&gt;.status_code">backend/tests/test_custom_domain_feature.py:39: in test_01_get_company_master_has_custom_domain_field
    assert response.status_code == 200, f"GET company-master failed: {response.text}"
E   AssertionError: GET company-master failed: {"detail":"Access denied"}
E   assert 403 == 200
E    +  where 403 = &lt;Response [403]&gt;.status_code</failure></testcase><testcase classname="backend.tests.test_custom_domain_feature.TestCustomDomainFeature" name="test_02_save_custom_domain" time="0.285"><failure message="assert 403 == 200&#10; +  where 403 = &lt;Response [403]&gt;.status_code">backend/tests/test_custom_domain_feature.py:50: in test_02_save_custom_domain
    assert get_response.status_code == 200
E   assert 403 == 200
E    +  where 403 = &lt;Response [403]&gt;.status_code</failure></testcase><testcase classname="backend.tests.test_custom_domain_feature.TestCustomDomainFeature" name="test_03_verify_custom_domain_persisted" time="0.276"><failure message="assert 403 == 200&#10; +  where 403 = &lt;Response [403]&gt;.status_code">backend/tests/test_custom_domain_feature.py:84: in test_03_verify_custom_domain_persisted
    assert response.status_code == 200
E   assert 403 == 200
E    +  where 403 = &lt;Response [403]&gt;.status_code</failure></testcase><testcase classname="backend.tests.test_custom_domain_feature.TestCustomDomainFeature" name="test_04_custom_domain_trailing_slash_removed" time="0.326"><failure message="assert 403 == 200&#10; +  where 403 = &lt;Response [403]&gt;.status_code">backend/tests/test_custom_domain_feature.py:117: in test_04_custom_domain_trailing_slash_removed
    assert response.status_code == 200
E   assert 403 == 200
E    +  where 403 = &lt;Response [403]&gt;.status_code</failure></testcase><testcase classname="backend.tests.test_custom_domain_feature.TestCustomDomainFeature" name="test_05_custom_domain_can_be_cleared" time="0.317"><failure message="assert 403 == 200&#10; +  where 403 = &lt;Response [403]&gt;.status_code">backend/tests/test_custom_domain_feature.py:151: in test_05_custom_domain_can_be_cleared
    assert response.status_code == 200
E   assert 403 == 200
E    +  where 403 = &lt;Response [403]&gt;.status_code</failure></testcase><testcase classname="backend.tests.test_custom_domain_feature.TestCustomDomainFeature" name="test_06_restore_custom_domain_for_production" time="0.323"><failure message="assert 403 == 200&#10; +  where 403 = &lt;Response [403]&gt;.status_code">backend/tests/test_custom_domain_feature.py:185: in test_06_restore_custom_domain_for_production
    assert response.status_code == 200
E   assert 403 == 200
E    +  where 403 = &lt;Response [403]&gt;.status_code</failure></testcase><testcase classname="backend.tests.test_custom_domain_feature.TestBookingApprovalUsesCustomDomain" name="test_01_verify_custom_domain_set_in_company_master" time="0.277"><failure message="assert 403 == 200&#10; +  where 403 = &lt;Response [403]&gt;.status_code">backend/tests/test_custom_domain_feature.py:218: in test_01_verify_custom_domain_set_in_company_master
    assert response.status_code == 200
E   assert 403 == 200
E    +  where 403 = &lt;Response [403]&gt;.status_code</failure></testcase><testcase classname="backend.tests.test_custom_domain_feature.TestBookingApprovalUsesCustomDomain" name="test_02_booking_approval_endpoint_accessible" time="0.277"><failure message="AssertionError: Failed to get pending bookings: {&quot;detail&quot;:&quot;IP blocked due to repeated violations&quot;}&#10;assert 403 == 200&#10; +  where 403 = &lt;Response [403]&gt;.status_code">backend/tests/test_custom_domain_feature.py:234: in test_02_booking_approval_endpoint_accessible
    assert response.status_code == 200, f"Failed to get pending bookings: {response.text}"
E   AssertionError: Failed to get pending bookings: {"detail":"IP blocked due to repeated violations"}
E   assert 403 == 200
E    +  where 403 = &lt;Response [403]&gt;.status_code</failure></testcase></testsuite></testsuites>