<?xml version="1.0" encoding="utf-8"?><testsuites name="pytest tests"><testsuite name="pytest" errors="0" failures="1" skipped="0" tests="13" time="4.513" timestamp="2026-01-28T07:00:07.735046+00:00" hostname="agent-env-602e7dc2-6129-4ac4-b7c3-aab07fd89379"><testcase classname="backend.tests.test_database_backup_features.TestDatabaseBackupFeatures" name="test_get_database_stats" time="0.307" /><testcase classname="backend.tests.test_database_backup_features.TestDatabaseBackupFeatures" name="test_create_backup" time="0.291" /><testcase classname="backend.tests.test_database_backup_features.TestDatabaseBackupFeatures" name="test_list_backups" time="0.271" /><testcase classname="backend.tests.test_database_backup_features.TestDatabaseBackupFeatures" name="test_download_backup_as_zip" time="0.417" /><testcase classname="backend.tests.test_database_backup_features.TestDatabaseBackupFeatures" name="test_download_nonexistent_backup_returns_404" time="0.275" /><testcase classname="backend.tests.test_database_backup_features.TestDatabaseBackupFeatures" name="test_restore_from_file_with_valid_zip" time="0.455" /><testcase classname="backend.tests.test_database_backup_features.TestDatabaseBackupFeatures" name="test_restore_from_invalid_file_returns_400" time="0.294" /><testcase classname="backend.tests.test_database_backup_features.TestDatabaseBackupFeatures" name="test_restore_from_zip_without_metadata_returns_400" time="0.301"><failure message="AssertionError: Expected 400, got 520: {&quot;detail&quot;:&quot;Error processing backup file: 400: Invalid backup file: missing metadata.json&quot;}&#10;assert 520 == 400&#10; +  where 520 = &lt;Response [520]&gt;.status_code">backend/tests/test_database_backup_features.py:252: in test_restore_from_zip_without_metadata_returns_400
    assert response.status_code == 400, f"Expected 400, got {response.status_code}: {response.text}"
E   AssertionError: Expected 400, got 520: {"detail":"Error processing backup file: 400: Invalid backup file: missing metadata.json"}
E   assert 520 == 400
E    +  where 520 = &lt;Response [520]&gt;.status_code</failure></testcase><testcase classname="backend.tests.test_database_backup_features.TestDatabaseBackupFeatures" name="test_clear_database" time="0.319" /><testcase classname="backend.tests.test_database_backup_features.TestDatabaseBackupFeatures" name="test_clear_database_preserves_pe_desk_user" time="0.573" /><testcase classname="backend.tests.test_database_backup_features.TestDatabaseBackupFeatures" name="test_clear_database_unauthorized" time="0.291" /><testcase classname="backend.tests.test_database_backup_features.TestDatabaseBackupFeatures" name="test_download_backup_unauthorized" time="0.291" /><testcase classname="backend.tests.test_database_backup_features.TestDatabaseBackupFeatures" name="test_restore_from_file_unauthorized" time="0.292" /></testsuite></testsuites>