<?xml version="1.0" encoding="utf-8"?><testsuites name="pytest tests"><testsuite name="pytest" errors="0" failures="0" skipped="0" tests="15" time="6.544" timestamp="2026-01-24T19:41:19.642820+00:00" hostname="agent-env-588ae3b5-caee-4b6d-9b62-c07fc2a83f30"><testcase classname="backend.tests.test_delayed_client_confirmation.TestDelayedClientConfirmation" name="test_01_pe_desk_admin_login" time="0.277" /><testcase classname="backend.tests.test_delayed_client_confirmation.TestDelayedClientConfirmation" name="test_02_employee_login" time="0.257" /><testcase classname="backend.tests.test_delayed_client_confirmation.TestDelayedClientConfirmation" name="test_03_create_normal_booking_no_client_email_at_creation" time="0.298" /><testcase classname="backend.tests.test_delayed_client_confirmation.TestDelayedClientConfirmation" name="test_04_client_confirmation_before_approval_returns_pending" time="0.413" /><testcase classname="backend.tests.test_delayed_client_confirmation.TestDelayedClientConfirmation" name="test_05_pe_desk_approve_normal_booking" time="0.724" /><testcase classname="backend.tests.test_delayed_client_confirmation.TestDelayedClientConfirmation" name="test_06_client_confirmation_after_approval_works" time="0.642" /><testcase classname="backend.tests.test_delayed_client_confirmation.TestDelayedClientConfirmation" name="test_07_create_loss_booking_no_client_email_at_creation" time="0.347" /><testcase classname="backend.tests.test_delayed_client_confirmation.TestDelayedClientConfirmation" name="test_08_pe_desk_approve_loss_booking_still_no_client_email" time="0.738" /><testcase classname="backend.tests.test_delayed_client_confirmation.TestDelayedClientConfirmation" name="test_09_loss_approval_then_client_confirmation_works" time="0.745" /><testcase classname="backend.tests.test_delayed_client_confirmation.TestDelayedClientConfirmation" name="test_10_booking_deletion_restricted_to_pe_desk" time="0.593" /><testcase classname="backend.tests.test_delayed_client_confirmation.TestDelayedClientConfirmation" name="test_11_purchases_restricted_to_pe_desk" time="0.286" /><testcase classname="backend.tests.test_delayed_client_confirmation.TestDelayedClientConfirmation" name="test_12_stocks_restricted_to_pe_desk" time="0.265" /><testcase classname="backend.tests.test_delayed_client_confirmation.TestDelayedClientConfirmation" name="test_13_vendors_restricted_to_pe_desk" time="0.345" /><testcase classname="backend.tests.test_delayed_client_confirmation.TestDelayedClientConfirmation" name="test_14_booking_export_excel" time="0.291" /><testcase classname="backend.tests.test_delayed_client_confirmation.TestDelayedClientConfirmation" name="test_15_booking_export_csv" time="0.268" /></testsuite></testsuites>