<?xml version="1.0" encoding="utf-8"?><testsuites name="pytest tests"><testsuite name="pytest" errors="0" failures="0" skipped="0" tests="17" time="2.436" timestamp="2026-02-04T22:35:04.191868+00:00" hostname="agent-env-1f258e94-af69-4282-8aa4-9d2fb9c7af3d"><testcase classname="backend.tests.test_demo_mode_isolation.TestDemoModeIsolation" name="test_demo_init_creates_demo_data" time="0.103" /><testcase classname="backend.tests.test_demo_mode_isolation.TestDemoModeIsolation" name="test_demo_init_returns_valid_token" time="0.061" /><testcase classname="backend.tests.test_demo_mode_isolation.TestDemoModeIsolation" name="test_demo_user_gets_only_demo_clients" time="0.050" /><testcase classname="backend.tests.test_demo_mode_isolation.TestDemoModeIsolation" name="test_demo_user_gets_only_demo_stocks" time="0.044" /><testcase classname="backend.tests.test_demo_mode_isolation.TestDemoModeIsolation" name="test_demo_user_gets_only_demo_bookings" time="0.049" /><testcase classname="backend.tests.test_demo_mode_isolation.TestDemoModeIsolation" name="test_regular_user_gets_no_demo_clients" time="0.554" /><testcase classname="backend.tests.test_demo_mode_isolation.TestDemoModeIsolation" name="test_regular_user_gets_no_demo_stocks" time="0.043" /><testcase classname="backend.tests.test_demo_mode_isolation.TestDemoModeIsolation" name="test_regular_user_gets_no_demo_bookings" time="0.065" /><testcase classname="backend.tests.test_demo_mode_isolation.TestDemoModeIsolation" name="test_demo_user_dashboard_shows_only_demo_counts" time="0.048" /><testcase classname="backend.tests.test_demo_mode_isolation.TestDemoModeIsolation" name="test_regular_user_dashboard_excludes_demo_counts" time="0.091" /><testcase classname="backend.tests.test_demo_mode_isolation.TestDemoModeIsolation" name="test_demo_status_endpoint" time="0.046" /><testcase classname="backend.tests.test_demo_mode_isolation.TestDemoModeIsolation" name="test_demo_verify_isolation_endpoint" time="0.082" /><testcase classname="backend.tests.test_demo_mode_isolation.TestDemoModeIsolation" name="test_demo_cleanup_removes_all_demo_data" time="0.187" /><testcase classname="backend.tests.test_demo_mode_isolation.TestDemoIsolationEdgeCases" name="test_demo_user_cannot_access_specific_live_client" time="0.673" /><testcase classname="backend.tests.test_demo_mode_isolation.TestDemoIsolationEdgeCases" name="test_regular_user_cannot_access_specific_demo_client" time="0.080" /><testcase classname="backend.tests.test_demo_mode_isolation.TestDemoIsolationEdgeCases" name="test_demo_reinit_clears_and_recreates" time="0.120" /><testcase classname="backend.tests.test_demo_mode_isolation.TestDemoModeCleanup" name="test_final_demo_cleanup" time="0.041" /></testsuite></testsuites>