<?xml version="1.0" encoding="utf-8"?><testsuites name="pytest tests"><testsuite name="pytest" errors="0" failures="0" skipped="0" tests="13" time="0.706" timestamp="2026-01-28T22:51:58.288054+00:00" hostname="agent-env-685a7c11-90eb-4313-ae2f-1108aee69713"><testcase classname="tests.test_email_logs.TestEmailLogsEndpoints" name="test_01_get_email_logs_empty_or_with_data" time="0.322" /><testcase classname="tests.test_email_logs.TestEmailLogsEndpoints" name="test_02_get_email_logs_with_status_filter" time="0.016" /><testcase classname="tests.test_email_logs.TestEmailLogsEndpoints" name="test_03_get_email_logs_with_entity_type_filter" time="0.014" /><testcase classname="tests.test_email_logs.TestEmailLogsEndpoints" name="test_04_get_email_logs_with_email_filter" time="0.055" /><testcase classname="tests.test_email_logs.TestEmailLogsEndpoints" name="test_05_get_email_logs_with_date_range" time="0.021" /><testcase classname="tests.test_email_logs.TestEmailLogsEndpoints" name="test_06_get_email_stats" time="0.012" /><testcase classname="tests.test_email_logs.TestEmailLogsEndpoints" name="test_07_get_email_stats_different_days" time="0.012" /><testcase classname="tests.test_email_logs.TestEmailLogsEndpoints" name="test_08_get_email_log_detail_not_found" time="0.049" /><testcase classname="tests.test_email_logs.TestEmailLogsEndpoints" name="test_09_get_emails_by_entity" time="0.010" /><testcase classname="tests.test_email_logs.TestEmailLogsEndpoints" name="test_10_cleanup_endpoint_pe_desk_only" time="0.012" /><testcase classname="tests.test_email_logs.TestEmailLogsEndpoints" name="test_11_get_email_logs_pagination" time="0.019" /><testcase classname="tests.test_email_logs.TestEmailLogsAccessControl" name="test_01_unauthenticated_access_denied" time="0.077" /><testcase classname="tests.test_email_logs.TestEmailLogDataStructure" name="test_01_verify_log_structure_if_exists" time="0.010" /></testsuite></testsuites>