<?xml version="1.0" encoding="utf-8"?><testsuites name="pytest tests"><testsuite name="pytest" errors="12" failures="0" skipped="0" tests="13" time="0.552" timestamp="2026-01-28T22:51:42.668561+00:00" hostname="agent-env-685a7c11-90eb-4313-ae2f-1108aee69713"><testcase classname="tests.test_email_logs.TestEmailLogsEndpoints" name="test_01_get_email_logs_empty_or_with_data" time="0.340"><error message="failed on setup with &quot;AssertionError: No access_token in login response&#10;assert 'access_token' in {'token': 'eyJhbGciOiJIUzI1NiIsInR5cCI6IkpXVCJ9.eyJ1c2VyX2lkIjoiNDkyMDI5NzktMzI4NS00MzZmLWEzN2EtZThhMWQ2YjE5NjJlIiwiZW1haWwiOiJwZWRlc2tAc21pZnMuY29tIiwiZXhwIjoxNzY5NzI3MTAzfQ.Yw2zFtaGJVM8_rCGLJMfKQ3a0luoH_dc-VuqzncmeEY', 'user': {'created_at': '2026-01-24T11:34:45.541650+00:00', 'email': 'pedesk@smifs.com', 'id': '49202979-3285-436f-a37a-e8a1d6b1962e', 'name': 'PE Desk Super Admin', ...}}&quot;">tests/test_email_logs.py:40: in pe_desk_token
    assert "access_token" in data, "No access_token in login response"
E   AssertionError: No access_token in login response
E   assert 'access_token' in {'token': 'eyJhbGciOiJIUzI1NiIsInR5cCI6IkpXVCJ9.eyJ1c2VyX2lkIjoiNDkyMDI5NzktMzI4NS00MzZmLWEzN2EtZThhMWQ2YjE5NjJlIiwiZW1haWwiOiJwZWRlc2tAc21pZnMuY29tIiwiZXhwIjoxNzY5NzI3MTAzfQ.Yw2zFtaGJVM8_rCGLJMfKQ3a0luoH_dc-VuqzncmeEY', 'user': {'created_at': '2026-01-24T11:34:45.541650+00:00', 'email': 'pedesk@smifs.com', 'id': '49202979-3285-436f-a37a-e8a1d6b1962e', 'name': 'PE Desk Super Admin', ...}}</error></testcase><testcase classname="tests.test_email_logs.TestEmailLogsEndpoints" name="test_02_get_email_logs_with_status_filter" time="0.000"><error message="failed on setup with &quot;AssertionError: No access_token in login response&#10;assert 'access_token' in {'token': 'eyJhbGciOiJIUzI1NiIsInR5cCI6IkpXVCJ9.eyJ1c2VyX2lkIjoiNDkyMDI5NzktMzI4NS00MzZmLWEzN2EtZThhMWQ2YjE5NjJlIiwiZW1haWwiOiJwZWRlc2tAc21pZnMuY29tIiwiZXhwIjoxNzY5NzI3MTAzfQ.Yw2zFtaGJVM8_rCGLJMfKQ3a0luoH_dc-VuqzncmeEY', 'user': {'created_at': '2026-01-24T11:34:45.541650+00:00', 'email': 'pedesk@smifs.com', 'id': '49202979-3285-436f-a37a-e8a1d6b1962e', 'name': 'PE Desk Super Admin', ...}}&quot;">tests/test_email_logs.py:40: in pe_desk_token
    assert "access_token" in data, "No access_token in login response"
E   AssertionError: No access_token in login response
E   assert 'access_token' in {'token': 'eyJhbGciOiJIUzI1NiIsInR5cCI6IkpXVCJ9.eyJ1c2VyX2lkIjoiNDkyMDI5NzktMzI4NS00MzZmLWEzN2EtZThhMWQ2YjE5NjJlIiwiZW1haWwiOiJwZWRlc2tAc21pZnMuY29tIiwiZXhwIjoxNzY5NzI3MTAzfQ.Yw2zFtaGJVM8_rCGLJMfKQ3a0luoH_dc-VuqzncmeEY', 'user': {'created_at': '2026-01-24T11:34:45.541650+00:00', 'email': 'pedesk@smifs.com', 'id': '49202979-3285-436f-a37a-e8a1d6b1962e', 'name': 'PE Desk Super Admin', ...}}</error></testcase><testcase classname="tests.test_email_logs.TestEmailLogsEndpoints" name="test_03_get_email_logs_with_entity_type_filter" time="0.000"><error message="failed on setup with &quot;AssertionError: No access_token in login response&#10;assert 'access_token' in {'token': 'eyJhbGciOiJIUzI1NiIsInR5cCI6IkpXVCJ9.eyJ1c2VyX2lkIjoiNDkyMDI5NzktMzI4NS00MzZmLWEzN2EtZThhMWQ2YjE5NjJlIiwiZW1haWwiOiJwZWRlc2tAc21pZnMuY29tIiwiZXhwIjoxNzY5NzI3MTAzfQ.Yw2zFtaGJVM8_rCGLJMfKQ3a0luoH_dc-VuqzncmeEY', 'user': {'created_at': '2026-01-24T11:34:45.541650+00:00', 'email': 'pedesk@smifs.com', 'id': '49202979-3285-436f-a37a-e8a1d6b1962e', 'name': 'PE Desk Super Admin', ...}}&quot;">tests/test_email_logs.py:40: in pe_desk_token
    assert "access_token" in data, "No access_token in login response"
E   AssertionError: No access_token in login response
E   assert 'access_token' in {'token': 'eyJhbGciOiJIUzI1NiIsInR5cCI6IkpXVCJ9.eyJ1c2VyX2lkIjoiNDkyMDI5NzktMzI4NS00MzZmLWEzN2EtZThhMWQ2YjE5NjJlIiwiZW1haWwiOiJwZWRlc2tAc21pZnMuY29tIiwiZXhwIjoxNzY5NzI3MTAzfQ.Yw2zFtaGJVM8_rCGLJMfKQ3a0luoH_dc-VuqzncmeEY', 'user': {'created_at': '2026-01-24T11:34:45.541650+00:00', 'email': 'pedesk@smifs.com', 'id': '49202979-3285-436f-a37a-e8a1d6b1962e', 'name': 'PE Desk Super Admin', ...}}</error></testcase><testcase classname="tests.test_email_logs.TestEmailLogsEndpoints" name="test_04_get_email_logs_with_email_filter" time="0.000"><error message="failed on setup with &quot;AssertionError: No access_token in login response&#10;assert 'access_token' in {'token': 'eyJhbGciOiJIUzI1NiIsInR5cCI6IkpXVCJ9.eyJ1c2VyX2lkIjoiNDkyMDI5NzktMzI4NS00MzZmLWEzN2EtZThhMWQ2YjE5NjJlIiwiZW1haWwiOiJwZWRlc2tAc21pZnMuY29tIiwiZXhwIjoxNzY5NzI3MTAzfQ.Yw2zFtaGJVM8_rCGLJMfKQ3a0luoH_dc-VuqzncmeEY', 'user': {'created_at': '2026-01-24T11:34:45.541650+00:00', 'email': 'pedesk@smifs.com', 'id': '49202979-3285-436f-a37a-e8a1d6b1962e', 'name': 'PE Desk Super Admin', ...}}&quot;">tests/test_email_logs.py:40: in pe_desk_token
    assert "access_token" in data, "No access_token in login response"
E   AssertionError: No access_token in login response
E   assert 'access_token' in {'token': 'eyJhbGciOiJIUzI1NiIsInR5cCI6IkpXVCJ9.eyJ1c2VyX2lkIjoiNDkyMDI5NzktMzI4NS00MzZmLWEzN2EtZThhMWQ2YjE5NjJlIiwiZW1haWwiOiJwZWRlc2tAc21pZnMuY29tIiwiZXhwIjoxNzY5NzI3MTAzfQ.Yw2zFtaGJVM8_rCGLJMfKQ3a0luoH_dc-VuqzncmeEY', 'user': {'created_at': '2026-01-24T11:34:45.541650+00:00', 'email': 'pedesk@smifs.com', 'id': '49202979-3285-436f-a37a-e8a1d6b1962e', 'name': 'PE Desk Super Admin', ...}}</error></testcase><testcase classname="tests.test_email_logs.TestEmailLogsEndpoints" name="test_05_get_email_logs_with_date_range" time="0.000"><error message="failed on setup with &quot;AssertionError: No access_token in login response&#10;assert 'access_token' in {'token': 'eyJhbGciOiJIUzI1NiIsInR5cCI6IkpXVCJ9.eyJ1c2VyX2lkIjoiNDkyMDI5NzktMzI4NS00MzZmLWEzN2EtZThhMWQ2YjE5NjJlIiwiZW1haWwiOiJwZWRlc2tAc21pZnMuY29tIiwiZXhwIjoxNzY5NzI3MTAzfQ.Yw2zFtaGJVM8_rCGLJMfKQ3a0luoH_dc-VuqzncmeEY', 'user': {'created_at': '2026-01-24T11:34:45.541650+00:00', 'email': 'pedesk@smifs.com', 'id': '49202979-3285-436f-a37a-e8a1d6b1962e', 'name': 'PE Desk Super Admin', ...}}&quot;">tests/test_email_logs.py:40: in pe_desk_token
    assert "access_token" in data, "No access_token in login response"
E   AssertionError: No access_token in login response
E   assert 'access_token' in {'token': 'eyJhbGciOiJIUzI1NiIsInR5cCI6IkpXVCJ9.eyJ1c2VyX2lkIjoiNDkyMDI5NzktMzI4NS00MzZmLWEzN2EtZThhMWQ2YjE5NjJlIiwiZW1haWwiOiJwZWRlc2tAc21pZnMuY29tIiwiZXhwIjoxNzY5NzI3MTAzfQ.Yw2zFtaGJVM8_rCGLJMfKQ3a0luoH_dc-VuqzncmeEY', 'user': {'created_at': '2026-01-24T11:34:45.541650+00:00', 'email': 'pedesk@smifs.com', 'id': '49202979-3285-436f-a37a-e8a1d6b1962e', 'name': 'PE Desk Super Admin', ...}}</error></testcase><testcase classname="tests.test_email_logs.TestEmailLogsEndpoints" name="test_06_get_email_stats" time="0.000"><error message="failed on setup with &quot;AssertionError: No access_token in login response&#10;assert 'access_token' in {'token': 'eyJhbGciOiJIUzI1NiIsInR5cCI6IkpXVCJ9.eyJ1c2VyX2lkIjoiNDkyMDI5NzktMzI4NS00MzZmLWEzN2EtZThhMWQ2YjE5NjJlIiwiZW1haWwiOiJwZWRlc2tAc21pZnMuY29tIiwiZXhwIjoxNzY5NzI3MTAzfQ.Yw2zFtaGJVM8_rCGLJMfKQ3a0luoH_dc-VuqzncmeEY', 'user': {'created_at': '2026-01-24T11:34:45.541650+00:00', 'email': 'pedesk@smifs.com', 'id': '49202979-3285-436f-a37a-e8a1d6b1962e', 'name': 'PE Desk Super Admin', ...}}&quot;">tests/test_email_logs.py:40: in pe_desk_token
    assert "access_token" in data, "No access_token in login response"
E   AssertionError: No access_token in login response
E   assert 'access_token' in {'token': 'eyJhbGciOiJIUzI1NiIsInR5cCI6IkpXVCJ9.eyJ1c2VyX2lkIjoiNDkyMDI5NzktMzI4NS00MzZmLWEzN2EtZThhMWQ2YjE5NjJlIiwiZW1haWwiOiJwZWRlc2tAc21pZnMuY29tIiwiZXhwIjoxNzY5NzI3MTAzfQ.Yw2zFtaGJVM8_rCGLJMfKQ3a0luoH_dc-VuqzncmeEY', 'user': {'created_at': '2026-01-24T11:34:45.541650+00:00', 'email': 'pedesk@smifs.com', 'id': '49202979-3285-436f-a37a-e8a1d6b1962e', 'name': 'PE Desk Super Admin', ...}}</error></testcase><testcase classname="tests.test_email_logs.TestEmailLogsEndpoints" name="test_07_get_email_stats_different_days" time="0.000"><error message="failed on setup with &quot;AssertionError: No access_token in login response&#10;assert 'access_token' in {'token': 'eyJhbGciOiJIUzI1NiIsInR5cCI6IkpXVCJ9.eyJ1c2VyX2lkIjoiNDkyMDI5NzktMzI4NS00MzZmLWEzN2EtZThhMWQ2YjE5NjJlIiwiZW1haWwiOiJwZWRlc2tAc21pZnMuY29tIiwiZXhwIjoxNzY5NzI3MTAzfQ.Yw2zFtaGJVM8_rCGLJMfKQ3a0luoH_dc-VuqzncmeEY', 'user': {'created_at': '2026-01-24T11:34:45.541650+00:00', 'email': 'pedesk@smifs.com', 'id': '49202979-3285-436f-a37a-e8a1d6b1962e', 'name': 'PE Desk Super Admin', ...}}&quot;">tests/test_email_logs.py:40: in pe_desk_token
    assert "access_token" in data, "No access_token in login response"
E   AssertionError: No access_token in login response
E   assert 'access_token' in {'token': 'eyJhbGciOiJIUzI1NiIsInR5cCI6IkpXVCJ9.eyJ1c2VyX2lkIjoiNDkyMDI5NzktMzI4NS00MzZmLWEzN2EtZThhMWQ2YjE5NjJlIiwiZW1haWwiOiJwZWRlc2tAc21pZnMuY29tIiwiZXhwIjoxNzY5NzI3MTAzfQ.Yw2zFtaGJVM8_rCGLJMfKQ3a0luoH_dc-VuqzncmeEY', 'user': {'created_at': '2026-01-24T11:34:45.541650+00:00', 'email': 'pedesk@smifs.com', 'id': '49202979-3285-436f-a37a-e8a1d6b1962e', 'name': 'PE Desk Super Admin', ...}}</error></testcase><testcase classname="tests.test_email_logs.TestEmailLogsEndpoints" name="test_08_get_email_log_detail_not_found" time="0.000"><error message="failed on setup with &quot;AssertionError: No access_token in login response&#10;assert 'access_token' in {'token': 'eyJhbGciOiJIUzI1NiIsInR5cCI6IkpXVCJ9.eyJ1c2VyX2lkIjoiNDkyMDI5NzktMzI4NS00MzZmLWEzN2EtZThhMWQ2YjE5NjJlIiwiZW1haWwiOiJwZWRlc2tAc21pZnMuY29tIiwiZXhwIjoxNzY5NzI3MTAzfQ.Yw2zFtaGJVM8_rCGLJMfKQ3a0luoH_dc-VuqzncmeEY', 'user': {'created_at': '2026-01-24T11:34:45.541650+00:00', 'email': 'pedesk@smifs.com', 'id': '49202979-3285-436f-a37a-e8a1d6b1962e', 'name': 'PE Desk Super Admin', ...}}&quot;">tests/test_email_logs.py:40: in pe_desk_token
    assert "access_token" in data, "No access_token in login response"
E   AssertionError: No access_token in login response
E   assert 'access_token' in {'token': 'eyJhbGciOiJIUzI1NiIsInR5cCI6IkpXVCJ9.eyJ1c2VyX2lkIjoiNDkyMDI5NzktMzI4NS00MzZmLWEzN2EtZThhMWQ2YjE5NjJlIiwiZW1haWwiOiJwZWRlc2tAc21pZnMuY29tIiwiZXhwIjoxNzY5NzI3MTAzfQ.Yw2zFtaGJVM8_rCGLJMfKQ3a0luoH_dc-VuqzncmeEY', 'user': {'created_at': '2026-01-24T11:34:45.541650+00:00', 'email': 'pedesk@smifs.com', 'id': '49202979-3285-436f-a37a-e8a1d6b1962e', 'name': 'PE Desk Super Admin', ...}}</error></testcase><testcase classname="tests.test_email_logs.TestEmailLogsEndpoints" name="test_09_get_emails_by_entity" time="0.000"><error message="failed on setup with &quot;AssertionError: No access_token in login response&#10;assert 'access_token' in {'token': 'eyJhbGciOiJIUzI1NiIsInR5cCI6IkpXVCJ9.eyJ1c2VyX2lkIjoiNDkyMDI5NzktMzI4NS00MzZmLWEzN2EtZThhMWQ2YjE5NjJlIiwiZW1haWwiOiJwZWRlc2tAc21pZnMuY29tIiwiZXhwIjoxNzY5NzI3MTAzfQ.Yw2zFtaGJVM8_rCGLJMfKQ3a0luoH_dc-VuqzncmeEY', 'user': {'created_at': '2026-01-24T11:34:45.541650+00:00', 'email': 'pedesk@smifs.com', 'id': '49202979-3285-436f-a37a-e8a1d6b1962e', 'name': 'PE Desk Super Admin', ...}}&quot;">tests/test_email_logs.py:40: in pe_desk_token
    assert "access_token" in data, "No access_token in login response"
E   AssertionError: No access_token in login response
E   assert 'access_token' in {'token': 'eyJhbGciOiJIUzI1NiIsInR5cCI6IkpXVCJ9.eyJ1c2VyX2lkIjoiNDkyMDI5NzktMzI4NS00MzZmLWEzN2EtZThhMWQ2YjE5NjJlIiwiZW1haWwiOiJwZWRlc2tAc21pZnMuY29tIiwiZXhwIjoxNzY5NzI3MTAzfQ.Yw2zFtaGJVM8_rCGLJMfKQ3a0luoH_dc-VuqzncmeEY', 'user': {'created_at': '2026-01-24T11:34:45.541650+00:00', 'email': 'pedesk@smifs.com', 'id': '49202979-3285-436f-a37a-e8a1d6b1962e', 'name': 'PE Desk Super Admin', ...}}</error></testcase><testcase classname="tests.test_email_logs.TestEmailLogsEndpoints" name="test_10_cleanup_endpoint_pe_desk_only" time="0.000"><error message="failed on setup with &quot;AssertionError: No access_token in login response&#10;assert 'access_token' in {'token': 'eyJhbGciOiJIUzI1NiIsInR5cCI6IkpXVCJ9.eyJ1c2VyX2lkIjoiNDkyMDI5NzktMzI4NS00MzZmLWEzN2EtZThhMWQ2YjE5NjJlIiwiZW1haWwiOiJwZWRlc2tAc21pZnMuY29tIiwiZXhwIjoxNzY5NzI3MTAzfQ.Yw2zFtaGJVM8_rCGLJMfKQ3a0luoH_dc-VuqzncmeEY', 'user': {'created_at': '2026-01-24T11:34:45.541650+00:00', 'email': 'pedesk@smifs.com', 'id': '49202979-3285-436f-a37a-e8a1d6b1962e', 'name': 'PE Desk Super Admin', ...}}&quot;">tests/test_email_logs.py:40: in pe_desk_token
    assert "access_token" in data, "No access_token in login response"
E   AssertionError: No access_token in login response
E   assert 'access_token' in {'token': 'eyJhbGciOiJIUzI1NiIsInR5cCI6IkpXVCJ9.eyJ1c2VyX2lkIjoiNDkyMDI5NzktMzI4NS00MzZmLWEzN2EtZThhMWQ2YjE5NjJlIiwiZW1haWwiOiJwZWRlc2tAc21pZnMuY29tIiwiZXhwIjoxNzY5NzI3MTAzfQ.Yw2zFtaGJVM8_rCGLJMfKQ3a0luoH_dc-VuqzncmeEY', 'user': {'created_at': '2026-01-24T11:34:45.541650+00:00', 'email': 'pedesk@smifs.com', 'id': '49202979-3285-436f-a37a-e8a1d6b1962e', 'name': 'PE Desk Super Admin', ...}}</error></testcase><testcase classname="tests.test_email_logs.TestEmailLogsEndpoints" name="test_11_get_email_logs_pagination" time="0.000"><error message="failed on setup with &quot;AssertionError: No access_token in login response&#10;assert 'access_token' in {'token': 'eyJhbGciOiJIUzI1NiIsInR5cCI6IkpXVCJ9.eyJ1c2VyX2lkIjoiNDkyMDI5NzktMzI4NS00MzZmLWEzN2EtZThhMWQ2YjE5NjJlIiwiZW1haWwiOiJwZWRlc2tAc21pZnMuY29tIiwiZXhwIjoxNzY5NzI3MTAzfQ.Yw2zFtaGJVM8_rCGLJMfKQ3a0luoH_dc-VuqzncmeEY', 'user': {'created_at': '2026-01-24T11:34:45.541650+00:00', 'email': 'pedesk@smifs.com', 'id': '49202979-3285-436f-a37a-e8a1d6b1962e', 'name': 'PE Desk Super Admin', ...}}&quot;">tests/test_email_logs.py:40: in pe_desk_token
    assert "access_token" in data, "No access_token in login response"
E   AssertionError: No access_token in login response
E   assert 'access_token' in {'token': 'eyJhbGciOiJIUzI1NiIsInR5cCI6IkpXVCJ9.eyJ1c2VyX2lkIjoiNDkyMDI5NzktMzI4NS00MzZmLWEzN2EtZThhMWQ2YjE5NjJlIiwiZW1haWwiOiJwZWRlc2tAc21pZnMuY29tIiwiZXhwIjoxNzY5NzI3MTAzfQ.Yw2zFtaGJVM8_rCGLJMfKQ3a0luoH_dc-VuqzncmeEY', 'user': {'created_at': '2026-01-24T11:34:45.541650+00:00', 'email': 'pedesk@smifs.com', 'id': '49202979-3285-436f-a37a-e8a1d6b1962e', 'name': 'PE Desk Super Admin', ...}}</error></testcase><testcase classname="tests.test_email_logs.TestEmailLogsAccessControl" name="test_01_unauthenticated_access_denied" time="0.039" /><testcase classname="tests.test_email_logs.TestEmailLogDataStructure" name="test_01_verify_log_structure_if_exists" time="0.001"><error message="failed on setup with &quot;AssertionError: No access_token in login response&#10;assert 'access_token' in {'token': 'eyJhbGciOiJIUzI1NiIsInR5cCI6IkpXVCJ9.eyJ1c2VyX2lkIjoiNDkyMDI5NzktMzI4NS00MzZmLWEzN2EtZThhMWQ2YjE5NjJlIiwiZW1haWwiOiJwZWRlc2tAc21pZnMuY29tIiwiZXhwIjoxNzY5NzI3MTAzfQ.Yw2zFtaGJVM8_rCGLJMfKQ3a0luoH_dc-VuqzncmeEY', 'user': {'created_at': '2026-01-24T11:34:45.541650+00:00', 'email': 'pedesk@smifs.com', 'id': '49202979-3285-436f-a37a-e8a1d6b1962e', 'name': 'PE Desk Super Admin', ...}}&quot;">tests/test_email_logs.py:40: in pe_desk_token
    assert "access_token" in data, "No access_token in login response"
E   AssertionError: No access_token in login response
E   assert 'access_token' in {'token': 'eyJhbGciOiJIUzI1NiIsInR5cCI6IkpXVCJ9.eyJ1c2VyX2lkIjoiNDkyMDI5NzktMzI4NS00MzZmLWEzN2EtZThhMWQ2YjE5NjJlIiwiZW1haWwiOiJwZWRlc2tAc21pZnMuY29tIiwiZXhwIjoxNzY5NzI3MTAzfQ.Yw2zFtaGJVM8_rCGLJMfKQ3a0luoH_dc-VuqzncmeEY', 'user': {'created_at': '2026-01-24T11:34:45.541650+00:00', 'email': 'pedesk@smifs.com', 'id': '49202979-3285-436f-a37a-e8a1d6b1962e', 'name': 'PE Desk Super Admin', ...}}</error></testcase></testsuite></testsuites>