<?xml version="1.0" encoding="utf-8"?><testsuites name="pytest tests"><testsuite name="pytest" errors="0" failures="0" skipped="0" tests="12" time="7.090" timestamp="2026-01-28T20:29:45.625024+00:00" hostname="agent-env-3d81e11f-0b9d-4f0f-a9b3-9c9ca655d419"><testcase classname="backend.tests.test_employee_commission.TestEmployeeCommissionFeature" name="test_01_get_existing_test_data" time="0.679" /><testcase classname="backend.tests.test_employee_commission.TestEmployeeCommissionFeature" name="test_02_booking_with_rp_calculates_employee_share" time="0.567" /><testcase classname="backend.tests.test_employee_commission.TestEmployeeCommissionFeature" name="test_03_booking_without_rp_has_full_employee_share" time="0.558" /><testcase classname="backend.tests.test_employee_commission.TestEmployeeCommissionFeature" name="test_04_approve_and_process_booking" time="0.593" /><testcase classname="backend.tests.test_employee_commission.TestEmployeeCommissionFeature" name="test_05_confirm_stock_transfer_calculates_commission" time="0.636" /><testcase classname="backend.tests.test_employee_commission.TestEmployeeCommissionFeature" name="test_06_get_employee_commissions_list" time="0.552" /><testcase classname="backend.tests.test_employee_commission.TestEmployeeCommissionFeature" name="test_07_get_employee_commissions_summary" time="0.554" /><testcase classname="backend.tests.test_employee_commission.TestEmployeeCommissionFeature" name="test_08_mark_commission_as_paid" time="0.577" /><testcase classname="backend.tests.test_employee_commission.TestEmployeeCommissionFeature" name="test_09_commission_summary_reflects_paid_status" time="0.568" /><testcase classname="backend.tests.test_employee_commission.TestEmployeeCommissionFeature" name="test_10_non_finance_user_cannot_access_commissions" time="0.629" /><testcase classname="backend.tests.test_employee_commission.TestEmployeeCommissionFeature" name="test_11_filter_commissions_by_status" time="0.556" /><testcase classname="backend.tests.test_employee_commission.TestEmployeeCommissionFeature" name="test_12_rp_share_cap_at_30_percent" time="0.543" /></testsuite></testsuites>