<?xml version="1.0" encoding="utf-8"?><testsuites name="pytest tests"><testsuite name="pytest" errors="1" failures="0" skipped="0" tests="10" time="3.084" timestamp="2026-02-08T11:30:07.353878+00:00" hostname="agent-env-596dc16c-0a2e-4d50-93e8-1df630dd8bfd"><testcase classname="backend.tests.test_fi_dashboard_enhanced.TestFIDashboardEnhanced" name="test_dashboard_returns_200" time="0.352" /><testcase classname="backend.tests.test_fi_dashboard_enhanced.TestFIDashboardEnhanced" name="test_dashboard_has_duration_distribution" time="0.333" /><testcase classname="backend.tests.test_fi_dashboard_enhanced.TestFIDashboardEnhanced" name="test_dashboard_has_sector_breakdown" time="0.321" /><testcase classname="backend.tests.test_fi_dashboard_enhanced.TestFIDashboardEnhanced" name="test_dashboard_has_cash_flow_calendar" time="0.320" /><testcase classname="backend.tests.test_fi_dashboard_enhanced.TestFIDashboardEnhanced" name="test_dashboard_has_ytm_distribution" time="0.321" /><testcase classname="backend.tests.test_fi_dashboard_enhanced.TestFIDashboardEnhanced" name="test_dashboard_summary_has_avg_duration" time="0.335" /><testcase classname="backend.tests.test_fi_dashboard_enhanced.TestFIDashboardEnhanced" name="test_dashboard_summary_complete_fields" time="0.333" /><testcase classname="backend.tests.test_fi_dashboard_enhanced.TestFIDashboardEnhanced" name="test_dashboard_has_holdings_by_type" time="0.329" /><testcase classname="backend.tests.test_fi_dashboard_enhanced.TestFIDashboardEnhanced" name="test_dashboard_has_holdings_by_rating" time="0.316" /><testcase classname="backend.tests.test_fi_dashboard_enhanced.TestFIDashboardEnhanced" name="test_dashboard_response_structure_complete" time="0.039"><error message="failed on setup with &quot;AssertionError: Login failed: {&quot;detail&quot;:&quot;Too many requests. Please try again later.&quot;}&#10;assert 429 == 200&#10; +  where 429 = &lt;Response [429]&gt;.status_code&quot;">backend/tests/test_fi_dashboard_enhanced.py:21: in setup
    assert response.status_code == 200, f"Login failed: {response.text}"
E   AssertionError: Login failed: {"detail":"Too many requests. Please try again later."}
E   assert 429 == 200
E    +  where 429 = &lt;Response [429]&gt;.status_code</error></testcase></testsuite></testsuites>