<?xml version="1.0" encoding="utf-8"?><testsuites name="pytest tests"><testsuite name="pytest" errors="2" failures="3" skipped="1" tests="17" time="2.169" timestamp="2026-02-08T07:53:45.936654+00:00" hostname="agent-env-550790a0-1dd3-4ff6-9c7c-64e428f7cfa2"><testcase classname="tests.test_fi_primary_market.TestPrimaryMarketIssues" name="test_list_issues" time="0.503" /><testcase classname="tests.test_fi_primary_market.TestPrimaryMarketIssues" name="test_create_issue" time="0.029" /><testcase classname="tests.test_fi_primary_market.TestPrimaryMarketIssues" name="test_get_issue_by_id" time="0.018" /><testcase classname="tests.test_fi_primary_market.TestPrimaryMarketIssues" name="test_update_issue_status_draft_to_open" time="0.016" /><testcase classname="tests.test_fi_primary_market.TestPrimaryMarketIssues" name="test_get_active_issues" time="0.013" /><testcase classname="tests.test_fi_primary_market.TestPrimaryMarketIssues" name="test_list_issues_with_status_filter" time="0.015" /><testcase classname="tests.test_fi_primary_market.TestPrimaryMarketBids" name="test_list_bids_empty_or_existing" time="0.307" /><testcase classname="tests.test_fi_primary_market.TestPrimaryMarketBids" name="test_submit_bid" time="0.018"><error message="failed on setup with &quot;AttributeError: 'list' object has no attribute 'get'&quot;">tests/test_fi_primary_market.py:194: in test_client
    if data.get("clients") and len(data["clients"]) &gt; 0:
       ^^^^^^^^
E   AttributeError: 'list' object has no attribute 'get'</error></testcase><testcase classname="tests.test_fi_primary_market.TestPrimaryMarketBids" name="test_list_bids_with_issue_filter" time="0.000"><skipped type="pytest.skip" message="No issue available for filtering">/app/backend/tests/test_fi_primary_market.py:299: No issue available for filtering</skipped></testcase><testcase classname="tests.test_fi_primary_market.TestPrimaryMarketBids" name="test_submit_bid_invalid_issue" time="0.000"><error message="failed on setup with &quot;AttributeError: 'list' object has no attribute 'get'&quot;">tests/test_fi_primary_market.py:194: in test_client
    if data.get("clients") and len(data["clients"]) &gt; 0:
       ^^^^^^^^
E   AttributeError: 'list' object has no attribute 'get'</error></testcase><testcase classname="tests.test_fi_primary_market.TestPrimaryMarketBids" name="test_submit_bid_invalid_client" time="0.024"><failure message="AssertionError: Should fail for invalid client: {&quot;detail&quot;:&quot;Subscription window is closed&quot;}&#10;assert 400 == 404&#10; +  where 400 = &lt;Response [400]&gt;.status_code">tests/test_fi_primary_market.py:339: in test_submit_bid_invalid_client
    assert response.status_code == 404, f"Should fail for invalid client: {response.text}"
E   AssertionError: Should fail for invalid client: {"detail":"Subscription window is closed"}
E   assert 400 == 404
E    +  where 400 = &lt;Response [400]&gt;.status_code</failure></testcase><testcase classname="tests.test_fi_primary_market.TestIssueStatusWorkflow" name="test_invalid_status_update" time="0.322" /><testcase classname="tests.test_fi_primary_market.TestIssueStatusWorkflow" name="test_status_workflow_draft_to_closed" time="0.076" /><testcase classname="tests.test_fi_primary_market.TestAllotmentProcessing" name="test_allotment_requires_closed_status" time="0.316" /><testcase classname="tests.test_fi_primary_market.TestAllotmentProcessing" name="test_allotment_full_flow" time="0.035"><failure message="AttributeError: 'list' object has no attribute 'get'">tests/test_fi_primary_market.py:501: in test_allotment_full_flow
    if not response.json().get("clients"):
           ^^^^^^^^^^^^^^^^^^^
E   AttributeError: 'list' object has no attribute 'get'</failure></testcase><testcase classname="tests.test_fi_primary_market.TestEdgeCases" name="test_create_issue_invalid_dates" time="0.304" /><testcase classname="tests.test_fi_primary_market.TestEdgeCases" name="test_bid_quantity_validation" time="0.030"><failure message="AttributeError: 'list' object has no attribute 'get'">tests/test_fi_primary_market.py:628: in test_bid_quantity_validation
    if not response.json().get("clients"):
           ^^^^^^^^^^^^^^^^^^^
E   AttributeError: 'list' object has no attribute 'get'</failure></testcase></testsuite></testsuites>