<?xml version="1.0" encoding="utf-8"?><testsuites name="pytest tests"><testsuite name="pytest" errors="0" failures="0" skipped="0" tests="17" time="2.562" timestamp="2026-02-08T07:55:00.076978+00:00" hostname="agent-env-550790a0-1dd3-4ff6-9c7c-64e428f7cfa2"><testcase classname="tests.test_fi_primary_market.TestPrimaryMarketIssues" name="test_list_issues" time="0.478" /><testcase classname="tests.test_fi_primary_market.TestPrimaryMarketIssues" name="test_create_issue" time="0.015" /><testcase classname="tests.test_fi_primary_market.TestPrimaryMarketIssues" name="test_get_issue_by_id" time="0.053" /><testcase classname="tests.test_fi_primary_market.TestPrimaryMarketIssues" name="test_update_issue_status_draft_to_open" time="0.013" /><testcase classname="tests.test_fi_primary_market.TestPrimaryMarketIssues" name="test_get_active_issues" time="0.011" /><testcase classname="tests.test_fi_primary_market.TestPrimaryMarketIssues" name="test_list_issues_with_status_filter" time="0.012" /><testcase classname="tests.test_fi_primary_market.TestPrimaryMarketBids" name="test_list_bids_empty_or_existing" time="0.311" /><testcase classname="tests.test_fi_primary_market.TestPrimaryMarketBids" name="test_submit_bid" time="0.042" /><testcase classname="tests.test_fi_primary_market.TestPrimaryMarketBids" name="test_list_bids_with_issue_filter" time="0.053" /><testcase classname="tests.test_fi_primary_market.TestPrimaryMarketBids" name="test_submit_bid_invalid_issue" time="0.013" /><testcase classname="tests.test_fi_primary_market.TestPrimaryMarketBids" name="test_submit_bid_invalid_client" time="0.012" /><testcase classname="tests.test_fi_primary_market.TestIssueStatusWorkflow" name="test_invalid_status_update" time="0.323" /><testcase classname="tests.test_fi_primary_market.TestIssueStatusWorkflow" name="test_status_workflow_draft_to_closed" time="0.156" /><testcase classname="tests.test_fi_primary_market.TestAllotmentProcessing" name="test_allotment_requires_closed_status" time="0.351" /><testcase classname="tests.test_fi_primary_market.TestAllotmentProcessing" name="test_allotment_full_flow" time="0.201" /><testcase classname="tests.test_fi_primary_market.TestEdgeCases" name="test_create_issue_invalid_dates" time="0.343" /><testcase classname="tests.test_fi_primary_market.TestEdgeCases" name="test_bid_quantity_validation" time="0.083" /></testsuite></testsuites>