<?xml version="1.0" encoding="utf-8"?><testsuites name="pytest tests"><testsuite name="pytest" errors="0" failures="0" skipped="0" tests="19" time="1.599" timestamp="2026-02-08T13:35:24.543800+00:00" hostname="agent-env-237895fa-930c-4e6f-a1e6-bd6983ff4739"><testcase classname="backend.tests.test_fi_yield_curve_analytics.TestYieldCurveAnalytics" name="test_yield_curves_default" time="0.431" /><testcase classname="backend.tests.test_fi_yield_curve_analytics.TestYieldCurveAnalytics" name="test_yield_curves_linear_interpolation" time="0.042" /><testcase classname="backend.tests.test_fi_yield_curve_analytics.TestYieldCurveAnalytics" name="test_yield_curves_cubic_spline_interpolation" time="0.046" /><testcase classname="backend.tests.test_fi_yield_curve_analytics.TestYieldCurveAnalytics" name="test_yield_curves_nelson_siegel_interpolation" time="0.066" /><testcase classname="backend.tests.test_fi_yield_curve_analytics.TestYieldCurveAnalytics" name="test_yield_curves_svensson_interpolation" time="0.228" /><testcase classname="backend.tests.test_fi_yield_curve_analytics.TestYieldCurveAnalytics" name="test_yield_curves_custom_ratings" time="0.042" /><testcase classname="backend.tests.test_fi_yield_curve_analytics.TestYieldCurveAnalytics" name="test_spread_analysis_aaa" time="0.043" /><testcase classname="backend.tests.test_fi_yield_curve_analytics.TestYieldCurveAnalytics" name="test_spread_analysis_aa" time="0.044" /><testcase classname="backend.tests.test_fi_yield_curve_analytics.TestYieldCurveAnalytics" name="test_spread_analysis_a" time="0.047" /><testcase classname="backend.tests.test_fi_yield_curve_analytics.TestYieldCurveAnalytics" name="test_spread_analysis_invalid_rating" time="0.040" /><testcase classname="backend.tests.test_fi_yield_curve_analytics.TestYieldCurveAnalytics" name="test_key_rate_durations_structure" time="0.045" /><testcase classname="backend.tests.test_fi_yield_curve_analytics.TestYieldCurveAnalytics" name="test_chart_data_structure" time="0.072" /><testcase classname="backend.tests.test_fi_yield_curve_analytics.TestYieldCurveAnalytics" name="test_chart_data_series_count" time="0.070" /><testcase classname="backend.tests.test_fi_yield_curve_analytics.TestYieldCurveAnalytics" name="test_efficient_frontier_basic" time="0.052" /><testcase classname="backend.tests.test_fi_yield_curve_analytics.TestYieldCurveAnalytics" name="test_efficient_frontier_with_more_points" time="0.062" /><testcase classname="backend.tests.test_fi_yield_curve_analytics.TestYieldCurveAnalytics" name="test_efficient_frontier_chart_config" time="0.050" /><testcase classname="backend.tests.test_fi_yield_curve_analytics.TestYieldCurveAnalytics" name="test_forward_curve_structure" time="0.043" /><testcase classname="backend.tests.test_fi_yield_curve_analytics.TestYieldCurveAnalytics" name="test_unauthorized_access" time="0.036" /><testcase classname="backend.tests.test_fi_yield_curve_analytics.TestYieldCurveAnalytics" name="test_invalid_token" time="0.038" /></testsuite></testsuites>