<?xml version="1.0" encoding="utf-8"?><testsuites name="pytest tests"><testsuite name="pytest" errors="9" failures="0" skipped="0" tests="19" time="3.889" timestamp="2026-02-08T13:34:17.485871+00:00" hostname="agent-env-237895fa-930c-4e6f-a1e6-bd6983ff4739"><testcase classname="backend.tests.test_fi_yield_curve_analytics.TestYieldCurveAnalytics" name="test_yield_curves_default" time="0.430" /><testcase classname="backend.tests.test_fi_yield_curve_analytics.TestYieldCurveAnalytics" name="test_yield_curves_linear_interpolation" time="0.310" /><testcase classname="backend.tests.test_fi_yield_curve_analytics.TestYieldCurveAnalytics" name="test_yield_curves_cubic_spline_interpolation" time="0.314" /><testcase classname="backend.tests.test_fi_yield_curve_analytics.TestYieldCurveAnalytics" name="test_yield_curves_nelson_siegel_interpolation" time="0.333" /><testcase classname="backend.tests.test_fi_yield_curve_analytics.TestYieldCurveAnalytics" name="test_yield_curves_svensson_interpolation" time="0.495" /><testcase classname="backend.tests.test_fi_yield_curve_analytics.TestYieldCurveAnalytics" name="test_yield_curves_custom_ratings" time="0.306" /><testcase classname="backend.tests.test_fi_yield_curve_analytics.TestYieldCurveAnalytics" name="test_spread_analysis_aaa" time="0.312" /><testcase classname="backend.tests.test_fi_yield_curve_analytics.TestYieldCurveAnalytics" name="test_spread_analysis_aa" time="0.307" /><testcase classname="backend.tests.test_fi_yield_curve_analytics.TestYieldCurveAnalytics" name="test_spread_analysis_a" time="0.310" /><testcase classname="backend.tests.test_fi_yield_curve_analytics.TestYieldCurveAnalytics" name="test_spread_analysis_invalid_rating" time="0.304" /><testcase classname="backend.tests.test_fi_yield_curve_analytics.TestYieldCurveAnalytics" name="test_key_rate_durations_structure" time="0.031"><error message="failed on setup with &quot;AssertionError: Login failed: {&quot;detail&quot;:&quot;Too many requests. Please try again later.&quot;}&#10;assert 429 == 200&#10; +  where 429 = &lt;Response [429]&gt;.status_code&quot;">backend/tests/test_fi_yield_curve_analytics.py:30: in setup
    assert login_response.status_code == 200, f"Login failed: {login_response.text}"
E   AssertionError: Login failed: {"detail":"Too many requests. Please try again later."}
E   assert 429 == 200
E    +  where 429 = &lt;Response [429]&gt;.status_code</error></testcase><testcase classname="backend.tests.test_fi_yield_curve_analytics.TestYieldCurveAnalytics" name="test_chart_data_structure" time="0.035"><error message="failed on setup with &quot;AssertionError: Login failed: {&quot;detail&quot;:&quot;Too many requests. Please try again later.&quot;}&#10;assert 429 == 200&#10; +  where 429 = &lt;Response [429]&gt;.status_code&quot;">backend/tests/test_fi_yield_curve_analytics.py:30: in setup
    assert login_response.status_code == 200, f"Login failed: {login_response.text}"
E   AssertionError: Login failed: {"detail":"Too many requests. Please try again later."}
E   assert 429 == 200
E    +  where 429 = &lt;Response [429]&gt;.status_code</error></testcase><testcase classname="backend.tests.test_fi_yield_curve_analytics.TestYieldCurveAnalytics" name="test_chart_data_series_count" time="0.036"><error message="failed on setup with &quot;AssertionError: Login failed: {&quot;detail&quot;:&quot;Too many requests. Please try again later.&quot;}&#10;assert 429 == 200&#10; +  where 429 = &lt;Response [429]&gt;.status_code&quot;">backend/tests/test_fi_yield_curve_analytics.py:30: in setup
    assert login_response.status_code == 200, f"Login failed: {login_response.text}"
E   AssertionError: Login failed: {"detail":"Too many requests. Please try again later."}
E   assert 429 == 200
E    +  where 429 = &lt;Response [429]&gt;.status_code</error></testcase><testcase classname="backend.tests.test_fi_yield_curve_analytics.TestYieldCurveAnalytics" name="test_efficient_frontier_basic" time="0.032"><error message="failed on setup with &quot;AssertionError: Login failed: {&quot;detail&quot;:&quot;Too many requests. Please try again later.&quot;}&#10;assert 429 == 200&#10; +  where 429 = &lt;Response [429]&gt;.status_code&quot;">backend/tests/test_fi_yield_curve_analytics.py:30: in setup
    assert login_response.status_code == 200, f"Login failed: {login_response.text}"
E   AssertionError: Login failed: {"detail":"Too many requests. Please try again later."}
E   assert 429 == 200
E    +  where 429 = &lt;Response [429]&gt;.status_code</error></testcase><testcase classname="backend.tests.test_fi_yield_curve_analytics.TestYieldCurveAnalytics" name="test_efficient_frontier_with_more_points" time="0.032"><error message="failed on setup with &quot;AssertionError: Login failed: {&quot;detail&quot;:&quot;Too many requests. Please try again later.&quot;}&#10;assert 429 == 200&#10; +  where 429 = &lt;Response [429]&gt;.status_code&quot;">backend/tests/test_fi_yield_curve_analytics.py:30: in setup
    assert login_response.status_code == 200, f"Login failed: {login_response.text}"
E   AssertionError: Login failed: {"detail":"Too many requests. Please try again later."}
E   assert 429 == 200
E    +  where 429 = &lt;Response [429]&gt;.status_code</error></testcase><testcase classname="backend.tests.test_fi_yield_curve_analytics.TestYieldCurveAnalytics" name="test_efficient_frontier_chart_config" time="0.034"><error message="failed on setup with &quot;AssertionError: Login failed: {&quot;detail&quot;:&quot;Too many requests. Please try again later.&quot;}&#10;assert 429 == 200&#10; +  where 429 = &lt;Response [429]&gt;.status_code&quot;">backend/tests/test_fi_yield_curve_analytics.py:30: in setup
    assert login_response.status_code == 200, f"Login failed: {login_response.text}"
E   AssertionError: Login failed: {"detail":"Too many requests. Please try again later."}
E   assert 429 == 200
E    +  where 429 = &lt;Response [429]&gt;.status_code</error></testcase><testcase classname="backend.tests.test_fi_yield_curve_analytics.TestYieldCurveAnalytics" name="test_unauthorized_access" time="0.034"><error message="failed on setup with &quot;AssertionError: Login failed: {&quot;detail&quot;:&quot;Too many requests. Please try again later.&quot;}&#10;assert 429 == 200&#10; +  where 429 = &lt;Response [429]&gt;.status_code&quot;">backend/tests/test_fi_yield_curve_analytics.py:30: in setup
    assert login_response.status_code == 200, f"Login failed: {login_response.text}"
E   AssertionError: Login failed: {"detail":"Too many requests. Please try again later."}
E   assert 429 == 200
E    +  where 429 = &lt;Response [429]&gt;.status_code</error></testcase><testcase classname="backend.tests.test_fi_yield_curve_analytics.TestYieldCurveAnalytics" name="test_invalid_token" time="0.031"><error message="failed on setup with &quot;AssertionError: Login failed: {&quot;detail&quot;:&quot;Too many requests. Please try again later.&quot;}&#10;assert 429 == 200&#10; +  where 429 = &lt;Response [429]&gt;.status_code&quot;">backend/tests/test_fi_yield_curve_analytics.py:30: in setup
    assert login_response.status_code == 200, f"Login failed: {login_response.text}"
E   AssertionError: Login failed: {"detail":"Too many requests. Please try again later."}
E   assert 429 == 200
E    +  where 429 = &lt;Response [429]&gt;.status_code</error></testcase><testcase classname="backend.tests.test_fi_yield_curve_analytics.TestForwardCurveCalculation" name="test_forward_curve_structure" time="0.035"><error message="failed on setup with &quot;assert 429 == 200&#10; +  where 429 = &lt;Response [429]&gt;.status_code&quot;">backend/tests/test_fi_yield_curve_analytics.py:448: in setup
    assert login_response.status_code == 200
E   assert 429 == 200
E    +  where 429 = &lt;Response [429]&gt;.status_code</error></testcase></testsuite></testsuites>