<?xml version="1.0" encoding="utf-8"?><testsuites name="pytest tests"><testsuite name="pytest" errors="0" failures="0" skipped="0" tests="22" time="2.716" timestamp="2026-01-28T10:22:03.363064+00:00" hostname="agent-env-0a1fc0b3-6e8b-4504-8db1-df3b357eeda3"><testcase classname="backend.tests.test_finance_role_vendor_access.TestFinanceRoleAndVendorAccess" name="test_01_pe_desk_login" time="0.302" /><testcase classname="backend.tests.test_finance_role_vendor_access.TestFinanceRoleAndVendorAccess" name="test_02_pe_manager_login" time="0.300" /><testcase classname="backend.tests.test_finance_role_vendor_access.TestFinanceRoleAndVendorAccess" name="test_03_finance_login" time="0.263" /><testcase classname="backend.tests.test_finance_role_vendor_access.TestFinanceRoleAndVendorAccess" name="test_04_finance_can_access_finance_page" time="0.051" /><testcase classname="backend.tests.test_finance_role_vendor_access.TestFinanceRoleAndVendorAccess" name="test_05_finance_can_view_refund_requests" time="0.039" /><testcase classname="backend.tests.test_finance_role_vendor_access.TestFinanceRoleAndVendorAccess" name="test_06_finance_can_view_finance_summary" time="0.035" /><testcase classname="backend.tests.test_finance_role_vendor_access.TestFinanceRoleAndVendorAccess" name="test_07_finance_cannot_access_vendors" time="0.034" /><testcase classname="backend.tests.test_finance_role_vendor_access.TestFinanceRoleAndVendorAccess" name="test_08_finance_can_view_clients" time="0.031" /><testcase classname="backend.tests.test_finance_role_vendor_access.TestFinanceRoleAndVendorAccess" name="test_09_finance_can_view_inventory" time="0.042" /><testcase classname="backend.tests.test_finance_role_vendor_access.TestFinanceRoleAndVendorAccess" name="test_10_finance_can_view_bookings" time="0.034" /><testcase classname="backend.tests.test_finance_role_vendor_access.TestFinanceRoleAndVendorAccess" name="test_11_pe_manager_can_access_vendors" time="0.042" /><testcase classname="backend.tests.test_finance_role_vendor_access.TestFinanceRoleAndVendorAccess" name="test_12_pe_manager_can_create_vendor" time="0.040" /><testcase classname="backend.tests.test_finance_role_vendor_access.TestFinanceRoleAndVendorAccess" name="test_13_pe_manager_can_edit_vendor" time="0.042" /><testcase classname="backend.tests.test_finance_role_vendor_access.TestFinanceRoleAndVendorAccess" name="test_14_pe_manager_cannot_delete_vendor" time="0.034" /><testcase classname="backend.tests.test_finance_role_vendor_access.TestFinanceRoleAndVendorAccess" name="test_15_pe_manager_can_access_finance" time="0.043" /><testcase classname="backend.tests.test_finance_role_vendor_access.TestFinanceRoleAndVendorAccess" name="test_16_pe_manager_can_view_refund_requests" time="0.037" /><testcase classname="backend.tests.test_finance_role_vendor_access.TestFinanceRoleAndVendorAccess" name="test_17_pe_desk_can_delete_vendor" time="0.039" /><testcase classname="backend.tests.test_finance_role_vendor_access.TestFinanceRoleAndVendorAccess" name="test_18_user_management_shows_finance_role" time="0.034" /><testcase classname="backend.tests.test_finance_role_vendor_access.TestFinanceRoleAndVendorAccess" name="test_19_roles_config_includes_finance" time="0.313" /><testcase classname="backend.tests.test_finance_role_vendor_access.TestFinanceRoleNegativeCases" name="test_finance_cannot_create_vendor" time="0.269" /><testcase classname="backend.tests.test_finance_role_vendor_access.TestFinanceRoleNegativeCases" name="test_finance_cannot_access_purchases" time="0.281" /><testcase classname="backend.tests.test_finance_role_vendor_access.TestFinanceRoleNegativeCases" name="test_finance_cannot_manage_users" time="0.308" /></testsuite></testsuites>