<?xml version="1.0" encoding="utf-8"?><testsuites name="pytest tests"><testsuite name="pytest" errors="0" failures="0" skipped="1" tests="20" time="1.532" timestamp="2026-02-07T19:57:18.136119+00:00" hostname="agent-env-550790a0-1dd3-4ff6-9c7c-64e428f7cfa2"><testcase classname="backend.tests.test_fixed_income_module.TestHealthCheck" name="test_health_endpoint" time="0.068" /><testcase classname="backend.tests.test_fixed_income_module.TestFixedIncomeInstruments" name="test_list_instruments_unauthorized" time="0.045" /><testcase classname="backend.tests.test_fixed_income_module.TestFixedIncomeInstruments" name="test_list_instruments" time="0.318" /><testcase classname="backend.tests.test_fixed_income_module.TestFixedIncomeInstruments" name="test_list_instruments_with_filters" time="0.045" /><testcase classname="backend.tests.test_fixed_income_module.TestFixedIncomeInstruments" name="test_create_instrument" time="0.080"><skipped type="pytest.skip" message="Instrument already exists">/app/backend/tests/test_fixed_income_module.py:135: Instrument already exists</skipped></testcase><testcase classname="backend.tests.test_fixed_income_module.TestFixedIncomeInstruments" name="test_get_instrument_by_isin" time="0.096" /><testcase classname="backend.tests.test_fixed_income_module.TestPricingCalculations" name="test_calculate_pricing" time="0.090" /><testcase classname="backend.tests.test_fixed_income_module.TestPricingCalculations" name="test_price_from_yield" time="0.085" /><testcase classname="backend.tests.test_fixed_income_module.TestFixedIncomeOrders" name="test_list_orders_unauthorized" time="0.043" /><testcase classname="backend.tests.test_fixed_income_module.TestFixedIncomeOrders" name="test_list_orders" time="0.042" /><testcase classname="backend.tests.test_fixed_income_module.TestFixedIncomeOrders" name="test_list_orders_with_status_filter" time="0.043" /><testcase classname="backend.tests.test_fixed_income_module.TestFixedIncomeOrders" name="test_create_order_requires_valid_client" time="0.125" /><testcase classname="backend.tests.test_fixed_income_module.TestFixedIncomeReports" name="test_holdings_report_requires_client" time="0.040" /><testcase classname="backend.tests.test_fixed_income_module.TestFixedIncomeReports" name="test_cash_flow_calendar" time="0.087" /><testcase classname="backend.tests.test_fixed_income_module.TestFixedIncomeReports" name="test_maturity_schedule" time="0.042" /><testcase classname="backend.tests.test_fixed_income_module.TestFixedIncomeReports" name="test_portfolio_analytics" time="0.047" /><testcase classname="backend.tests.test_fixed_income_module.TestFixedIncomeReports" name="test_transactions_report" time="0.044" /><testcase classname="backend.tests.test_fixed_income_module.TestMarketDataService" name="test_market_data_refresh" time="0.040" /><testcase classname="backend.tests.test_fixed_income_module.TestMarketDataService" name="test_get_market_quote" time="0.085" /><testcase classname="backend.tests.test_fixed_income_module.TestCleanup" name="test_cleanup_instruments" time="0.000" /></testsuite></testsuites>