<?xml version="1.0" encoding="utf-8"?><testsuites name="pytest tests"><testsuite name="pytest" errors="0" failures="1" skipped="0" tests="20" time="1.809" timestamp="2026-02-07T19:54:32.137933+00:00" hostname="agent-env-550790a0-1dd3-4ff6-9c7c-64e428f7cfa2"><testcase classname="backend.tests.test_fixed_income_module.TestHealthCheck" name="test_health_endpoint" time="0.109" /><testcase classname="backend.tests.test_fixed_income_module.TestFixedIncomeInstruments" name="test_list_instruments_unauthorized" time="0.050" /><testcase classname="backend.tests.test_fixed_income_module.TestFixedIncomeInstruments" name="test_list_instruments" time="0.467" /><testcase classname="backend.tests.test_fixed_income_module.TestFixedIncomeInstruments" name="test_list_instruments_with_filters" time="0.050" /><testcase classname="backend.tests.test_fixed_income_module.TestFixedIncomeInstruments" name="test_create_instrument" time="0.063" /><testcase classname="backend.tests.test_fixed_income_module.TestFixedIncomeInstruments" name="test_get_instrument_by_isin" time="0.092" /><testcase classname="backend.tests.test_fixed_income_module.TestPricingCalculations" name="test_calculate_pricing" time="0.095" /><testcase classname="backend.tests.test_fixed_income_module.TestPricingCalculations" name="test_price_from_yield" time="0.087" /><testcase classname="backend.tests.test_fixed_income_module.TestFixedIncomeOrders" name="test_list_orders_unauthorized" time="0.046" /><testcase classname="backend.tests.test_fixed_income_module.TestFixedIncomeOrders" name="test_list_orders" time="0.048" /><testcase classname="backend.tests.test_fixed_income_module.TestFixedIncomeOrders" name="test_list_orders_with_status_filter" time="0.041" /><testcase classname="backend.tests.test_fixed_income_module.TestFixedIncomeOrders" name="test_create_order_requires_valid_client" time="0.096"><failure message="assert 422 in [404, 400]&#10; +  where 422 = &lt;Response [422]&gt;.status_code">backend/tests/test_fixed_income_module.py:306: in test_create_order_requires_valid_client
    assert response.status_code in [404, 400]
E   assert 422 in [404, 400]
E    +  where 422 = &lt;Response [422]&gt;.status_code</failure></testcase><testcase classname="backend.tests.test_fixed_income_module.TestFixedIncomeReports" name="test_holdings_report_requires_client" time="0.049" /><testcase classname="backend.tests.test_fixed_income_module.TestFixedIncomeReports" name="test_cash_flow_calendar" time="0.082" /><testcase classname="backend.tests.test_fixed_income_module.TestFixedIncomeReports" name="test_maturity_schedule" time="0.041" /><testcase classname="backend.tests.test_fixed_income_module.TestFixedIncomeReports" name="test_portfolio_analytics" time="0.046" /><testcase classname="backend.tests.test_fixed_income_module.TestFixedIncomeReports" name="test_transactions_report" time="0.041" /><testcase classname="backend.tests.test_fixed_income_module.TestMarketDataService" name="test_market_data_refresh" time="0.067" /><testcase classname="backend.tests.test_fixed_income_module.TestMarketDataService" name="test_get_market_quote" time="0.085" /><testcase classname="backend.tests.test_fixed_income_module.TestCleanup" name="test_cleanup_instruments" time="0.043" /></testsuite></testsuites>