<?xml version="1.0" encoding="utf-8"?><testsuites name="pytest tests"><testsuite name="pytest" errors="0" failures="2" skipped="5" tests="20" time="1.753" timestamp="2026-02-07T19:53:23.562200+00:00" hostname="agent-env-550790a0-1dd3-4ff6-9c7c-64e428f7cfa2"><testcase classname="backend.tests.test_fixed_income_module.TestHealthCheck" name="test_health_endpoint" time="0.105" /><testcase classname="backend.tests.test_fixed_income_module.TestFixedIncomeInstruments" name="test_list_instruments_unauthorized" time="0.047" /><testcase classname="backend.tests.test_fixed_income_module.TestFixedIncomeInstruments" name="test_list_instruments" time="0.498" /><testcase classname="backend.tests.test_fixed_income_module.TestFixedIncomeInstruments" name="test_list_instruments_with_filters" time="0.052" /><testcase classname="backend.tests.test_fixed_income_module.TestFixedIncomeInstruments" name="test_create_instrument" time="0.048"><failure message="AssertionError: Create failed: Internal Server Error&#10;assert 520 in [200, 201]&#10; +  where 520 = &lt;Response [520]&gt;.status_code">backend/tests/test_fixed_income_module.py:137: in test_create_instrument
    assert response.status_code in [200, 201], f"Create failed: {response.text}"
E   AssertionError: Create failed: Internal Server Error
E   assert 520 in [200, 201]
E    +  where 520 = &lt;Response [520]&gt;.status_code</failure></testcase><testcase classname="backend.tests.test_fixed_income_module.TestFixedIncomeInstruments" name="test_get_instrument_by_isin" time="0.056"><skipped type="pytest.skip" message="No instruments available for testing">/app/backend/tests/test_fixed_income_module.py:151: No instruments available for testing</skipped></testcase><testcase classname="backend.tests.test_fixed_income_module.TestPricingCalculations" name="test_calculate_pricing" time="0.044"><skipped type="pytest.skip" message="No instruments available for pricing test">/app/backend/tests/test_fixed_income_module.py:178: No instruments available for pricing test</skipped></testcase><testcase classname="backend.tests.test_fixed_income_module.TestPricingCalculations" name="test_price_from_yield" time="0.063"><skipped type="pytest.skip" message="No instruments available for price-from-yield test">/app/backend/tests/test_fixed_income_module.py:219: No instruments available for price-from-yield test</skipped></testcase><testcase classname="backend.tests.test_fixed_income_module.TestFixedIncomeOrders" name="test_list_orders_unauthorized" time="0.053" /><testcase classname="backend.tests.test_fixed_income_module.TestFixedIncomeOrders" name="test_list_orders" time="0.057" /><testcase classname="backend.tests.test_fixed_income_module.TestFixedIncomeOrders" name="test_list_orders_with_status_filter" time="0.054" /><testcase classname="backend.tests.test_fixed_income_module.TestFixedIncomeOrders" name="test_create_order_requires_valid_client" time="0.052"><skipped type="pytest.skip" message="No instruments available">/app/backend/tests/test_fixed_income_module.py:285: No instruments available</skipped></testcase><testcase classname="backend.tests.test_fixed_income_module.TestFixedIncomeReports" name="test_holdings_report_requires_client" time="0.048" /><testcase classname="backend.tests.test_fixed_income_module.TestFixedIncomeReports" name="test_cash_flow_calendar" time="0.062"><failure message="AttributeError: 'list' object has no attribute 'get'">backend/tests/test_fixed_income_module.py:332: in test_cash_flow_calendar
    if client_response.status_code != 200 or not client_response.json().get("clients"):
                                                 ^^^^^^^^^^^^^^^^^^^^^^^^^^
E   AttributeError: 'list' object has no attribute 'get'</failure></testcase><testcase classname="backend.tests.test_fixed_income_module.TestFixedIncomeReports" name="test_maturity_schedule" time="0.050" /><testcase classname="backend.tests.test_fixed_income_module.TestFixedIncomeReports" name="test_portfolio_analytics" time="0.047" /><testcase classname="backend.tests.test_fixed_income_module.TestFixedIncomeReports" name="test_transactions_report" time="0.045" /><testcase classname="backend.tests.test_fixed_income_module.TestMarketDataService" name="test_market_data_refresh" time="0.070" /><testcase classname="backend.tests.test_fixed_income_module.TestMarketDataService" name="test_get_market_quote" time="0.048"><skipped type="pytest.skip" message="No instruments available for quote test">/app/backend/tests/test_fixed_income_module.py:413: No instruments available for quote test</skipped></testcase><testcase classname="backend.tests.test_fixed_income_module.TestCleanup" name="test_cleanup_instruments" time="0.000" /></testsuite></testsuites>