<?xml version="1.0" encoding="utf-8"?><testsuites name="pytest tests"><testsuite name="pytest" errors="0" failures="0" skipped="0" tests="25" time="1.648" timestamp="2026-02-04T19:13:37.120172+00:00" hostname="agent-env-1f8a6781-9362-432f-8010-554b218d13c5"><testcase classname="backend.tests.test_granular_bi_whatsapp_permissions.TestGranularBIPermissionsInRolesAPI" name="test_permissions_api_returns_granular_bi_permissions" time="0.528" /><testcase classname="backend.tests.test_granular_bi_whatsapp_permissions.TestGranularBIPermissionsInRolesAPI" name="test_permissions_api_returns_granular_whatsapp_permissions" time="0.042" /><testcase classname="backend.tests.test_granular_bi_whatsapp_permissions.TestBIReportsConfigWithPermissions" name="test_bi_config_returns_report_types_based_on_permissions" time="0.039" /><testcase classname="backend.tests.test_granular_bi_whatsapp_permissions.TestBIReportsConfigWithPermissions" name="test_bi_config_returns_export_and_save_template_flags" time="0.040" /><testcase classname="backend.tests.test_granular_bi_whatsapp_permissions.TestBIReportGeneratePermissionChecks" name="test_generate_bookings_report_requires_bi_bookings_permission" time="0.036" /><testcase classname="backend.tests.test_granular_bi_whatsapp_permissions.TestBIReportGeneratePermissionChecks" name="test_generate_clients_report_requires_bi_clients_permission" time="0.034" /><testcase classname="backend.tests.test_granular_bi_whatsapp_permissions.TestBIReportGeneratePermissionChecks" name="test_generate_revenue_report_requires_bi_revenue_permission" time="0.046" /><testcase classname="backend.tests.test_granular_bi_whatsapp_permissions.TestBIReportGeneratePermissionChecks" name="test_generate_inventory_report_requires_bi_inventory_permission" time="0.037" /><testcase classname="backend.tests.test_granular_bi_whatsapp_permissions.TestBIReportGeneratePermissionChecks" name="test_generate_payments_report_requires_bi_payments_permission" time="0.038" /><testcase classname="backend.tests.test_granular_bi_whatsapp_permissions.TestBIReportGeneratePermissionChecks" name="test_generate_pnl_report_requires_bi_pnl_permission" time="0.041" /><testcase classname="backend.tests.test_granular_bi_whatsapp_permissions.TestBIExportPermissionCheck" name="test_export_requires_bi_export_permission" time="0.054" /><testcase classname="backend.tests.test_granular_bi_whatsapp_permissions.TestWhatsAppPermissionChecks" name="test_whatsapp_config_requires_whatsapp_view_permission" time="0.034" /><testcase classname="backend.tests.test_granular_bi_whatsapp_permissions.TestWhatsAppPermissionChecks" name="test_whatsapp_qr_requires_whatsapp_connect_permission" time="0.062" /><testcase classname="backend.tests.test_granular_bi_whatsapp_permissions.TestWhatsAppPermissionChecks" name="test_whatsapp_templates_requires_whatsapp_templates_permission" time="0.039" /><testcase classname="backend.tests.test_granular_bi_whatsapp_permissions.TestWhatsAppPermissionChecks" name="test_whatsapp_send_requires_whatsapp_send_permission" time="0.037" /><testcase classname="backend.tests.test_granular_bi_whatsapp_permissions.TestWhatsAppPermissionChecks" name="test_whatsapp_history_requires_whatsapp_history_permission" time="0.038" /><testcase classname="backend.tests.test_granular_bi_whatsapp_permissions.TestPermissionServiceIntegration" name="test_permission_service_has_granular_bi_permissions" time="0.041" /><testcase classname="backend.tests.test_granular_bi_whatsapp_permissions.TestUnauthorizedAccess" name="test_bi_config_rejects_no_auth" time="0.038" /><testcase classname="backend.tests.test_granular_bi_whatsapp_permissions.TestUnauthorizedAccess" name="test_bi_generate_rejects_no_auth" time="0.039" /><testcase classname="backend.tests.test_granular_bi_whatsapp_permissions.TestUnauthorizedAccess" name="test_bi_export_rejects_no_auth" time="0.077" /><testcase classname="backend.tests.test_granular_bi_whatsapp_permissions.TestUnauthorizedAccess" name="test_whatsapp_config_rejects_no_auth" time="0.034" /><testcase classname="backend.tests.test_granular_bi_whatsapp_permissions.TestUnauthorizedAccess" name="test_whatsapp_qr_rejects_no_auth" time="0.072" /><testcase classname="backend.tests.test_granular_bi_whatsapp_permissions.TestUnauthorizedAccess" name="test_whatsapp_templates_rejects_no_auth" time="0.043" /><testcase classname="backend.tests.test_granular_bi_whatsapp_permissions.TestUnauthorizedAccess" name="test_whatsapp_send_rejects_no_auth" time="0.040" /><testcase classname="backend.tests.test_granular_bi_whatsapp_permissions.TestUnauthorizedAccess" name="test_whatsapp_messages_rejects_no_auth" time="0.036" /></testsuite></testsuites>