<?xml version="1.0" encoding="utf-8"?><testsuites name="pytest tests"><testsuite name="pytest" errors="0" failures="1" skipped="6" tests="16" time="6.114" timestamp="2026-02-02T09:33:23.100134+00:00" hostname="agent-env-a15f39b3-22ef-400c-bc1f-6f1f5a8f1a9c"><testcase classname="backend.tests.test_hierarchy_feature.TestHierarchyFeature" name="test_hierarchy_levels_endpoint" time="0.634" /><testcase classname="backend.tests.test_hierarchy_feature.TestHierarchyFeature" name="test_create_user_with_hierarchy_level" time="0.629" /><testcase classname="backend.tests.test_hierarchy_feature.TestHierarchyFeature" name="test_create_user_with_reports_to" time="0.885" /><testcase classname="backend.tests.test_hierarchy_feature.TestHierarchyFeature" name="test_get_user_hierarchy" time="0.292" /><testcase classname="backend.tests.test_hierarchy_feature.TestHierarchyFeature" name="test_get_potential_managers" time="0.303"><failure message="AssertionError: Potential manager should have hierarchy_level &gt; 1 or PE role: {'id': '49202979-3285-436f-a37a-e8a1d6b1962e', 'name': 'PE Desk Super Admin', 'email': 'pedesk@smifs.com', 'hierarchy_level': 1, 'hierarchy_level_name': 'Employee'}&#10;assert (1 &gt; 1 or 6 in [1, 2])">backend/tests/test_hierarchy_feature.py:193: in test_get_potential_managers
    assert hierarchy_level &gt; 1 or role in [1, 2], f"Potential manager should have hierarchy_level &gt; 1 or PE role: {manager}"
E   AssertionError: Potential manager should have hierarchy_level &gt; 1 or PE role: {'id': '49202979-3285-436f-a37a-e8a1d6b1962e', 'name': 'PE Desk Super Admin', 'email': 'pedesk@smifs.com', 'hierarchy_level': 1, 'hierarchy_level_name': 'Employee'}
E   assert (1 &gt; 1 or 6 in [1, 2])</failure></testcase><testcase classname="backend.tests.test_hierarchy_feature.TestHierarchyFeature" name="test_update_user_hierarchy" time="0.634" /><testcase classname="backend.tests.test_hierarchy_feature.TestHierarchyFeature" name="test_get_team_subordinates" time="0.283" /><testcase classname="backend.tests.test_hierarchy_feature.TestHierarchyFeature" name="test_get_direct_reports" time="0.318" /><testcase classname="backend.tests.test_hierarchy_feature.TestHierarchyFeature" name="test_assign_manager" time="0.843" /><testcase classname="backend.tests.test_hierarchy_feature.TestHierarchyFeature" name="test_get_user_subordinates" time="0.887" /><testcase classname="backend.tests.test_hierarchy_feature.TestHierarchyDataVisibility" name="test_pe_desk_sees_all_clients" time="0.059"><skipped type="pytest.skip" message="PE Desk login failed: 429">/app/backend/tests/test_hierarchy_feature.py:396: PE Desk login failed: 429</skipped></testcase><testcase classname="backend.tests.test_hierarchy_feature.TestHierarchyDataVisibility" name="test_pe_desk_sees_all_bookings" time="0.039"><skipped type="pytest.skip" message="PE Desk login failed: 429">/app/backend/tests/test_hierarchy_feature.py:408: PE Desk login failed: 429</skipped></testcase><testcase classname="backend.tests.test_hierarchy_feature.TestHierarchyDataVisibility" name="test_client_employee_mapping" time="0.037"><skipped type="pytest.skip" message="PE Desk login failed: 429">/app/backend/tests/test_hierarchy_feature.py:420: PE Desk login failed: 429</skipped></testcase><testcase classname="backend.tests.test_hierarchy_feature.TestHierarchyEditRestrictions" name="test_pe_desk_can_edit_any_user" time="0.042"><skipped type="pytest.skip" message="PE Desk login failed: 429">/app/backend/tests/test_hierarchy_feature.py:501: PE Desk login failed: 429</skipped></testcase><testcase classname="backend.tests.test_hierarchy_feature.TestHierarchyEditRestrictions" name="test_circular_reference_prevention" time="0.043"><skipped type="pytest.skip" message="PE Desk login failed: 429">/app/backend/tests/test_hierarchy_feature.py:531: PE Desk login failed: 429</skipped></testcase><testcase classname="backend.tests.test_hierarchy_feature.TestHierarchyServiceFunctions" name="test_multi_level_hierarchy_chain" time="0.036"><skipped type="pytest.skip" message="PE Desk login failed: 429">/app/backend/tests/test_hierarchy_feature.py:630: PE Desk login failed: 429</skipped></testcase></testsuite></testsuites>