<?xml version="1.0" encoding="utf-8"?><testsuites name="pytest tests"><testsuite name="pytest" errors="0" failures="0" skipped="7" tests="16" time="4.444" timestamp="2026-02-02T09:36:08.584448+00:00" hostname="agent-env-a15f39b3-22ef-400c-bc1f-6f1f5a8f1a9c"><testcase classname="backend.tests.test_hierarchy_feature.TestHierarchyFeature" name="test_hierarchy_levels_endpoint" time="0.334" /><testcase classname="backend.tests.test_hierarchy_feature.TestHierarchyFeature" name="test_create_user_with_hierarchy_level" time="0.517" /><testcase classname="backend.tests.test_hierarchy_feature.TestHierarchyFeature" name="test_create_user_with_reports_to" time="0.768" /><testcase classname="backend.tests.test_hierarchy_feature.TestHierarchyFeature" name="test_get_user_hierarchy" time="0.277" /><testcase classname="backend.tests.test_hierarchy_feature.TestHierarchyFeature" name="test_get_potential_managers" time="0.281" /><testcase classname="backend.tests.test_hierarchy_feature.TestHierarchyFeature" name="test_update_user_hierarchy" time="0.533" /><testcase classname="backend.tests.test_hierarchy_feature.TestHierarchyFeature" name="test_get_team_subordinates" time="0.277" /><testcase classname="backend.tests.test_hierarchy_feature.TestHierarchyFeature" name="test_get_direct_reports" time="0.339" /><testcase classname="backend.tests.test_hierarchy_feature.TestHierarchyFeature" name="test_assign_manager" time="0.807" /><testcase classname="backend.tests.test_hierarchy_feature.TestHierarchyFeature" name="test_get_user_subordinates" time="0.037"><skipped type="pytest.skip" message="PE Desk login failed: 429">/app/backend/tests/test_hierarchy_feature.py:308: PE Desk login failed: 429</skipped></testcase><testcase classname="backend.tests.test_hierarchy_feature.TestHierarchyDataVisibility" name="test_pe_desk_sees_all_clients" time="0.036"><skipped type="pytest.skip" message="PE Desk login failed: 429">/app/backend/tests/test_hierarchy_feature.py:397: PE Desk login failed: 429</skipped></testcase><testcase classname="backend.tests.test_hierarchy_feature.TestHierarchyDataVisibility" name="test_pe_desk_sees_all_bookings" time="0.038"><skipped type="pytest.skip" message="PE Desk login failed: 429">/app/backend/tests/test_hierarchy_feature.py:409: PE Desk login failed: 429</skipped></testcase><testcase classname="backend.tests.test_hierarchy_feature.TestHierarchyDataVisibility" name="test_client_employee_mapping" time="0.036"><skipped type="pytest.skip" message="PE Desk login failed: 429">/app/backend/tests/test_hierarchy_feature.py:421: PE Desk login failed: 429</skipped></testcase><testcase classname="backend.tests.test_hierarchy_feature.TestHierarchyEditRestrictions" name="test_pe_desk_can_edit_any_user" time="0.034"><skipped type="pytest.skip" message="PE Desk login failed: 429">/app/backend/tests/test_hierarchy_feature.py:502: PE Desk login failed: 429</skipped></testcase><testcase classname="backend.tests.test_hierarchy_feature.TestHierarchyEditRestrictions" name="test_circular_reference_prevention" time="0.036"><skipped type="pytest.skip" message="PE Desk login failed: 429">/app/backend/tests/test_hierarchy_feature.py:532: PE Desk login failed: 429</skipped></testcase><testcase classname="backend.tests.test_hierarchy_feature.TestHierarchyServiceFunctions" name="test_multi_level_hierarchy_chain" time="0.036"><skipped type="pytest.skip" message="PE Desk login failed: 429">/app/backend/tests/test_hierarchy_feature.py:641: PE Desk login failed: 429</skipped></testcase></testsuite></testsuites>