<?xml version="1.0" encoding="utf-8"?><testsuites name="pytest tests"><testsuite name="pytest" errors="0" failures="0" skipped="0" tests="10" time="5.874" timestamp="2026-01-24T22:46:04.604436+00:00" hostname="agent-env-b7142e4a-3781-4115-b0a0-f7924a3d8272"><testcase classname="backend.tests.test_inventory_blocking.TestInventoryBlocking" name="test_01_inventory_has_blocked_quantity_field" time="0.346" /><testcase classname="backend.tests.test_inventory_blocking.TestInventoryBlocking" name="test_02_create_test_data" time="0.484" /><testcase classname="backend.tests.test_inventory_blocking.TestInventoryBlocking" name="test_03_booking_approval_blocks_inventory" time="0.736" /><testcase classname="backend.tests.test_inventory_blocking.TestInventoryBlocking" name="test_04_void_booking_releases_inventory" time="0.727" /><testcase classname="backend.tests.test_inventory_blocking.TestInventoryBlocking" name="test_05_delete_booking_releases_inventory" time="0.652" /><testcase classname="backend.tests.test_inventory_blocking.TestInventoryBlocking" name="test_06_cannot_void_transferred_booking" time="0.815" /><testcase classname="backend.tests.test_inventory_blocking.TestInventoryBlocking" name="test_07_void_requires_reason" time="0.587" /><testcase classname="backend.tests.test_inventory_blocking.TestInventoryBlocking" name="test_08_transfer_decreases_blocked_quantity" time="0.893" /><testcase classname="backend.tests.test_inventory_blocking.TestInventoryBlockingEdgeCases" name="test_cannot_void_already_voided_booking" time="0.293" /><testcase classname="backend.tests.test_inventory_blocking.TestInventoryBlockingEdgeCases" name="test_inventory_weighted_avg_excludes_blocked" time="0.289" /></testsuite></testsuites>