<?xml version="1.0" encoding="utf-8"?><testsuites name="pytest tests"><testsuite name="pytest" errors="0" failures="1" skipped="0" tests="27" time="8.191" timestamp="2026-02-08T13:24:02.356784+00:00" hostname="agent-env-237895fa-930c-4e6f-a1e6-bd6983ff4739"><testcase classname="backend.tests.test_license_admin_hidden.TestLicenseAdminLogin" name="test_license_admin_can_login" time="0.283" /><testcase classname="backend.tests.test_license_admin_hidden.TestLicenseAdminLogin" name="test_license_admin_verify_endpoint" time="0.806" /><testcase classname="backend.tests.test_license_admin_hidden.TestLicenseAdminHiddenFromUserLists" name="test_license_admin_hidden_from_users_endpoint" time="0.842" /><testcase classname="backend.tests.test_license_admin_hidden.TestLicenseAdminHiddenFromUserLists" name="test_license_admin_hidden_from_employees_endpoint" time="0.040" /><testcase classname="backend.tests.test_license_admin_hidden.TestLicenseAdminHiddenFromUserLists" name="test_license_admin_hidden_from_hierarchy_endpoint" time="0.038" /><testcase classname="backend.tests.test_license_admin_hidden.TestLicenseAdminHiddenFromUserLists" name="test_license_admin_hidden_from_managers_list_endpoint" time="0.037" /><testcase classname="backend.tests.test_license_admin_hidden.TestLicenseAdminHiddenFromUserLists" name="test_license_admin_hidden_from_user_subordinates_endpoint" time="0.048" /><testcase classname="backend.tests.test_license_admin_hidden.TestLicenseAdminHiddenFromUserLists" name="test_license_admin_hidden_from_potential_managers" time="0.037" /><testcase classname="backend.tests.test_license_admin_hidden.TestLicenseAdminHiddenFromUserLists" name="test_license_admin_hidden_from_subordinates" time="0.040" /><testcase classname="backend.tests.test_license_admin_hidden.TestLicenseAdminHiddenFromUserLists" name="test_license_admin_hidden_from_direct_reports" time="0.037" /><testcase classname="backend.tests.test_license_admin_hidden.TestPEUserCannotSeeLicenseAdmin" name="test_pe_user_cannot_see_license_admin_in_users" time="0.035" /><testcase classname="backend.tests.test_license_admin_hidden.TestPEUserCannotSeeLicenseAdmin" name="test_pe_user_cannot_search_for_license_admin" time="0.041" /><testcase classname="backend.tests.test_license_admin_hidden.TestLicenseStatusChecks" name="test_license_check_status_returns_is_licensed" time="0.039" /><testcase classname="backend.tests.test_license_admin_hidden.TestLicenseStatusChecks" name="test_license_check_feature_returns_correctly" time="0.037" /><testcase classname="backend.tests.test_license_admin_hidden.TestLicenseStatusChecks" name="test_license_admin_status_shows_expiry" time="0.038" /><testcase classname="backend.tests.test_license_admin_hidden.TestLicenseAdminAccessControl" name="test_pe_user_cannot_access_license_status" time="0.040" /><testcase classname="backend.tests.test_license_admin_hidden.TestLicenseAdminAccessControl" name="test_pe_user_cannot_access_license_definitions" time="0.038" /><testcase classname="backend.tests.test_license_admin_hidden.TestLicenseAdminAccessControl" name="test_pe_user_cannot_generate_license" time="0.081" /><testcase classname="backend.tests.test_license_admin_hidden.TestLicenseAdminAccessControl" name="test_pe_user_cannot_access_all_licenses" time="0.041" /><testcase classname="backend.tests.test_license_admin_hidden.TestLicenseAdminAccessControl" name="test_license_admin_can_access_license_status" time="0.038" /><testcase classname="backend.tests.test_license_admin_hidden.TestLicenseAdminAccessControl" name="test_license_admin_can_access_definitions" time="0.037" /><testcase classname="backend.tests.test_license_admin_hidden.TestPEUserNotLicenseAdmin" name="test_pe_user_verify_admin_returns_false" time="0.035" /><testcase classname="backend.tests.test_license_admin_hidden.TestLicenseEnforcement" name="test_smifs_employee_exempt_from_license_checks" time="0.040" /><testcase classname="backend.tests.test_license_admin_hidden.TestLicenseAdminNoAuditLogs" name="test_license_admin_login_no_audit_log_created" time="2.318" /><testcase classname="backend.tests.test_license_admin_hidden.TestLicenseAdminNoSecurityAlerts" name="test_license_admin_login_returns_success_without_security_flags" time="0.275" /><testcase classname="backend.tests.test_license_admin_hidden.TestLicenseAdminNoSecurityAlerts" name="test_license_admin_login_multiple_times_no_lockout" time="2.227" /><testcase classname="backend.tests.test_license_admin_hidden.TestLicenseAdminNoSecurityAlerts" name="test_license_admin_hidden_flag_in_user_doc" time="0.534"><failure message="AssertionError: Failed to get license admin token&#10;assert None">backend/tests/test_license_admin_hidden.py:773: in test_license_admin_hidden_flag_in_user_doc
    assert token, "Failed to get license admin token"
E   AssertionError: Failed to get license admin token
E   assert None</failure></testcase></testsuite></testsuites>