<?xml version="1.0" encoding="utf-8"?><testsuites name="pytest tests"><testsuite name="pytest" errors="0" failures="0" skipped="0" tests="18" time="2.678" timestamp="2026-02-08T10:13:29.951411+00:00" hostname="agent-env-596dc16c-0a2e-4d50-93e8-1df630dd8bfd"><testcase classname="backend.tests.test_license_management_v2.TestLicenseAdminAuth" name="test_license_admin_login_success" time="0.986" /><testcase classname="backend.tests.test_license_management_v2.TestLicenseAdminAuth" name="test_license_admin_verify_endpoint" time="0.046" /><testcase classname="backend.tests.test_license_management_v2.TestLicenseAdminAuth" name="test_pe_desk_is_not_license_admin" time="0.820" /><testcase classname="backend.tests.test_license_management_v2.TestLicenseAdminHiddenFromUserList" name="test_license_admin_not_in_user_list" time="0.039" /><testcase classname="backend.tests.test_license_management_v2.TestLicenseAdminHiddenFromUserList" name="test_license_admin_visible_in_employees_list_bug" time="0.044" /><testcase classname="backend.tests.test_license_management_v2.TestLicenseDefinitions" name="test_get_license_definitions" time="0.047" /><testcase classname="backend.tests.test_license_management_v2.TestLicenseDefinitions" name="test_pe_desk_cannot_access_definitions" time="0.080" /><testcase classname="backend.tests.test_license_management_v2.TestLicenseGeneration" name="test_generate_pe_license" time="0.046" /><testcase classname="backend.tests.test_license_management_v2.TestLicenseGeneration" name="test_generate_fi_license" time="0.049" /><testcase classname="backend.tests.test_license_management_v2.TestLicenseGeneration" name="test_pe_desk_cannot_generate_license" time="0.045" /><testcase classname="backend.tests.test_license_management_v2.TestLicenseActivation" name="test_activate_license" time="0.061" /><testcase classname="backend.tests.test_license_management_v2.TestLicenseActivation" name="test_activate_invalid_license" time="0.040" /><testcase classname="backend.tests.test_license_management_v2.TestLicenseStatus" name="test_get_license_status" time="0.041" /><testcase classname="backend.tests.test_license_management_v2.TestLicenseStatus" name="test_pe_desk_cannot_access_status" time="0.047" /><testcase classname="backend.tests.test_license_management_v2.TestLicenseAllList" name="test_get_all_licenses" time="0.048" /><testcase classname="backend.tests.test_license_management_v2.TestLicenseAllList" name="test_pe_desk_cannot_list_all_licenses" time="0.042" /><testcase classname="backend.tests.test_license_management_v2.TestLicenseCheckEndpoints" name="test_check_app_license_status_as_pe_desk" time="0.049" /><testcase classname="backend.tests.test_license_management_v2.TestLicenseCheckEndpoints" name="test_check_feature_license" time="0.050" /></testsuite></testsuites>