<?xml version="1.0" encoding="utf-8"?><testsuites name="pytest tests"><testsuite name="pytest" errors="0" failures="0" skipped="0" tests="21" time="3.297" timestamp="2026-02-08T11:06:59.037930+00:00" hostname="agent-env-596dc16c-0a2e-4d50-93e8-1df630dd8bfd"><testcase classname="backend.tests.test_license_enforcement_fi_dashboard.TestSMIFSExemption" name="test_smifs_employee_can_access_bookings" time="0.542" /><testcase classname="backend.tests.test_license_enforcement_fi_dashboard.TestSMIFSExemption" name="test_smifs_employee_can_access_fi_instruments" time="0.047" /><testcase classname="backend.tests.test_license_enforcement_fi_dashboard.TestSMIFSExemption" name="test_smifs_employee_can_access_fi_dashboard" time="0.038" /><testcase classname="backend.tests.test_license_enforcement_fi_dashboard.TestLicenseAdminAccess" name="test_license_admin_can_verify_admin" time="0.314" /><testcase classname="backend.tests.test_license_enforcement_fi_dashboard.TestLicenseAdminAccess" name="test_license_admin_exempt_from_license_checks" time="0.043" /><testcase classname="backend.tests.test_license_enforcement_fi_dashboard.TestLicenseAdminAccess" name="test_license_admin_access_license_definitions" time="0.044" /><testcase classname="backend.tests.test_license_enforcement_fi_dashboard.TestFIDashboardAPI" name="test_fi_dashboard_returns_summary_metrics" time="0.365" /><testcase classname="backend.tests.test_license_enforcement_fi_dashboard.TestFIDashboardAPI" name="test_fi_dashboard_returns_holdings_by_type" time="0.041" /><testcase classname="backend.tests.test_license_enforcement_fi_dashboard.TestFIDashboardAPI" name="test_fi_dashboard_returns_holdings_by_rating" time="0.047" /><testcase classname="backend.tests.test_license_enforcement_fi_dashboard.TestFIDashboardAPI" name="test_fi_dashboard_returns_upcoming_maturities" time="0.050" /><testcase classname="backend.tests.test_license_enforcement_fi_dashboard.TestFIDashboardAPI" name="test_fi_dashboard_returns_upcoming_coupons" time="0.048" /><testcase classname="backend.tests.test_license_enforcement_fi_dashboard.TestFIDashboardAPI" name="test_fi_dashboard_returns_recent_orders" time="0.043" /><testcase classname="backend.tests.test_license_enforcement_fi_dashboard.TestClientModuleSegregation" name="test_clients_by_module_pe_endpoint_exists" time="0.335" /><testcase classname="backend.tests.test_license_enforcement_fi_dashboard.TestClientModuleSegregation" name="test_clients_by_module_fi_endpoint_exists" time="0.041" /><testcase classname="backend.tests.test_license_enforcement_fi_dashboard.TestClientModuleSegregation" name="test_clients_by_module_invalid_module_returns_400" time="0.038" /><testcase classname="backend.tests.test_license_enforcement_fi_dashboard.TestClientModuleSegregation" name="test_clients_by_module_with_search" time="0.049" /><testcase classname="backend.tests.test_license_enforcement_fi_dashboard.TestLicenseCheckEndpoints" name="test_licence_check_status_endpoint" time="0.343" /><testcase classname="backend.tests.test_license_enforcement_fi_dashboard.TestLicenseCheckEndpoints" name="test_licence_check_feature_bookings" time="0.044" /><testcase classname="backend.tests.test_license_enforcement_fi_dashboard.TestLicenseCheckEndpoints" name="test_licence_check_feature_fi_instruments" time="0.040" /><testcase classname="backend.tests.test_license_enforcement_fi_dashboard.TestBookingsLicenseEnforcement" name="test_get_bookings_with_smifs_user" time="0.371" /><testcase classname="backend.tests.test_license_enforcement_fi_dashboard.TestFIInstrumentsLicenseEnforcement" name="test_get_fi_instruments_with_smifs_user" time="0.311" /></testsuite></testsuites>