<?xml version="1.0" encoding="utf-8"?><testsuites name="pytest tests"><testsuite name="pytest" errors="0" failures="0" skipped="0" tests="10" time="2.896" timestamp="2026-02-08T13:59:08.361159+00:00" hostname="agent-env-237895fa-930c-4e6f-a1e6-bd6983ff4739"><testcase classname="backend.tests.test_license_admin_login.TestLicenseAdminLogin" name="test_license_admin_login_returns_is_license_admin_true" time="0.299" /><testcase classname="backend.tests.test_license_admin_login.TestLicenseAdminLogin" name="test_license_admin_login_returns_mobile_required_false" time="0.259" /><testcase classname="backend.tests.test_license_admin_login.TestLicenseAdminLogin" name="test_license_admin_role_is_zero" time="0.260" /><testcase classname="backend.tests.test_license_admin_login.TestLicenseAdminLogin" name="test_license_admin_returns_valid_token" time="0.262" /><testcase classname="backend.tests.test_license_admin_login.TestPEUserLogin" name="test_pe_user_login_returns_no_license_admin_flag" time="0.332" /><testcase classname="backend.tests.test_license_admin_login.TestPEUserLogin" name="test_pe_user_login_role_is_one" time="0.267" /><testcase classname="backend.tests.test_license_admin_login.TestPEUserLogin" name="test_pe_user_login_mobile_required_false" time="0.266" /><testcase classname="backend.tests.test_license_admin_login.TestLicenseAdminAuthentication" name="test_license_admin_can_access_me_endpoint" time="0.340" /><testcase classname="backend.tests.test_license_admin_login.TestLicenseAdminAuthentication" name="test_license_admin_can_access_license_endpoint" time="0.296" /><testcase classname="backend.tests.test_license_admin_login.TestLoginResponseStructure" name="test_license_admin_response_structure" time="0.263" /></testsuite></testsuites>