<?xml version="1.0" encoding="utf-8"?><testsuites name="pytest tests"><testsuite name="pytest" errors="0" failures="1" skipped="2" tests="10" time="2.111" timestamp="2026-02-08T13:58:54.939579+00:00" hostname="agent-env-237895fa-930c-4e6f-a1e6-bd6983ff4739"><testcase classname="backend.tests.test_license_admin_login.TestLicenseAdminLogin" name="test_license_admin_login_returns_is_license_admin_true" time="0.298" /><testcase classname="backend.tests.test_license_admin_login.TestLicenseAdminLogin" name="test_license_admin_login_returns_mobile_required_false" time="0.266" /><testcase classname="backend.tests.test_license_admin_login.TestLicenseAdminLogin" name="test_license_admin_role_is_zero" time="0.259" /><testcase classname="backend.tests.test_license_admin_login.TestLicenseAdminLogin" name="test_license_admin_returns_valid_token" time="0.264" /><testcase classname="backend.tests.test_license_admin_login.TestPEUserLogin" name="test_pe_user_login_returns_no_license_admin_flag" time="0.274" /><testcase classname="backend.tests.test_license_admin_login.TestPEUserLogin" name="test_pe_user_login_role_is_one" time="0.265" /><testcase classname="backend.tests.test_license_admin_login.TestPEUserLogin" name="test_pe_user_login_mobile_required_false" time="0.267" /><testcase classname="backend.tests.test_license_admin_login.TestLicenseAdminAuthentication" name="test_license_admin_can_access_me_endpoint" time="0.073"><skipped type="pytest.skip" message="Failed to login as license admin">/app/backend/tests/test_license_admin_login.py:150: Failed to login as license admin</skipped></testcase><testcase classname="backend.tests.test_license_admin_login.TestLicenseAdminAuthentication" name="test_license_admin_can_access_license_endpoint" time="0.039"><skipped type="pytest.skip" message="Failed to login as license admin">/app/backend/tests/test_license_admin_login.py:162: Failed to login as license admin</skipped></testcase><testcase classname="backend.tests.test_license_admin_login.TestLoginResponseStructure" name="test_license_admin_response_structure" time="0.038"><failure message="AssertionError: Login failed: {&quot;detail&quot;:&quot;Too many requests. Please try again later.&quot;}&#10;assert 429 == 200&#10; +  where 429 = &lt;Response [429]&gt;.status_code">backend/tests/test_license_admin_login.py:184: in test_license_admin_response_structure
    assert response.status_code == 200, f"Login failed: {response.text}"
E   AssertionError: Login failed: {"detail":"Too many requests. Please try again later."}
E   assert 429 == 200
E    +  where 429 = &lt;Response [429]&gt;.status_code</failure></testcase></testsuite></testsuites>