<?xml version="1.0" encoding="utf-8"?><testsuites name="pytest tests"><testsuite name="pytest" errors="0" failures="5" skipped="0" tests="21" time="3.377" timestamp="2026-02-08T11:06:04.769237+00:00" hostname="agent-env-596dc16c-0a2e-4d50-93e8-1df630dd8bfd"><testcase classname="backend.tests.test_license_enforcement_fi_dashboard.TestSMIFSExemption" name="test_smifs_employee_can_access_bookings" time="0.575" /><testcase classname="backend.tests.test_license_enforcement_fi_dashboard.TestSMIFSExemption" name="test_smifs_employee_can_access_fi_instruments" time="0.054" /><testcase classname="backend.tests.test_license_enforcement_fi_dashboard.TestSMIFSExemption" name="test_smifs_employee_can_access_fi_dashboard" time="0.047" /><testcase classname="backend.tests.test_license_enforcement_fi_dashboard.TestLicenseAdminAccess" name="test_license_admin_can_access_bookings" time="0.310"><failure message="AssertionError: Expected 200 but got 403: {&quot;detail&quot;:&quot;Permission denied. Unknown role does not have permission to view bookings.&quot;}&#10;assert 403 == 200&#10; +  where 403 = &lt;Response [403]&gt;.status_code">backend/tests/test_license_enforcement_fi_dashboard.py:102: in test_license_admin_can_access_bookings
    assert response.status_code == 200, f"Expected 200 but got {response.status_code}: {response.text}"
E   AssertionError: Expected 200 but got 403: {"detail":"Permission denied. Unknown role does not have permission to view bookings."}
E   assert 403 == 200
E    +  where 403 = &lt;Response [403]&gt;.status_code</failure></testcase><testcase classname="backend.tests.test_license_enforcement_fi_dashboard.TestLicenseAdminAccess" name="test_license_admin_can_access_fi_instruments" time="0.054"><failure message="AssertionError: Expected 200 but got 403: {&quot;detail&quot;:&quot;Permission denied. Unknown role does not have permission to view fixed income instruments.&quot;}&#10;assert 403 == 200&#10; +  where 403 = &lt;Response [403]&gt;.status_code">backend/tests/test_license_enforcement_fi_dashboard.py:114: in test_license_admin_can_access_fi_instruments
    assert response.status_code == 200, f"Expected 200 but got {response.status_code}: {response.text}"
E   AssertionError: Expected 200 but got 403: {"detail":"Permission denied. Unknown role does not have permission to view fixed income instruments."}
E   assert 403 == 200
E    +  where 403 = &lt;Response [403]&gt;.status_code</failure></testcase><testcase classname="backend.tests.test_license_enforcement_fi_dashboard.TestLicenseAdminAccess" name="test_license_admin_can_access_fi_dashboard" time="0.058"><failure message="AssertionError: Expected 200 but got 403: {&quot;detail&quot;:&quot;Permission denied. Unknown role does not have permission to view FI dashboard.&quot;}&#10;assert 403 == 200&#10; +  where 403 = &lt;Response [403]&gt;.status_code">backend/tests/test_license_enforcement_fi_dashboard.py:126: in test_license_admin_can_access_fi_dashboard
    assert response.status_code == 200, f"Expected 200 but got {response.status_code}: {response.text}"
E   AssertionError: Expected 200 but got 403: {"detail":"Permission denied. Unknown role does not have permission to view FI dashboard."}
E   assert 403 == 200
E    +  where 403 = &lt;Response [403]&gt;.status_code</failure></testcase><testcase classname="backend.tests.test_license_enforcement_fi_dashboard.TestFIDashboardAPI" name="test_fi_dashboard_returns_summary_metrics" time="0.326" /><testcase classname="backend.tests.test_license_enforcement_fi_dashboard.TestFIDashboardAPI" name="test_fi_dashboard_returns_holdings_by_type" time="0.056" /><testcase classname="backend.tests.test_license_enforcement_fi_dashboard.TestFIDashboardAPI" name="test_fi_dashboard_returns_holdings_by_rating" time="0.036" /><testcase classname="backend.tests.test_license_enforcement_fi_dashboard.TestFIDashboardAPI" name="test_fi_dashboard_returns_upcoming_maturities" time="0.050" /><testcase classname="backend.tests.test_license_enforcement_fi_dashboard.TestFIDashboardAPI" name="test_fi_dashboard_returns_upcoming_coupons" time="0.049" /><testcase classname="backend.tests.test_license_enforcement_fi_dashboard.TestFIDashboardAPI" name="test_fi_dashboard_returns_recent_orders" time="0.045" /><testcase classname="backend.tests.test_license_enforcement_fi_dashboard.TestClientModuleSegregation" name="test_clients_by_module_pe_endpoint_exists" time="0.332" /><testcase classname="backend.tests.test_license_enforcement_fi_dashboard.TestClientModuleSegregation" name="test_clients_by_module_fi_endpoint_exists" time="0.042" /><testcase classname="backend.tests.test_license_enforcement_fi_dashboard.TestClientModuleSegregation" name="test_clients_by_module_invalid_module_returns_400" time="0.043" /><testcase classname="backend.tests.test_license_enforcement_fi_dashboard.TestClientModuleSegregation" name="test_clients_by_module_with_search" time="0.051" /><testcase classname="backend.tests.test_license_enforcement_fi_dashboard.TestLicenseCheckEndpoints" name="test_licence_check_status_endpoint" time="0.325" /><testcase classname="backend.tests.test_license_enforcement_fi_dashboard.TestLicenseCheckEndpoints" name="test_licence_check_feature_bookings" time="0.045"><failure message="AssertionError: Feature check failed: 405 {&quot;detail&quot;:&quot;Method Not Allowed&quot;}&#10;assert 405 == 200&#10; +  where 405 = &lt;Response [405]&gt;.status_code">backend/tests/test_license_enforcement_fi_dashboard.py:318: in test_licence_check_feature_bookings
    assert response.status_code == 200, f"Feature check failed: {response.status_code} {response.text}"
E   AssertionError: Feature check failed: 405 {"detail":"Method Not Allowed"}
E   assert 405 == 200
E    +  where 405 = &lt;Response [405]&gt;.status_code</failure></testcase><testcase classname="backend.tests.test_license_enforcement_fi_dashboard.TestLicenseCheckEndpoints" name="test_licence_check_feature_fi_instruments" time="0.038"><failure message="AssertionError: Feature check failed: 405 {&quot;detail&quot;:&quot;Method Not Allowed&quot;}&#10;assert 405 == 200&#10; +  where 405 = &lt;Response [405]&gt;.status_code">backend/tests/test_license_enforcement_fi_dashboard.py:329: in test_licence_check_feature_fi_instruments
    assert response.status_code == 200, f"Feature check failed: {response.status_code} {response.text}"
E   AssertionError: Feature check failed: 405 {"detail":"Method Not Allowed"}
E   assert 405 == 200
E    +  where 405 = &lt;Response [405]&gt;.status_code</failure></testcase><testcase classname="backend.tests.test_license_enforcement_fi_dashboard.TestBookingsLicenseEnforcement" name="test_get_bookings_with_smifs_user" time="0.361" /><testcase classname="backend.tests.test_license_enforcement_fi_dashboard.TestFIInstrumentsLicenseEnforcement" name="test_get_fi_instruments_with_smifs_user" time="0.342" /></testsuite></testsuites>