<?xml version="1.0" encoding="utf-8"?><testsuites name="pytest tests"><testsuite name="pytest" errors="7" failures="3" skipped="0" tests="18" time="3.583" timestamp="2026-02-08T10:11:56.404840+00:00" hostname="agent-env-596dc16c-0a2e-4d50-93e8-1df630dd8bfd"><testcase classname="backend.tests.test_license_management_v2.TestLicenseAdminAuth" name="test_license_admin_login_success" time="0.457" /><testcase classname="backend.tests.test_license_management_v2.TestLicenseAdminAuth" name="test_license_admin_verify_endpoint" time="0.291" /><testcase classname="backend.tests.test_license_management_v2.TestLicenseAdminAuth" name="test_pe_desk_cannot_access_verify_admin" time="0.287" /><testcase classname="backend.tests.test_license_management_v2.TestLicenseAdminHiddenFromUserList" name="test_license_admin_not_in_user_list" time="0.289" /><testcase classname="backend.tests.test_license_management_v2.TestLicenseAdminHiddenFromUserList" name="test_license_admin_not_in_employees_list" time="0.283"><failure message="AssertionError: License admin should NOT be in employees list&#10;assert 'deynet@gmail.com' not in ['pedesk@smifs.com', 'uitest@example.com', 'admin1769255330@privity.com', 'deynet@gmail.com', 'admin@test.com', 'admin1769256432@privity.com', ...]">backend/tests/test_license_management_v2.py:124: in test_license_admin_not_in_employees_list
    assert LICENSE_ADMIN_EMAIL not in user_emails, f"License admin should NOT be in employees list"
E   AssertionError: License admin should NOT be in employees list
E   assert 'deynet@gmail.com' not in ['pedesk@smifs.com', 'uitest@example.com', 'admin1769255330@privity.com', 'deynet@gmail.com', 'admin@test.com', 'admin1769256432@privity.com', ...]</failure></testcase><testcase classname="backend.tests.test_license_management_v2.TestLicenseDefinitions" name="test_get_license_definitions" time="0.280" /><testcase classname="backend.tests.test_license_management_v2.TestLicenseDefinitions" name="test_pe_desk_cannot_access_definitions" time="0.583" /><testcase classname="backend.tests.test_license_management_v2.TestLicenseGeneration" name="test_generate_pe_license" time="0.286" /><testcase classname="backend.tests.test_license_management_v2.TestLicenseGeneration" name="test_generate_fi_license" time="0.284" /><testcase classname="backend.tests.test_license_management_v2.TestLicenseGeneration" name="test_pe_desk_cannot_generate_license" time="0.076"><error message="failed on setup with &quot;assert 429 == 200&#10; +  where 429 = &lt;Response [429]&gt;.status_code&quot;">backend/tests/test_license_management_v2.py:210: in setup
    assert login_response.status_code == 200
E   assert 429 == 200
E    +  where 429 = &lt;Response [429]&gt;.status_code</error></testcase><testcase classname="backend.tests.test_license_management_v2.TestLicenseActivation" name="test_activate_license" time="0.036"><error message="failed on setup with &quot;assert 429 == 200&#10; +  where 429 = &lt;Response [429]&gt;.status_code&quot;">backend/tests/test_license_management_v2.py:295: in setup
    assert login_response.status_code == 200
E   assert 429 == 200
E    +  where 429 = &lt;Response [429]&gt;.status_code</error></testcase><testcase classname="backend.tests.test_license_management_v2.TestLicenseActivation" name="test_activate_invalid_license" time="0.034"><error message="failed on setup with &quot;assert 429 == 200&#10; +  where 429 = &lt;Response [429]&gt;.status_code&quot;">backend/tests/test_license_management_v2.py:295: in setup
    assert login_response.status_code == 200
E   assert 429 == 200
E    +  where 429 = &lt;Response [429]&gt;.status_code</error></testcase><testcase classname="backend.tests.test_license_management_v2.TestLicenseStatus" name="test_get_license_status" time="0.035"><error message="failed on setup with &quot;assert 429 == 200&#10; +  where 429 = &lt;Response [429]&gt;.status_code&quot;">backend/tests/test_license_management_v2.py:348: in setup
    assert login_response.status_code == 200
E   assert 429 == 200
E    +  where 429 = &lt;Response [429]&gt;.status_code</error></testcase><testcase classname="backend.tests.test_license_management_v2.TestLicenseStatus" name="test_pe_desk_cannot_access_status" time="0.033"><error message="failed on setup with &quot;assert 429 == 200&#10; +  where 429 = &lt;Response [429]&gt;.status_code&quot;">backend/tests/test_license_management_v2.py:348: in setup
    assert login_response.status_code == 200
E   assert 429 == 200
E    +  where 429 = &lt;Response [429]&gt;.status_code</error></testcase><testcase classname="backend.tests.test_license_management_v2.TestLicenseAllList" name="test_get_all_licenses" time="0.035"><error message="failed on setup with &quot;assert 429 == 200&#10; +  where 429 = &lt;Response [429]&gt;.status_code&quot;">backend/tests/test_license_management_v2.py:407: in setup
    assert login_response.status_code == 200
E   assert 429 == 200
E    +  where 429 = &lt;Response [429]&gt;.status_code</error></testcase><testcase classname="backend.tests.test_license_management_v2.TestLicenseAllList" name="test_pe_desk_cannot_list_all_licenses" time="0.031"><error message="failed on setup with &quot;assert 429 == 200&#10; +  where 429 = &lt;Response [429]&gt;.status_code&quot;">backend/tests/test_license_management_v2.py:407: in setup
    assert login_response.status_code == 200
E   assert 429 == 200
E    +  where 429 = &lt;Response [429]&gt;.status_code</error></testcase><testcase classname="backend.tests.test_license_management_v2.TestLicenseCheckEndpoints" name="test_check_app_license_status_as_pe_desk" time="0.032"><failure message="assert 429 == 200&#10; +  where 429 = &lt;Response [429]&gt;.status_code">backend/tests/test_license_management_v2.py:464: in test_check_app_license_status_as_pe_desk
    assert login_response.status_code == 200
E   assert 429 == 200
E    +  where 429 = &lt;Response [429]&gt;.status_code</failure></testcase><testcase classname="backend.tests.test_license_management_v2.TestLicenseCheckEndpoints" name="test_check_feature_license" time="0.041"><failure message="assert 429 == 200&#10; +  where 429 = &lt;Response [429]&gt;.status_code">backend/tests/test_license_management_v2.py:484: in test_check_feature_license
    assert login_response.status_code == 200
E   assert 429 == 200
E    +  where 429 = &lt;Response [429]&gt;.status_code</failure></testcase></testsuite></testsuites>