<?xml version="1.0" encoding="utf-8"?><testsuites name="pytest tests"><testsuite name="pytest" errors="0" failures="0" skipped="0" tests="20" time="2.818" timestamp="2026-02-08T12:24:37.145773+00:00" hostname="agent-env-237895fa-930c-4e6f-a1e6-bd6983ff4739"><testcase classname="backend.tests.test_license_admin_hidden.TestLicenseAdminLogin" name="test_license_admin_can_login" time="0.456" /><testcase classname="backend.tests.test_license_admin_hidden.TestLicenseAdminLogin" name="test_license_admin_verify_endpoint" time="0.812" /><testcase classname="backend.tests.test_license_admin_hidden.TestLicenseAdminHiddenFromUserLists" name="test_license_admin_hidden_from_users_endpoint" time="0.808" /><testcase classname="backend.tests.test_license_admin_hidden.TestLicenseAdminHiddenFromUserLists" name="test_license_admin_hidden_from_employees_endpoint" time="0.036" /><testcase classname="backend.tests.test_license_admin_hidden.TestLicenseAdminHiddenFromUserLists" name="test_license_admin_hidden_from_potential_managers" time="0.039" /><testcase classname="backend.tests.test_license_admin_hidden.TestLicenseAdminHiddenFromUserLists" name="test_license_admin_hidden_from_subordinates" time="0.037" /><testcase classname="backend.tests.test_license_admin_hidden.TestLicenseAdminHiddenFromUserLists" name="test_license_admin_hidden_from_direct_reports" time="0.043" /><testcase classname="backend.tests.test_license_admin_hidden.TestPEUserCannotSeeLicenseAdmin" name="test_pe_user_cannot_see_license_admin_in_users" time="0.037" /><testcase classname="backend.tests.test_license_admin_hidden.TestPEUserCannotSeeLicenseAdmin" name="test_pe_user_cannot_search_for_license_admin" time="0.041" /><testcase classname="backend.tests.test_license_admin_hidden.TestLicenseStatusChecks" name="test_license_check_status_returns_is_licensed" time="0.043" /><testcase classname="backend.tests.test_license_admin_hidden.TestLicenseStatusChecks" name="test_license_check_feature_returns_correctly" time="0.037" /><testcase classname="backend.tests.test_license_admin_hidden.TestLicenseStatusChecks" name="test_license_admin_status_shows_expiry" time="0.040" /><testcase classname="backend.tests.test_license_admin_hidden.TestLicenseAdminAccessControl" name="test_pe_user_cannot_access_license_status" time="0.034" /><testcase classname="backend.tests.test_license_admin_hidden.TestLicenseAdminAccessControl" name="test_pe_user_cannot_access_license_definitions" time="0.037" /><testcase classname="backend.tests.test_license_admin_hidden.TestLicenseAdminAccessControl" name="test_pe_user_cannot_generate_license" time="0.039" /><testcase classname="backend.tests.test_license_admin_hidden.TestLicenseAdminAccessControl" name="test_pe_user_cannot_access_all_licenses" time="0.043" /><testcase classname="backend.tests.test_license_admin_hidden.TestLicenseAdminAccessControl" name="test_license_admin_can_access_license_status" time="0.041" /><testcase classname="backend.tests.test_license_admin_hidden.TestLicenseAdminAccessControl" name="test_license_admin_can_access_definitions" time="0.041" /><testcase classname="backend.tests.test_license_admin_hidden.TestPEUserNotLicenseAdmin" name="test_pe_user_verify_admin_returns_false" time="0.036" /><testcase classname="backend.tests.test_license_admin_hidden.TestLicenseEnforcement" name="test_smifs_employee_exempt_from_license_checks" time="0.036" /></testsuite></testsuites>