<?xml version="1.0" encoding="utf-8"?><testsuites name="pytest tests"><testsuite name="pytest" errors="0" failures="0" skipped="0" tests="16" time="8.585" timestamp="2026-02-08T12:11:21.825225+00:00" hostname="agent-env-237895fa-930c-4e6f-a1e6-bd6983ff4739"><testcase classname="backend.tests.test_live_nsdl_lookup.TestLiveNSDLLookup" name="test_nsdl_search_local_isin_returns_result" time="0.478" /><testcase classname="backend.tests.test_live_nsdl_lookup.TestLiveNSDLLookup" name="test_nsdl_search_local_result_has_required_fields" time="0.038" /><testcase classname="backend.tests.test_live_nsdl_lookup.TestLiveNSDLLookup" name="test_nsdl_search_company_name_no_live_lookup" time="0.038" /><testcase classname="backend.tests.test_live_nsdl_lookup.TestLiveNSDLLookup" name="test_nsdl_search_nonexistent_isin_triggers_live_lookup" time="1.293" /><testcase classname="backend.tests.test_live_nsdl_lookup.TestLiveNSDLLookup" name="test_nsdl_search_live_lookup_result_has_sources_tried" time="1.205" /><testcase classname="backend.tests.test_live_nsdl_lookup.TestLiveNSDLLookup" name="test_nsdl_search_live_lookup_disabled" time="0.042" /><testcase classname="backend.tests.test_live_nsdl_lookup.TestLiveNSDLLookup" name="test_live_lookup_endpoint_valid_isin" time="1.245" /><testcase classname="backend.tests.test_live_nsdl_lookup.TestLiveNSDLLookup" name="test_live_lookup_endpoint_invalid_isin_format" time="0.042" /><testcase classname="backend.tests.test_live_nsdl_lookup.TestLiveNSDLLookup" name="test_live_lookup_endpoint_short_isin" time="0.041" /><testcase classname="backend.tests.test_live_nsdl_lookup.TestLiveNSDLLookup" name="test_live_lookup_endpoint_requires_auth" time="0.051" /><testcase classname="backend.tests.test_live_nsdl_lookup.TestLiveNSDLLookup" name="test_nsdl_search_response_structure" time="0.038" /><testcase classname="backend.tests.test_live_nsdl_lookup.TestLiveNSDLLookup" name="test_live_lookup_response_includes_badge_info" time="1.179" /><testcase classname="backend.tests.test_live_nsdl_lookup.TestLiveNSDLLookup" name="test_nsdl_search_partial_isin_no_live_lookup" time="0.055" /><testcase classname="backend.tests.test_live_nsdl_lookup.TestLiveNSDLLookup" name="test_nsdl_search_uppercase_normalization" time="0.040" /><testcase classname="backend.tests.test_live_nsdl_lookup.TestLiveNSDLLookupService" name="test_gsec_isin_format_valid" time="1.482" /><testcase classname="backend.tests.test_live_nsdl_lookup.TestLiveNSDLLookupService" name="test_corporate_isin_format_valid" time="1.207" /></testsuite></testsuites>