<?xml version="1.0" encoding="utf-8"?><testsuites name="pytest tests"><testsuite name="pytest" errors="0" failures="0" skipped="0" tests="7" time="2.861" timestamp="2026-02-07T10:50:52.559295+00:00" hostname="agent-env-a8aea8db-7022-43de-9d53-7045f127bcbd"><testcase classname="backend.tests.test_login_notification_features.TestHealthEndpoint" name="test_health_returns_ok" time="1.658" /><testcase classname="backend.tests.test_login_notification_features.TestAuthFlow" name="test_login_with_valid_credentials" time="0.408" /><testcase classname="backend.tests.test_login_notification_features.TestAuthFlow" name="test_login_with_invalid_credentials" time="0.040" /><testcase classname="backend.tests.test_login_notification_features.TestEmailTemplatesVerify" name="test_verify_requires_auth" time="0.036" /><testcase classname="backend.tests.test_login_notification_features.TestEmailTemplatesVerify" name="test_verify_with_auth" time="0.312" /><testcase classname="backend.tests.test_login_notification_features.TestNotificationsEndpoint" name="test_get_notifications_requires_auth" time="0.039" /><testcase classname="backend.tests.test_login_notification_features.TestNotificationsEndpoint" name="test_get_notifications_with_auth" time="0.310" /></testsuite></testsuites>