<?xml version="1.0" encoding="utf-8"?><testsuites name="pytest tests"><testsuite name="pytest" errors="0" failures="0" skipped="0" tests="12" time="4.564" timestamp="2026-01-24T18:33:13.959928+00:00" hostname="agent-env-2534435f-ec48-430c-aab0-78d68a35ae07"><testcase classname="backend.tests.test_loss_booking.TestLossBookingWorkflow" name="test_loss_booking_detection_when_selling_below_buying" time="0.443" /><testcase classname="backend.tests.test_loss_booking.TestLossBookingWorkflow" name="test_non_loss_booking_when_selling_above_buying" time="0.394" /><testcase classname="backend.tests.test_loss_booking.TestLossBookingWorkflow" name="test_pending_loss_approval_endpoint_returns_loss_bookings" time="0.469" /><testcase classname="backend.tests.test_loss_booking.TestLossBookingWorkflow" name="test_approve_loss_booking_success" time="0.463" /><testcase classname="backend.tests.test_loss_booking.TestLossBookingWorkflow" name="test_reject_loss_booking_success" time="0.433" /><testcase classname="backend.tests.test_loss_booking.TestLossBookingWorkflow" name="test_cannot_approve_non_loss_booking" time="0.456" /><testcase classname="backend.tests.test_loss_booking.TestLossBookingWorkflow" name="test_cannot_approve_already_processed_loss_booking" time="0.428" /><testcase classname="backend.tests.test_loss_booking.TestLossBookingRoleRestrictions" name="test_only_pe_desk_can_view_pending_loss_bookings" time="0.262" /><testcase classname="backend.tests.test_loss_booking.TestLossBookingRoleRestrictions" name="test_non_pe_desk_cannot_view_pending_loss_bookings" time="0.304" /><testcase classname="backend.tests.test_loss_booking.TestLossBookingRoleRestrictions" name="test_only_pe_desk_can_approve_loss_bookings" time="0.288" /><testcase classname="backend.tests.test_loss_booking.TestLossBookingDataIntegrity" name="test_loss_booking_fields_in_booking_response" time="0.266" /><testcase classname="backend.tests.test_loss_booking.TestLossBookingDataIntegrity" name="test_loss_booking_profit_loss_calculation" time="0.273" /></testsuite></testsuites>