<?xml version="1.0" encoding="utf-8"?><testsuites name="pytest tests"><testsuite name="pytest" errors="0" failures="0" skipped="1" tests="8" time="1.114" timestamp="2026-02-02T06:46:06.983423+00:00" hostname="agent-env-e40ef496-898e-44bc-b1e9-d8c62b31b291"><testcase classname="backend.tests.test_lp_booking_form.TestLPBookingForm" name="test_inventory_returns_landing_price_field" time="0.348" /><testcase classname="backend.tests.test_lp_booking_form.TestLPBookingForm" name="test_inventory_has_stock_info" time="0.042" /><testcase classname="backend.tests.test_lp_booking_form.TestLPBookingForm" name="test_get_clients_for_booking" time="0.040" /><testcase classname="backend.tests.test_lp_booking_form.TestLPBookingForm" name="test_get_stocks_for_booking" time="0.040" /><testcase classname="backend.tests.test_lp_booking_form.TestLPBookingForm" name="test_booking_uses_landing_price" time="0.128"><skipped type="pytest.skip" message="Could not create test booking: Internal Server Error">/app/backend/tests/test_lp_booking_form.py:178: Could not create test booking: Internal Server Error</skipped></testcase><testcase classname="backend.tests.test_lp_booking_form.TestLPBookingForm" name="test_bookings_list_has_buying_price" time="0.061" /><testcase classname="backend.tests.test_lp_booking_form.TestLPBookingForm" name="test_booking_stores_both_lp_and_wap" time="0.096" /><testcase classname="backend.tests.test_lp_booking_form.TestLPLabelsAndDisplay" name="test_inventory_structure_for_frontend" time="0.302" /></testsuite></testsuites>