<?xml version="1.0" encoding="utf-8"?><testsuites name="pytest tests"><testsuite name="pytest" errors="0" failures="0" skipped="5" tests="18" time="2.605" timestamp="2026-02-02T06:25:42.941303+00:00" hostname="agent-env-e40ef496-898e-44bc-b1e9-d8c62b31b291"><testcase classname="tests.test_lp_wap_hit_file_migration.TestAuthentication" name="test_pe_desk_login" time="0.451" /><testcase classname="tests.test_lp_wap_hit_file_migration.TestAuthentication" name="test_employee_login" time="0.040"><skipped type="pytest.skip" message="Employee user not found - skipping employee tests">/app/backend/tests/test_lp_wap_hit_file_migration.py:42: Employee user not found - skipping employee tests</skipped></testcase><testcase classname="tests.test_lp_wap_hit_file_migration.TestInventoryLPWAP" name="test_inventory_endpoint_returns_data" time="0.313" /><testcase classname="tests.test_lp_wap_hit_file_migration.TestInventoryLPWAP" name="test_pe_level_sees_wap_and_lp" time="0.045" /><testcase classname="tests.test_lp_wap_hit_file_migration.TestInventoryLPWAP" name="test_non_pe_user_sees_only_lp" time="0.039"><skipped type="pytest.skip" message="Employee login failed - user may not exist">/app/backend/tests/test_lp_wap_hit_file_migration.py:107: Employee login failed - user may not exist</skipped></testcase><testcase classname="tests.test_lp_wap_hit_file_migration.TestInventoryLPWAP" name="test_landing_price_endpoint" time="0.084" /><testcase classname="tests.test_lp_wap_hit_file_migration.TestInventoryLPWAP" name="test_update_landing_price_pe_desk_only" time="0.142" /><testcase classname="tests.test_lp_wap_hit_file_migration.TestPEDeskHITReport" name="test_hit_report_endpoint_exists" time="0.307" /><testcase classname="tests.test_lp_wap_hit_file_migration.TestPEDeskHITReport" name="test_hit_report_summary_fields" time="0.038" /><testcase classname="tests.test_lp_wap_hit_file_migration.TestPEDeskHITReport" name="test_hit_report_with_filters" time="0.039" /><testcase classname="tests.test_lp_wap_hit_file_migration.TestPEDeskHITReport" name="test_hit_report_non_pe_forbidden" time="0.037"><skipped type="pytest.skip" message="Employee login failed - user may not exist">/app/backend/tests/test_lp_wap_hit_file_migration.py:240: Employee login failed - user may not exist</skipped></testcase><testcase classname="tests.test_lp_wap_hit_file_migration.TestPEDeskHITReport" name="test_hit_report_export_endpoint" time="0.100" /><testcase classname="tests.test_lp_wap_hit_file_migration.TestFileMigration" name="test_storage_stats_endpoint" time="0.386" /><testcase classname="tests.test_lp_wap_hit_file_migration.TestFileMigration" name="test_scan_missing_files_endpoint" time="0.079" /><testcase classname="tests.test_lp_wap_hit_file_migration.TestFileMigration" name="test_storage_stats_non_pe_forbidden" time="0.035"><skipped type="pytest.skip" message="Employee login failed - user may not exist">/app/backend/tests/test_lp_wap_hit_file_migration.py:303: Employee login failed - user may not exist</skipped></testcase><testcase classname="tests.test_lp_wap_hit_file_migration.TestFileMigration" name="test_scan_missing_non_pe_forbidden" time="0.000"><skipped type="pytest.skip" message="Employee login failed - user may not exist">/app/backend/tests/test_lp_wap_hit_file_migration.py:310: Employee login failed - user may not exist</skipped></testcase><testcase classname="tests.test_lp_wap_hit_file_migration.TestNavigationLinks" name="test_pe_hit_report_accessible" time="0.305" /><testcase classname="tests.test_lp_wap_hit_file_migration.TestNavigationLinks" name="test_file_migration_accessible" time="0.080" /></testsuite></testsuites>