<?xml version="1.0" encoding="utf-8"?><testsuites name="pytest tests"><testsuite name="pytest" errors="0" failures="0" skipped="0" tests="13" time="1.910" timestamp="2026-02-04T19:41:02.444381+00:00" hostname="agent-env-1f8a6781-9362-432f-8010-554b218d13c5"><testcase classname="tests.test_mobile_activity_alerts.TestMobileRegistrationValidation" name="test_register_without_mobile_fails_for_non_superadmin" time="0.087" /><testcase classname="tests.test_mobile_activity_alerts.TestMobileRegistrationValidation" name="test_register_with_invalid_mobile_fails" time="0.036" /><testcase classname="tests.test_mobile_activity_alerts.TestMobileRegistrationValidation" name="test_register_with_12_digit_mobile_fails" time="0.034" /><testcase classname="tests.test_mobile_activity_alerts.TestLoginMobileRequired" name="test_pe_desk_login_returns_response_structure" time="0.423" /><testcase classname="tests.test_mobile_activity_alerts.TestUpdateMobileEndpoint" name="test_update_mobile_without_auth_fails" time="0.036" /><testcase classname="tests.test_mobile_activity_alerts.TestUpdateMobileEndpoint" name="test_update_mobile_with_invalid_number_fails" time="0.274" /><testcase classname="tests.test_mobile_activity_alerts.TestUpdateMobileEndpoint" name="test_update_mobile_endpoint_exists" time="0.272" /><testcase classname="tests.test_mobile_activity_alerts.TestRevenueReport" name="test_revenue_report_without_auth_fails" time="0.035" /><testcase classname="tests.test_mobile_activity_alerts.TestRevenueReport" name="test_revenue_report_returns_data" time="0.326" /><testcase classname="tests.test_mobile_activity_alerts.TestRevenueReport" name="test_revenue_report_with_date_parameter" time="0.277" /><testcase classname="tests.test_mobile_activity_alerts.TestActivityAlertServiceImport" name="test_activity_alerts_service_exists" time="0.001" /><testcase classname="tests.test_mobile_activity_alerts.TestActivityAlertServiceImport" name="test_day_end_reports_service_exists" time="0.000" /><testcase classname="tests.test_mobile_activity_alerts.TestRegistrationPANLabel" name="test_pan_label_in_error_message" time="0.037" /></testsuite></testsuites>