<?xml version="1.0" encoding="utf-8"?><testsuites name="pytest tests"><testsuite name="pytest" errors="0" failures="3" skipped="0" tests="13" time="2.003" timestamp="2026-02-04T19:40:14.055180+00:00" hostname="agent-env-1f8a6781-9362-432f-8010-554b218d13c5"><testcase classname="tests.test_mobile_activity_alerts.TestMobileRegistrationValidation" name="test_register_without_mobile_fails_for_non_superadmin" time="0.094" /><testcase classname="tests.test_mobile_activity_alerts.TestMobileRegistrationValidation" name="test_register_with_invalid_mobile_fails" time="0.046" /><testcase classname="tests.test_mobile_activity_alerts.TestMobileRegistrationValidation" name="test_register_with_12_digit_mobile_fails" time="0.041" /><testcase classname="tests.test_mobile_activity_alerts.TestLoginMobileRequired" name="test_pe_desk_login_returns_response_structure" time="0.446"><failure message="AssertionError: Response should contain mobile_required flag&#10;assert 'mobile_required' in {'token': 'eyJhbGciOiJIUzI1NiIsInR5cCI6IkpXVCJ9.eyJ1c2VyX2lkIjoiOTFjNGMyZDQtZGM3MS00YzAyLWJlMTUtZGI3NDlkZTYzY2MzIiwiZW1haWwiOiJwZUBzbWlmcy5jb20iLCJleHAiOjE3NzAzMjA0MTR9.Cdex9HLnLwVPvGPD7a5EWWpaeLBRLGov-bCuKjx6FaA', 'user': {'agreement_accepted': True, 'agreement_accepted_at': '2026-02-01T19:08:16.448953+00:00', 'created_at': '2026-02-01T17:46:15.846195+00:00', 'email': 'pe@smifs.com', ...}}">tests/test_mobile_activity_alerts.py:121: in test_pe_desk_login_returns_response_structure
    assert "mobile_required" in data, "Response should contain mobile_required flag"
E   AssertionError: Response should contain mobile_required flag
E   assert 'mobile_required' in {'token': 'eyJhbGciOiJIUzI1NiIsInR5cCI6IkpXVCJ9.eyJ1c2VyX2lkIjoiOTFjNGMyZDQtZGM3MS00YzAyLWJlMTUtZGI3NDlkZTYzY2MzIiwiZW1haWwiOiJwZUBzbWlmcy5jb20iLCJleHAiOjE3NzAzMjA0MTR9.Cdex9HLnLwVPvGPD7a5EWWpaeLBRLGov-bCuKjx6FaA', 'user': {'agreement_accepted': True, 'agreement_accepted_at': '2026-02-01T19:08:16.448953+00:00', 'created_at': '2026-02-01T17:46:15.846195+00:00', 'email': 'pe@smifs.com', ...}}</failure></testcase><testcase classname="tests.test_mobile_activity_alerts.TestUpdateMobileEndpoint" name="test_update_mobile_without_auth_fails" time="0.037" /><testcase classname="tests.test_mobile_activity_alerts.TestUpdateMobileEndpoint" name="test_update_mobile_with_invalid_number_fails" time="0.271" /><testcase classname="tests.test_mobile_activity_alerts.TestUpdateMobileEndpoint" name="test_update_mobile_endpoint_exists" time="0.290" /><testcase classname="tests.test_mobile_activity_alerts.TestRevenueReport" name="test_revenue_report_without_auth_fails" time="0.038" /><testcase classname="tests.test_mobile_activity_alerts.TestRevenueReport" name="test_revenue_report_returns_data" time="0.275" /><testcase classname="tests.test_mobile_activity_alerts.TestRevenueReport" name="test_revenue_report_with_date_parameter" time="0.321" /><testcase classname="tests.test_mobile_activity_alerts.TestActivityAlertServiceImport" name="test_activity_alerts_service_import" time="0.001"><failure message="Failed: Failed to import activity_alerts service: No module named 'services'">tests/test_mobile_activity_alerts.py:205: in test_activity_alerts_service_import
    from services.activity_alerts import (
E   ModuleNotFoundError: No module named 'services'

During handling of the above exception, another exception occurred:
tests/test_mobile_activity_alerts.py:216: in test_activity_alerts_service_import
    pytest.fail(f"Failed to import activity_alerts service: {e}")
E   Failed: Failed to import activity_alerts service: No module named 'services'</failure></testcase><testcase classname="tests.test_mobile_activity_alerts.TestActivityAlertServiceImport" name="test_day_end_reports_service_import" time="0.000"><failure message="Failed: Failed to import day_end_reports service: No module named 'services'">tests/test_mobile_activity_alerts.py:221: in test_day_end_reports_service_import
    from services.day_end_reports import (
E   ModuleNotFoundError: No module named 'services'

During handling of the above exception, another exception occurred:
tests/test_mobile_activity_alerts.py:231: in test_day_end_reports_service_import
    pytest.fail(f"Failed to import day_end_reports service: {e}")
E   Failed: Failed to import day_end_reports service: No module named 'services'</failure></testcase><testcase classname="tests.test_mobile_activity_alerts.TestRegistrationPANLabel" name="test_pan_label_in_error_message" time="0.038" /></testsuite></testsuites>