<?xml version="1.0" encoding="utf-8"?><testsuites name="pytest tests"><testsuite name="pytest" errors="0" failures="2" skipped="0" tests="24" time="6.634" timestamp="2026-01-28T22:39:33.431840+00:00" hostname="agent-env-685a7c11-90eb-4313-ae2f-1108aee69713"><testcase classname="backend.tests.test_modular_routers_iteration30.TestAuthEndpoints" name="test_01_login_pe_desk_success" time="0.357" /><testcase classname="backend.tests.test_modular_routers_iteration30.TestAuthEndpoints" name="test_02_login_invalid_credentials" time="0.041" /><testcase classname="backend.tests.test_modular_routers_iteration30.TestAuthEndpoints" name="test_03_get_current_user" time="0.269" /><testcase classname="backend.tests.test_modular_routers_iteration30.TestAuthEndpoints" name="test_04_sso_config" time="0.061" /><testcase classname="backend.tests.test_modular_routers_iteration30.TestDashboardEndpoints" name="test_01_get_dashboard_stats" time="0.280" /><testcase classname="backend.tests.test_modular_routers_iteration30.TestDashboardEndpoints" name="test_02_get_dashboard_analytics" time="0.319" /><testcase classname="backend.tests.test_modular_routers_iteration30.TestAnalyticsEndpoints" name="test_01_get_analytics_summary" time="0.287" /><testcase classname="backend.tests.test_modular_routers_iteration30.TestAnalyticsEndpoints" name="test_02_get_stock_performance" time="0.307" /><testcase classname="backend.tests.test_modular_routers_iteration30.TestAnalyticsEndpoints" name="test_03_get_employee_performance" time="0.268" /><testcase classname="backend.tests.test_modular_routers_iteration30.TestReportsEndpoints" name="test_01_get_pnl_report" time="0.283" /><testcase classname="backend.tests.test_modular_routers_iteration30.TestReportsEndpoints" name="test_02_export_excel" time="0.338" /><testcase classname="backend.tests.test_modular_routers_iteration30.TestInventoryEndpoints" name="test_01_get_inventory_list" time="0.304" /><testcase classname="backend.tests.test_modular_routers_iteration30.TestPurchasesEndpoints" name="test_01_get_purchases_list" time="0.271" /><testcase classname="backend.tests.test_modular_routers_iteration30.TestAuditLogsEndpoints" name="test_01_get_audit_logs" time="0.274"><failure message="AssertionError: assert False&#10; +  where False = isinstance({'limit': 100, 'logs': [{'action': 'DATABASE_CLEAR', 'details': {'collections_cleared': ['clients', 'stocks', 'purchases', 'bookings', 'inventory', 'corporate_actions', ...], 'errors': [], 'record_counts_deleted': {'audit_logs': 2, 'bookings': 0, 'clients': 0, 'corporate_actions': 0, ...}}, 'entity_id': 'all', 'entity_type': 'database', ...}, {'action': 'USER_LOGIN', 'action_description': 'User Login', 'details': None, 'entity_id': '49202979-3285-436f-a37a-e8a1d6b1962e', ...}, {'action': 'USER_LOGIN', 'action_description': 'User Login', 'details': None, 'entity_id': '49202979-3285-436f-a37a-e8a1d6b1962e', ...}, {'action': 'USER_LOGIN', 'action_description': 'User Login', 'details': None, 'entity_id': '49202979-3285-436f-a37a-e8a1d6b1962e', ...}, {'action': 'USER_LOGIN', 'action_description': 'User Login', 'details': None, 'entity_id': '49202979-3285-436f-a37a-e8a1d6b1962e', ...}, {'action': 'USER_LOGIN', 'action_description': 'User Login', 'details': None, 'entity_id': '49202979-3285-436f-a37a-e8a1d6b1962e', ...}, ...], 'skip': 0, 'total': 574}, list)">backend/tests/test_modular_routers_iteration30.py:321: in test_01_get_audit_logs
    assert isinstance(data, list)
E   AssertionError: assert False
E    +  where False = isinstance({'limit': 100, 'logs': [{'action': 'DATABASE_CLEAR', 'details': {'collections_cleared': ['clients', 'stocks', 'purchases', 'bookings', 'inventory', 'corporate_actions', ...], 'errors': [], 'record_counts_deleted': {'audit_logs': 2, 'bookings': 0, 'clients': 0, 'corporate_actions': 0, ...}}, 'entity_id': 'all', 'entity_type': 'database', ...}, {'action': 'USER_LOGIN', 'action_description': 'User Login', 'details': None, 'entity_id': '49202979-3285-436f-a37a-e8a1d6b1962e', ...}, {'action': 'USER_LOGIN', 'action_description': 'User Login', 'details': None, 'entity_id': '49202979-3285-436f-a37a-e8a1d6b1962e', ...}, {'action': 'USER_LOGIN', 'action_description': 'User Login', 'details': None, 'entity_id': '49202979-3285-436f-a37a-e8a1d6b1962e', ...}, {'action': 'USER_LOGIN', 'action_description': 'User Login', 'details': None, 'entity_id': '49202979-3285-436f-a37a-e8a1d6b1962e', ...}, {'action': 'USER_LOGIN', 'action_description': 'User Login', 'details': None, 'entity_id': '49202979-3285-436f-a37a-e8a1d6b1962e', ...}, ...], 'skip': 0, 'total': 574}, list)</failure></testcase><testcase classname="backend.tests.test_modular_routers_iteration30.TestAuditLogsEndpoints" name="test_02_get_audit_logs_stats" time="0.265" /><testcase classname="backend.tests.test_modular_routers_iteration30.TestBookingsEndpoints" name="test_01_get_bookings_list" time="0.283" /><testcase classname="backend.tests.test_modular_routers_iteration30.TestBookingsEndpoints" name="test_02_get_booking_by_id" time="0.310" /><testcase classname="backend.tests.test_modular_routers_iteration30.TestFinanceEndpoints" name="test_01_get_refund_requests" time="0.267" /><testcase classname="backend.tests.test_modular_routers_iteration30.TestFinanceEndpoints" name="test_02_get_rp_payments" time="0.267" /><testcase classname="backend.tests.test_modular_routers_iteration30.TestFinanceEndpoints" name="test_03_get_rp_payments_summary" time="0.326" /><testcase classname="backend.tests.test_modular_routers_iteration30.TestFinanceEndpoints" name="test_04_get_finance_summary" time="0.272" /><testcase classname="backend.tests.test_modular_routers_iteration30.TestReferralPartnersEndpoints" name="test_01_get_referral_partners_list" time="0.266" /><testcase classname="backend.tests.test_modular_routers_iteration30.TestReferralPartnersEndpoints" name="test_02_get_approved_referral_partners" time="0.265"><failure message="AssertionError: Get approved RPs failed: {&quot;detail&quot;:&quot;Referral Partner not found&quot;}&#10;assert 404 == 200&#10; +  where 404 = &lt;Response [404]&gt;.status_code">backend/tests/test_modular_routers_iteration30.py:465: in test_02_get_approved_referral_partners
    assert response.status_code == 200, f"Get approved RPs failed: {response.text}"
E   AssertionError: Get approved RPs failed: {"detail":"Referral Partner not found"}
E   assert 404 == 200
E    +  where 404 = &lt;Response [404]&gt;.status_code</failure></testcase><testcase classname="backend.tests.test_modular_routers_iteration30.TestClientRPConflictCheck" name="test_01_check_client_rp_conflict" time="0.324" /></testsuite></testsuites>