<?xml version="1.0" encoding="utf-8"?><testsuites name="pytest tests"><testsuite name="pytest" errors="0" failures="0" skipped="0" tests="24" time="6.841" timestamp="2026-01-28T22:40:20.562941+00:00" hostname="agent-env-685a7c11-90eb-4313-ae2f-1108aee69713"><testcase classname="backend.tests.test_modular_routers_iteration30.TestAuthEndpoints" name="test_01_login_pe_desk_success" time="0.310" /><testcase classname="backend.tests.test_modular_routers_iteration30.TestAuthEndpoints" name="test_02_login_invalid_credentials" time="0.035" /><testcase classname="backend.tests.test_modular_routers_iteration30.TestAuthEndpoints" name="test_03_get_current_user" time="0.314" /><testcase classname="backend.tests.test_modular_routers_iteration30.TestAuthEndpoints" name="test_04_sso_config" time="0.058" /><testcase classname="backend.tests.test_modular_routers_iteration30.TestDashboardEndpoints" name="test_01_get_dashboard_stats" time="0.269" /><testcase classname="backend.tests.test_modular_routers_iteration30.TestDashboardEndpoints" name="test_02_get_dashboard_analytics" time="0.310" /><testcase classname="backend.tests.test_modular_routers_iteration30.TestAnalyticsEndpoints" name="test_01_get_analytics_summary" time="0.310" /><testcase classname="backend.tests.test_modular_routers_iteration30.TestAnalyticsEndpoints" name="test_02_get_stock_performance" time="0.271" /><testcase classname="backend.tests.test_modular_routers_iteration30.TestAnalyticsEndpoints" name="test_03_get_employee_performance" time="0.316" /><testcase classname="backend.tests.test_modular_routers_iteration30.TestReportsEndpoints" name="test_01_get_pnl_report" time="0.329" /><testcase classname="backend.tests.test_modular_routers_iteration30.TestReportsEndpoints" name="test_02_export_excel" time="0.302" /><testcase classname="backend.tests.test_modular_routers_iteration30.TestInventoryEndpoints" name="test_01_get_inventory_list" time="0.270" /><testcase classname="backend.tests.test_modular_routers_iteration30.TestPurchasesEndpoints" name="test_01_get_purchases_list" time="0.306" /><testcase classname="backend.tests.test_modular_routers_iteration30.TestAuditLogsEndpoints" name="test_01_get_audit_logs" time="0.281" /><testcase classname="backend.tests.test_modular_routers_iteration30.TestAuditLogsEndpoints" name="test_02_get_audit_logs_stats" time="0.485" /><testcase classname="backend.tests.test_modular_routers_iteration30.TestBookingsEndpoints" name="test_01_get_bookings_list" time="0.286" /><testcase classname="backend.tests.test_modular_routers_iteration30.TestBookingsEndpoints" name="test_02_get_booking_by_id" time="0.291" /><testcase classname="backend.tests.test_modular_routers_iteration30.TestFinanceEndpoints" name="test_01_get_refund_requests" time="0.269" /><testcase classname="backend.tests.test_modular_routers_iteration30.TestFinanceEndpoints" name="test_02_get_rp_payments" time="0.292" /><testcase classname="backend.tests.test_modular_routers_iteration30.TestFinanceEndpoints" name="test_03_get_rp_payments_summary" time="0.302" /><testcase classname="backend.tests.test_modular_routers_iteration30.TestFinanceEndpoints" name="test_04_get_finance_summary" time="0.271" /><testcase classname="backend.tests.test_modular_routers_iteration30.TestReferralPartnersEndpoints" name="test_01_get_referral_partners_list" time="0.271" /><testcase classname="backend.tests.test_modular_routers_iteration30.TestReferralPartnersEndpoints" name="test_02_get_approved_referral_partners" time="0.266" /><testcase classname="backend.tests.test_modular_routers_iteration30.TestClientRPConflictCheck" name="test_01_check_client_rp_conflict" time="0.328" /></testsuite></testsuites>