<?xml version="1.0" encoding="utf-8"?><testsuites name="pytest tests"><testsuite name="pytest" errors="0" failures="1" skipped="1" tests="18" time="5.922" timestamp="2026-01-28T17:56:43.305606+00:00" hostname="agent-env-0a1fc0b3-6e8b-4504-8db1-df3b357eeda3"><testcase classname="backend.tests.test_modular_routers_concurrency.TestModularRouters" name="test_01_clients_router_get_clients" time="0.322" /><testcase classname="backend.tests.test_modular_routers_concurrency.TestModularRouters" name="test_02_clients_router_get_single_client" time="0.300" /><testcase classname="backend.tests.test_modular_routers_concurrency.TestModularRouters" name="test_03_clients_router_pending_approval" time="0.277" /><testcase classname="backend.tests.test_modular_routers_concurrency.TestModularRouters" name="test_04_bookings_router_get_bookings" time="0.319" /><testcase classname="backend.tests.test_modular_routers_concurrency.TestModularRouters" name="test_05_bookings_router_get_single_booking" time="0.296" /><testcase classname="backend.tests.test_modular_routers_concurrency.TestModularRouters" name="test_06_bookings_router_filter_by_status" time="0.275"><failure message="AssertionError: Booking 01ca4b76-a6c2-4644-8d33-8b703c7a43a6 has wrong status&#10;assert 'pending' == 'approved'&#10;  &#10;  - approved&#10;  + pending">backend/tests/test_modular_routers_concurrency.py:112: in test_06_bookings_router_filter_by_status
    assert booking.get("approval_status") == "approved", f"Booking {booking['id']} has wrong status"
E   AssertionError: Booking 01ca4b76-a6c2-4644-8d33-8b703c7a43a6 has wrong status
E   assert 'pending' == 'approved'
E     
E     - approved
E     + pending</failure></testcase><testcase classname="backend.tests.test_modular_routers_concurrency.TestModularRouters" name="test_07_finance_router_get_payments" time="0.284" /><testcase classname="backend.tests.test_modular_routers_concurrency.TestModularRouters" name="test_08_finance_router_get_summary" time="0.285" /><testcase classname="backend.tests.test_modular_routers_concurrency.TestModularRouters" name="test_09_finance_router_get_refund_requests" time="0.286" /><testcase classname="backend.tests.test_modular_routers_concurrency.TestBookingNumberUniqueness" name="test_10_concurrent_booking_creation_unique_numbers" time="0.472" /><testcase classname="backend.tests.test_modular_routers_concurrency.TestAtomicInventoryOperations" name="test_11_inventory_check_on_booking_creation" time="0.308" /><testcase classname="backend.tests.test_modular_routers_concurrency.TestAtomicInventoryOperations" name="test_12_inventory_blocked_on_approval" time="0.340"><skipped type="pytest.skip" message="Could not approve booking: {'detail': 'Booking already processed'}">/app/backend/tests/test_modular_routers_concurrency.py:348: Could not approve booking: {'detail': 'Booking already processed'}</skipped></testcase><testcase classname="backend.tests.test_modular_routers_concurrency.TestAtomicInventoryOperations" name="test_13_inventory_released_on_void" time="0.360" /><testcase classname="backend.tests.test_modular_routers_concurrency.TestConcurrentBookingApprovals" name="test_14_concurrent_approvals_no_overselling" time="0.415" /><testcase classname="backend.tests.test_modular_routers_concurrency.TestExistingFunctionality" name="test_15_login_still_works" time="0.260" /><testcase classname="backend.tests.test_modular_routers_concurrency.TestExistingFunctionality" name="test_16_auth_me_still_works" time="0.264" /><testcase classname="backend.tests.test_modular_routers_concurrency.TestExistingFunctionality" name="test_17_inventory_endpoint_works" time="0.282" /><testcase classname="backend.tests.test_modular_routers_concurrency.TestExistingFunctionality" name="test_18_stocks_endpoint_works" time="0.271" /></testsuite></testsuites>