<?xml version="1.0" encoding="utf-8"?><testsuites name="pytest tests"><testsuite name="pytest" errors="0" failures="0" skipped="0" tests="16" time="4.200" timestamp="2026-01-29T15:56:26.004104+00:00" hostname="agent-env-4a175522-4614-4449-bdd3-0d7dda2c04d6"><testcase classname="tests.test_modular_routers_refactoring.TestHealthAndAuth" name="test_health_check" time="0.096" /><testcase classname="tests.test_modular_routers_refactoring.TestHealthAndAuth" name="test_login_success" time="0.268" /><testcase classname="tests.test_modular_routers_refactoring.TestHealthAndAuth" name="test_login_invalid_credentials" time="0.041" /><testcase classname="tests.test_modular_routers_refactoring.TestDashboard" name="test_dashboard_stats" time="0.281" /><testcase classname="tests.test_modular_routers_refactoring.TestClients" name="test_get_clients" time="0.280" /><testcase classname="tests.test_modular_routers_refactoring.TestClients" name="test_get_clients_filter_vendor" time="0.276" /><testcase classname="tests.test_modular_routers_refactoring.TestClients" name="test_get_pending_approval_clients" time="0.312" /><testcase classname="tests.test_modular_routers_refactoring.TestStocks" name="test_get_stocks" time="0.281" /><testcase classname="tests.test_modular_routers_refactoring.TestStocks" name="test_get_inventory" time="0.278" /><testcase classname="tests.test_modular_routers_refactoring.TestStocks" name="test_get_corporate_actions" time="0.269" /><testcase classname="tests.test_modular_routers_refactoring.TestBookings" name="test_get_bookings" time="0.278" /><testcase classname="tests.test_modular_routers_refactoring.TestReferralPartners" name="test_get_referral_partners" time="0.315" /><testcase classname="tests.test_modular_routers_refactoring.TestReports" name="test_get_pnl_report" time="0.319" /><testcase classname="tests.test_modular_routers_refactoring.TestFinance" name="test_get_payments" time="0.267" /><testcase classname="tests.test_modular_routers_refactoring.TestBusinessPartners" name="test_get_business_partners" time="0.287" /><testcase classname="tests.test_modular_routers_refactoring.TestUsers" name="test_get_users" time="0.268" /></testsuite></testsuites>