<?xml version="1.0" encoding="utf-8"?><testsuites name="pytest tests"><testsuite name="pytest" errors="0" failures="0" skipped="0" tests="15" time="2.504" timestamp="2026-02-06T08:04:13.969697+00:00" hostname="agent-env-2672a12f-2bd7-4ea9-889f-c04d5658c458"><testcase classname="backend.tests.test_notification_export_features.TestWatiWebhook" name="test_webhook_accepts_delivery_status" time="0.090" /><testcase classname="backend.tests.test_notification_export_features.TestWatiWebhook" name="test_webhook_accepts_incoming_message" time="0.053" /><testcase classname="backend.tests.test_notification_export_features.TestWatiWebhook" name="test_webhook_accepts_failed_status" time="0.039" /><testcase classname="backend.tests.test_notification_export_features.TestWatiWebhook" name="test_webhook_handles_malformed_payload" time="0.038" /><testcase classname="backend.tests.test_notification_export_features.TestDeliveryStats" name="test_delivery_stats_returns_data" time="0.438" /><testcase classname="backend.tests.test_notification_export_features.TestDeliveryStats" name="test_delivery_stats_respects_days_param" time="0.036" /><testcase classname="backend.tests.test_notification_export_features.TestNotificationEndpoints" name="test_get_notifications" time="0.324" /><testcase classname="backend.tests.test_notification_export_features.TestNotificationEndpoints" name="test_mark_all_notifications_read" time="0.043" /><testcase classname="backend.tests.test_notification_export_features.TestClientsExport" name="test_export_clients_xlsx" time="0.316" /><testcase classname="backend.tests.test_notification_export_features.TestClientsExport" name="test_export_clients_csv" time="0.038" /><testcase classname="backend.tests.test_notification_export_features.TestClientsExport" name="test_export_vendors_xlsx" time="0.047" /><testcase classname="backend.tests.test_notification_export_features.TestInventoryExport" name="test_export_inventory_xlsx" time="0.303" /><testcase classname="backend.tests.test_notification_export_features.TestInventoryExport" name="test_export_inventory_csv" time="0.037" /><testcase classname="backend.tests.test_notification_export_features.TestWebhookEventsEndpoint" name="test_get_webhook_events" time="0.346" /><testcase classname="backend.tests.test_notification_export_features.TestIncomingMessages" name="test_get_incoming_messages" time="0.300" /></testsuite></testsuites>