<?xml version="1.0" encoding="utf-8"?><testsuites name="pytest tests"><testsuite name="pytest" errors="0" failures="4" skipped="0" tests="15" time="2.630" timestamp="2026-02-06T08:03:22.228061+00:00" hostname="agent-env-2672a12f-2bd7-4ea9-889f-c04d5658c458"><testcase classname="backend.tests.test_notification_export_features.TestWatiWebhook" name="test_webhook_accepts_delivery_status" time="0.076"><failure message="AssertionError: Webhook failed: {&quot;detail&quot;:&quot;Access denied&quot;}&#10;assert 403 == 200&#10; +  where 403 = &lt;Response [403]&gt;.status_code">backend/tests/test_notification_export_features.py:53: in test_webhook_accepts_delivery_status
    assert response.status_code == 200, f"Webhook failed: {response.text}"
E   AssertionError: Webhook failed: {"detail":"Access denied"}
E   assert 403 == 200
E    +  where 403 = &lt;Response [403]&gt;.status_code</failure></testcase><testcase classname="backend.tests.test_notification_export_features.TestWatiWebhook" name="test_webhook_accepts_incoming_message" time="0.037"><failure message="AssertionError: Webhook failed: {&quot;detail&quot;:&quot;Access denied&quot;}&#10;assert 403 == 200&#10; +  where 403 = &lt;Response [403]&gt;.status_code">backend/tests/test_notification_export_features.py:72: in test_webhook_accepts_incoming_message
    assert response.status_code == 200, f"Webhook failed: {response.text}"
E   AssertionError: Webhook failed: {"detail":"Access denied"}
E   assert 403 == 200
E    +  where 403 = &lt;Response [403]&gt;.status_code</failure></testcase><testcase classname="backend.tests.test_notification_export_features.TestWatiWebhook" name="test_webhook_accepts_failed_status" time="0.039"><failure message="AssertionError: Webhook failed: {&quot;detail&quot;:&quot;Access denied&quot;}&#10;assert 403 == 200&#10; +  where 403 = &lt;Response [403]&gt;.status_code">backend/tests/test_notification_export_features.py:89: in test_webhook_accepts_failed_status
    assert response.status_code == 200, f"Webhook failed: {response.text}"
E   AssertionError: Webhook failed: {"detail":"Access denied"}
E   assert 403 == 200
E    +  where 403 = &lt;Response [403]&gt;.status_code</failure></testcase><testcase classname="backend.tests.test_notification_export_features.TestWatiWebhook" name="test_webhook_handles_malformed_payload" time="0.077"><failure message="assert 403 == 200&#10; +  where 403 = &lt;Response [403]&gt;.status_code">backend/tests/test_notification_export_features.py:103: in test_webhook_handles_malformed_payload
    assert response.status_code == 200
E   assert 403 == 200
E    +  where 403 = &lt;Response [403]&gt;.status_code</failure></testcase><testcase classname="backend.tests.test_notification_export_features.TestDeliveryStats" name="test_delivery_stats_returns_data" time="0.508" /><testcase classname="backend.tests.test_notification_export_features.TestDeliveryStats" name="test_delivery_stats_respects_days_param" time="0.036" /><testcase classname="backend.tests.test_notification_export_features.TestNotificationEndpoints" name="test_get_notifications" time="0.305" /><testcase classname="backend.tests.test_notification_export_features.TestNotificationEndpoints" name="test_mark_all_notifications_read" time="0.039" /><testcase classname="backend.tests.test_notification_export_features.TestClientsExport" name="test_export_clients_xlsx" time="0.357" /><testcase classname="backend.tests.test_notification_export_features.TestClientsExport" name="test_export_clients_csv" time="0.039" /><testcase classname="backend.tests.test_notification_export_features.TestClientsExport" name="test_export_vendors_xlsx" time="0.043" /><testcase classname="backend.tests.test_notification_export_features.TestInventoryExport" name="test_export_inventory_xlsx" time="0.311" /><testcase classname="backend.tests.test_notification_export_features.TestInventoryExport" name="test_export_inventory_csv" time="0.042" /><testcase classname="backend.tests.test_notification_export_features.TestWebhookEventsEndpoint" name="test_get_webhook_events" time="0.307" /><testcase classname="backend.tests.test_notification_export_features.TestIncomingMessages" name="test_get_incoming_messages" time="0.304" /></testsuite></testsuites>