<?xml version="1.0" encoding="utf-8"?><testsuites name="pytest tests"><testsuite name="pytest" errors="0" failures="0" skipped="3" tests="18" time="1.617" timestamp="2026-02-08T09:47:26.553184+00:00" hostname="agent-env-596dc16c-0a2e-4d50-93e8-1df630dd8bfd"><testcase classname="backend.tests.test_nsdl_search_import.TestNSDLSearchImport" name="test_nsdl_search_by_company_name_reliance" time="0.485" /><testcase classname="backend.tests.test_nsdl_search_import.TestNSDLSearchImport" name="test_nsdl_search_by_company_name_hdfc" time="0.038" /><testcase classname="backend.tests.test_nsdl_search_import.TestNSDLSearchImport" name="test_nsdl_search_by_isin_partial" time="0.047" /><testcase classname="backend.tests.test_nsdl_search_import.TestNSDLSearchImport" name="test_nsdl_search_by_isin_full" time="0.046" /><testcase classname="backend.tests.test_nsdl_search_import.TestNSDLSearchImport" name="test_nsdl_search_all_fields" time="0.043" /><testcase classname="backend.tests.test_nsdl_search_import.TestNSDLSearchImport" name="test_nsdl_search_by_rating" time="0.043" /><testcase classname="backend.tests.test_nsdl_search_import.TestNSDLSearchImport" name="test_nsdl_search_minimum_query_length" time="0.037" /><testcase classname="backend.tests.test_nsdl_search_import.TestNSDLSearchImport" name="test_nsdl_search_no_results" time="0.043" /><testcase classname="backend.tests.test_nsdl_search_import.TestNSDLSearchImport" name="test_nsdl_search_filter_by_instrument_type" time="0.038" /><testcase classname="backend.tests.test_nsdl_search_import.TestNSDLSearchImport" name="test_nsdl_import_single_instrument" time="0.045"><skipped type="pytest.skip" message="No importable instruments found for Tata Capital">/app/backend/tests/test_nsdl_search_import.py:193: No importable instruments found for Tata Capital</skipped></testcase><testcase classname="backend.tests.test_nsdl_search_import.TestNSDLSearchImport" name="test_nsdl_import_already_imported_error" time="0.041" /><testcase classname="backend.tests.test_nsdl_search_import.TestNSDLSearchImport" name="test_nsdl_import_invalid_isin" time="0.052" /><testcase classname="backend.tests.test_nsdl_search_import.TestNSDLSearchImport" name="test_nsdl_statistics_endpoint" time="0.054" /><testcase classname="backend.tests.test_nsdl_search_import.TestNSDLSearchImport" name="test_nsdl_import_multiple" time="0.046"><skipped type="pytest.skip" message="Not enough importable instruments for multiple import test">/app/backend/tests/test_nsdl_search_import.py:287: Not enough importable instruments for multiple import test</skipped></testcase><testcase classname="backend.tests.test_nsdl_search_import.TestNSDLSearchImport" name="test_nsdl_search_requires_auth" time="0.044" /><testcase classname="backend.tests.test_nsdl_search_import.TestNSDLSearchImport" name="test_nsdl_import_requires_auth" time="0.041" /><testcase classname="backend.tests.test_nsdl_search_import.TestNSDLSearchResponseFields" name="test_search_result_has_all_required_fields" time="0.330" /><testcase classname="backend.tests.test_nsdl_search_import.TestNSDLSearchResponseFields" name="test_import_result_structure" time="0.042"><skipped type="pytest.skip" message="No importable instruments found">/app/backend/tests/test_nsdl_search_import.py:371: No importable instruments found</skipped></testcase></testsuite></testsuites>