<?xml version="1.0" encoding="utf-8"?><testsuites name="pytest tests"><testsuite name="pytest" errors="0" failures="2" skipped="3" tests="18" time="1.593" timestamp="2026-02-08T09:47:11.645979+00:00" hostname="agent-env-596dc16c-0a2e-4d50-93e8-1df630dd8bfd"><testcase classname="backend.tests.test_nsdl_search_import.TestNSDLSearchImport" name="test_nsdl_search_by_company_name_reliance" time="0.489" /><testcase classname="backend.tests.test_nsdl_search_import.TestNSDLSearchImport" name="test_nsdl_search_by_company_name_hdfc" time="0.040" /><testcase classname="backend.tests.test_nsdl_search_import.TestNSDLSearchImport" name="test_nsdl_search_by_isin_partial" time="0.043" /><testcase classname="backend.tests.test_nsdl_search_import.TestNSDLSearchImport" name="test_nsdl_search_by_isin_full" time="0.040" /><testcase classname="backend.tests.test_nsdl_search_import.TestNSDLSearchImport" name="test_nsdl_search_all_fields" time="0.039" /><testcase classname="backend.tests.test_nsdl_search_import.TestNSDLSearchImport" name="test_nsdl_search_by_rating" time="0.037" /><testcase classname="backend.tests.test_nsdl_search_import.TestNSDLSearchImport" name="test_nsdl_search_minimum_query_length" time="0.045" /><testcase classname="backend.tests.test_nsdl_search_import.TestNSDLSearchImport" name="test_nsdl_search_no_results" time="0.044" /><testcase classname="backend.tests.test_nsdl_search_import.TestNSDLSearchImport" name="test_nsdl_search_filter_by_instrument_type" time="0.041" /><testcase classname="backend.tests.test_nsdl_search_import.TestNSDLSearchImport" name="test_nsdl_import_single_instrument" time="0.045"><skipped type="pytest.skip" message="No importable instruments found for Tata Capital">/app/backend/tests/test_nsdl_search_import.py:193: No importable instruments found for Tata Capital</skipped></testcase><testcase classname="backend.tests.test_nsdl_search_import.TestNSDLSearchImport" name="test_nsdl_import_already_imported_error" time="0.042" /><testcase classname="backend.tests.test_nsdl_search_import.TestNSDLSearchImport" name="test_nsdl_import_invalid_isin" time="0.042" /><testcase classname="backend.tests.test_nsdl_search_import.TestNSDLSearchImport" name="test_nsdl_statistics_endpoint" time="0.045" /><testcase classname="backend.tests.test_nsdl_search_import.TestNSDLSearchImport" name="test_nsdl_import_multiple" time="0.042"><skipped type="pytest.skip" message="Not enough importable instruments for multiple import test">/app/backend/tests/test_nsdl_search_import.py:287: Not enough importable instruments for multiple import test</skipped></testcase><testcase classname="backend.tests.test_nsdl_search_import.TestNSDLSearchImport" name="test_nsdl_search_requires_auth" time="0.041"><failure message="assert 403 == 401&#10; +  where 403 = &lt;Response [403]&gt;.status_code">backend/tests/test_nsdl_search_import.py:312: in test_nsdl_search_requires_auth
    assert response.status_code == 401
E   assert 403 == 401
E    +  where 403 = &lt;Response [403]&gt;.status_code</failure></testcase><testcase classname="backend.tests.test_nsdl_search_import.TestNSDLSearchImport" name="test_nsdl_import_requires_auth" time="0.038"><failure message="assert 403 == 401&#10; +  where 403 = &lt;Response [403]&gt;.status_code">backend/tests/test_nsdl_search_import.py:319: in test_nsdl_import_requires_auth
    assert response.status_code == 401
E   assert 403 == 401
E    +  where 403 = &lt;Response [403]&gt;.status_code</failure></testcase><testcase classname="backend.tests.test_nsdl_search_import.TestNSDLSearchResponseFields" name="test_search_result_has_all_required_fields" time="0.333" /><testcase classname="backend.tests.test_nsdl_search_import.TestNSDLSearchResponseFields" name="test_import_result_structure" time="0.037"><skipped type="pytest.skip" message="No importable instruments found">/app/backend/tests/test_nsdl_search_import.py:369: No importable instruments found</skipped></testcase></testsuite></testsuites>