<?xml version="1.0" encoding="utf-8"?><testsuites name="pytest tests"><testsuite name="pytest" errors="0" failures="0" skipped="0" tests="9" time="32.543" timestamp="2026-02-06T07:00:28.666251+00:00" hostname="agent-env-2672a12f-2bd7-4ea9-889f-c04d5658c458"><testcase classname="backend.tests.test_ocr_rerun.TestRerunOcrEndpoint" name="test_rerun_ocr_success" time="6.411" /><testcase classname="backend.tests.test_ocr_rerun.TestRerunOcrEndpoint" name="test_rerun_ocr_with_update_client" time="5.203" /><testcase classname="backend.tests.test_ocr_rerun.TestRerunOcrEndpoint" name="test_rerun_ocr_with_specific_doc_type" time="5.222" /><testcase classname="backend.tests.test_ocr_rerun.TestRerunOcrEndpoint" name="test_rerun_ocr_response_comparison_structure" time="5.073" /><testcase classname="backend.tests.test_ocr_rerun.TestRerunOcrEndpoint" name="test_rerun_ocr_invalid_client" time="0.336" /><testcase classname="backend.tests.test_ocr_rerun.TestRerunOcrEndpoint" name="test_rerun_ocr_documents_processed_structure" time="5.506" /><testcase classname="backend.tests.test_ocr_rerun.TestRerunOcrAuthentication" name="test_rerun_ocr_without_auth" time="0.061" /><testcase classname="backend.tests.test_ocr_rerun.TestRerunOcrAuthentication" name="test_rerun_ocr_pe_desk_success" time="4.365" /><testcase classname="backend.tests.test_ocr_rerun.TestClientWithDocuments" name="test_get_client_documents" time="0.298" /></testsuite></testsuites>