<?xml version="1.0" encoding="utf-8"?><testsuites name="pytest tests"><testsuite name="pytest" errors="0" failures="1" skipped="0" tests="9" time="36.100" timestamp="2026-02-06T06:59:40.699395+00:00" hostname="agent-env-2672a12f-2bd7-4ea9-889f-c04d5658c458"><testcase classname="backend.tests.test_ocr_rerun.TestRerunOcrEndpoint" name="test_rerun_ocr_success" time="7.267" /><testcase classname="backend.tests.test_ocr_rerun.TestRerunOcrEndpoint" name="test_rerun_ocr_with_update_client" time="5.488" /><testcase classname="backend.tests.test_ocr_rerun.TestRerunOcrEndpoint" name="test_rerun_ocr_with_specific_doc_type" time="5.293" /><testcase classname="backend.tests.test_ocr_rerun.TestRerunOcrEndpoint" name="test_rerun_ocr_response_comparison_structure" time="5.742" /><testcase classname="backend.tests.test_ocr_rerun.TestRerunOcrEndpoint" name="test_rerun_ocr_invalid_client" time="0.316" /><testcase classname="backend.tests.test_ocr_rerun.TestRerunOcrEndpoint" name="test_rerun_ocr_documents_processed_structure" time="5.727" /><testcase classname="backend.tests.test_ocr_rerun.TestRerunOcrAuthentication" name="test_rerun_ocr_without_auth" time="0.078"><failure message="AssertionError: Expected 401, got 403&#10;assert 403 == 401&#10; +  where 403 = &lt;Response [403]&gt;.status_code">backend/tests/test_ocr_rerun.py:169: in test_rerun_ocr_without_auth
    assert response.status_code == 401, f"Expected 401, got {response.status_code}"
E   AssertionError: Expected 401, got 403
E   assert 403 == 401
E    +  where 403 = &lt;Response [403]&gt;.status_code</failure></testcase><testcase classname="backend.tests.test_ocr_rerun.TestRerunOcrAuthentication" name="test_rerun_ocr_pe_desk_success" time="5.764" /><testcase classname="backend.tests.test_ocr_rerun.TestClientWithDocuments" name="test_get_client_documents" time="0.338" /></testsuite></testsuites>