<?xml version="1.0" encoding="utf-8"?><testsuites name="pytest tests"><testsuite name="pytest" errors="0" failures="0" skipped="0" tests="6" time="1.830" timestamp="2026-02-02T17:10:34.340512+00:00" hostname="agent-env-cb6f6c4c-0dfd-4509-a932-25cc5cb0dd7c"><testcase classname="backend.tests.test_payment_recording.TestPaymentRecording" name="test_payment_recording_with_json_body" time="0.663" /><testcase classname="backend.tests.test_payment_recording.TestPaymentRecording" name="test_payment_recording_validation" time="0.342" /><testcase classname="backend.tests.test_payment_recording.TestPaymentRecording" name="test_get_booking_payments" time="0.329" /><testcase classname="backend.tests.test_payment_recording.TestBookingConfirmation" name="test_booking_confirm_accept_endpoint" time="0.041" /><testcase classname="backend.tests.test_payment_recording.TestBookingConfirmation" name="test_booking_confirm_deny_endpoint" time="0.040" /><testcase classname="backend.tests.test_payment_recording.TestEmailTemplateURLs" name="test_frontend_url_env_variable" time="0.295" /></testsuite></testsuites>