<?xml version="1.0" encoding="utf-8"?><testsuites name="pytest tests"><testsuite name="pytest" errors="0" failures="0" skipped="2" tests="17" time="6.261" timestamp="2026-01-24T18:21:48.268517+00:00" hostname="agent-env-2534435f-ec48-430c-aab0-78d68a35ae07"><testcase classname="backend.tests.test_payment_tracking.TestPaymentTracking" name="test_payment_recording_requires_auth" time="0.369" /><testcase classname="backend.tests.test_payment_tracking.TestPaymentTracking" name="test_payment_recording_role_restriction" time="0.632" /><testcase classname="backend.tests.test_payment_tracking.TestPaymentTracking" name="test_payment_on_pending_booking_fails" time="0.330" /><testcase classname="backend.tests.test_payment_tracking.TestPaymentTracking" name="test_payment_exceeding_balance_fails" time="0.306"><skipped type="pytest.skip" message="No suitable booking for testing payment exceeding balance">/app/backend/tests/test_payment_tracking.py:122: No suitable booking for testing payment exceeding balance</skipped></testcase><testcase classname="backend.tests.test_payment_tracking.TestPaymentTracking" name="test_max_4_tranches_validation" time="0.337" /><testcase classname="backend.tests.test_payment_tracking.TestPaymentTracking" name="test_fully_paid_booking_is_dp_ready" time="0.293" /><testcase classname="backend.tests.test_payment_tracking.TestPaymentTracking" name="test_partial_paid_booking_not_dp_ready" time="0.302" /><testcase classname="backend.tests.test_payment_tracking.TestPaymentTracking" name="test_dp_transfer_report_returns_only_fully_paid" time="0.334" /><testcase classname="backend.tests.test_payment_tracking.TestPaymentTracking" name="test_dp_transfer_report_contains_required_fields" time="0.349" /><testcase classname="backend.tests.test_payment_tracking.TestPaymentTracking" name="test_dp_transfer_report_role_restriction" time="0.593" /><testcase classname="backend.tests.test_payment_tracking.TestPaymentTracking" name="test_dp_transfer_export_csv" time="0.330" /><testcase classname="backend.tests.test_payment_tracking.TestPaymentTracking" name="test_dp_transfer_export_excel" time="0.379" /><testcase classname="backend.tests.test_payment_tracking.TestPaymentTracking" name="test_payment_status_values" time="0.293" /><testcase classname="backend.tests.test_payment_tracking.TestPaymentTracking" name="test_booking_without_selling_price_no_payment" time="0.353" /><testcase classname="backend.tests.test_payment_tracking.TestPaymentTrancheValidation" name="test_payment_tranche_required_fields" time="0.375" /><testcase classname="backend.tests.test_payment_tracking.TestPaymentTrancheValidation" name="test_payment_amount_must_be_positive" time="0.292"><skipped type="pytest.skip" message="No suitable booking for testing">/app/backend/tests/test_payment_tracking.py:355: No suitable booking for testing</skipped></testcase><testcase classname="backend.tests.test_payment_tracking.TestGetBookingPayments" name="test_get_booking_payments" time="0.337" /></testsuite></testsuites>