<?xml version="1.0" encoding="utf-8"?><testsuites name="pytest tests"><testsuite name="pytest" errors="0" failures="2" skipped="0" tests="18" time="3.760" timestamp="2026-02-03T05:45:50.547988+00:00" hostname="agent-env-39935339-4f96-4433-b37d-0083728d6e1c"><testcase classname="backend.tests.test_permission_service_migration.TestAuthSetup" name="test_pe_desk_login" time="0.445" /><testcase classname="backend.tests.test_permission_service_migration.TestAuthSetup" name="test_viewer_login" time="0.262" /><testcase classname="backend.tests.test_permission_service_migration.TestDashboardEndpoints" name="test_dashboard_stats_pe_desk" time="0.303" /><testcase classname="backend.tests.test_permission_service_migration.TestDashboardEndpoints" name="test_dashboard_stats_viewer" time="0.302" /><testcase classname="backend.tests.test_permission_service_migration.TestDashboardEndpoints" name="test_dashboard_analytics_pe_desk" time="0.041" /><testcase classname="backend.tests.test_permission_service_migration.TestBookingsEndpoints" name="test_bookings_list_pe_desk" time="0.321" /><testcase classname="backend.tests.test_permission_service_migration.TestBookingsEndpoints" name="test_bookings_list_viewer" time="0.302" /><testcase classname="backend.tests.test_permission_service_migration.TestBookingsEndpoints" name="test_bookings_list_with_filters" time="0.057" /><testcase classname="backend.tests.test_permission_service_migration.TestClientsEndpoints" name="test_clients_list_pe_desk" time="0.298" /><testcase classname="backend.tests.test_permission_service_migration.TestClientsEndpoints" name="test_clients_list_viewer" time="0.299" /><testcase classname="backend.tests.test_permission_service_migration.TestInventoryEndpoints" name="test_inventory_list_pe_desk" time="0.344" /><testcase classname="backend.tests.test_permission_service_migration.TestInventoryEndpoints" name="test_inventory_list_viewer" time="0.301" /><testcase classname="backend.tests.test_permission_service_migration.TestInventoryEndpoints" name="test_recalculate_inventory_pe_desk" time="0.075" /><testcase classname="backend.tests.test_permission_service_migration.TestInventoryEndpoints" name="test_recalculate_inventory_viewer_forbidden" time="0.038" /><testcase classname="backend.tests.test_permission_service_migration.TestPermissionServiceIntegration" name="test_pe_desk_user_info" time="0.082"><failure message="assert 401 == 200&#10; +  where 401 = &lt;Response [401]&gt;.status_code">backend/tests/test_permission_service_migration.py:268: in test_pe_desk_user_info
    assert response.status_code == 200
E   assert 401 == 200
E    +  where 401 = &lt;Response [401]&gt;.status_code</failure></testcase><testcase classname="backend.tests.test_permission_service_migration.TestPermissionServiceIntegration" name="test_viewer_user_info" time="0.072"><failure message="assert 401 == 200&#10; +  where 401 = &lt;Response [401]&gt;.status_code">backend/tests/test_permission_service_migration.py:278: in test_viewer_user_info
    assert response.status_code == 200
E   assert 401 == 200
E    +  where 401 = &lt;Response [401]&gt;.status_code</failure></testcase><testcase classname="backend.tests.test_permission_service_migration.TestPermissionServiceIntegration" name="test_unauthenticated_access_denied" time="0.035" /><testcase classname="backend.tests.test_permission_service_migration.TestPermissionServiceIntegration" name="test_invalid_token_denied" time="0.077" /></testsuite></testsuites>