<?xml version="1.0" encoding="utf-8"?><testsuites name="pytest tests"><testsuite name="pytest" errors="0" failures="0" skipped="0" tests="9" time="15.543" timestamp="2026-01-24T15:54:10.098278+00:00" hostname="agent-env-8ea70b4b-808d-4437-b78e-af1a3e1dc813"><testcase classname="backend.tests.test_client_validation.TestClientValidation" name="test_empty_client_creation_fails_with_422" time="0.371" /><testcase classname="backend.tests.test_client_validation.TestClientValidation" name="test_missing_name_fails" time="0.306" /><testcase classname="backend.tests.test_client_validation.TestClientValidation" name="test_missing_pan_number_fails" time="0.297" /><testcase classname="backend.tests.test_client_validation.TestClientValidation" name="test_missing_dp_id_fails" time="0.295" /><testcase classname="backend.tests.test_client_validation.TestClientValidation" name="test_valid_client_creation_succeeds" time="0.332" /><testcase classname="backend.tests.test_client_validation.TestDocumentUpload" name="test_document_upload_saves_file" time="6.846" /><testcase classname="backend.tests.test_client_validation.TestOCRPreview" name="test_ocr_preview_returns_extracted_data_structure" time="0.609" /><testcase classname="backend.tests.test_client_validation.TestOCRPreview" name="test_ocr_preview_cml_copy" time="0.644" /><testcase classname="backend.tests.test_client_validation.TestOCRPreview" name="test_ocr_preview_cancelled_cheque" time="5.734" /></testsuite></testsuites>