<?xml version="1.0" encoding="utf-8"?><testsuites name="pytest tests"><testsuite name="pytest" errors="0" failures="0" skipped="1" tests="54" time="30.828" timestamp="2026-02-03T14:03:17.773014+00:00" hostname="agent-env-69cf2a05-7150-494e-8385-cb3eb5b127e3"><testcase classname="backend.tests.test_rbac_full_audit.TestPEAdminFullAccess" name="test_dashboard_stats" time="0.474" /><testcase classname="backend.tests.test_rbac_full_audit.TestPEAdminFullAccess" name="test_dashboard_pe" time="0.046" /><testcase classname="backend.tests.test_rbac_full_audit.TestPEAdminFullAccess" name="test_dashboard_finance" time="0.044" /><testcase classname="backend.tests.test_rbac_full_audit.TestPEAdminFullAccess" name="test_dashboard_employee" time="0.045" /><testcase classname="backend.tests.test_rbac_full_audit.TestPEAdminFullAccess" name="test_dashboard_analytics" time="0.041" /><testcase classname="backend.tests.test_rbac_full_audit.TestPEAdminFullAccess" name="test_analytics_summary" time="0.043" /><testcase classname="backend.tests.test_rbac_full_audit.TestPEAdminFullAccess" name="test_analytics_stock_performance" time="0.075" /><testcase classname="backend.tests.test_rbac_full_audit.TestPEAdminFullAccess" name="test_analytics_employee_performance" time="0.043" /><testcase classname="backend.tests.test_rbac_full_audit.TestPEAdminFullAccess" name="test_analytics_sector_distribution" time="0.043" /><testcase classname="backend.tests.test_rbac_full_audit.TestPEAdminFullAccess" name="test_analytics_daily_trend" time="0.041" /><testcase classname="backend.tests.test_rbac_full_audit.TestPEAdminFullAccess" name="test_finance_summary" time="0.054" /><testcase classname="backend.tests.test_rbac_full_audit.TestPEAdminFullAccess" name="test_finance_payments" time="0.051" /><testcase classname="backend.tests.test_rbac_full_audit.TestPEAdminFullAccess" name="test_finance_tcs_payments" time="0.039" /><testcase classname="backend.tests.test_rbac_full_audit.TestPEAdminFullAccess" name="test_finance_tcs_summary" time="27.550" /><testcase classname="backend.tests.test_rbac_full_audit.TestPEAdminFullAccess" name="test_finance_refund_requests" time="0.079" /><testcase classname="backend.tests.test_rbac_full_audit.TestPEAdminFullAccess" name="test_finance_rp_payments" time="0.048" /><testcase classname="backend.tests.test_rbac_full_audit.TestPEAdminFullAccess" name="test_finance_rp_payments_summary" time="0.040" /><testcase classname="backend.tests.test_rbac_full_audit.TestPEAdminFullAccess" name="test_finance_employee_commissions" time="0.041" /><testcase classname="backend.tests.test_rbac_full_audit.TestPEAdminFullAccess" name="test_finance_employee_commissions_summary" time="0.040" /><testcase classname="backend.tests.test_rbac_full_audit.TestPEAdminFullAccess" name="test_finance_bp_payments" time="0.041" /><testcase classname="backend.tests.test_rbac_full_audit.TestPEAdminFullAccess" name="test_finance_bp_payments_summary" time="0.042" /><testcase classname="backend.tests.test_rbac_full_audit.TestPEAdminFullAccess" name="test_clients_list" time="0.042" /><testcase classname="backend.tests.test_rbac_full_audit.TestPEAdminFullAccess" name="test_clients_pending_approval" time="0.041" /><testcase classname="backend.tests.test_rbac_full_audit.TestPEAdminFullAccess" name="test_stocks_list" time="0.038" /><testcase classname="backend.tests.test_rbac_full_audit.TestPEAdminFullAccess" name="test_corporate_actions" time="0.040"><skipped type="pytest.skip" message="Corporate actions has data integrity issue (missing stock_symbol in some records)">/app/backend/tests/test_rbac_full_audit.py:296: Corporate actions has data integrity issue (missing stock_symbol in some records)</skipped></testcase><testcase classname="backend.tests.test_rbac_full_audit.TestPEAdminFullAccess" name="test_roles_list" time="0.039" /><testcase classname="backend.tests.test_rbac_full_audit.TestPEAdminFullAccess" name="test_roles_permissions" time="0.042" /><testcase classname="backend.tests.test_rbac_full_audit.TestPEAdminFullAccess" name="test_email_templates_list" time="0.043" /><testcase classname="backend.tests.test_rbac_full_audit.TestPEAdminFullAccess" name="test_email_logs_list" time="0.043" /><testcase classname="backend.tests.test_rbac_full_audit.TestPEAdminFullAccess" name="test_email_logs_stats" time="0.042" /><testcase classname="backend.tests.test_rbac_full_audit.TestPEAdminFullAccess" name="test_smtp_config" time="0.040" /><testcase classname="backend.tests.test_rbac_full_audit.TestPEAdminFullAccess" name="test_smtp_presets" time="0.045" /><testcase classname="backend.tests.test_rbac_full_audit.TestPEAdminFullAccess" name="test_smtp_status" time="0.041" /><testcase classname="backend.tests.test_rbac_full_audit.TestPEAdminFullAccess" name="test_bulk_upload_templates" time="0.039" /><testcase classname="backend.tests.test_rbac_full_audit.TestPEAdminFullAccess" name="test_bulk_upload_stats" time="0.081" /><testcase classname="backend.tests.test_rbac_full_audit.TestPEAdminFullAccess" name="test_referral_partners_list" time="0.041" /><testcase classname="backend.tests.test_rbac_full_audit.TestPEAdminFullAccess" name="test_referral_partners_pending" time="0.039" /><testcase classname="backend.tests.test_rbac_full_audit.TestPEAdminFullAccess" name="test_referral_partners_approved" time="0.041" /><testcase classname="backend.tests.test_rbac_full_audit.TestPEAdminFullAccess" name="test_business_partners_list" time="0.042" /><testcase classname="backend.tests.test_rbac_full_audit.TestPEAdminFullAccess" name="test_inventory_list" time="0.043" /><testcase classname="backend.tests.test_rbac_full_audit.TestPEAdminFullAccess" name="test_purchases_list" time="0.043" /><testcase classname="backend.tests.test_rbac_full_audit.TestPEAdminFullAccess" name="test_users_list" time="0.039" /><testcase classname="backend.tests.test_rbac_full_audit.TestPEAdminFullAccess" name="test_audit_logs" time="0.050" /><testcase classname="backend.tests.test_rbac_full_audit.TestPEAdminFullAccess" name="test_database_backups" time="0.039" /><testcase classname="backend.tests.test_rbac_full_audit.TestPEAdminFullAccess" name="test_database_stats" time="0.052" /><testcase classname="backend.tests.test_rbac_full_audit.TestPEAdminFullAccess" name="test_bookings_list" time="0.064" /><testcase classname="backend.tests.test_rbac_full_audit.TestPEAdminFullAccess" name="test_bookings_dp_ready" time="0.041" /><testcase classname="backend.tests.test_rbac_full_audit.TestPEAdminFullAccess" name="test_bookings_dp_transferred" time="0.044" /><testcase classname="backend.tests.test_rbac_full_audit.TestPEAdminFullAccess" name="test_contract_notes" time="0.044" /><testcase classname="backend.tests.test_rbac_full_audit.TestPEAdminFullAccess" name="test_security_status" time="0.042" /><testcase classname="backend.tests.test_rbac_full_audit.TestRBACResponseData" name="test_dashboard_pe_returns_pending_actions" time="0.376" /><testcase classname="backend.tests.test_rbac_full_audit.TestRBACResponseData" name="test_finance_summary_returns_totals" time="0.053" /><testcase classname="backend.tests.test_rbac_full_audit.TestRBACResponseData" name="test_analytics_summary_returns_metrics" time="0.040" /><testcase classname="backend.tests.test_rbac_full_audit.TestRBACResponseData" name="test_roles_returns_all_system_roles" time="0.042" /></testsuite></testsuites>