<?xml version="1.0" encoding="utf-8"?><testsuites name="pytest tests"><testsuite name="pytest" errors="0" failures="3" skipped="0" tests="35" time="7.883" timestamp="2026-02-03T10:18:52.052414+00:00" hostname="agent-env-14596296-cada-4e56-a7fd-48730b2b036e"><testcase classname="backend.tests.test_rbac_permission_enforcement.TestRBACPermissionEnforcement" name="test_pe_desk_can_access_pending_approval_bookings" time="1.760" /><testcase classname="backend.tests.test_rbac_permission_enforcement.TestRBACPermissionEnforcement" name="test_pe_desk_can_access_dp_ready_bookings" time="0.038" /><testcase classname="backend.tests.test_rbac_permission_enforcement.TestRBACPermissionEnforcement" name="test_pe_desk_can_access_dp_transferred_bookings" time="0.043" /><testcase classname="backend.tests.test_rbac_permission_enforcement.TestRBACPermissionEnforcement" name="test_viewer_denied_dp_ready_bookings" time="0.046" /><testcase classname="backend.tests.test_rbac_permission_enforcement.TestRBACPermissionEnforcement" name="test_viewer_denied_dp_transferred_bookings" time="0.040" /><testcase classname="backend.tests.test_rbac_permission_enforcement.TestRBACPermissionEnforcement" name="test_pe_desk_can_access_audit_logs" time="0.049" /><testcase classname="backend.tests.test_rbac_permission_enforcement.TestRBACPermissionEnforcement" name="test_viewer_denied_audit_logs" time="0.036" /><testcase classname="backend.tests.test_rbac_permission_enforcement.TestRBACPermissionEnforcement" name="test_pe_desk_can_access_database_backups" time="0.042" /><testcase classname="backend.tests.test_rbac_permission_enforcement.TestRBACPermissionEnforcement" name="test_pe_desk_can_access_database_stats" time="0.065" /><testcase classname="backend.tests.test_rbac_permission_enforcement.TestRBACPermissionEnforcement" name="test_viewer_denied_database_backups" time="0.040" /><testcase classname="backend.tests.test_rbac_permission_enforcement.TestRBACPermissionEnforcement" name="test_viewer_denied_database_stats" time="0.038" /><testcase classname="backend.tests.test_rbac_permission_enforcement.TestRBACPermissionEnforcement" name="test_pe_desk_can_access_users_list" time="0.037" /><testcase classname="backend.tests.test_rbac_permission_enforcement.TestRBACPermissionEnforcement" name="test_viewer_denied_users_list" time="0.037"><failure message="AssertionError: Viewer should be denied users list: 200 - [{&quot;id&quot;:&quot;49202979-3285-436f-a37a-e8a1d6b1962e&quot;,&quot;email&quot;:&quot;pedesk@smifs.com&quot;,&quot;name&quot;:&quot;PE Desk Super Admin&quot;,&quot;pan_number&quot;:null,&quot;role&quot;:1,&quot;role_name&quot;:&quot;PE Desk&quot;,&quot;created_at&quot;:&quot;2026-01-24T11:34:45.541650+00:00&quot;,&quot;agreement_accepted&quot;:true,&quot;agreement_accepted_at&quot;:&quot;2026-02-01T14:02:19.827872+00:00&quot;,&quot;hierarchy_level&quot;:1,&quot;hierarchy_level_name&quot;:&quot;Employee&quot;,&quot;reports_to&quot;:null,&quot;reports_to_name&quot;:null},{&quot;id&quot;:&quot;4532411d-524c-4448-935c-d6fe6e8a0bb6&quot;,&quot;email&quot;:&quot;uitest@example.com&quot;,&quot;name&quot;:&quot;UI Test User&quot;,&quot;pan_number&quot;:null,&quot;role&quot;:1,&quot;role_name&quot;:&quot;PE Desk&quot;,&quot;created_at&quot;:&quot;2026-01-24T11:44:32.963148+00:00&quot;,&quot;agreement_accepted&quot;:false,&quot;agreement_accepted_at&quot;:null,&quot;hierarchy_level&quot;:1,&quot;hierarchy_level_name&quot;:&quot;Employee&quot;,&quot;reports_to&quot;:null,&quot;reports_to_name&quot;:null},{&quot;id&quot;:&quot;c04a4f3e-7acf-4f62-a515-fc2ab5d76f8b&quot;,&quot;email&quot;:&quot;admin1769255330@privity.com&quot;,&quot;name&quot;:&quot;Admin User&quot;,&quot;pan_number&quot;:null,&quot;role&quot;:5,&quot;role_name&quot;:&quot;Partners Desk&quot;,&quot;created_at&quot;:&quot;2026-01-24T11:48:51.009724+00:00&quot;,&quot;agreement_accepted&quot;:true,&quot;agreement_accepted_at&quot;:&quot;2026-02-02T05:11:38.042711+00:00&quot;,&quot;hierarchy_level&quot;:1,&quot;hierarchy_level_name&quot;:&quot;Employee&quot;,&quot;reports_to&quot;:null,&quot;reports_to_name&quot;:null},{&quot;id&quot;:&quot;10a4c384-af71-4e12-8b50-6d0fc375ebab&quot;,&quot;email&quot;:&quot;deynet@gmail.com&quot;,&quot;name&quot;:&quot;Somnath Dey&quot;,&quot;pan_number&quot;:null,&quot;role&quot;:3,&quot;role_name&quot;:&quot;Finance&quot;,&quot;created_at&quot;:&quot;2026-01-24T11:50:30.611524+00:00&quot;,&quot;agreement_accepted&quot;:false,&quot;agreement_accepted_at&quot;:null,&quot;hierarchy_level&quot;:1,&quot;hierarchy_level_name&quot;:&quot;Employee&quot;,&quot;reports_to&quot;:null,&quot;reports_to_name&quot;:null},{&quot;id&quot;:&quot;662f7b54-fcbf-460e-a2ec-2bfcec605f02&quot;,&quot;email&quot;:&quot;admin@test.com&quot;,&quot;name&quot;:&quot;Test User Admin&quot;,&quot;pan_number&quot;:null,&quot;role&quot;:5,&quot;role_name&quot;:&quot;Partners Desk&quot;,&quot;created_at&quot;:&quot;2026-01-24T12:04:13.048274+00:00&quot;,&quot;agreement_accepted&quot;:false,&quot;agreement_accepted_at&quot;:null,&quot;hierarchy_level&quot;:1,&quot;hierarchy_level_name&quot;:&quot;Employee&quot;,&quot;reports_to&quot;:null,&quot;reports_to_name&quot;:null},{&quot;id&quot;:&quot;f109a0f7-b7ab-4a7f-a8f7-7fb8ca29789e&quot;,&quot;email&quot;:&quot;admin1769256432@privity.com&quot;,&quot;name&quot;:&quot;Admin Manager&quot;,&quot;pan_number&quot;:null,&quot;role&quot;:5,&quot;role_name&quot;:&quot;Partners Desk&quot;,&quot;created_at&quot;:&quot;2026-01-24T12:07:13.166464+00:00&quot;,&quot;agreement_accepted&quot;:false,&quot;agreement_accepted_at&quot;:null,&quot;hierarchy_level&quot;:1,&quot;hierarchy_level_name&quot;:&quot;Employee&quot;,&quot;reports_to&quot;:null,&quot;reports_to_name&quot;:null},{&quot;id&quot;:&quot;084869d7-2395-4b99-8511-d8f544d3b3c0&quot;,&quot;email&quot;:&quot;stocktest@test.com&quot;,&quot;name&quot;:&quot;Stock Tester&quot;,&quot;pan_number&quot;:null,&quot;role&quot;:5,&quot;role_name&quot;:&quot;Partners Desk&quot;,&quot;created_at&quot;:&quot;2026-01-24T12:11:14.511010+00:00&quot;,&quot;agreement_accepted&quot;:false,&quot;agreement_accepted_at&quot;:null,&quot;hierarchy_level&quot;:1,&quot;hierarchy_level_name&quot;:&quot;Employee&quot;,&quot;reports_to&quot;:null,&quot;reports_to_name&quot;:null},{&quot;id&quot;:&quot;aa38afb8-96a5-42ee-b99b-88c6870a35dc&quot;,&quot;email&quot;:&quot;employee_143125@test.com&quot;,&quot;name&quot;:&quot;Test Employee&quot;,&quot;pan_number&quot;:null,&quot;role&quot;:4,&quot;role_name&quot;:&quot;Viewer&quot;,&quot;created_at&quot;:&quot;2026-01-24T14:31:25.786003+00:00&quot;,&quot;agreement_accepted&quot;:false,&quot;agreement_accepted_at&quot;:null,&quot;hierarchy_level&quot;:1,&quot;hierarchy_level_name&quot;:&quot;Employee&quot;,&quot;reports_to&quot;:null,&quot;reports_to_name&quot;:null},{&quot;id&quot;:&quot;6f74f099-b92b-41dc-a7c1-9070d482d180&quot;,&quot;email&quot;:&quot;employee_143150@test.com&quot;,&quot;name&quot;:&quot;Test Employee&quot;,&quot;pan_number&quot;:null,&quot;role&quot;:4,&quot;role_name&quot;:&quot;Viewer&quot;,&quot;created_at&quot;:&quot;2026-01-24T14:31:50.588133+00:00&quot;,&quot;agreement_accepted&quot;:false,&quot;agreement_accepted_at&quot;:null,&quot;hierarchy_level&quot;:1,&quot;hierarchy_level_name&quot;:&quot;Employee&quot;,&quot;reports_to&quot;:null,&quot;reports_to_name&quot;:null},{&quot;id&quot;:&quot;6e5309dc-a3f8-4032-94fa-e3fb4608e946&quot;,&quot;email&quot;:&quot;employee_145432@smifs.com&quot;,&quot;name&quot;:&quot;SMIFS Employee&quot;,&quot;pan_number&quot;:null,&quot;role&quot;:4,&quot;role_name&quot;:&quot;Viewer&quot;,&quot;created_at&quot;:&quot;2026-01-24T14:54:32.480989+00:00&quot;,&quot;agreement_accepted&quot;:false,&quot;agreement_accepted_at&quot;:null,&quot;hierarchy_level&quot;:1,&quot;hierarchy_level_name&quot;:&quot;Employee&quot;,&quot;reports_to&quot;:null,&quot;reports_to_name&quot;:null},{&quot;id&quot;:&quot;657d783f-980c-499c-bc7c-a11e2a5d047f&quot;,&quot;email&quot;:&quot;testuser@smifs.com&quot;,&quot;name&quot;:&quot;Test User&quot;,&quot;pan_number&quot;:null,&quot;role&quot;:4,&quot;role_name&quot;:&quot;Viewer&quot;,&quot;created_at&quot;:&quot;2026-01-24T14:55:02.697504+00:00&quot;,&quot;agreement_accepted&quot;:true,&quot;agreement_accepted_at&quot;:&quot;2026-02-03T05:26:17.653890+00:00&quot;,&quot;hierarchy_level&quot;:1,&quot;hierarchy_level_name&quot;:&quot;Employee&quot;,&quot;reports_to&quot;:null,&quot;reports_to_name&quot;:null},{&quot;id&quot;:&quot;2672284c-fcd2-4a21-8302-9c7ca8512cb6&quot;,&quot;email&quot;:&quot;employee_152556@smifs.com&quot;,&quot;name&quot;:&quot;SMIFS Employee&quot;,&quot;pan_number&quot;:null,&quot;role&quot;:4,&quot;role_name&quot;:&quot;Viewer&quot;,&quot;created_at&quot;:&quot;2026-01-24T15:25:57.043435+00:00&quot;,&quot;agreement_accepted&quot;:false,&quot;agreement_accepted_at&quot;:null,&quot;hierarchy_level&quot;:1,&quot;hierarchy_level_name&quot;:&quot;Employee&quot;,&quot;reports_to&quot;:null,&quot;reports_to_name&quot;:null},{&quot;id&quot;:&quot;860d9da9-3c7e-4737-8289-d83bdd9039d3&quot;,&quot;email&quot;:&quot;employee_1769268605@smifs.com&quot;,&quot;name&quot;:&quot;Test Employee&quot;,&quot;pan_number&quot;:null,&quot;role&quot;:4,&quot;role_name&quot;:&quot;Viewer&quot;,&quot;created_at&quot;:&quot;2026-01-24T15:30:05.492392+00:00&quot;,&quot;agreement_accepted&quot;:false,&quot;agreement_accepted_at&quot;:null,&quot;hierarchy_level&quot;:1,&quot;hierarchy_level_name&quot;:&quot;Employee&quot;,&quot;reports_to&quot;:null,&quot;reports_to_name&quot;:null},{&quot;id&quot;:&quot;f4b5bd6d-48a7-4f49-b9a2-71bc584ff1b1&quot;,&quot;email&quot;:&quot;testemployee@smifs.com&quot;,&quot;name&quot;:&quot;Test Employee User&quot;,&quot;pan_number&quot;:null,&quot;role&quot;:5,&quot;role_name&quot;:&quot;Partners Desk&quot;,&quot;created_at&quot;:&quot;2026-01-30T16:00:23.887181+00:00&quot;,&quot;agreement_accepted&quot;:false,&quot;agreement_accepted_at&quot;:null,&quot;hierarchy_level&quot;:1,&quot;hierarchy_level_name&quot;:&quot;Employee&quot;,&quot;reports_to&quot;:null,&quot;reports_to_name&quot;:null},{&quot;id&quot;:&quot;8e6cff5f-de8d-4e25-858b-bfd8af38ed89&quot;,&quot;email&quot;:&quot;pemanager@smifs.com&quot;,&quot;name&quot;:&quot;PE Manager Test&quot;,&quot;pan_number&quot;:&quot;PEMGR1234A&quot;,&quot;role&quot;:2,&quot;role_name&quot;:&quot;PE Manager&quot;,&quot;created_at&quot;:&quot;2026-01-30T16:09:13.131491+00:00&quot;,&quot;agreement_accepted&quot;:true,&quot;agreement_accepted_at&quot;:&quot;2026-02-03T05:25:50.844371+00:00&quot;,&quot;hierarchy_level&quot;:1,&quot;hierarchy_level_name&quot;:&quot;Employee&quot;,&quot;reports_to&quot;:null,&quot;reports_to_name&quot;:null},{&quot;id&quot;:&quot;91c4c2d4-dc71-4c02-be15-db749de63cc3&quot;,&quot;email&quot;:&quot;pe@smifs.com&quot;,&quot;name&quot;:&quot;PE Desk Super Admin&quot;,&quot;pan_number&quot;:null,&quot;role&quot;:1,&quot;role_name&quot;:&quot;PE Desk&quot;,&quot;created_at&quot;:&quot;2026-02-01T17:46:15.846195+00:00&quot;,&quot;agreement_accepted&quot;:true,&quot;agreement_accepted_at&quot;:&quot;2026-02-01T19:08:16.448953+00:00&quot;,&quot;hierarchy_level&quot;:1,&quot;hierarchy_level_name&quot;:&quot;Employee&quot;,&quot;reports_to&quot;:null,&quot;reports_to_name&quot;:null}]&#10;assert 200 == 403&#10; +  where 200 = &lt;Response [200]&gt;.status_code">backend/tests/test_rbac_permission_enforcement.py:235: in test_viewer_denied_users_list
    assert response.status_code == 403, f"Viewer should be denied users list: {response.status_code} - {response.text}"
E   AssertionError: Viewer should be denied users list: 200 - [{"id":"49202979-3285-436f-a37a-e8a1d6b1962e","email":"pedesk@smifs.com","name":"PE Desk Super Admin","pan_number":null,"role":1,"role_name":"PE Desk","created_at":"2026-01-24T11:34:45.541650+00:00","agreement_accepted":true,"agreement_accepted_at":"2026-02-01T14:02:19.827872+00:00","hierarchy_level":1,"hierarchy_level_name":"Employee","reports_to":null,"reports_to_name":null},{"id":"4532411d-524c-4448-935c-d6fe6e8a0bb6","email":"uitest@example.com","name":"UI Test User","pan_number":null,"role":1,"role_name":"PE Desk","created_at":"2026-01-24T11:44:32.963148+00:00","agreement_accepted":false,"agreement_accepted_at":null,"hierarchy_level":1,"hierarchy_level_name":"Employee","reports_to":null,"reports_to_name":null},{"id":"c04a4f3e-7acf-4f62-a515-fc2ab5d76f8b","email":"admin1769255330@privity.com","name":"Admin User","pan_number":null,"role":5,"role_name":"Partners Desk","created_at":"2026-01-24T11:48:51.009724+00:00","agreement_accepted":true,"agreement_accepted_at":"2026-02-02T05:11:38.042711+00:00","hierarchy_level":1,"hierarchy_level_name":"Employee","reports_to":null,"reports_to_name":null},{"id":"10a4c384-af71-4e12-8b50-6d0fc375ebab","email":"deynet@gmail.com","name":"Somnath Dey","pan_number":null,"role":3,"role_name":"Finance","created_at":"2026-01-24T11:50:30.611524+00:00","agreement_accepted":false,"agreement_accepted_at":null,"hierarchy_level":1,"hierarchy_level_name":"Employee","reports_to":null,"reports_to_name":null},{"id":"662f7b54-fcbf-460e-a2ec-2bfcec605f02","email":"admin@test.com","name":"Test User Admin","pan_number":null,"role":5,"role_name":"Partners Desk","created_at":"2026-01-24T12:04:13.048274+00:00","agreement_accepted":false,"agreement_accepted_at":null,"hierarchy_level":1,"hierarchy_level_name":"Employee","reports_to":null,"reports_to_name":null},{"id":"f109a0f7-b7ab-4a7f-a8f7-7fb8ca29789e","email":"admin1769256432@privity.com","name":"Admin Manager","pan_number":null,"role":5,"role_name":"Partners Desk","created_at":"2026-01-24T12:07:13.166464+00:00","agreement_accepted":false,"agreement_accepted_at":null,"hierarchy_level":1,"hierarchy_level_name":"Employee","reports_to":null,"reports_to_name":null},{"id":"084869d7-2395-4b99-8511-d8f544d3b3c0","email":"stocktest@test.com","name":"Stock Tester","pan_number":null,"role":5,"role_name":"Partners Desk","created_at":"2026-01-24T12:11:14.511010+00:00","agreement_accepted":false,"agreement_accepted_at":null,"hierarchy_level":1,"hierarchy_level_name":"Employee","reports_to":null,"reports_to_name":null},{"id":"aa38afb8-96a5-42ee-b99b-88c6870a35dc","email":"employee_143125@test.com","name":"Test Employee","pan_number":null,"role":4,"role_name":"Viewer","created_at":"2026-01-24T14:31:25.786003+00:00","agreement_accepted":false,"agreement_accepted_at":null,"hierarchy_level":1,"hierarchy_level_name":"Employee","reports_to":null,"reports_to_name":null},{"id":"6f74f099-b92b-41dc-a7c1-9070d482d180","email":"employee_143150@test.com","name":"Test Employee","pan_number":null,"role":4,"role_name":"Viewer","created_at":"2026-01-24T14:31:50.588133+00:00","agreement_accepted":false,"agreement_accepted_at":null,"hierarchy_level":1,"hierarchy_level_name":"Employee","reports_to":null,"reports_to_name":null},{"id":"6e5309dc-a3f8-4032-94fa-e3fb4608e946","email":"employee_145432@smifs.com","name":"SMIFS Employee","pan_number":null,"role":4,"role_name":"Viewer","created_at":"2026-01-24T14:54:32.480989+00:00","agreement_accepted":false,"agreement_accepted_at":null,"hierarchy_level":1,"hierarchy_level_name":"Employee","reports_to":null,"reports_to_name":null},{"id":"657d783f-980c-499c-bc7c-a11e2a5d047f","email":"testuser@smifs.com","name":"Test User","pan_number":null,"role":4,"role_name":"Viewer","created_at":"2026-01-24T14:55:02.697504+00:00","agreement_accepted":true,"agreement_accepted_at":"2026-02-03T05:26:17.653890+00:00","hierarchy_level":1,"hierarchy_level_name":"Employee","reports_to":null,"reports_to_name":null},{"id":"2672284c-fcd2-4a21-8302-9c7ca8512cb6","email":"employee_152556@smifs.com","name":"SMIFS Employee","pan_number":null,"role":4,"role_name":"Viewer","created_at":"2026-01-24T15:25:57.043435+00:00","agreement_accepted":false,"agreement_accepted_at":null,"hierarchy_level":1,"hierarchy_level_name":"Employee","reports_to":null,"reports_to_name":null},{"id":"860d9da9-3c7e-4737-8289-d83bdd9039d3","email":"employee_1769268605@smifs.com","name":"Test Employee","pan_number":null,"role":4,"role_name":"Viewer","created_at":"2026-01-24T15:30:05.492392+00:00","agreement_accepted":false,"agreement_accepted_at":null,"hierarchy_level":1,"hierarchy_level_name":"Employee","reports_to":null,"reports_to_name":null},{"id":"f4b5bd6d-48a7-4f49-b9a2-71bc584ff1b1","email":"testemployee@smifs.com","name":"Test Employee User","pan_number":null,"role":5,"role_name":"Partners Desk","created_at":"2026-01-30T16:00:23.887181+00:00","agreement_accepted":false,"agreement_accepted_at":null,"hierarchy_level":1,"hierarchy_level_name":"Employee","reports_to":null,"reports_to_name":null},{"id":"8e6cff5f-de8d-4e25-858b-bfd8af38ed89","email":"pemanager@smifs.com","name":"PE Manager Test","pan_number":"PEMGR1234A","role":2,"role_name":"PE Manager","created_at":"2026-01-30T16:09:13.131491+00:00","agreement_accepted":true,"agreement_accepted_at":"2026-02-03T05:25:50.844371+00:00","hierarchy_level":1,"hierarchy_level_name":"Employee","reports_to":null,"reports_to_name":null},{"id":"91c4c2d4-dc71-4c02-be15-db749de63cc3","email":"pe@smifs.com","name":"PE Desk Super Admin","pan_number":null,"role":1,"role_name":"PE Desk","created_at":"2026-02-01T17:46:15.846195+00:00","agreement_accepted":true,"agreement_accepted_at":"2026-02-01T19:08:16.448953+00:00","hierarchy_level":1,"hierarchy_level_name":"Employee","reports_to":null,"reports_to_name":null}]
E   assert 200 == 403
E    +  where 200 = &lt;Response [200]&gt;.status_code</failure></testcase><testcase classname="backend.tests.test_rbac_permission_enforcement.TestRBACPermissionEnforcement" name="test_pe_desk_can_access_pending_clients" time="0.038" /><testcase classname="backend.tests.test_rbac_permission_enforcement.TestRBACPermissionEnforcement" name="test_viewer_denied_pending_clients" time="0.042" /><testcase classname="backend.tests.test_rbac_permission_enforcement.TestRBACPermissionEnforcement" name="test_pe_desk_can_access_contract_notes" time="0.038" /><testcase classname="backend.tests.test_rbac_permission_enforcement.TestRBACPermissionEnforcement" name="test_viewer_denied_contract_notes" time="0.064" /><testcase classname="backend.tests.test_rbac_permission_enforcement.TestRBACPermissionEnforcement" name="test_pe_desk_can_access_finance_payments" time="0.051" /><testcase classname="backend.tests.test_rbac_permission_enforcement.TestRBACPermissionEnforcement" name="test_viewer_denied_finance_payments" time="0.049"><failure message="AssertionError: Viewer should be denied finance payments: 200 - [{&quot;id&quot;:&quot;049ad647-0609-4bdd-bd00-7df95c66e884&quot;,&quot;type&quot;:&quot;client&quot;,&quot;direction&quot;:&quot;received&quot;,&quot;entity_id&quot;:&quot;587bad5c-1e37-41f0-9304-217701af3a17&quot;,&quot;entity_name&quot;:&quot;PE Desk Test Proprietor&quot;,&quot;reference_id&quot;:&quot;c013d373-d4ca-4ec6-9677-af6feb3ff56a&quot;,&quot;reference_number&quot;:&quot;BK-2026-00029&quot;,&quot;stock_symbol&quot;:&quot;TESTSTOCK&quot;,&quot;amount&quot;:25.0,&quot;payment_date&quot;:&quot;2026-02-03&quot;,&quot;notes&quot;:&quot;Test re-entry&quot;,&quot;proof_url&quot;:null,&quot;recorded_by&quot;:&quot;PE Desk Super Admin&quot;},{&quot;id&quot;:&quot;c8e43d55-bea5-41ef-b90f-de6a1d559581&quot;,&quot;type&quot;:&quot;client&quot;,&quot;direction&quot;:&quot;received&quot;,&quot;entity_id&quot;:&quot;d4b920a8-9523-46f0-a267-4e26067c96e5&quot;,&quot;entity_name&quot;:&quot;TEST_BookingType_Client&quot;,&quot;reference_id&quot;:&quot;77076703-45f2-4911-90a6-bf58febf321c&quot;,&quot;reference_number&quot;:&quot;BK-2026-00025&quot;,&quot;stock_symbol&quot;:&quot;TESTSTOCK&quot;,&quot;amount&quot;:1000.0,&quot;payment_date&quot;:&quot;2026-02-02&quot;,&quot;notes&quot;:&quot;First payment test&quot;,&quot;proof_url&quot;:null,&quot;recorded_by&quot;:&quot;PE Desk Super Admin&quot;},{&quot;id&quot;:&quot;214baa44-f82d-4293-b975-7c493b618633&quot;,&quot;type&quot;:&quot;client&quot;,&quot;direction&quot;:&quot;received&quot;,&quot;entity_id&quot;:&quot;587bad5c-1e37-41f0-9304-217701af3a17&quot;,&quot;entity_name&quot;:&quot;PE Desk Test Proprietor&quot;,&quot;reference_id&quot;:&quot;c013d373-d4ca-4ec6-9677-af6feb3ff56a&quot;,&quot;reference_number&quot;:&quot;BK-2026-00029&quot;,&quot;stock_symbol&quot;:&quot;TESTSTOCK&quot;,&quot;amount&quot;:100.0,&quot;payment_date&quot;:&quot;2026-02-02&quot;,&quot;notes&quot;:&quot;Test payment&quot;,&quot;proof_url&quot;:null,&quot;recorded_by&quot;:&quot;PE Desk Super Admin&quot;},{&quot;id&quot;:&quot;4467db31-02cd-4e76-89fb-e52f2985375d&quot;,&quot;type&quot;:&quot;vendor&quot;,&quot;direction&quot;:&quot;sent&quot;,&quot;entity_id&quot;:&quot;01ec201c-ca1e-40c2-bfb8-9a94f1f973fe&quot;,&quot;entity_name&quot;:&quot;Test Vendor 221440&quot;,&quot;reference_id&quot;:&quot;288bb4c1-0a8e-4e20-a139-a8e70942ccaa&quot;,&quot;reference_number&quot;:&quot;PO-20260131-288BB4C1&quot;,&quot;stock_symbol&quot;:&quot;TESTSTOCK&quot;,&quot;amount&quot;:5000,&quot;payment_date&quot;:&quot;2026-02-01&quot;,&quot;notes&quot;:null,&quot;proof_url&quot;:null,&quot;recorded_by&quot;:&quot;49202979-3285-436f-a37a-e8a1d6b1962e&quot;,&quot;tcs_amount&quot;:0,&quot;tcs_applicable&quot;:false},{&quot;id&quot;:&quot;74269e99-b567-4ec4-b16f-46cb5b17038b&quot;,&quot;type&quot;:&quot;vendor&quot;,&quot;direction&quot;:&quot;sent&quot;,&quot;entity_id&quot;:&quot;01ec201c-ca1e-40c2-bfb8-9a94f1f973fe&quot;,&quot;entity_name&quot;:&quot;Test Vendor 221440&quot;,&quot;reference_id&quot;:&quot;288bb4c1-0a8e-4e20-a139-a8e70942ccaa&quot;,&quot;reference_number&quot;:&quot;PO-20260131-288BB4C1&quot;,&quot;stock_symbol&quot;:&quot;TESTSTOCK&quot;,&quot;amount&quot;:1000.0,&quot;payment_date&quot;:&quot;2026-02-01&quot;,&quot;notes&quot;:null,&quot;proof_url&quot;:null,&quot;recorded_by&quot;:&quot;49202979-3285-436f-a37a-e8a1d6b1962e&quot;,&quot;tcs_amount&quot;:0,&quot;tcs_applicable&quot;:false},{&quot;id&quot;:&quot;3e8c2860-161a-4d4c-8481-bfe02144452e&quot;,&quot;type&quot;:&quot;vendor&quot;,&quot;direction&quot;:&quot;sent&quot;,&quot;entity_id&quot;:&quot;01ec201c-ca1e-40c2-bfb8-9a94f1f973fe&quot;,&quot;entity_name&quot;:&quot;Test Vendor 221440&quot;,&quot;reference_id&quot;:&quot;288bb4c1-0a8e-4e20-a139-a8e70942ccaa&quot;,&quot;reference_number&quot;:&quot;PO-20260131-288BB4C1&quot;,&quot;stock_symbol&quot;:&quot;TESTSTOCK&quot;,&quot;amount&quot;:1000.0,&quot;payment_date&quot;:&quot;2026-02-01&quot;,&quot;notes&quot;:null,&quot;proof_url&quot;:null,&quot;recorded_by&quot;:&quot;49202979-3285-436f-a37a-e8a1d6b1962e&quot;,&quot;tcs_amount&quot;:0,&quot;tcs_applicable&quot;:false},{&quot;id&quot;:&quot;4b92714e-0c05-41a9-83c9-6e534111bebb&quot;,&quot;type&quot;:&quot;vendor&quot;,&quot;direction&quot;:&quot;sent&quot;,&quot;entity_id&quot;:&quot;01ec201c-ca1e-40c2-bfb8-9a94f1f973fe&quot;,&quot;entity_name&quot;:&quot;Test Vendor 221440&quot;,&quot;reference_id&quot;:&quot;288bb4c1-0a8e-4e20-a139-a8e70942ccaa&quot;,&quot;reference_number&quot;:&quot;PO-20260131-288BB4C1&quot;,&quot;stock_symbol&quot;:&quot;TESTSTOCK&quot;,&quot;amount&quot;:1000.0,&quot;payment_date&quot;:&quot;2026-02-01&quot;,&quot;notes&quot;:null,&quot;proof_url&quot;:null,&quot;recorded_by&quot;:&quot;49202979-3285-436f-a37a-e8a1d6b1962e&quot;,&quot;tcs_amount&quot;:0,&quot;tcs_applicable&quot;:false},{&quot;id&quot;:&quot;726bd6c7-ec2e-43b0-a2b4-bdeff44a82ab&quot;,&quot;type&quot;:&quot;vendor&quot;,&quot;direction&quot;:&quot;sent&quot;,&quot;entity_id&quot;:&quot;01ec201c-ca1e-40c2-bfb8-9a94f1f973fe&quot;,&quot;entity_name&quot;:&quot;Test Vendor 221440&quot;,&quot;reference_id&quot;:&quot;288bb4c1-0a8e-4e20-a139-a8e70942ccaa&quot;,&quot;reference_number&quot;:&quot;PO-20260131-288BB4C1&quot;,&quot;stock_symbol&quot;:&quot;TESTSTOCK&quot;,&quot;amount&quot;:2000.0,&quot;payment_date&quot;:&quot;2026-02-01&quot;,&quot;notes&quot;:null,&quot;proof_url&quot;:null,&quot;recorded_by&quot;:&quot;49202979-3285-436f-a37a-e8a1d6b1962e&quot;,&quot;tcs_amount&quot;:0,&quot;tcs_applicable&quot;:false},{&quot;id&quot;:&quot;4ca4c270-677e-4037-b828-f2a494a39c6c&quot;,&quot;type&quot;:&quot;client&quot;,&quot;direction&quot;:&quot;received&quot;,&quot;entity_id&quot;:&quot;d4b920a8-9523-46f0-a267-4e26067c96e5&quot;,&quot;entity_name&quot;:&quot;TEST_BookingType_Client&quot;,&quot;reference_id&quot;:&quot;f4c525cf-746f-49e1-b5c3-ac1ce588af91&quot;,&quot;reference_number&quot;:&quot;BK-2026-00001&quot;,&quot;stock_symbol&quot;:&quot;TESTSTOCK&quot;,&quot;amount&quot;:110.0,&quot;payment_date&quot;:&quot;2026-01-24&quot;,&quot;notes&quot;:null,&quot;proof_url&quot;:null,&quot;recorded_by&quot;:&quot;&quot;},{&quot;id&quot;:&quot;f93ab773-8130-4fca-b6bf-809a2cb8d3b0&quot;,&quot;type&quot;:&quot;client&quot;,&quot;direction&quot;:&quot;received&quot;,&quot;entity_id&quot;:&quot;6354d96a-5fd5-4267-a0d1-516b9f4d5be8&quot;,&quot;entity_name&quot;:&quot;TEST_Client_InvBlock&quot;,&quot;reference_id&quot;:&quot;0196bce2-24be-4b4f-affd-d321bbec2669&quot;,&quot;reference_number&quot;:&quot;BK-2026-00019&quot;,&quot;stock_symbol&quot;:&quot;Unknown&quot;,&quot;amount&quot;:3250.0,&quot;payment_date&quot;:&quot;2026-01-15&quot;,&quot;notes&quot;:null,&quot;proof_url&quot;:null,&quot;recorded_by&quot;:&quot;&quot;},{&quot;id&quot;:&quot;5da10570-9360-462a-8520-2ab7b0756ff5&quot;,&quot;type&quot;:&quot;client&quot;,&quot;direction&quot;:&quot;received&quot;,&quot;entity_id&quot;:&quot;cbc8c471-ef76-4211-b214-264e0a1f2d31&quot;,&quot;entity_name&quot;:&quot;TEST_Client_InvBlock&quot;,&quot;reference_id&quot;:&quot;9e4e8b85-be9f-4b1c-a1c1-169f664232f7&quot;,&quot;reference_number&quot;:&quot;BK-2026-00020&quot;,&quot;stock_symbol&quot;:&quot;Unknown&quot;,&quot;amount&quot;:3750.0,&quot;payment_date&quot;:&quot;2026-01-15&quot;,&quot;notes&quot;:null,&quot;proof_url&quot;:null,&quot;recorded_by&quot;:&quot;&quot;},{&quot;id&quot;:&quot;5647ae4f-bf7b-4ff2-b733-f2737e7d4210&quot;,&quot;type&quot;:&quot;client&quot;,&quot;direction&quot;:&quot;received&quot;,&quot;entity_id&quot;:&quot;9f13a9ac-ac62-4c93-8d69-4f972173ec1e&quot;,&quot;entity_name&quot;:&quot;TEST_Client_InvBlock&quot;,&quot;reference_id&quot;:&quot;0b7724aa-ec07-477a-8e31-b0a71bba8c98&quot;,&quot;reference_number&quot;:&quot;BK-2026-00021&quot;,&quot;stock_symbol&quot;:&quot;Unknown&quot;,&quot;amount&quot;:3250.0,&quot;payment_date&quot;:&quot;2026-01-15&quot;,&quot;notes&quot;:null,&quot;proof_url&quot;:null,&quot;recorded_by&quot;:&quot;&quot;},{&quot;id&quot;:&quot;f0b54505-726b-4cb2-af21-806ee7fe9dd2&quot;,&quot;type&quot;:&quot;client&quot;,&quot;direction&quot;:&quot;received&quot;,&quot;entity_id&quot;:&quot;295c941f-a9e9-45cb-b65a-61e5ba850af0&quot;,&quot;entity_name&quot;:&quot;TEST_Client_InvBlock&quot;,&quot;reference_id&quot;:&quot;a73edb07-141d-4652-80a5-ad535e764dbc&quot;,&quot;reference_number&quot;:&quot;BK-2026-00022&quot;,&quot;stock_symbol&quot;:&quot;Unknown&quot;,&quot;amount&quot;:3750.0,&quot;payment_date&quot;:&quot;2026-01-15&quot;,&quot;notes&quot;:null,&quot;proof_url&quot;:null,&quot;recorded_by&quot;:&quot;&quot;},{&quot;id&quot;:&quot;f2644a73-c9ef-4d59-99cd-2dd7eee1b70a&quot;,&quot;type&quot;:&quot;client&quot;,&quot;direction&quot;:&quot;received&quot;,&quot;entity_id&quot;:&quot;3c8a8ebb-f44c-4b15-a428-6206cfd9dadf&quot;,&quot;entity_name&quot;:&quot;TEST_Client_InvBlock&quot;,&quot;reference_id&quot;:&quot;db4b79cb-499d-4716-951a-522c88e8ce31&quot;,&quot;reference_number&quot;:&quot;BK-2026-00023&quot;,&quot;stock_symbol&quot;:&quot;Unknown&quot;,&quot;amount&quot;:3250.0,&quot;payment_date&quot;:&quot;2026-01-15&quot;,&quot;notes&quot;:null,&quot;proof_url&quot;:null,&quot;recorded_by&quot;:&quot;&quot;},{&quot;id&quot;:&quot;17a9e1bc-0d48-47ac-968b-341eee7c8840&quot;,&quot;type&quot;:&quot;client&quot;,&quot;direction&quot;:&quot;received&quot;,&quot;entity_id&quot;:&quot;6d85f81b-92b8-431f-882b-e9b10af8de47&quot;,&quot;entity_name&quot;:&quot;TEST_Client_InvBlock&quot;,&quot;reference_id&quot;:&quot;0ac75501-5bbe-464c-b1cf-d24bbc9b586a&quot;,&quot;reference_number&quot;:&quot;BK-2026-00024&quot;,&quot;stock_symbol&quot;:&quot;Unknown&quot;,&quot;amount&quot;:3750.0,&quot;payment_date&quot;:&quot;2026-01-15&quot;,&quot;notes&quot;:null,&quot;proof_url&quot;:null,&quot;recorded_by&quot;:&quot;&quot;},{&quot;id&quot;:&quot;978358de-7419-4c5a-a118-6ede4e43b8fa&quot;,&quot;type&quot;:&quot;client&quot;,&quot;direction&quot;:&quot;received&quot;,&quot;entity_id&quot;:&quot;587bad5c-1e37-41f0-9304-217701af3a17&quot;,&quot;entity_name&quot;:&quot;PE Desk Test Proprietor&quot;,&quot;reference_id&quot;:&quot;c013d373-d4ca-4ec6-9677-af6feb3ff56a&quot;,&quot;reference_number&quot;:&quot;BK-2026-00029&quot;,&quot;stock_symbol&quot;:&quot;TESTSTOCK&quot;,&quot;amount&quot;:50.0,&quot;payment_date&quot;:&quot;2026-01-04&quot;,&quot;notes&quot;:&quot;Test payment via API&quot;,&quot;proof_url&quot;:null,&quot;recorded_by&quot;:&quot;PE Desk Super Admin&quot;}]&#10;assert 200 == 403&#10; +  where 200 = &lt;Response [200]&gt;.status_code">backend/tests/test_rbac_permission_enforcement.py:316: in test_viewer_denied_finance_payments
    assert response.status_code == 403, f"Viewer should be denied finance payments: {response.status_code} - {response.text}"
E   AssertionError: Viewer should be denied finance payments: 200 - [{"id":"049ad647-0609-4bdd-bd00-7df95c66e884","type":"client","direction":"received","entity_id":"587bad5c-1e37-41f0-9304-217701af3a17","entity_name":"PE Desk Test Proprietor","reference_id":"c013d373-d4ca-4ec6-9677-af6feb3ff56a","reference_number":"BK-2026-00029","stock_symbol":"TESTSTOCK","amount":25.0,"payment_date":"2026-02-03","notes":"Test re-entry","proof_url":null,"recorded_by":"PE Desk Super Admin"},{"id":"c8e43d55-bea5-41ef-b90f-de6a1d559581","type":"client","direction":"received","entity_id":"d4b920a8-9523-46f0-a267-4e26067c96e5","entity_name":"TEST_BookingType_Client","reference_id":"77076703-45f2-4911-90a6-bf58febf321c","reference_number":"BK-2026-00025","stock_symbol":"TESTSTOCK","amount":1000.0,"payment_date":"2026-02-02","notes":"First payment test","proof_url":null,"recorded_by":"PE Desk Super Admin"},{"id":"214baa44-f82d-4293-b975-7c493b618633","type":"client","direction":"received","entity_id":"587bad5c-1e37-41f0-9304-217701af3a17","entity_name":"PE Desk Test Proprietor","reference_id":"c013d373-d4ca-4ec6-9677-af6feb3ff56a","reference_number":"BK-2026-00029","stock_symbol":"TESTSTOCK","amount":100.0,"payment_date":"2026-02-02","notes":"Test payment","proof_url":null,"recorded_by":"PE Desk Super Admin"},{"id":"4467db31-02cd-4e76-89fb-e52f2985375d","type":"vendor","direction":"sent","entity_id":"01ec201c-ca1e-40c2-bfb8-9a94f1f973fe","entity_name":"Test Vendor 221440","reference_id":"288bb4c1-0a8e-4e20-a139-a8e70942ccaa","reference_number":"PO-20260131-288BB4C1","stock_symbol":"TESTSTOCK","amount":5000,"payment_date":"2026-02-01","notes":null,"proof_url":null,"recorded_by":"49202979-3285-436f-a37a-e8a1d6b1962e","tcs_amount":0,"tcs_applicable":false},{"id":"74269e99-b567-4ec4-b16f-46cb5b17038b","type":"vendor","direction":"sent","entity_id":"01ec201c-ca1e-40c2-bfb8-9a94f1f973fe","entity_name":"Test Vendor 221440","reference_id":"288bb4c1-0a8e-4e20-a139-a8e70942ccaa","reference_number":"PO-20260131-288BB4C1","stock_symbol":"TESTSTOCK","amount":1000.0,"payment_date":"2026-02-01","notes":null,"proof_url":null,"recorded_by":"49202979-3285-436f-a37a-e8a1d6b1962e","tcs_amount":0,"tcs_applicable":false},{"id":"3e8c2860-161a-4d4c-8481-bfe02144452e","type":"vendor","direction":"sent","entity_id":"01ec201c-ca1e-40c2-bfb8-9a94f1f973fe","entity_name":"Test Vendor 221440","reference_id":"288bb4c1-0a8e-4e20-a139-a8e70942ccaa","reference_number":"PO-20260131-288BB4C1","stock_symbol":"TESTSTOCK","amount":1000.0,"payment_date":"2026-02-01","notes":null,"proof_url":null,"recorded_by":"49202979-3285-436f-a37a-e8a1d6b1962e","tcs_amount":0,"tcs_applicable":false},{"id":"4b92714e-0c05-41a9-83c9-6e534111bebb","type":"vendor","direction":"sent","entity_id":"01ec201c-ca1e-40c2-bfb8-9a94f1f973fe","entity_name":"Test Vendor 221440","reference_id":"288bb4c1-0a8e-4e20-a139-a8e70942ccaa","reference_number":"PO-20260131-288BB4C1","stock_symbol":"TESTSTOCK","amount":1000.0,"payment_date":"2026-02-01","notes":null,"proof_url":null,"recorded_by":"49202979-3285-436f-a37a-e8a1d6b1962e","tcs_amount":0,"tcs_applicable":false},{"id":"726bd6c7-ec2e-43b0-a2b4-bdeff44a82ab","type":"vendor","direction":"sent","entity_id":"01ec201c-ca1e-40c2-bfb8-9a94f1f973fe","entity_name":"Test Vendor 221440","reference_id":"288bb4c1-0a8e-4e20-a139-a8e70942ccaa","reference_number":"PO-20260131-288BB4C1","stock_symbol":"TESTSTOCK","amount":2000.0,"payment_date":"2026-02-01","notes":null,"proof_url":null,"recorded_by":"49202979-3285-436f-a37a-e8a1d6b1962e","tcs_amount":0,"tcs_applicable":false},{"id":"4ca4c270-677e-4037-b828-f2a494a39c6c","type":"client","direction":"received","entity_id":"d4b920a8-9523-46f0-a267-4e26067c96e5","entity_name":"TEST_BookingType_Client","reference_id":"f4c525cf-746f-49e1-b5c3-ac1ce588af91","reference_number":"BK-2026-00001","stock_symbol":"TESTSTOCK","amount":110.0,"payment_date":"2026-01-24","notes":null,"proof_url":null,"recorded_by":""},{"id":"f93ab773-8130-4fca-b6bf-809a2cb8d3b0","type":"client","direction":"received","entity_id":"6354d96a-5fd5-4267-a0d1-516b9f4d5be8","entity_name":"TEST_Client_InvBlock","reference_id":"0196bce2-24be-4b4f-affd-d321bbec2669","reference_number":"BK-2026-00019","stock_symbol":"Unknown","amount":3250.0,"payment_date":"2026-01-15","notes":null,"proof_url":null,"recorded_by":""},{"id":"5da10570-9360-462a-8520-2ab7b0756ff5","type":"client","direction":"received","entity_id":"cbc8c471-ef76-4211-b214-264e0a1f2d31","entity_name":"TEST_Client_InvBlock","reference_id":"9e4e8b85-be9f-4b1c-a1c1-169f664232f7","reference_number":"BK-2026-00020","stock_symbol":"Unknown","amount":3750.0,"payment_date":"2026-01-15","notes":null,"proof_url":null,"recorded_by":""},{"id":"5647ae4f-bf7b-4ff2-b733-f2737e7d4210","type":"client","direction":"received","entity_id":"9f13a9ac-ac62-4c93-8d69-4f972173ec1e","entity_name":"TEST_Client_InvBlock","reference_id":"0b7724aa-ec07-477a-8e31-b0a71bba8c98","reference_number":"BK-2026-00021","stock_symbol":"Unknown","amount":3250.0,"payment_date":"2026-01-15","notes":null,"proof_url":null,"recorded_by":""},{"id":"f0b54505-726b-4cb2-af21-806ee7fe9dd2","type":"client","direction":"received","entity_id":"295c941f-a9e9-45cb-b65a-61e5ba850af0","entity_name":"TEST_Client_InvBlock","reference_id":"a73edb07-141d-4652-80a5-ad535e764dbc","reference_number":"BK-2026-00022","stock_symbol":"Unknown","amount":3750.0,"payment_date":"2026-01-15","notes":null,"proof_url":null,"recorded_by":""},{"id":"f2644a73-c9ef-4d59-99cd-2dd7eee1b70a","type":"client","direction":"received","entity_id":"3c8a8ebb-f44c-4b15-a428-6206cfd9dadf","entity_name":"TEST_Client_InvBlock","reference_id":"db4b79cb-499d-4716-951a-522c88e8ce31","reference_number":"BK-2026-00023","stock_symbol":"Unknown","amount":3250.0,"payment_date":"2026-01-15","notes":null,"proof_url":null,"recorded_by":""},{"id":"17a9e1bc-0d48-47ac-968b-341eee7c8840","type":"client","direction":"received","entity_id":"6d85f81b-92b8-431f-882b-e9b10af8de47","entity_name":"TEST_Client_InvBlock","reference_id":"0ac75501-5bbe-464c-b1cf-d24bbc9b586a","reference_number":"BK-2026-00024","stock_symbol":"Unknown","amount":3750.0,"payment_date":"2026-01-15","notes":null,"proof_url":null,"recorded_by":""},{"id":"978358de-7419-4c5a-a118-6ede4e43b8fa","type":"client","direction":"received","entity_id":"587bad5c-1e37-41f0-9304-217701af3a17","entity_name":"PE Desk Test Proprietor","reference_id":"c013d373-d4ca-4ec6-9677-af6feb3ff56a","reference_number":"BK-2026-00029","stock_symbol":"TESTSTOCK","amount":50.0,"payment_date":"2026-01-04","notes":"Test payment via API","proof_url":null,"recorded_by":"PE Desk Super Admin"}]
E   assert 200 == 403
E    +  where 200 = &lt;Response [200]&gt;.status_code</failure></testcase><testcase classname="backend.tests.test_rbac_permission_enforcement.TestRBACPermissionEnforcement" name="test_pe_desk_can_access_inventory" time="0.038" /><testcase classname="backend.tests.test_rbac_permission_enforcement.TestRBACPermissionEnforcement" name="test_viewer_can_access_inventory_view" time="0.040" /><testcase classname="backend.tests.test_rbac_permission_enforcement.TestRBACPermissionEnforcement" name="test_viewer_denied_inventory_recalculate" time="0.036" /><testcase classname="backend.tests.test_rbac_permission_enforcement.TestRBACPermissionEnforcement" name="test_pe_desk_can_access_clients" time="0.046" /><testcase classname="backend.tests.test_rbac_permission_enforcement.TestRBACPermissionEnforcement" name="test_viewer_can_access_clients_view" time="0.040" /><testcase classname="backend.tests.test_rbac_permission_enforcement.TestRBACPermissionEnforcement" name="test_pe_desk_can_access_stocks" time="0.039" /><testcase classname="backend.tests.test_rbac_permission_enforcement.TestRBACPermissionEnforcement" name="test_viewer_can_access_stocks_view" time="0.036" /><testcase classname="backend.tests.test_rbac_permission_enforcement.TestRBACPermissionEnforcement" name="test_pe_desk_can_access_purchases" time="0.039" /><testcase classname="backend.tests.test_rbac_permission_enforcement.TestRBACPermissionEnforcement" name="test_viewer_denied_purchases" time="0.043"><failure message="AssertionError: Viewer should be denied purchases: 200 - [{&quot;id&quot;:&quot;288bb4c1-0a8e-4e20-a139-a8e70942ccaa&quot;,&quot;vendor_id&quot;:&quot;01ec201c-ca1e-40c2-bfb8-9a94f1f973fe&quot;,&quot;vendor_name&quot;:&quot;Test Vendor 221440&quot;,&quot;stock_id&quot;:&quot;2afa35d2-54c8-440b-8a3e-bae399ed435a&quot;,&quot;stock_symbol&quot;:&quot;TESTSTOCK&quot;,&quot;quantity&quot;:250,&quot;price_per_share&quot;:125.5,&quot;price_per_unit&quot;:null,&quot;total_amount&quot;:31375.0,&quot;purchase_date&quot;:null,&quot;purchase_number&quot;:&quot;PO-20260131-288BB4C1&quot;,&quot;notes&quot;:&quot;Test purchase with email&quot;,&quot;created_at&quot;:&quot;2026-01-31T11:02:00.838758+00:00&quot;,&quot;created_by&quot;:&quot;49202979-3285-436f-a37a-e8a1d6b1962e&quot;,&quot;created_by_name&quot;:&quot;PE Desk Super Admin&quot;,&quot;payments&quot;:[],&quot;total_paid&quot;:10000.0,&quot;payment_status&quot;:&quot;partial&quot;,&quot;status&quot;:&quot;pending&quot;,&quot;dp_status&quot;:null,&quot;dp_type&quot;:null,&quot;dp_receivable_at&quot;:null,&quot;dp_received_at&quot;:null},{&quot;id&quot;:&quot;cbdc3c34-653a-405c-a6ad-df4c149363e4&quot;,&quot;vendor_id&quot;:&quot;01ec201c-ca1e-40c2-bfb8-9a94f1f973fe&quot;,&quot;vendor_name&quot;:&quot;Test Vendor 221440&quot;,&quot;stock_id&quot;:&quot;2afa35d2-54c8-440b-8a3e-bae399ed435a&quot;,&quot;stock_symbol&quot;:&quot;TESTSTOCK&quot;,&quot;quantity&quot;:500,&quot;price_per_share&quot;:99.99,&quot;price_per_unit&quot;:null,&quot;total_amount&quot;:49995.0,&quot;purchase_date&quot;:null,&quot;purchase_number&quot;:&quot;PO-20260131-CBDC3C34&quot;,&quot;notes&quot;:&quot;Second test purchase&quot;,&quot;created_at&quot;:&quot;2026-01-31T09:01:29.532565+00:00&quot;,&quot;created_by&quot;:&quot;49202979-3285-436f-a37a-e8a1d6b1962e&quot;,&quot;created_by_name&quot;:&quot;PE Desk Super Admin&quot;,&quot;payments&quot;:[],&quot;total_paid&quot;:0.0,&quot;payment_status&quot;:&quot;pending&quot;,&quot;status&quot;:&quot;pending&quot;,&quot;dp_status&quot;:null,&quot;dp_type&quot;:null,&quot;dp_receivable_at&quot;:null,&quot;dp_received_at&quot;:null},{&quot;id&quot;:&quot;bab9277f-0c74-4641-8b74-564cc41c66d2&quot;,&quot;vendor_id&quot;:&quot;01ec201c-ca1e-40c2-bfb8-9a94f1f973fe&quot;,&quot;vendor_name&quot;:&quot;Test Vendor 221440&quot;,&quot;stock_id&quot;:&quot;2afa35d2-54c8-440b-8a3e-bae399ed435a&quot;,&quot;stock_symbol&quot;:&quot;TESTSTOCK&quot;,&quot;quantity&quot;:100,&quot;price_per_share&quot;:50.75,&quot;price_per_unit&quot;:null,&quot;total_amount&quot;:5075.0,&quot;purchase_date&quot;:null,&quot;purchase_number&quot;:&quot;PO-20260131-BAB9277F&quot;,&quot;notes&quot;:&quot;Test purchase&quot;,&quot;created_at&quot;:&quot;2026-01-31T08:57:06.555585+00:00&quot;,&quot;created_by&quot;:&quot;49202979-3285-436f-a37a-e8a1d6b1962e&quot;,&quot;created_by_name&quot;:&quot;PE Desk Super Admin&quot;,&quot;payments&quot;:[],&quot;total_paid&quot;:0.0,&quot;payment_status&quot;:&quot;pending&quot;,&quot;status&quot;:&quot;pending&quot;,&quot;dp_status&quot;:null,&quot;dp_type&quot;:null,&quot;dp_receivable_at&quot;:null,&quot;dp_received_at&quot;:null},{&quot;id&quot;:&quot;d43bfa55-04d4-4f6a-bde6-cba3a3c0bacb&quot;,&quot;vendor_id&quot;:&quot;c95ba688-9229-4137-8244-c45b1281c5c5&quot;,&quot;vendor_name&quot;:&quot;TEST_Vendor_BookingType&quot;,&quot;stock_id&quot;:&quot;2afa35d2-54c8-440b-8a3e-bae399ed435a&quot;,&quot;stock_symbol&quot;:&quot;TESTSTOCK&quot;,&quot;quantity&quot;:100,&quot;price_per_share&quot;:null,&quot;price_per_unit&quot;:50.75,&quot;total_amount&quot;:5075.0,&quot;purchase_date&quot;:&quot;2026-01-26&quot;,&quot;purchase_number&quot;:null,&quot;notes&quot;:null,&quot;created_at&quot;:&quot;2026-01-26T16:02:33.072023+00:00&quot;,&quot;created_by&quot;:&quot;49202979-3285-436f-a37a-e8a1d6b1962e&quot;,&quot;created_by_name&quot;:null,&quot;payments&quot;:[],&quot;total_paid&quot;:0.0,&quot;payment_status&quot;:&quot;pending&quot;,&quot;status&quot;:&quot;pending&quot;,&quot;dp_status&quot;:null,&quot;dp_type&quot;:null,&quot;dp_receivable_at&quot;:null,&quot;dp_received_at&quot;:null},{&quot;id&quot;:&quot;0181b446-69a1-4418-b0db-d3571986966b&quot;,&quot;vendor_id&quot;:&quot;19d027f7-ceef-45cc-b80f-b6552c79600b&quot;,&quot;vendor_name&quot;:&quot;TEST_Vendor_InvBlock&quot;,&quot;stock_id&quot;:&quot;a36b8186-8583-4032-8fa7-5b94af7fb858&quot;,&quot;stock_symbol&quot;:&quot;Unknown&quot;,&quot;quantity&quot;:1000,&quot;price_per_share&quot;:null,&quot;price_per_unit&quot;:100.0,&quot;total_amount&quot;:100000.0,&quot;purchase_date&quot;:&quot;2026-01-15&quot;,&quot;purchase_number&quot;:null,&quot;notes&quot;:null,&quot;created_at&quot;:&quot;2026-01-24T22:46:09.385957+00:00&quot;,&quot;created_by&quot;:&quot;7a6e7aef-3e41-415e-b1c5-5612efc8b786&quot;,&quot;created_by_name&quot;:null,&quot;payments&quot;:[],&quot;total_paid&quot;:0.0,&quot;payment_status&quot;:&quot;pending&quot;,&quot;status&quot;:&quot;pending&quot;,&quot;dp_status&quot;:null,&quot;dp_type&quot;:null,&quot;dp_receivable_at&quot;:null,&quot;dp_received_at&quot;:null},{&quot;id&quot;:&quot;37b3f073-8399-4965-8c25-e3155facd10f&quot;,&quot;vendor_id&quot;:&quot;3ef545b3-10c2-419b-ba51-2413560c395a&quot;,&quot;vendor_name&quot;:&quot;TEST_Vendor_InvBlock&quot;,&quot;stock_id&quot;:&quot;82e5cb43-ca57-4007-9084-6b00aa96b7fb&quot;,&quot;stock_symbol&quot;:&quot;Unknown&quot;,&quot;quantity&quot;:1000,&quot;price_per_share&quot;:null,&quot;price_per_unit&quot;:100.0,&quot;total_amount&quot;:100000.0,&quot;purchase_date&quot;:&quot;2026-01-15&quot;,&quot;purchase_number&quot;:null,&quot;notes&quot;:null,&quot;created_at&quot;:&quot;2026-01-24T22:46:08.807881+00:00&quot;,&quot;created_by&quot;:&quot;7a6e7aef-3e41-415e-b1c5-5612efc8b786&quot;,&quot;created_by_name&quot;:null,&quot;payments&quot;:[],&quot;total_paid&quot;:0.0,&quot;payment_status&quot;:&quot;pending&quot;,&quot;status&quot;:&quot;pending&quot;,&quot;dp_status&quot;:null,&quot;dp_type&quot;:null,&quot;dp_receivable_at&quot;:null,&quot;dp_received_at&quot;:null},{&quot;id&quot;:&quot;f7ab86c3-9eea-46e0-9222-2f2f79638b76&quot;,&quot;vendor_id&quot;:&quot;5ca6db98-3b8b-48b8-85b8-3ab15910b223&quot;,&quot;vendor_name&quot;:&quot;TEST_Vendor_InvBlock&quot;,&quot;stock_id&quot;:&quot;2cb490cb-2921-4fb5-b9d5-9d2f087b81d3&quot;,&quot;stock_symbol&quot;:&quot;Unknown&quot;,&quot;quantity&quot;:1000,&quot;price_per_share&quot;:null,&quot;price_per_unit&quot;:100.0,&quot;total_amount&quot;:100000.0,&quot;purchase_date&quot;:&quot;2026-01-15&quot;,&quot;purchase_number&quot;:null,&quot;notes&quot;:null,&quot;created_at&quot;:&quot;2026-01-24T22:46:07.995402+00:00&quot;,&quot;created_by&quot;:&quot;7a6e7aef-3e41-415e-b1c5-5612efc8b786&quot;,&quot;created_by_name&quot;:null,&quot;payments&quot;:[],&quot;total_paid&quot;:0.0,&quot;payment_status&quot;:&quot;pending&quot;,&quot;status&quot;:&quot;pending&quot;,&quot;dp_status&quot;:null,&quot;dp_type&quot;:null,&quot;dp_receivable_at&quot;:null,&quot;dp_received_at&quot;:null},{&quot;id&quot;:&quot;ac8ecb10-b1b8-44f2-b00c-b3468df5f532&quot;,&quot;vendor_id&quot;:&quot;f3cffc10-f9b2-4924-a9e0-1fc4e66c0a46&quot;,&quot;vendor_name&quot;:&quot;TEST_Vendor_InvBlock&quot;,&quot;stock_id&quot;:&quot;3776422c-f54f-493f-922b-bf865fd98bd6&quot;,&quot;stock_symbol&quot;:&quot;Unknown&quot;,&quot;quantity&quot;:1000,&quot;price_per_share&quot;:null,&quot;price_per_unit&quot;:100.0,&quot;total_amount&quot;:100000.0,&quot;purchase_date&quot;:&quot;2026-01-15&quot;,&quot;purchase_number&quot;:null,&quot;notes&quot;:null,&quot;created_at&quot;:&quot;2026-01-24T22:46:07.372579+00:00&quot;,&quot;created_by&quot;:&quot;7a6e7aef-3e41-415e-b1c5-5612efc8b786&quot;,&quot;created_by_name&quot;:null,&quot;payments&quot;:[],&quot;total_paid&quot;:0.0,&quot;payment_status&quot;:&quot;pending&quot;,&quot;status&quot;:&quot;pending&quot;,&quot;dp_status&quot;:null,&quot;dp_type&quot;:null,&quot;dp_receivable_at&quot;:null,&quot;dp_received_at&quot;:null},{&quot;id&quot;:&quot;8756400d-d3ec-4637-92b8-2b0c792ab599&quot;,&quot;vendor_id&quot;:&quot;ff413bdb-203d-4552-b3ae-00a9a02dd3ba&quot;,&quot;vendor_name&quot;:&quot;TEST_Vendor_InvBlock&quot;,&quot;stock_id&quot;:&quot;336ba43d-4fe3-4b42-bfaf-01b9b0781ff7&quot;,&quot;stock_symbol&quot;:&quot;Unknown&quot;,&quot;quantity&quot;:1000,&quot;price_per_share&quot;:null,&quot;price_per_unit&quot;:100.0,&quot;total_amount&quot;:100000.0,&quot;purchase_date&quot;:&quot;2026-01-15&quot;,&quot;purchase_number&quot;:null,&quot;notes&quot;:null,&quot;created_at&quot;:&quot;2026-01-24T22:46:06.647501+00:00&quot;,&quot;created_by&quot;:&quot;7a6e7aef-3e41-415e-b1c5-5612efc8b786&quot;,&quot;created_by_name&quot;:null,&quot;payments&quot;:[],&quot;total_paid&quot;:0.0,&quot;payment_status&quot;:&quot;pending&quot;,&quot;status&quot;:&quot;pending&quot;,&quot;dp_status&quot;:null,&quot;dp_type&quot;:null,&quot;dp_receivable_at&quot;:null,&quot;dp_received_at&quot;:null},{&quot;id&quot;:&quot;1ed201f5-1875-4a4a-97a5-e1ae906385a2&quot;,&quot;vendor_id&quot;:&quot;fd73b44d-35f2-4940-a770-a417da7c463f&quot;,&quot;vendor_name&quot;:&quot;TEST_Vendor_InvBlock&quot;,&quot;stock_id&quot;:&quot;6aabb82f-539a-4bea-8b87-a279c0a506bc&quot;,&quot;stock_symbol&quot;:&quot;Unknown&quot;,&quot;quantity&quot;:1000,&quot;price_per_share&quot;:null,&quot;price_per_unit&quot;:100.0,&quot;total_amount&quot;:100000.0,&quot;purchase_date&quot;:&quot;2026-01-15&quot;,&quot;purchase_number&quot;:null,&quot;notes&quot;:null,&quot;created_at&quot;:&quot;2026-01-24T22:46:05.885387+00:00&quot;,&quot;created_by&quot;:&quot;7a6e7aef-3e41-415e-b1c5-5612efc8b786&quot;,&quot;created_by_name&quot;:null,&quot;payments&quot;:[],&quot;total_paid&quot;:0.0,&quot;payment_status&quot;:&quot;pending&quot;,&quot;status&quot;:&quot;pending&quot;,&quot;dp_status&quot;:null,&quot;dp_type&quot;:null,&quot;dp_receivable_at&quot;:null,&quot;dp_received_at&quot;:null},{&quot;id&quot;:&quot;7e8be465-caee-4132-9295-1f872cfd71c4&quot;,&quot;vendor_id&quot;:&quot;4a2ffb08-d79b-4f35-ade6-529aa1b4516c&quot;,&quot;vendor_name&quot;:&quot;TEST_Vendor_InvBlock&quot;,&quot;stock_id&quot;:&quot;4f36b58c-9ed7-4ba3-906f-8f4e4e7af63a&quot;,&quot;stock_symbol&quot;:&quot;Unknown&quot;,&quot;quantity&quot;:1000,&quot;price_per_share&quot;:null,&quot;price_per_unit&quot;:100.0,&quot;total_amount&quot;:100000.0,&quot;purchase_date&quot;:&quot;2026-01-15&quot;,&quot;purchase_number&quot;:null,&quot;notes&quot;:null,&quot;created_at&quot;:&quot;2026-01-24T22:46:05.437628+00:00&quot;,&quot;created_by&quot;:&quot;7a6e7aef-3e41-415e-b1c5-5612efc8b786&quot;,&quot;created_by_name&quot;:null,&quot;payments&quot;:[],&quot;total_paid&quot;:0.0,&quot;payment_status&quot;:&quot;pending&quot;,&quot;status&quot;:&quot;pending&quot;,&quot;dp_status&quot;:null,&quot;dp_type&quot;:null,&quot;dp_receivable_at&quot;:null,&quot;dp_received_at&quot;:null},{&quot;id&quot;:&quot;bdf72099-421a-40d1-8bd0-1a8ef5194f5c&quot;,&quot;vendor_id&quot;:&quot;c6caead5-3536-4067-b863-3e3dd51a2f73&quot;,&quot;vendor_name&quot;:&quot;TEST_Vendor_InvBlock&quot;,&quot;stock_id&quot;:&quot;21fca56c-caa3-4683-9222-087c2b991ecc&quot;,&quot;stock_symbol&quot;:&quot;Unknown&quot;,&quot;quantity&quot;:1000,&quot;price_per_share&quot;:null,&quot;price_per_unit&quot;:100.0,&quot;total_amount&quot;:100000.0,&quot;purchase_date&quot;:&quot;2026-01-15&quot;,&quot;purchase_number&quot;:null,&quot;notes&quot;:null,&quot;created_at&quot;:&quot;2026-01-24T22:43:35.203704+00:00&quot;,&quot;created_by&quot;:&quot;7a6e7aef-3e41-415e-b1c5-5612efc8b786&quot;,&quot;created_by_name&quot;:null,&quot;payments&quot;:[],&quot;total_paid&quot;:0.0,&quot;payment_status&quot;:&quot;pending&quot;,&quot;status&quot;:&quot;pending&quot;,&quot;dp_status&quot;:null,&quot;dp_type&quot;:null,&quot;dp_receivable_at&quot;:null,&quot;dp_received_at&quot;:null},{&quot;id&quot;:&quot;478e5e3e-b86e-4eae-b908-779f97bb2c8b&quot;,&quot;vendor_id&quot;:&quot;6cb1a520-1ae2-4485-99f0-6e5545d2bf37&quot;,&quot;vendor_name&quot;:&quot;TEST_Vendor_InvBlock&quot;,&quot;stock_id&quot;:&quot;64e77262-6f9a-41c8-b15d-d6f056906368&quot;,&quot;stock_symbol&quot;:&quot;Unknown&quot;,&quot;quantity&quot;:1000,&quot;price_per_share&quot;:null,&quot;price_per_unit&quot;:100.0,&quot;total_amount&quot;:100000.0,&quot;purchase_date&quot;:&quot;2026-01-15&quot;,&quot;purchase_number&quot;:null,&quot;notes&quot;:null,&quot;created_at&quot;:&quot;2026-01-24T22:43:34.564987+00:00&quot;,&quot;created_by&quot;:&quot;7a6e7aef-3e41-415e-b1c5-5612efc8b786&quot;,&quot;created_by_name&quot;:null,&quot;payments&quot;:[],&quot;total_paid&quot;:0.0,&quot;payment_status&quot;:&quot;pending&quot;,&quot;status&quot;:&quot;pending&quot;,&quot;dp_status&quot;:null,&quot;dp_type&quot;:null,&quot;dp_receivable_at&quot;:null,&quot;dp_received_at&quot;:null},{&quot;id&quot;:&quot;0a017de3-f7b9-4b3d-9d77-4e9f13dfd266&quot;,&quot;vendor_id&quot;:&quot;0028e2e7-d7a0-4370-82af-dd869acd4728&quot;,&quot;vendor_name&quot;:&quot;TEST_Vendor_InvBlock&quot;,&quot;stock_id&quot;:&quot;5bd3fb59-767e-4631-a313-fe6e801c1659&quot;,&quot;stock_symbol&quot;:&quot;Unknown&quot;,&quot;quantity&quot;:1000,&quot;price_per_share&quot;:null,&quot;price_per_unit&quot;:100.0,&quot;total_amount&quot;:100000.0,&quot;purchase_date&quot;:&quot;2026-01-15&quot;,&quot;purchase_number&quot;:null,&quot;notes&quot;:null,&quot;created_at&quot;:&quot;2026-01-24T22:43:33.459712+00:00&quot;,&quot;created_by&quot;:&quot;7a6e7aef-3e41-415e-b1c5-5612efc8b786&quot;,&quot;created_by_name&quot;:null,&quot;payments&quot;:[],&quot;total_paid&quot;:0.0,&quot;payment_status&quot;:&quot;pending&quot;,&quot;status&quot;:&quot;pending&quot;,&quot;dp_status&quot;:null,&quot;dp_type&quot;:null,&quot;dp_receivable_at&quot;:null,&quot;dp_received_at&quot;:null},{&quot;id&quot;:&quot;cc1b14be-ce3a-4f4a-8677-0e3dc74f33e5&quot;,&quot;vendor_id&quot;:&quot;cc5d55f9-08ff-47a1-9737-e4d3ae625e02&quot;,&quot;vendor_name&quot;:&quot;TEST_Vendor_InvBlock&quot;,&quot;stock_id&quot;:&quot;7e1a7a0c-f239-4bed-adb5-d03ee1525ad4&quot;,&quot;stock_symbol&quot;:&quot;Unknown&quot;,&quot;quantity&quot;:1000,&quot;price_per_share&quot;:null,&quot;price_per_unit&quot;:100.0,&quot;total_amount&quot;:100000.0,&quot;purchase_date&quot;:&quot;2026-01-15&quot;,&quot;purchase_number&quot;:null,&quot;notes&quot;:null,&quot;created_at&quot;:&quot;2026-01-24T22:43:32.834448+00:00&quot;,&quot;created_by&quot;:&quot;7a6e7aef-3e41-415e-b1c5-5612efc8b786&quot;,&quot;created_by_name&quot;:null,&quot;payments&quot;:[],&quot;total_paid&quot;:0.0,&quot;payment_status&quot;:&quot;pending&quot;,&quot;status&quot;:&quot;pending&quot;,&quot;dp_status&quot;:null,&quot;dp_type&quot;:null,&quot;dp_receivable_at&quot;:null,&quot;dp_received_at&quot;:null},{&quot;id&quot;:&quot;a316c3ba-29f8-46da-9375-ff4e9bb7d32d&quot;,&quot;vendor_id&quot;:&quot;c9bee366-6076-44de-a62a-7da6a1843885&quot;,&quot;vendor_name&quot;:&quot;TEST_Vendor_InvBlock&quot;,&quot;stock_id&quot;:&quot;e052c06d-0d9e-4c97-a167-3645edae2624&quot;,&quot;stock_symbol&quot;:&quot;Unknown&quot;,&quot;quantity&quot;:1000,&quot;price_per_share&quot;:null,&quot;price_per_unit&quot;:100.0,&quot;total_amount&quot;:100000.0,&quot;purchase_date&quot;:&quot;2026-01-15&quot;,&quot;purchase_number&quot;:null,&quot;notes&quot;:null,&quot;created_at&quot;:&quot;2026-01-24T22:42:55.005235+00:00&quot;,&quot;created_by&quot;:&quot;7a6e7aef-3e41-415e-b1c5-5612efc8b786&quot;,&quot;created_by_name&quot;:null,&quot;payments&quot;:[],&quot;total_paid&quot;:0.0,&quot;payment_status&quot;:&quot;pending&quot;,&quot;status&quot;:&quot;pending&quot;,&quot;dp_status&quot;:null,&quot;dp_type&quot;:null,&quot;dp_receivable_at&quot;:null,&quot;dp_received_at&quot;:null},{&quot;id&quot;:&quot;0f1d6f0a-bf15-4e51-8256-a9c52deff0d3&quot;,&quot;vendor_id&quot;:&quot;19b051a2-9a46-42c1-8fab-9090b3751915&quot;,&quot;vendor_name&quot;:&quot;TEST_Vendor_InvBlock&quot;,&quot;stock_id&quot;:&quot;3ec593a3-a560-43e8-bd78-3328fc6e4f71&quot;,&quot;stock_symbol&quot;:&quot;Unknown&quot;,&quot;quantity&quot;:1000,&quot;price_per_share&quot;:null,&quot;price_per_unit&quot;:100.0,&quot;total_amount&quot;:100000.0,&quot;purchase_date&quot;:&quot;2026-01-15&quot;,&quot;purchase_number&quot;:null,&quot;notes&quot;:null,&quot;created_at&quot;:&quot;2026-01-24T22:42:54.274101+00:00&quot;,&quot;created_by&quot;:&quot;7a6e7aef-3e41-415e-b1c5-5612efc8b786&quot;,&quot;created_by_name&quot;:null,&quot;payments&quot;:[],&quot;total_paid&quot;:0.0,&quot;payment_status&quot;:&quot;pending&quot;,&quot;status&quot;:&quot;pending&quot;,&quot;dp_status&quot;:null,&quot;dp_type&quot;:null,&quot;dp_receivable_at&quot;:null,&quot;dp_received_at&quot;:null},{&quot;id&quot;:&quot;d62da233-7914-4a41-925c-209899551321&quot;,&quot;vendor_id&quot;:&quot;c189d64d-146f-4355-9187-ec0fa9772f0f&quot;,&quot;vendor_name&quot;:&quot;TEST_Vendor_InvBlock&quot;,&quot;stock_id&quot;:&quot;fae990df-ff1d-40c2-9134-2072aebfb54e&quot;,&quot;stock_symbol&quot;:&quot;Unknown&quot;,&quot;quantity&quot;:1000,&quot;price_per_share&quot;:null,&quot;price_per_unit&quot;:100.0,&quot;total_amount&quot;:100000.0,&quot;purchase_date&quot;:&quot;2026-01-15&quot;,&quot;purchase_number&quot;:null,&quot;notes&quot;:null,&quot;created_at&quot;:&quot;2026-01-24T22:42:53.834693+00:00&quot;,&quot;created_by&quot;:&quot;7a6e7aef-3e41-415e-b1c5-5612efc8b786&quot;,&quot;created_by_name&quot;:null,&quot;payments&quot;:[],&quot;total_paid&quot;:0.0,&quot;payment_status&quot;:&quot;pending&quot;,&quot;status&quot;:&quot;pending&quot;,&quot;dp_status&quot;:null,&quot;dp_type&quot;:null,&quot;dp_receivable_at&quot;:null,&quot;dp_received_at&quot;:null},{&quot;id&quot;:&quot;747700f6-283e-4700-9645-cb7a80624678&quot;,&quot;vendor_id&quot;:&quot;448798b8-37f9-44fc-b072-d3c87e4f9a2c&quot;,&quot;vendor_name&quot;:&quot;TEST_Vendor_InvBlock&quot;,&quot;stock_id&quot;:&quot;540ed94a-fc42-4dee-80e6-2b4645cd8ccb&quot;,&quot;stock_symbol&quot;:&quot;Unknown&quot;,&quot;quantity&quot;:1000,&quot;price_per_share&quot;:null,&quot;price_per_unit&quot;:100.0,&quot;total_amount&quot;:100000.0,&quot;purchase_date&quot;:&quot;2026-01-15&quot;,&quot;purchase_number&quot;:null,&quot;notes&quot;:null,&quot;created_at&quot;:&quot;2026-01-24T22:42:18.173792+00:00&quot;,&quot;created_by&quot;:&quot;7a6e7aef-3e41-415e-b1c5-5612efc8b786&quot;,&quot;created_by_name&quot;:null,&quot;payments&quot;:[],&quot;total_paid&quot;:0.0,&quot;payment_status&quot;:&quot;pending&quot;,&quot;status&quot;:&quot;pending&quot;,&quot;dp_status&quot;:null,&quot;dp_type&quot;:null,&quot;dp_receivable_at&quot;:null,&quot;dp_received_at&quot;:null},{&quot;id&quot;:&quot;1cebd34e-cdd5-4c4f-8b3f-9feffd803a10&quot;,&quot;vendor_id&quot;:&quot;443ecec0-7a77-491c-9a3c-6c7d021e7b86&quot;,&quot;vendor_name&quot;:&quot;TEST_Vendor_InvBlock&quot;,&quot;stock_id&quot;:&quot;80bbdc01-8f11-4b38-9089-33de25208d6a&quot;,&quot;stock_symbol&quot;:&quot;Unknown&quot;,&quot;quantity&quot;:1000,&quot;price_per_share&quot;:null,&quot;price_per_unit&quot;:100.0,&quot;total_amount&quot;:100000.0,&quot;purchase_date&quot;:&quot;2026-01-15&quot;,&quot;purchase_number&quot;:null,&quot;notes&quot;:null,&quot;created_at&quot;:&quot;2026-01-24T22:42:17.560692+00:00&quot;,&quot;created_by&quot;:&quot;7a6e7aef-3e41-415e-b1c5-5612efc8b786&quot;,&quot;created_by_name&quot;:null,&quot;payments&quot;:[],&quot;total_paid&quot;:0.0,&quot;payment_status&quot;:&quot;pending&quot;,&quot;status&quot;:&quot;pending&quot;,&quot;dp_status&quot;:null,&quot;dp_type&quot;:null,&quot;dp_receivable_at&quot;:null,&quot;dp_received_at&quot;:null},{&quot;id&quot;:&quot;3ee9e1e9-e55c-4ae2-8393-80d2fb5b0854&quot;,&quot;vendor_id&quot;:&quot;88c3a370-6cd6-43a7-8fd3-667daeb7756a&quot;,&quot;vendor_name&quot;:&quot;TEST_Vendor_InvBlock&quot;,&quot;stock_id&quot;:&quot;fdf02dd4-9ea0-4879-ab73-ec3f5a532715&quot;,&quot;stock_symbol&quot;:&quot;Unknown&quot;,&quot;quantity&quot;:1000,&quot;price_per_share&quot;:null,&quot;price_per_unit&quot;:100.0,&quot;total_amount&quot;:100000.0,&quot;purchase_date&quot;:&quot;2026-01-15&quot;,&quot;purchase_number&quot;:null,&quot;notes&quot;:null,&quot;created_at&quot;:&quot;2026-01-24T22:42:16.719221+00:00&quot;,&quot;created_by&quot;:&quot;7a6e7aef-3e41-415e-b1c5-5612efc8b786&quot;,&quot;created_by_name&quot;:null,&quot;payments&quot;:[],&quot;total_paid&quot;:0.0,&quot;payment_status&quot;:&quot;pending&quot;,&quot;status&quot;:&quot;pending&quot;,&quot;dp_status&quot;:null,&quot;dp_type&quot;:null,&quot;dp_receivable_at&quot;:null,&quot;dp_received_at&quot;:null},{&quot;id&quot;:&quot;00ef1f51-b21d-4adf-a628-cb79e5dbc490&quot;,&quot;vendor_id&quot;:&quot;53d37bf7-978f-44ef-b846-edc37d49c9af&quot;,&quot;vendor_name&quot;:&quot;TEST_Vendor_InvBlock&quot;,&quot;stock_id&quot;:&quot;7e327826-eed0-43ed-af1c-0b811d34213c&quot;,&quot;stock_symbol&quot;:&quot;Unknown&quot;,&quot;quantity&quot;:1000,&quot;price_per_share&quot;:null,&quot;price_per_unit&quot;:100.0,&quot;total_amount&quot;:100000.0,&quot;purchase_date&quot;:&quot;2026-01-15&quot;,&quot;purchase_number&quot;:null,&quot;notes&quot;:null,&quot;created_at&quot;:&quot;2026-01-24T22:42:16.113028+00:00&quot;,&quot;created_by&quot;:&quot;7a6e7aef-3e41-415e-b1c5-5612efc8b786&quot;,&quot;created_by_name&quot;:null,&quot;payments&quot;:[],&quot;total_paid&quot;:0.0,&quot;payment_status&quot;:&quot;pending&quot;,&quot;status&quot;:&quot;pending&quot;,&quot;dp_status&quot;:null,&quot;dp_type&quot;:null,&quot;dp_receivable_at&quot;:null,&quot;dp_received_at&quot;:null},{&quot;id&quot;:&quot;3cee14c3-96a1-4da5-9d51-9035d4af8a03&quot;,&quot;vendor_id&quot;:&quot;023ec313-d490-428e-ada2-7904fb7c400d&quot;,&quot;vendor_name&quot;:&quot;TEST_Vendor_InvBlock&quot;,&quot;stock_id&quot;:&quot;f1cda6a7-18f5-4f31-b43c-a75d7e5cbeba&quot;,&quot;stock_symbol&quot;:&quot;Unknown&quot;,&quot;quantity&quot;:1000,&quot;price_per_share&quot;:null,&quot;price_per_unit&quot;:100.0,&quot;total_amount&quot;:100000.0,&quot;purchase_date&quot;:&quot;2026-01-15&quot;,&quot;purchase_number&quot;:null,&quot;notes&quot;:null,&quot;created_at&quot;:&quot;2026-01-24T22:42:15.375557+00:00&quot;,&quot;created_by&quot;:&quot;7a6e7aef-3e41-415e-b1c5-5612efc8b786&quot;,&quot;created_by_name&quot;:null,&quot;payments&quot;:[],&quot;total_paid&quot;:0.0,&quot;payment_status&quot;:&quot;pending&quot;,&quot;status&quot;:&quot;pending&quot;,&quot;dp_status&quot;:null,&quot;dp_type&quot;:null,&quot;dp_receivable_at&quot;:null,&quot;dp_received_at&quot;:null},{&quot;id&quot;:&quot;c09414bb-4df1-4ad9-964f-2bd515566441&quot;,&quot;vendor_id&quot;:&quot;fce46ae8-ee50-4097-989e-b0a8ad4567a7&quot;,&quot;vendor_name&quot;:&quot;TEST_Vendor_InvBlock&quot;,&quot;stock_id&quot;:&quot;77885af9-7dd2-4235-aa66-169d6c60139f&quot;,&quot;stock_symbol&quot;:&quot;Unknown&quot;,&quot;quantity&quot;:1000,&quot;price_per_share&quot;:null,&quot;price_per_unit&quot;:100.0,&quot;total_amount&quot;:100000.0,&quot;purchase_date&quot;:&quot;2026-01-15&quot;,&quot;purchase_number&quot;:null,&quot;notes&quot;:null,&quot;created_at&quot;:&quot;2026-01-24T22:42:14.684267+00:00&quot;,&quot;created_by&quot;:&quot;7a6e7aef-3e41-415e-b1c5-5612efc8b786&quot;,&quot;created_by_name&quot;:null,&quot;payments&quot;:[],&quot;total_paid&quot;:0.0,&quot;payment_status&quot;:&quot;pending&quot;,&quot;status&quot;:&quot;pending&quot;,&quot;dp_status&quot;:null,&quot;dp_type&quot;:null,&quot;dp_receivable_at&quot;:null,&quot;dp_received_at&quot;:null},{&quot;id&quot;:&quot;51ee10c6-9c4c-42d2-a170-2135157b6139&quot;,&quot;vendor_id&quot;:&quot;53afaae7-b0fa-4ddd-8aa5-ae39ccbe5119&quot;,&quot;vendor_name&quot;:&quot;TEST_Vendor_InvBlock&quot;,&quot;stock_id&quot;:&quot;71dd836a-4e9a-487c-afb2-24929ed24f2c&quot;,&quot;stock_symbol&quot;:&quot;TESTBLK&quot;,&quot;quantity&quot;:1000,&quot;price_per_share&quot;:null,&quot;price_per_unit&quot;:100.0,&quot;total_amount&quot;:100000.0,&quot;purchase_date&quot;:&quot;2026-01-15&quot;,&quot;purchase_number&quot;:null,&quot;notes&quot;:null,&quot;created_at&quot;:&quot;2026-01-24T22:42:14.239765+00:00&quot;,&quot;created_by&quot;:&quot;7a6e7aef-3e41-415e-b1c5-5612efc8b786&quot;,&quot;created_by_name&quot;:null,&quot;payments&quot;:[],&quot;total_paid&quot;:0.0,&quot;payment_status&quot;:&quot;pending&quot;,&quot;status&quot;:&quot;pending&quot;,&quot;dp_status&quot;:null,&quot;dp_type&quot;:null,&quot;dp_receivable_at&quot;:null,&quot;dp_received_at&quot;:null},{&quot;id&quot;:&quot;9296dfee-30a7-417a-86e9-21c296a719f2&quot;,&quot;vendor_id&quot;:&quot;c95ba688-9229-4137-8244-c45b1281c5c5&quot;,&quot;vendor_name&quot;:&quot;TEST_Vendor_BookingType&quot;,&quot;stock_id&quot;:&quot;2afa35d2-54c8-440b-8a3e-bae399ed435a&quot;,&quot;stock_symbol&quot;:&quot;TESTSTOCK&quot;,&quot;quantity&quot;:1000,&quot;price_per_share&quot;:null,&quot;price_per_unit&quot;:100.0,&quot;total_amount&quot;:100000.0,&quot;purchase_date&quot;:&quot;2026-01-24&quot;,&quot;purchase_number&quot;:null,&quot;notes&quot;:&quot;Test purchase for booking type testing&quot;,&quot;created_at&quot;:&quot;2026-01-24T22:04:11.239537+00:00&quot;,&quot;created_by&quot;:&quot;7a6e7aef-3e41-415e-b1c5-5612efc8b786&quot;,&quot;created_by_name&quot;:null,&quot;payments&quot;:[],&quot;total_paid&quot;:0.0,&quot;payment_status&quot;:&quot;pending&quot;,&quot;status&quot;:&quot;pending&quot;,&quot;dp_status&quot;:null,&quot;dp_type&quot;:null,&quot;dp_receivable_at&quot;:null,&quot;dp_received_at&quot;:null}]&#10;assert 200 == 403&#10; +  where 200 = &lt;Response [200]&gt;.status_code">backend/tests/test_rbac_permission_enforcement.py:437: in test_viewer_denied_purchases
    assert response.status_code == 403, f"Viewer should be denied purchases: {response.status_code} - {response.text}"
E   AssertionError: Viewer should be denied purchases: 200 - [{"id":"288bb4c1-0a8e-4e20-a139-a8e70942ccaa","vendor_id":"01ec201c-ca1e-40c2-bfb8-9a94f1f973fe","vendor_name":"Test Vendor 221440","stock_id":"2afa35d2-54c8-440b-8a3e-bae399ed435a","stock_symbol":"TESTSTOCK","quantity":250,"price_per_share":125.5,"price_per_unit":null,"total_amount":31375.0,"purchase_date":null,"purchase_number":"PO-20260131-288BB4C1","notes":"Test purchase with email","created_at":"2026-01-31T11:02:00.838758+00:00","created_by":"49202979-3285-436f-a37a-e8a1d6b1962e","created_by_name":"PE Desk Super Admin","payments":[],"total_paid":10000.0,"payment_status":"partial","status":"pending","dp_status":null,"dp_type":null,"dp_receivable_at":null,"dp_received_at":null},{"id":"cbdc3c34-653a-405c-a6ad-df4c149363e4","vendor_id":"01ec201c-ca1e-40c2-bfb8-9a94f1f973fe","vendor_name":"Test Vendor 221440","stock_id":"2afa35d2-54c8-440b-8a3e-bae399ed435a","stock_symbol":"TESTSTOCK","quantity":500,"price_per_share":99.99,"price_per_unit":null,"total_amount":49995.0,"purchase_date":null,"purchase_number":"PO-20260131-CBDC3C34","notes":"Second test purchase","created_at":"2026-01-31T09:01:29.532565+00:00","created_by":"49202979-3285-436f-a37a-e8a1d6b1962e","created_by_name":"PE Desk Super Admin","payments":[],"total_paid":0.0,"payment_status":"pending","status":"pending","dp_status":null,"dp_type":null,"dp_receivable_at":null,"dp_received_at":null},{"id":"bab9277f-0c74-4641-8b74-564cc41c66d2","vendor_id":"01ec201c-ca1e-40c2-bfb8-9a94f1f973fe","vendor_name":"Test Vendor 221440","stock_id":"2afa35d2-54c8-440b-8a3e-bae399ed435a","stock_symbol":"TESTSTOCK","quantity":100,"price_per_share":50.75,"price_per_unit":null,"total_amount":5075.0,"purchase_date":null,"purchase_number":"PO-20260131-BAB9277F","notes":"Test purchase","created_at":"2026-01-31T08:57:06.555585+00:00","created_by":"49202979-3285-436f-a37a-e8a1d6b1962e","created_by_name":"PE Desk Super Admin","payments":[],"total_paid":0.0,"payment_status":"pending","status":"pending","dp_status":null,"dp_type":null,"dp_receivable_at":null,"dp_received_at":null},{"id":"d43bfa55-04d4-4f6a-bde6-cba3a3c0bacb","vendor_id":"c95ba688-9229-4137-8244-c45b1281c5c5","vendor_name":"TEST_Vendor_BookingType","stock_id":"2afa35d2-54c8-440b-8a3e-bae399ed435a","stock_symbol":"TESTSTOCK","quantity":100,"price_per_share":null,"price_per_unit":50.75,"total_amount":5075.0,"purchase_date":"2026-01-26","purchase_number":null,"notes":null,"created_at":"2026-01-26T16:02:33.072023+00:00","created_by":"49202979-3285-436f-a37a-e8a1d6b1962e","created_by_name":null,"payments":[],"total_paid":0.0,"payment_status":"pending","status":"pending","dp_status":null,"dp_type":null,"dp_receivable_at":null,"dp_received_at":null},{"id":"0181b446-69a1-4418-b0db-d3571986966b","vendor_id":"19d027f7-ceef-45cc-b80f-b6552c79600b","vendor_name":"TEST_Vendor_InvBlock","stock_id":"a36b8186-8583-4032-8fa7-5b94af7fb858","stock_symbol":"Unknown","quantity":1000,"price_per_share":null,"price_per_unit":100.0,"total_amount":100000.0,"purchase_date":"2026-01-15","purchase_number":null,"notes":null,"created_at":"2026-01-24T22:46:09.385957+00:00","created_by":"7a6e7aef-3e41-415e-b1c5-5612efc8b786","created_by_name":null,"payments":[],"total_paid":0.0,"payment_status":"pending","status":"pending","dp_status":null,"dp_type":null,"dp_receivable_at":null,"dp_received_at":null},{"id":"37b3f073-8399-4965-8c25-e3155facd10f","vendor_id":"3ef545b3-10c2-419b-ba51-2413560c395a","vendor_name":"TEST_Vendor_InvBlock","stock_id":"82e5cb43-ca57-4007-9084-6b00aa96b7fb","stock_symbol":"Unknown","quantity":1000,"price_per_share":null,"price_per_unit":100.0,"total_amount":100000.0,"purchase_date":"2026-01-15","purchase_number":null,"notes":null,"created_at":"2026-01-24T22:46:08.807881+00:00","created_by":"7a6e7aef-3e41-415e-b1c5-5612efc8b786","created_by_name":null,"payments":[],"total_paid":0.0,"payment_status":"pending","status":"pending","dp_status":null,"dp_type":null,"dp_receivable_at":null,"dp_received_at":null},{"id":"f7ab86c3-9eea-46e0-9222-2f2f79638b76","vendor_id":"5ca6db98-3b8b-48b8-85b8-3ab15910b223","vendor_name":"TEST_Vendor_InvBlock","stock_id":"2cb490cb-2921-4fb5-b9d5-9d2f087b81d3","stock_symbol":"Unknown","quantity":1000,"price_per_share":null,"price_per_unit":100.0,"total_amount":100000.0,"purchase_date":"2026-01-15","purchase_number":null,"notes":null,"created_at":"2026-01-24T22:46:07.995402+00:00","created_by":"7a6e7aef-3e41-415e-b1c5-5612efc8b786","created_by_name":null,"payments":[],"total_paid":0.0,"payment_status":"pending","status":"pending","dp_status":null,"dp_type":null,"dp_receivable_at":null,"dp_received_at":null},{"id":"ac8ecb10-b1b8-44f2-b00c-b3468df5f532","vendor_id":"f3cffc10-f9b2-4924-a9e0-1fc4e66c0a46","vendor_name":"TEST_Vendor_InvBlock","stock_id":"3776422c-f54f-493f-922b-bf865fd98bd6","stock_symbol":"Unknown","quantity":1000,"price_per_share":null,"price_per_unit":100.0,"total_amount":100000.0,"purchase_date":"2026-01-15","purchase_number":null,"notes":null,"created_at":"2026-01-24T22:46:07.372579+00:00","created_by":"7a6e7aef-3e41-415e-b1c5-5612efc8b786","created_by_name":null,"payments":[],"total_paid":0.0,"payment_status":"pending","status":"pending","dp_status":null,"dp_type":null,"dp_receivable_at":null,"dp_received_at":null},{"id":"8756400d-d3ec-4637-92b8-2b0c792ab599","vendor_id":"ff413bdb-203d-4552-b3ae-00a9a02dd3ba","vendor_name":"TEST_Vendor_InvBlock","stock_id":"336ba43d-4fe3-4b42-bfaf-01b9b0781ff7","stock_symbol":"Unknown","quantity":1000,"price_per_share":null,"price_per_unit":100.0,"total_amount":100000.0,"purchase_date":"2026-01-15","purchase_number":null,"notes":null,"created_at":"2026-01-24T22:46:06.647501+00:00","created_by":"7a6e7aef-3e41-415e-b1c5-5612efc8b786","created_by_name":null,"payments":[],"total_paid":0.0,"payment_status":"pending","status":"pending","dp_status":null,"dp_type":null,"dp_receivable_at":null,"dp_received_at":null},{"id":"1ed201f5-1875-4a4a-97a5-e1ae906385a2","vendor_id":"fd73b44d-35f2-4940-a770-a417da7c463f","vendor_name":"TEST_Vendor_InvBlock","stock_id":"6aabb82f-539a-4bea-8b87-a279c0a506bc","stock_symbol":"Unknown","quantity":1000,"price_per_share":null,"price_per_unit":100.0,"total_amount":100000.0,"purchase_date":"2026-01-15","purchase_number":null,"notes":null,"created_at":"2026-01-24T22:46:05.885387+00:00","created_by":"7a6e7aef-3e41-415e-b1c5-5612efc8b786","created_by_name":null,"payments":[],"total_paid":0.0,"payment_status":"pending","status":"pending","dp_status":null,"dp_type":null,"dp_receivable_at":null,"dp_received_at":null},{"id":"7e8be465-caee-4132-9295-1f872cfd71c4","vendor_id":"4a2ffb08-d79b-4f35-ade6-529aa1b4516c","vendor_name":"TEST_Vendor_InvBlock","stock_id":"4f36b58c-9ed7-4ba3-906f-8f4e4e7af63a","stock_symbol":"Unknown","quantity":1000,"price_per_share":null,"price_per_unit":100.0,"total_amount":100000.0,"purchase_date":"2026-01-15","purchase_number":null,"notes":null,"created_at":"2026-01-24T22:46:05.437628+00:00","created_by":"7a6e7aef-3e41-415e-b1c5-5612efc8b786","created_by_name":null,"payments":[],"total_paid":0.0,"payment_status":"pending","status":"pending","dp_status":null,"dp_type":null,"dp_receivable_at":null,"dp_received_at":null},{"id":"bdf72099-421a-40d1-8bd0-1a8ef5194f5c","vendor_id":"c6caead5-3536-4067-b863-3e3dd51a2f73","vendor_name":"TEST_Vendor_InvBlock","stock_id":"21fca56c-caa3-4683-9222-087c2b991ecc","stock_symbol":"Unknown","quantity":1000,"price_per_share":null,"price_per_unit":100.0,"total_amount":100000.0,"purchase_date":"2026-01-15","purchase_number":null,"notes":null,"created_at":"2026-01-24T22:43:35.203704+00:00","created_by":"7a6e7aef-3e41-415e-b1c5-5612efc8b786","created_by_name":null,"payments":[],"total_paid":0.0,"payment_status":"pending","status":"pending","dp_status":null,"dp_type":null,"dp_receivable_at":null,"dp_received_at":null},{"id":"478e5e3e-b86e-4eae-b908-779f97bb2c8b","vendor_id":"6cb1a520-1ae2-4485-99f0-6e5545d2bf37","vendor_name":"TEST_Vendor_InvBlock","stock_id":"64e77262-6f9a-41c8-b15d-d6f056906368","stock_symbol":"Unknown","quantity":1000,"price_per_share":null,"price_per_unit":100.0,"total_amount":100000.0,"purchase_date":"2026-01-15","purchase_number":null,"notes":null,"created_at":"2026-01-24T22:43:34.564987+00:00","created_by":"7a6e7aef-3e41-415e-b1c5-5612efc8b786","created_by_name":null,"payments":[],"total_paid":0.0,"payment_status":"pending","status":"pending","dp_status":null,"dp_type":null,"dp_receivable_at":null,"dp_received_at":null},{"id":"0a017de3-f7b9-4b3d-9d77-4e9f13dfd266","vendor_id":"0028e2e7-d7a0-4370-82af-dd869acd4728","vendor_name":"TEST_Vendor_InvBlock","stock_id":"5bd3fb59-767e-4631-a313-fe6e801c1659","stock_symbol":"Unknown","quantity":1000,"price_per_share":null,"price_per_unit":100.0,"total_amount":100000.0,"purchase_date":"2026-01-15","purchase_number":null,"notes":null,"created_at":"2026-01-24T22:43:33.459712+00:00","created_by":"7a6e7aef-3e41-415e-b1c5-5612efc8b786","created_by_name":null,"payments":[],"total_paid":0.0,"payment_status":"pending","status":"pending","dp_status":null,"dp_type":null,"dp_receivable_at":null,"dp_received_at":null},{"id":"cc1b14be-ce3a-4f4a-8677-0e3dc74f33e5","vendor_id":"cc5d55f9-08ff-47a1-9737-e4d3ae625e02","vendor_name":"TEST_Vendor_InvBlock","stock_id":"7e1a7a0c-f239-4bed-adb5-d03ee1525ad4","stock_symbol":"Unknown","quantity":1000,"price_per_share":null,"price_per_unit":100.0,"total_amount":100000.0,"purchase_date":"2026-01-15","purchase_number":null,"notes":null,"created_at":"2026-01-24T22:43:32.834448+00:00","created_by":"7a6e7aef-3e41-415e-b1c5-5612efc8b786","created_by_name":null,"payments":[],"total_paid":0.0,"payment_status":"pending","status":"pending","dp_status":null,"dp_type":null,"dp_receivable_at":null,"dp_received_at":null},{"id":"a316c3ba-29f8-46da-9375-ff4e9bb7d32d","vendor_id":"c9bee366-6076-44de-a62a-7da6a1843885","vendor_name":"TEST_Vendor_InvBlock","stock_id":"e052c06d-0d9e-4c97-a167-3645edae2624","stock_symbol":"Unknown","quantity":1000,"price_per_share":null,"price_per_unit":100.0,"total_amount":100000.0,"purchase_date":"2026-01-15","purchase_number":null,"notes":null,"created_at":"2026-01-24T22:42:55.005235+00:00","created_by":"7a6e7aef-3e41-415e-b1c5-5612efc8b786","created_by_name":null,"payments":[],"total_paid":0.0,"payment_status":"pending","status":"pending","dp_status":null,"dp_type":null,"dp_receivable_at":null,"dp_received_at":null},{"id":"0f1d6f0a-bf15-4e51-8256-a9c52deff0d3","vendor_id":"19b051a2-9a46-42c1-8fab-9090b3751915","vendor_name":"TEST_Vendor_InvBlock","stock_id":"3ec593a3-a560-43e8-bd78-3328fc6e4f71","stock_symbol":"Unknown","quantity":1000,"price_per_share":null,"price_per_unit":100.0,"total_amount":100000.0,"purchase_date":"2026-01-15","purchase_number":null,"notes":null,"created_at":"2026-01-24T22:42:54.274101+00:00","created_by":"7a6e7aef-3e41-415e-b1c5-5612efc8b786","created_by_name":null,"payments":[],"total_paid":0.0,"payment_status":"pending","status":"pending","dp_status":null,"dp_type":null,"dp_receivable_at":null,"dp_received_at":null},{"id":"d62da233-7914-4a41-925c-209899551321","vendor_id":"c189d64d-146f-4355-9187-ec0fa9772f0f","vendor_name":"TEST_Vendor_InvBlock","stock_id":"fae990df-ff1d-40c2-9134-2072aebfb54e","stock_symbol":"Unknown","quantity":1000,"price_per_share":null,"price_per_unit":100.0,"total_amount":100000.0,"purchase_date":"2026-01-15","purchase_number":null,"notes":null,"created_at":"2026-01-24T22:42:53.834693+00:00","created_by":"7a6e7aef-3e41-415e-b1c5-5612efc8b786","created_by_name":null,"payments":[],"total_paid":0.0,"payment_status":"pending","status":"pending","dp_status":null,"dp_type":null,"dp_receivable_at":null,"dp_received_at":null},{"id":"747700f6-283e-4700-9645-cb7a80624678","vendor_id":"448798b8-37f9-44fc-b072-d3c87e4f9a2c","vendor_name":"TEST_Vendor_InvBlock","stock_id":"540ed94a-fc42-4dee-80e6-2b4645cd8ccb","stock_symbol":"Unknown","quantity":1000,"price_per_share":null,"price_per_unit":100.0,"total_amount":100000.0,"purchase_date":"2026-01-15","purchase_number":null,"notes":null,"created_at":"2026-01-24T22:42:18.173792+00:00","created_by":"7a6e7aef-3e41-415e-b1c5-5612efc8b786","created_by_name":null,"payments":[],"total_paid":0.0,"payment_status":"pending","status":"pending","dp_status":null,"dp_type":null,"dp_receivable_at":null,"dp_received_at":null},{"id":"1cebd34e-cdd5-4c4f-8b3f-9feffd803a10","vendor_id":"443ecec0-7a77-491c-9a3c-6c7d021e7b86","vendor_name":"TEST_Vendor_InvBlock","stock_id":"80bbdc01-8f11-4b38-9089-33de25208d6a","stock_symbol":"Unknown","quantity":1000,"price_per_share":null,"price_per_unit":100.0,"total_amount":100000.0,"purchase_date":"2026-01-15","purchase_number":null,"notes":null,"created_at":"2026-01-24T22:42:17.560692+00:00","created_by":"7a6e7aef-3e41-415e-b1c5-5612efc8b786","created_by_name":null,"payments":[],"total_paid":0.0,"payment_status":"pending","status":"pending","dp_status":null,"dp_type":null,"dp_receivable_at":null,"dp_received_at":null},{"id":"3ee9e1e9-e55c-4ae2-8393-80d2fb5b0854","vendor_id":"88c3a370-6cd6-43a7-8fd3-667daeb7756a","vendor_name":"TEST_Vendor_InvBlock","stock_id":"fdf02dd4-9ea0-4879-ab73-ec3f5a532715","stock_symbol":"Unknown","quantity":1000,"price_per_share":null,"price_per_unit":100.0,"total_amount":100000.0,"purchase_date":"2026-01-15","purchase_number":null,"notes":null,"created_at":"2026-01-24T22:42:16.719221+00:00","created_by":"7a6e7aef-3e41-415e-b1c5-5612efc8b786","created_by_name":null,"payments":[],"total_paid":0.0,"payment_status":"pending","status":"pending","dp_status":null,"dp_type":null,"dp_receivable_at":null,"dp_received_at":null},{"id":"00ef1f51-b21d-4adf-a628-cb79e5dbc490","vendor_id":"53d37bf7-978f-44ef-b846-edc37d49c9af","vendor_name":"TEST_Vendor_InvBlock","stock_id":"7e327826-eed0-43ed-af1c-0b811d34213c","stock_symbol":"Unknown","quantity":1000,"price_per_share":null,"price_per_unit":100.0,"total_amount":100000.0,"purchase_date":"2026-01-15","purchase_number":null,"notes":null,"created_at":"2026-01-24T22:42:16.113028+00:00","created_by":"7a6e7aef-3e41-415e-b1c5-5612efc8b786","created_by_name":null,"payments":[],"total_paid":0.0,"payment_status":"pending","status":"pending","dp_status":null,"dp_type":null,"dp_receivable_at":null,"dp_received_at":null},{"id":"3cee14c3-96a1-4da5-9d51-9035d4af8a03","vendor_id":"023ec313-d490-428e-ada2-7904fb7c400d","vendor_name":"TEST_Vendor_InvBlock","stock_id":"f1cda6a7-18f5-4f31-b43c-a75d7e5cbeba","stock_symbol":"Unknown","quantity":1000,"price_per_share":null,"price_per_unit":100.0,"total_amount":100000.0,"purchase_date":"2026-01-15","purchase_number":null,"notes":null,"created_at":"2026-01-24T22:42:15.375557+00:00","created_by":"7a6e7aef-3e41-415e-b1c5-5612efc8b786","created_by_name":null,"payments":[],"total_paid":0.0,"payment_status":"pending","status":"pending","dp_status":null,"dp_type":null,"dp_receivable_at":null,"dp_received_at":null},{"id":"c09414bb-4df1-4ad9-964f-2bd515566441","vendor_id":"fce46ae8-ee50-4097-989e-b0a8ad4567a7","vendor_name":"TEST_Vendor_InvBlock","stock_id":"77885af9-7dd2-4235-aa66-169d6c60139f","stock_symbol":"Unknown","quantity":1000,"price_per_share":null,"price_per_unit":100.0,"total_amount":100000.0,"purchase_date":"2026-01-15","purchase_number":null,"notes":null,"created_at":"2026-01-24T22:42:14.684267+00:00","created_by":"7a6e7aef-3e41-415e-b1c5-5612efc8b786","created_by_name":null,"payments":[],"total_paid":0.0,"payment_status":"pending","status":"pending","dp_status":null,"dp_type":null,"dp_receivable_at":null,"dp_received_at":null},{"id":"51ee10c6-9c4c-42d2-a170-2135157b6139","vendor_id":"53afaae7-b0fa-4ddd-8aa5-ae39ccbe5119","vendor_name":"TEST_Vendor_InvBlock","stock_id":"71dd836a-4e9a-487c-afb2-24929ed24f2c","stock_symbol":"TESTBLK","quantity":1000,"price_per_share":null,"price_per_unit":100.0,"total_amount":100000.0,"purchase_date":"2026-01-15","purchase_number":null,"notes":null,"created_at":"2026-01-24T22:42:14.239765+00:00","created_by":"7a6e7aef-3e41-415e-b1c5-5612efc8b786","created_by_name":null,"payments":[],"total_paid":0.0,"payment_status":"pending","status":"pending","dp_status":null,"dp_type":null,"dp_receivable_at":null,"dp_received_at":null},{"id":"9296dfee-30a7-417a-86e9-21c296a719f2","vendor_id":"c95ba688-9229-4137-8244-c45b1281c5c5","vendor_name":"TEST_Vendor_BookingType","stock_id":"2afa35d2-54c8-440b-8a3e-bae399ed435a","stock_symbol":"TESTSTOCK","quantity":1000,"price_per_share":null,"price_per_unit":100.0,"total_amount":100000.0,"purchase_date":"2026-01-24","purchase_number":null,"notes":"Test purchase for booking type testing","created_at":"2026-01-24T22:04:11.239537+00:00","created_by":"7a6e7aef-3e41-415e-b1c5-5612efc8b786","created_by_name":null,"payments":[],"total_paid":0.0,"payment_status":"pending","status":"pending","dp_status":null,"dp_type":null,"dp_receivable_at":null,"dp_received_at":null}]
E   assert 200 == 403
E    +  where 200 = &lt;Response [200]&gt;.status_code</failure></testcase><testcase classname="backend.tests.test_rbac_permission_enforcement.TestRBACPermissionEnforcement" name="test_permission_denied_error_message_is_descriptive" time="0.037" /><testcase classname="backend.tests.test_rbac_permission_enforcement.TestBookingApprovalPermissions" name="test_viewer_cannot_approve_booking" time="1.562" /><testcase classname="backend.tests.test_rbac_permission_enforcement.TestBookingApprovalPermissions" name="test_viewer_cannot_void_booking" time="0.036" /><testcase classname="backend.tests.test_rbac_permission_enforcement.TestClientApprovalPermissions" name="test_viewer_cannot_approve_client" time="1.580" /><testcase classname="backend.tests.test_rbac_permission_enforcement.TestClientApprovalPermissions" name="test_viewer_cannot_delete_client" time="0.038" /><testcase classname="backend.tests.test_rbac_permission_enforcement.TestDatabaseBackupPermissions" name="test_viewer_cannot_create_backup" time="1.565" /><testcase classname="backend.tests.test_rbac_permission_enforcement.TestDatabaseBackupPermissions" name="test_viewer_cannot_clear_database" time="0.039" /></testsuite></testsuites>