<?xml version="1.0" encoding="utf-8"?><testsuites name="pytest tests"><testsuite name="pytest" errors="0" failures="0" skipped="16" tests="46" time="4.740" timestamp="2026-02-03T21:20:25.556525+00:00" hostname="agent-env-f08623ba-15e4-48da-ab07-0db0ea7999f3"><testcase classname="backend.tests.test_rbac_comprehensive_audit.TestPEAdminReportsAccess" name="test_reports_pnl" time="0.557" /><testcase classname="backend.tests.test_rbac_comprehensive_audit.TestPEAdminReportsAccess" name="test_reports_export_excel" time="0.110" /><testcase classname="backend.tests.test_rbac_comprehensive_audit.TestPEAdminReportsAccess" name="test_reports_export_pdf" time="0.088" /><testcase classname="backend.tests.test_rbac_comprehensive_audit.TestPEAdminReportsAccess" name="test_reports_pe_desk_hit" time="0.058" /><testcase classname="backend.tests.test_rbac_comprehensive_audit.TestPEAdminResearchAccess" name="test_research_reports_list" time="0.301" /><testcase classname="backend.tests.test_rbac_comprehensive_audit.TestPEAdminResearchAccess" name="test_research_stats" time="0.039" /><testcase classname="backend.tests.test_rbac_comprehensive_audit.TestPEAdminRevenueDashboardAccess" name="test_rp_revenue_dashboard" time="0.342" /><testcase classname="backend.tests.test_rbac_comprehensive_audit.TestPEAdminRevenueDashboardAccess" name="test_employee_revenue_dashboard" time="0.041" /><testcase classname="backend.tests.test_rbac_comprehensive_audit.TestPEAdminRevenueDashboardAccess" name="test_my_team" time="0.044" /><testcase classname="backend.tests.test_rbac_comprehensive_audit.TestPEAdminKillSwitchAccess" name="test_kill_switch_status" time="0.305" /><testcase classname="backend.tests.test_rbac_comprehensive_audit.TestPEAdminAnalyticsAccess" name="test_analytics_summary" time="0.299" /><testcase classname="backend.tests.test_rbac_comprehensive_audit.TestPEAdminAnalyticsAccess" name="test_analytics_stock_performance" time="0.042" /><testcase classname="backend.tests.test_rbac_comprehensive_audit.TestPEAdminAnalyticsAccess" name="test_analytics_employee_performance" time="0.041" /><testcase classname="backend.tests.test_rbac_comprehensive_audit.TestPEAdminAnalyticsAccess" name="test_analytics_sector_distribution" time="0.037" /><testcase classname="backend.tests.test_rbac_comprehensive_audit.TestPEAdminAnalyticsAccess" name="test_analytics_daily_trend" time="0.038" /><testcase classname="backend.tests.test_rbac_comprehensive_audit.TestPEAdminDatabaseBackupAccess" name="test_database_backups_list" time="0.312" /><testcase classname="backend.tests.test_rbac_comprehensive_audit.TestPEAdminDatabaseBackupAccess" name="test_database_stats" time="0.092" /><testcase classname="backend.tests.test_rbac_comprehensive_audit.TestPEAdminDatabaseBackupAccess" name="test_clearable_collections" time="0.052" /><testcase classname="backend.tests.test_rbac_comprehensive_audit.TestPEAdminFinanceAccess" name="test_finance_payments" time="0.322" /><testcase classname="backend.tests.test_rbac_comprehensive_audit.TestPEAdminFinanceAccess" name="test_finance_summary" time="0.053" /><testcase classname="backend.tests.test_rbac_comprehensive_audit.TestPEAdminFinanceAccess" name="test_finance_refund_requests" time="0.037" /><testcase classname="backend.tests.test_rbac_comprehensive_audit.TestPEAdminFinanceAccess" name="test_finance_tcs_payments" time="0.041" /><testcase classname="backend.tests.test_rbac_comprehensive_audit.TestPEAdminFinanceAccess" name="test_finance_rp_payments" time="0.038" /><testcase classname="backend.tests.test_rbac_comprehensive_audit.TestPEAdminFinanceAccess" name="test_finance_bp_payments" time="0.044" /><testcase classname="backend.tests.test_rbac_comprehensive_audit.TestPEAdminFinanceAccess" name="test_finance_employee_commissions" time="0.039" /><testcase classname="backend.tests.test_rbac_comprehensive_audit.TestPEAdminRolesAccess" name="test_roles_list" time="0.302" /><testcase classname="backend.tests.test_rbac_comprehensive_audit.TestPEAdminRolesAccess" name="test_roles_permissions" time="0.042" /><testcase classname="backend.tests.test_rbac_comprehensive_audit.TestPEAdminUsersAccess" name="test_users_list" time="0.297" /><testcase classname="backend.tests.test_rbac_comprehensive_audit.TestPEAdminUsersAccess" name="test_users_employees" time="0.044" /><testcase classname="backend.tests.test_rbac_comprehensive_audit.TestViewerDeniedReportsAccess" name="test_viewer_denied_pe_desk_hit_report" time="0.308" /><testcase classname="backend.tests.test_rbac_comprehensive_audit.TestViewerDeniedKillSwitchAccess" name="test_viewer_denied_kill_switch_activate" time="0.037"><skipped type="pytest.skip" message="Viewer token not available">/app/backend/tests/test_rbac_comprehensive_audit.py:585: Viewer token not available</skipped></testcase><testcase classname="backend.tests.test_rbac_comprehensive_audit.TestViewerDeniedKillSwitchAccess" name="test_viewer_denied_kill_switch_deactivate" time="0.000"><skipped type="pytest.skip" message="Viewer token not available">/app/backend/tests/test_rbac_comprehensive_audit.py:594: Viewer token not available</skipped></testcase><testcase classname="backend.tests.test_rbac_comprehensive_audit.TestViewerDeniedDatabaseAccess" name="test_viewer_denied_database_backups" time="0.038"><skipped type="pytest.skip" message="Viewer token not available">/app/backend/tests/test_rbac_comprehensive_audit.py:624: Viewer token not available</skipped></testcase><testcase classname="backend.tests.test_rbac_comprehensive_audit.TestViewerDeniedDatabaseAccess" name="test_viewer_denied_database_stats" time="0.000"><skipped type="pytest.skip" message="Viewer token not available">/app/backend/tests/test_rbac_comprehensive_audit.py:633: Viewer token not available</skipped></testcase><testcase classname="backend.tests.test_rbac_comprehensive_audit.TestViewerDeniedDatabaseAccess" name="test_viewer_denied_database_clear" time="0.000"><skipped type="pytest.skip" message="Viewer token not available">/app/backend/tests/test_rbac_comprehensive_audit.py:642: Viewer token not available</skipped></testcase><testcase classname="backend.tests.test_rbac_comprehensive_audit.TestViewerDeniedDatabaseAccess" name="test_viewer_denied_create_backup" time="0.000"><skipped type="pytest.skip" message="Viewer token not available">/app/backend/tests/test_rbac_comprehensive_audit.py:651: Viewer token not available</skipped></testcase><testcase classname="backend.tests.test_rbac_comprehensive_audit.TestViewerDeniedRolesAccess" name="test_viewer_denied_roles_list" time="0.040"><skipped type="pytest.skip" message="Viewer token not available">/app/backend/tests/test_rbac_comprehensive_audit.py:685: Viewer token not available</skipped></testcase><testcase classname="backend.tests.test_rbac_comprehensive_audit.TestViewerDeniedRolesAccess" name="test_viewer_denied_create_role" time="0.000"><skipped type="pytest.skip" message="Viewer token not available">/app/backend/tests/test_rbac_comprehensive_audit.py:694: Viewer token not available</skipped></testcase><testcase classname="backend.tests.test_rbac_comprehensive_audit.TestViewerDeniedUserManagement" name="test_viewer_denied_create_user" time="0.033"><skipped type="pytest.skip" message="Viewer token not available">/app/backend/tests/test_rbac_comprehensive_audit.py:728: Viewer token not available</skipped></testcase><testcase classname="backend.tests.test_rbac_comprehensive_audit.TestViewerDeniedClientApproval" name="test_viewer_denied_pending_clients" time="0.038"><skipped type="pytest.skip" message="Viewer token not available">/app/backend/tests/test_rbac_comprehensive_audit.py:767: Viewer token not available</skipped></testcase><testcase classname="backend.tests.test_rbac_comprehensive_audit.TestViewerDeniedClientApproval" name="test_viewer_denied_approve_client" time="0.001"><skipped type="pytest.skip" message="Viewer token not available">/app/backend/tests/test_rbac_comprehensive_audit.py:776: Viewer token not available</skipped></testcase><testcase classname="backend.tests.test_rbac_comprehensive_audit.TestViewerDeniedBookingApproval" name="test_viewer_denied_approve_booking" time="0.036"><skipped type="pytest.skip" message="Viewer token not available">/app/backend/tests/test_rbac_comprehensive_audit.py:810: Viewer token not available</skipped></testcase><testcase classname="backend.tests.test_rbac_comprehensive_audit.TestViewerDeniedBookingApproval" name="test_viewer_denied_void_booking" time="0.000"><skipped type="pytest.skip" message="Viewer token not available">/app/backend/tests/test_rbac_comprehensive_audit.py:823: Viewer token not available</skipped></testcase><testcase classname="backend.tests.test_rbac_comprehensive_audit.TestViewerDeniedBookingApproval" name="test_viewer_denied_dp_ready_bookings" time="0.000"><skipped type="pytest.skip" message="Viewer token not available">/app/backend/tests/test_rbac_comprehensive_audit.py:836: Viewer token not available</skipped></testcase><testcase classname="backend.tests.test_rbac_comprehensive_audit.TestViewerDeniedBookingApproval" name="test_viewer_denied_dp_transferred_bookings" time="0.000"><skipped type="pytest.skip" message="Viewer token not available">/app/backend/tests/test_rbac_comprehensive_audit.py:845: Viewer token not available</skipped></testcase><testcase classname="backend.tests.test_rbac_comprehensive_audit.TestViewerDeniedResearchUpload" name="test_viewer_denied_delete_research_report" time="0.037"><skipped type="pytest.skip" message="Viewer token not available">/app/backend/tests/test_rbac_comprehensive_audit.py:875: Viewer token not available</skipped></testcase></testsuite></testsuites>