<?xml version="1.0" encoding="utf-8"?><testsuites name="pytest tests"><testsuite name="pytest" errors="0" failures="0" skipped="21" tests="35" time="4.224" timestamp="2026-02-03T10:13:29.981083+00:00" hostname="agent-env-14596296-cada-4e56-a7fd-48730b2b036e"><testcase classname="backend.tests.test_rbac_permission_enforcement.TestRBACPermissionEnforcement" name="test_pe_desk_can_access_pending_approval_bookings" time="1.065" /><testcase classname="backend.tests.test_rbac_permission_enforcement.TestRBACPermissionEnforcement" name="test_pe_desk_can_access_dp_ready_bookings" time="0.040" /><testcase classname="backend.tests.test_rbac_permission_enforcement.TestRBACPermissionEnforcement" name="test_pe_desk_can_access_dp_transferred_bookings" time="0.039" /><testcase classname="backend.tests.test_rbac_permission_enforcement.TestRBACPermissionEnforcement" name="test_employee_denied_dp_ready_bookings" time="0.000"><skipped type="pytest.skip" message="Employee token not available">/app/backend/tests/test_rbac_permission_enforcement.py:108: Employee token not available</skipped></testcase><testcase classname="backend.tests.test_rbac_permission_enforcement.TestRBACPermissionEnforcement" name="test_employee_denied_dp_transferred_bookings" time="0.000"><skipped type="pytest.skip" message="Employee token not available">/app/backend/tests/test_rbac_permission_enforcement.py:121: Employee token not available</skipped></testcase><testcase classname="backend.tests.test_rbac_permission_enforcement.TestRBACPermissionEnforcement" name="test_pe_desk_can_access_audit_logs" time="0.046" /><testcase classname="backend.tests.test_rbac_permission_enforcement.TestRBACPermissionEnforcement" name="test_employee_denied_audit_logs" time="0.001"><skipped type="pytest.skip" message="Employee token not available">/app/backend/tests/test_rbac_permission_enforcement.py:148: Employee token not available</skipped></testcase><testcase classname="backend.tests.test_rbac_permission_enforcement.TestRBACPermissionEnforcement" name="test_pe_desk_can_access_database_backups" time="0.051" /><testcase classname="backend.tests.test_rbac_permission_enforcement.TestRBACPermissionEnforcement" name="test_pe_desk_can_access_database_stats" time="0.103" /><testcase classname="backend.tests.test_rbac_permission_enforcement.TestRBACPermissionEnforcement" name="test_employee_denied_database_backups" time="0.000"><skipped type="pytest.skip" message="Employee token not available">/app/backend/tests/test_rbac_permission_enforcement.py:187: Employee token not available</skipped></testcase><testcase classname="backend.tests.test_rbac_permission_enforcement.TestRBACPermissionEnforcement" name="test_employee_denied_database_stats" time="0.000"><skipped type="pytest.skip" message="Employee token not available">/app/backend/tests/test_rbac_permission_enforcement.py:200: Employee token not available</skipped></testcase><testcase classname="backend.tests.test_rbac_permission_enforcement.TestRBACPermissionEnforcement" name="test_pe_desk_can_access_users_list" time="0.043" /><testcase classname="backend.tests.test_rbac_permission_enforcement.TestRBACPermissionEnforcement" name="test_employee_denied_users_list" time="0.000"><skipped type="pytest.skip" message="Employee token not available">/app/backend/tests/test_rbac_permission_enforcement.py:227: Employee token not available</skipped></testcase><testcase classname="backend.tests.test_rbac_permission_enforcement.TestRBACPermissionEnforcement" name="test_pe_desk_can_access_pending_clients" time="0.040" /><testcase classname="backend.tests.test_rbac_permission_enforcement.TestRBACPermissionEnforcement" name="test_employee_denied_pending_clients" time="0.000"><skipped type="pytest.skip" message="Employee token not available">/app/backend/tests/test_rbac_permission_enforcement.py:254: Employee token not available</skipped></testcase><testcase classname="backend.tests.test_rbac_permission_enforcement.TestRBACPermissionEnforcement" name="test_pe_desk_can_access_contract_notes" time="0.040" /><testcase classname="backend.tests.test_rbac_permission_enforcement.TestRBACPermissionEnforcement" name="test_employee_denied_contract_notes" time="0.000"><skipped type="pytest.skip" message="Employee token not available">/app/backend/tests/test_rbac_permission_enforcement.py:281: Employee token not available</skipped></testcase><testcase classname="backend.tests.test_rbac_permission_enforcement.TestRBACPermissionEnforcement" name="test_pe_desk_can_access_finance_payments" time="0.060" /><testcase classname="backend.tests.test_rbac_permission_enforcement.TestRBACPermissionEnforcement" name="test_employee_denied_finance_payments" time="0.000"><skipped type="pytest.skip" message="Employee token not available">/app/backend/tests/test_rbac_permission_enforcement.py:308: Employee token not available</skipped></testcase><testcase classname="backend.tests.test_rbac_permission_enforcement.TestRBACPermissionEnforcement" name="test_pe_desk_can_access_inventory" time="0.045" /><testcase classname="backend.tests.test_rbac_permission_enforcement.TestRBACPermissionEnforcement" name="test_employee_can_access_inventory_view" time="0.000"><skipped type="pytest.skip" message="Employee token not available">/app/backend/tests/test_rbac_permission_enforcement.py:335: Employee token not available</skipped></testcase><testcase classname="backend.tests.test_rbac_permission_enforcement.TestRBACPermissionEnforcement" name="test_employee_denied_inventory_recalculate" time="0.000"><skipped type="pytest.skip" message="Employee token not available">/app/backend/tests/test_rbac_permission_enforcement.py:348: Employee token not available</skipped></testcase><testcase classname="backend.tests.test_rbac_permission_enforcement.TestRBACPermissionEnforcement" name="test_pe_desk_can_access_clients" time="0.050" /><testcase classname="backend.tests.test_rbac_permission_enforcement.TestRBACPermissionEnforcement" name="test_employee_can_access_clients_view" time="0.000"><skipped type="pytest.skip" message="Employee token not available">/app/backend/tests/test_rbac_permission_enforcement.py:375: Employee token not available</skipped></testcase><testcase classname="backend.tests.test_rbac_permission_enforcement.TestRBACPermissionEnforcement" name="test_pe_desk_can_access_stocks" time="0.043" /><testcase classname="backend.tests.test_rbac_permission_enforcement.TestRBACPermissionEnforcement" name="test_employee_can_access_stocks_view" time="0.000"><skipped type="pytest.skip" message="Employee token not available">/app/backend/tests/test_rbac_permission_enforcement.py:402: Employee token not available</skipped></testcase><testcase classname="backend.tests.test_rbac_permission_enforcement.TestRBACPermissionEnforcement" name="test_pe_desk_can_access_purchases" time="0.039" /><testcase classname="backend.tests.test_rbac_permission_enforcement.TestRBACPermissionEnforcement" name="test_employee_denied_purchases" time="0.000"><skipped type="pytest.skip" message="Employee token not available">/app/backend/tests/test_rbac_permission_enforcement.py:429: Employee token not available</skipped></testcase><testcase classname="backend.tests.test_rbac_permission_enforcement.TestRBACPermissionEnforcement" name="test_permission_denied_error_message_is_descriptive" time="0.000"><skipped type="pytest.skip" message="Employee token not available">/app/backend/tests/test_rbac_permission_enforcement.py:444: Employee token not available</skipped></testcase><testcase classname="backend.tests.test_rbac_permission_enforcement.TestBookingApprovalPermissions" name="test_employee_cannot_approve_booking" time="0.810"><skipped type="pytest.skip" message="Employee token not available">/app/backend/tests/test_rbac_permission_enforcement.py:496: Employee token not available</skipped></testcase><testcase classname="backend.tests.test_rbac_permission_enforcement.TestBookingApprovalPermissions" name="test_employee_cannot_void_booking" time="0.000"><skipped type="pytest.skip" message="Employee token not available">/app/backend/tests/test_rbac_permission_enforcement.py:512: Employee token not available</skipped></testcase><testcase classname="backend.tests.test_rbac_permission_enforcement.TestClientApprovalPermissions" name="test_employee_cannot_approve_client" time="0.819"><skipped type="pytest.skip" message="Employee token not available">/app/backend/tests/test_rbac_permission_enforcement.py:557: Employee token not available</skipped></testcase><testcase classname="backend.tests.test_rbac_permission_enforcement.TestClientApprovalPermissions" name="test_employee_cannot_delete_client" time="0.000"><skipped type="pytest.skip" message="Employee token not available">/app/backend/tests/test_rbac_permission_enforcement.py:573: Employee token not available</skipped></testcase><testcase classname="backend.tests.test_rbac_permission_enforcement.TestDatabaseBackupPermissions" name="test_employee_cannot_create_backup" time="0.804"><skipped type="pytest.skip" message="Employee token not available">/app/backend/tests/test_rbac_permission_enforcement.py:620: Employee token not available</skipped></testcase><testcase classname="backend.tests.test_rbac_permission_enforcement.TestDatabaseBackupPermissions" name="test_employee_cannot_clear_database" time="0.000"><skipped type="pytest.skip" message="Employee token not available">/app/backend/tests/test_rbac_permission_enforcement.py:635: Employee token not available</skipped></testcase></testsuite></testsuites>