<?xml version="1.0" encoding="utf-8"?><testsuites name="pytest tests"><testsuite name="pytest" errors="0" failures="9" skipped="15" tests="27" time="2.048" timestamp="2026-02-07T12:45:22.844602+00:00" hostname="agent-env-a8aea8db-7022-43de-9d53-7045f127bcbd"><testcase classname="backend.tests.test_rbac_centralization_regression.TestHealthEndpoint" name="test_health_returns_ok" time="0.091" /><testcase classname="backend.tests.test_rbac_centralization_regression.TestAuthEndpoints" name="test_login_with_invalid_credentials" time="0.067" /><testcase classname="backend.tests.test_rbac_centralization_regression.TestAuthEndpoints" name="test_login_with_valid_pe_desk" time="0.266"><failure message="AssertionError: PE Desk login failed: {&quot;detail&quot;:&quot;Invalid email or password. 4 attempts remaining.&quot;}&#10;assert 401 == 200&#10; +  where 401 = &lt;Response [401]&gt;.status_code">backend/tests/test_rbac_centralization_regression.py:61: in test_login_with_valid_pe_desk
    assert response.status_code == 200, f"PE Desk login failed: {response.text}"
E   AssertionError: PE Desk login failed: {"detail":"Invalid email or password. 4 attempts remaining."}
E   assert 401 == 200
E    +  where 401 = &lt;Response [401]&gt;.status_code</failure></testcase><testcase classname="backend.tests.test_rbac_centralization_regression.TestAuthEndpoints" name="test_demo_mode_login" time="0.043" /><testcase classname="backend.tests.test_rbac_centralization_regression.TestInventoryEndpoints" name="test_inventory_without_auth" time="0.040"><failure message="AssertionError: Expected 401, got 403&#10;assert 403 == 401&#10; +  where 403 = &lt;Response [403]&gt;.status_code">backend/tests/test_rbac_centralization_regression.py:105: in test_inventory_without_auth
    assert response.status_code == 401, f"Expected 401, got {response.status_code}"
E   AssertionError: Expected 401, got 403
E   assert 403 == 401
E    +  where 403 = &lt;Response [403]&gt;.status_code</failure></testcase><testcase classname="backend.tests.test_rbac_centralization_regression.TestInventoryEndpoints" name="test_inventory_with_auth" time="0.266"><skipped type="pytest.skip" message="Could not authenticate">/app/backend/tests/test_rbac_centralization_regression.py:108: Could not authenticate</skipped></testcase><testcase classname="backend.tests.test_rbac_centralization_regression.TestStocksEndpoints" name="test_stocks_without_auth" time="0.040"><failure message="AssertionError: Expected 401, got 403&#10;assert 403 == 401&#10; +  where 403 = &lt;Response [403]&gt;.status_code">backend/tests/test_rbac_centralization_regression.py:140: in test_stocks_without_auth
    assert response.status_code == 401, f"Expected 401, got {response.status_code}"
E   AssertionError: Expected 401, got 403
E   assert 403 == 401
E    +  where 403 = &lt;Response [403]&gt;.status_code</failure></testcase><testcase classname="backend.tests.test_rbac_centralization_regression.TestStocksEndpoints" name="test_stocks_with_auth" time="0.271"><skipped type="pytest.skip" message="Could not authenticate">/app/backend/tests/test_rbac_centralization_regression.py:143: Could not authenticate</skipped></testcase><testcase classname="backend.tests.test_rbac_centralization_regression.TestEmailTemplatesEndpoints" name="test_email_templates_verify_without_auth" time="0.037"><failure message="AssertionError: Expected 401, got 403&#10;assert 403 == 401&#10; +  where 403 = &lt;Response [403]&gt;.status_code">backend/tests/test_rbac_centralization_regression.py:175: in test_email_templates_verify_without_auth
    assert response.status_code == 401, f"Expected 401, got {response.status_code}"
E   AssertionError: Expected 401, got 403
E   assert 403 == 401
E    +  where 403 = &lt;Response [403]&gt;.status_code</failure></testcase><testcase classname="backend.tests.test_rbac_centralization_regression.TestEmailTemplatesEndpoints" name="test_email_templates_verify_with_auth" time="0.041"><skipped type="pytest.skip" message="Could not authenticate">/app/backend/tests/test_rbac_centralization_regression.py:178: Could not authenticate</skipped></testcase><testcase classname="backend.tests.test_rbac_centralization_regression.TestNotificationsEndpoints" name="test_notifications_without_auth" time="0.076"><failure message="AssertionError: Expected 401, got 403&#10;assert 403 == 401&#10; +  where 403 = &lt;Response [403]&gt;.status_code">backend/tests/test_rbac_centralization_regression.py:210: in test_notifications_without_auth
    assert response.status_code == 401, f"Expected 401, got {response.status_code}"
E   AssertionError: Expected 401, got 403
E   assert 403 == 401
E    +  where 403 = &lt;Response [403]&gt;.status_code</failure></testcase><testcase classname="backend.tests.test_rbac_centralization_regression.TestNotificationsEndpoints" name="test_notifications_with_auth" time="0.040"><skipped type="pytest.skip" message="Could not authenticate">/app/backend/tests/test_rbac_centralization_regression.py:213: Could not authenticate</skipped></testcase><testcase classname="backend.tests.test_rbac_centralization_regression.TestClientsEndpoints" name="test_clients_without_auth" time="0.036"><failure message="AssertionError: Expected 401, got 403&#10;assert 403 == 401&#10; +  where 403 = &lt;Response [403]&gt;.status_code">backend/tests/test_rbac_centralization_regression.py:245: in test_clients_without_auth
    assert response.status_code == 401, f"Expected 401, got {response.status_code}"
E   AssertionError: Expected 401, got 403
E   assert 403 == 401
E    +  where 403 = &lt;Response [403]&gt;.status_code</failure></testcase><testcase classname="backend.tests.test_rbac_centralization_regression.TestClientsEndpoints" name="test_clients_with_auth" time="0.038"><skipped type="pytest.skip" message="Could not authenticate">/app/backend/tests/test_rbac_centralization_regression.py:248: Could not authenticate</skipped></testcase><testcase classname="backend.tests.test_rbac_centralization_regression.TestBookingsEndpoints" name="test_bookings_without_auth" time="0.040"><failure message="AssertionError: Expected 401, got 403&#10;assert 403 == 401&#10; +  where 403 = &lt;Response [403]&gt;.status_code">backend/tests/test_rbac_centralization_regression.py:283: in test_bookings_without_auth
    assert response.status_code == 401, f"Expected 401, got {response.status_code}"
E   AssertionError: Expected 401, got 403
E   assert 403 == 401
E    +  where 403 = &lt;Response [403]&gt;.status_code</failure></testcase><testcase classname="backend.tests.test_rbac_centralization_regression.TestBookingsEndpoints" name="test_bookings_with_auth" time="0.039"><skipped type="pytest.skip" message="Could not authenticate">/app/backend/tests/test_rbac_centralization_regression.py:286: Could not authenticate</skipped></testcase><testcase classname="backend.tests.test_rbac_centralization_regression.TestDashboardEndpoints" name="test_dashboard_without_auth" time="0.035"><failure message="AssertionError: Expected 401, got 403&#10;assert 403 == 401&#10; +  where 403 = &lt;Response [403]&gt;.status_code">backend/tests/test_rbac_centralization_regression.py:323: in test_dashboard_without_auth
    assert response.status_code == 401, f"Expected 401, got {response.status_code}"
E   AssertionError: Expected 401, got 403
E   assert 403 == 401
E    +  where 403 = &lt;Response [403]&gt;.status_code</failure></testcase><testcase classname="backend.tests.test_rbac_centralization_regression.TestDashboardEndpoints" name="test_dashboard_with_auth" time="0.041"><skipped type="pytest.skip" message="Could not authenticate">/app/backend/tests/test_rbac_centralization_regression.py:326: Could not authenticate</skipped></testcase><testcase classname="backend.tests.test_rbac_centralization_regression.TestUsersEndpoints" name="test_users_without_auth" time="0.078"><failure message="AssertionError: Expected 401, got 403&#10;assert 403 == 401&#10; +  where 403 = &lt;Response [403]&gt;.status_code">backend/tests/test_rbac_centralization_regression.py:355: in test_users_without_auth
    assert response.status_code == 401, f"Expected 401, got {response.status_code}"
E   AssertionError: Expected 401, got 403
E   assert 403 == 401
E    +  where 403 = &lt;Response [403]&gt;.status_code</failure></testcase><testcase classname="backend.tests.test_rbac_centralization_regression.TestUsersEndpoints" name="test_users_with_auth" time="0.036"><skipped type="pytest.skip" message="Could not authenticate">/app/backend/tests/test_rbac_centralization_regression.py:358: Could not authenticate</skipped></testcase><testcase classname="backend.tests.test_rbac_centralization_regression.TestRolesEndpoints" name="test_roles_with_auth" time="0.040"><skipped type="pytest.skip" message="Could not authenticate">/app/backend/tests/test_rbac_centralization_regression.py:387: Could not authenticate</skipped></testcase><testcase classname="backend.tests.test_rbac_centralization_regression.TestFinanceEndpoints" name="test_finance_dashboard_with_auth" time="0.035"><skipped type="pytest.skip" message="Could not authenticate">/app/backend/tests/test_rbac_centralization_regression.py:416: Could not authenticate</skipped></testcase><testcase classname="backend.tests.test_rbac_centralization_regression.TestBusinessPartnersEndpoints" name="test_business_partners_with_auth" time="0.036"><skipped type="pytest.skip" message="Could not authenticate">/app/backend/tests/test_rbac_centralization_regression.py:449: Could not authenticate</skipped></testcase><testcase classname="backend.tests.test_rbac_centralization_regression.TestReferralPartnersEndpoints" name="test_referral_partners_with_auth" time="0.037"><skipped type="pytest.skip" message="Could not authenticate">/app/backend/tests/test_rbac_centralization_regression.py:478: Could not authenticate</skipped></testcase><testcase classname="backend.tests.test_rbac_centralization_regression.TestReportsEndpoints" name="test_bi_reports_with_auth" time="0.036"><skipped type="pytest.skip" message="Could not authenticate">/app/backend/tests/test_rbac_centralization_regression.py:507: Could not authenticate</skipped></testcase><testcase classname="backend.tests.test_rbac_centralization_regression.TestPurchasesEndpoints" name="test_purchases_with_auth" time="0.037"><skipped type="pytest.skip" message="Could not authenticate">/app/backend/tests/test_rbac_centralization_regression.py:537: Could not authenticate</skipped></testcase><testcase classname="backend.tests.test_rbac_centralization_regression.TestWhatsAppEndpoints" name="test_whatsapp_delivery_stats" time="0.035"><skipped type="pytest.skip" message="Could not authenticate">/app/backend/tests/test_rbac_centralization_regression.py:570: Could not authenticate</skipped></testcase></testsuite></testsuites>