<?xml version="1.0" encoding="utf-8"?><testsuites name="pytest tests"><testsuite name="pytest" errors="0" failures="0" skipped="9" tests="46" time="66.360" timestamp="2026-02-03T21:24:49.610220+00:00" hostname="agent-env-f08623ba-15e4-48da-ab07-0db0ea7999f3"><testcase classname="backend.tests.test_rbac_comprehensive_audit.TestPEAdminReportsAccess" name="test_reports_pnl" time="0.545" /><testcase classname="backend.tests.test_rbac_comprehensive_audit.TestPEAdminReportsAccess" name="test_reports_export_excel" time="0.109" /><testcase classname="backend.tests.test_rbac_comprehensive_audit.TestPEAdminReportsAccess" name="test_reports_export_pdf" time="0.084" /><testcase classname="backend.tests.test_rbac_comprehensive_audit.TestPEAdminReportsAccess" name="test_reports_pe_desk_hit" time="0.040" /><testcase classname="backend.tests.test_rbac_comprehensive_audit.TestPEAdminResearchAccess" name="test_research_reports_list" time="0.305" /><testcase classname="backend.tests.test_rbac_comprehensive_audit.TestPEAdminResearchAccess" name="test_research_stats" time="0.043" /><testcase classname="backend.tests.test_rbac_comprehensive_audit.TestPEAdminRevenueDashboardAccess" name="test_rp_revenue_dashboard" time="0.302" /><testcase classname="backend.tests.test_rbac_comprehensive_audit.TestPEAdminRevenueDashboardAccess" name="test_employee_revenue_dashboard" time="0.046" /><testcase classname="backend.tests.test_rbac_comprehensive_audit.TestPEAdminRevenueDashboardAccess" name="test_my_team" time="0.037" /><testcase classname="backend.tests.test_rbac_comprehensive_audit.TestPEAdminKillSwitchAccess" name="test_kill_switch_status" time="0.298" /><testcase classname="backend.tests.test_rbac_comprehensive_audit.TestPEAdminAnalyticsAccess" name="test_analytics_summary" time="0.346" /><testcase classname="backend.tests.test_rbac_comprehensive_audit.TestPEAdminAnalyticsAccess" name="test_analytics_stock_performance" time="0.040" /><testcase classname="backend.tests.test_rbac_comprehensive_audit.TestPEAdminAnalyticsAccess" name="test_analytics_employee_performance" time="0.038" /><testcase classname="backend.tests.test_rbac_comprehensive_audit.TestPEAdminAnalyticsAccess" name="test_analytics_sector_distribution" time="0.039" /><testcase classname="backend.tests.test_rbac_comprehensive_audit.TestPEAdminAnalyticsAccess" name="test_analytics_daily_trend" time="0.039" /><testcase classname="backend.tests.test_rbac_comprehensive_audit.TestPEAdminDatabaseBackupAccess" name="test_database_backups_list" time="0.306" /><testcase classname="backend.tests.test_rbac_comprehensive_audit.TestPEAdminDatabaseBackupAccess" name="test_database_stats" time="0.058" /><testcase classname="backend.tests.test_rbac_comprehensive_audit.TestPEAdminDatabaseBackupAccess" name="test_clearable_collections" time="0.062" /><testcase classname="backend.tests.test_rbac_comprehensive_audit.TestPEAdminFinanceAccess" name="test_finance_payments" time="0.310" /><testcase classname="backend.tests.test_rbac_comprehensive_audit.TestPEAdminFinanceAccess" name="test_finance_summary" time="0.054" /><testcase classname="backend.tests.test_rbac_comprehensive_audit.TestPEAdminFinanceAccess" name="test_finance_refund_requests" time="0.041" /><testcase classname="backend.tests.test_rbac_comprehensive_audit.TestPEAdminFinanceAccess" name="test_finance_tcs_payments" time="0.037" /><testcase classname="backend.tests.test_rbac_comprehensive_audit.TestPEAdminFinanceAccess" name="test_finance_rp_payments" time="0.036" /><testcase classname="backend.tests.test_rbac_comprehensive_audit.TestPEAdminFinanceAccess" name="test_finance_bp_payments" time="0.041" /><testcase classname="backend.tests.test_rbac_comprehensive_audit.TestPEAdminFinanceAccess" name="test_finance_employee_commissions" time="0.039" /><testcase classname="backend.tests.test_rbac_comprehensive_audit.TestPEAdminRolesAccess" name="test_roles_list" time="0.302" /><testcase classname="backend.tests.test_rbac_comprehensive_audit.TestPEAdminRolesAccess" name="test_roles_permissions" time="0.042" /><testcase classname="backend.tests.test_rbac_comprehensive_audit.TestPEAdminUsersAccess" name="test_users_list" time="0.298" /><testcase classname="backend.tests.test_rbac_comprehensive_audit.TestPEAdminUsersAccess" name="test_users_employees" time="0.036" /><testcase classname="backend.tests.test_rbac_comprehensive_audit.TestViewerDeniedReportsAccess" name="test_viewer_denied_pe_desk_hit_report" time="0.337" /><testcase classname="backend.tests.test_rbac_comprehensive_audit.TestViewerDeniedKillSwitchAccess" name="test_viewer_denied_kill_switch_activate" time="15.143"><skipped type="pytest.skip" message="Viewer token not available">/app/backend/tests/test_rbac_comprehensive_audit.py:594: Viewer token not available</skipped></testcase><testcase classname="backend.tests.test_rbac_comprehensive_audit.TestViewerDeniedKillSwitchAccess" name="test_viewer_denied_kill_switch_deactivate" time="0.000"><skipped type="pytest.skip" message="Viewer token not available">/app/backend/tests/test_rbac_comprehensive_audit.py:603: Viewer token not available</skipped></testcase><testcase classname="backend.tests.test_rbac_comprehensive_audit.TestViewerDeniedDatabaseAccess" name="test_viewer_denied_database_backups" time="15.170"><skipped type="pytest.skip" message="Viewer token not available">/app/backend/tests/test_rbac_comprehensive_audit.py:628: Viewer token not available</skipped></testcase><testcase classname="backend.tests.test_rbac_comprehensive_audit.TestViewerDeniedDatabaseAccess" name="test_viewer_denied_database_stats" time="0.000"><skipped type="pytest.skip" message="Viewer token not available">/app/backend/tests/test_rbac_comprehensive_audit.py:637: Viewer token not available</skipped></testcase><testcase classname="backend.tests.test_rbac_comprehensive_audit.TestViewerDeniedDatabaseAccess" name="test_viewer_denied_database_clear" time="0.000"><skipped type="pytest.skip" message="Viewer token not available">/app/backend/tests/test_rbac_comprehensive_audit.py:646: Viewer token not available</skipped></testcase><testcase classname="backend.tests.test_rbac_comprehensive_audit.TestViewerDeniedDatabaseAccess" name="test_viewer_denied_create_backup" time="0.000"><skipped type="pytest.skip" message="Viewer token not available">/app/backend/tests/test_rbac_comprehensive_audit.py:655: Viewer token not available</skipped></testcase><testcase classname="backend.tests.test_rbac_comprehensive_audit.TestViewerDeniedRolesAccess" name="test_viewer_denied_roles_list" time="15.192"><skipped type="pytest.skip" message="Viewer token not available">/app/backend/tests/test_rbac_comprehensive_audit.py:684: Viewer token not available</skipped></testcase><testcase classname="backend.tests.test_rbac_comprehensive_audit.TestViewerDeniedRolesAccess" name="test_viewer_denied_create_role" time="0.000"><skipped type="pytest.skip" message="Viewer token not available">/app/backend/tests/test_rbac_comprehensive_audit.py:693: Viewer token not available</skipped></testcase><testcase classname="backend.tests.test_rbac_comprehensive_audit.TestViewerDeniedUserManagement" name="test_viewer_denied_create_user" time="15.190"><skipped type="pytest.skip" message="Viewer token not available">/app/backend/tests/test_rbac_comprehensive_audit.py:722: Viewer token not available</skipped></testcase><testcase classname="backend.tests.test_rbac_comprehensive_audit.TestViewerDeniedClientApproval" name="test_viewer_denied_pending_clients" time="0.365" /><testcase classname="backend.tests.test_rbac_comprehensive_audit.TestViewerDeniedClientApproval" name="test_viewer_denied_approve_client" time="0.044" /><testcase classname="backend.tests.test_rbac_comprehensive_audit.TestViewerDeniedBookingApproval" name="test_viewer_denied_approve_booking" time="0.331" /><testcase classname="backend.tests.test_rbac_comprehensive_audit.TestViewerDeniedBookingApproval" name="test_viewer_denied_void_booking" time="0.047" /><testcase classname="backend.tests.test_rbac_comprehensive_audit.TestViewerDeniedBookingApproval" name="test_viewer_denied_dp_ready_bookings" time="0.047" /><testcase classname="backend.tests.test_rbac_comprehensive_audit.TestViewerDeniedBookingApproval" name="test_viewer_denied_dp_transferred_bookings" time="0.043" /><testcase classname="backend.tests.test_rbac_comprehensive_audit.TestViewerDeniedResearchUpload" name="test_viewer_denied_delete_research_report" time="0.359" /></testsuite></testsuites>