<?xml version="1.0" encoding="utf-8"?><testsuites name="pytest tests"><testsuite name="pytest" errors="0" failures="0" skipped="0" tests="7" time="2.216" timestamp="2026-02-03T05:27:37.550086+00:00" hostname="agent-env-39935339-4f96-4433-b37d-0083728d6e1c"><testcase classname="backend.tests.test_recalculate_inventory.TestRecalculateInventory" name="test_pe_desk_can_recalculate_inventory" time="0.575" /><testcase classname="backend.tests.test_recalculate_inventory.TestRecalculateInventory" name="test_pe_manager_can_recalculate_inventory" time="0.331" /><testcase classname="backend.tests.test_recalculate_inventory.TestRecalculateInventory" name="test_viewer_cannot_recalculate_inventory" time="0.299" /><testcase classname="backend.tests.test_recalculate_inventory.TestRecalculateInventory" name="test_unauthenticated_cannot_recalculate_inventory" time="0.038" /><testcase classname="backend.tests.test_recalculate_inventory.TestInventoryEndpoints" name="test_get_inventory_pe_desk" time="0.304" /><testcase classname="backend.tests.test_recalculate_inventory.TestInventoryEndpoints" name="test_get_inventory_viewer" time="0.302" /><testcase classname="backend.tests.test_recalculate_inventory.TestPermissionService" name="test_pe_desk_user_info" time="0.301" /></testsuite></testsuites>