<?xml version="1.0" encoding="utf-8"?><testsuites name="pytest tests"><testsuite name="pytest" errors="0" failures="0" skipped="2" tests="14" time="4.479" timestamp="2026-01-28T18:31:25.497891+00:00" hostname="agent-env-0a1fc0b3-6e8b-4504-8db1-df3b357eeda3"><testcase classname="backend.tests.test_referral_partners.TestReferralPartnersAPI" name="test_01_get_referral_partners_list" time="0.375" /><testcase classname="backend.tests.test_referral_partners.TestReferralPartnersAPI" name="test_02_get_referral_partners_with_search" time="0.275" /><testcase classname="backend.tests.test_referral_partners.TestReferralPartnersAPI" name="test_03_get_referral_partners_active_only" time="0.270" /><testcase classname="backend.tests.test_referral_partners.TestReferralPartnersAPI" name="test_04_create_referral_partner_pe_desk" time="0.282" /><testcase classname="backend.tests.test_referral_partners.TestReferralPartnersAPI" name="test_05_create_referral_partner_unique_code_format" time="0.326" /><testcase classname="backend.tests.test_referral_partners.TestReferralPartnersAPI" name="test_06_create_referral_partner_duplicate_pan_rejected" time="0.326" /><testcase classname="backend.tests.test_referral_partners.TestReferralPartnersAPI" name="test_07_create_referral_partner_duplicate_aadhar_rejected" time="0.318" /><testcase classname="backend.tests.test_referral_partners.TestReferralPartnersAPI" name="test_08_pe_desk_can_edit_rp" time="0.327" /><testcase classname="backend.tests.test_referral_partners.TestReferralPartnersAPI" name="test_09_get_single_referral_partner" time="0.307" /><testcase classname="backend.tests.test_referral_partners.TestReferralPartnersAPI" name="test_10_pe_desk_can_toggle_rp_active" time="0.363" /><testcase classname="backend.tests.test_referral_partners.TestReferralPartnersAPI" name="test_11_get_rp_bookings" time="0.296" /><testcase classname="backend.tests.test_referral_partners.TestReferralPartnersAPI" name="test_12_create_booking_with_rp" time="0.342"><skipped type="pytest.skip" message="No stocks available">/app/backend/tests/test_referral_partners.py:396: No stocks available</skipped></testcase><testcase classname="backend.tests.test_referral_partners.TestReferralPartnersAPI" name="test_13_booking_without_rp_allowed" time="0.278"><skipped type="pytest.skip" message="No stocks available">/app/backend/tests/test_referral_partners.py:447: No stocks available</skipped></testcase><testcase classname="backend.tests.test_referral_partners.TestReferralPartnersDocuments" name="test_14_document_upload_endpoint_exists" time="0.277" /></testsuite></testsuites>