<?xml version="1.0" encoding="utf-8"?><testsuites name="pytest tests"><testsuite name="pytest" errors="0" failures="0" skipped="0" tests="13" time="4.178" timestamp="2026-01-28T10:03:40.830855+00:00" hostname="agent-env-0a1fc0b3-6e8b-4504-8db1-df3b357eeda3"><testcase classname="backend.tests.test_refund_feature.TestRefundFeature" name="test_01_pe_desk_login" time="0.282" /><testcase classname="backend.tests.test_refund_feature.TestRefundFeature" name="test_02_get_refund_requests_list" time="0.265" /><testcase classname="backend.tests.test_refund_feature.TestRefundFeature" name="test_03_get_finance_summary_with_refunds" time="0.267" /><testcase classname="backend.tests.test_refund_feature.TestRefundFeature" name="test_04_void_paid_booking_creates_refund" time="0.497" /><testcase classname="backend.tests.test_refund_feature.TestRefundFeature" name="test_05_void_unpaid_booking_no_refund" time="0.551" /><testcase classname="backend.tests.test_refund_feature.TestRefundFeature" name="test_06_update_refund_to_completed" time="0.368" /><testcase classname="backend.tests.test_refund_feature.TestRefundFeature" name="test_07_pe_manager_can_access_refunds" time="0.261" /><testcase classname="backend.tests.test_refund_feature.TestRefundFeature" name="test_08_pe_manager_can_update_refunds" time="0.280" /><testcase classname="backend.tests.test_refund_feature.TestRefundFeature" name="test_09_refund_request_has_bank_details" time="0.273" /><testcase classname="backend.tests.test_refund_feature.TestRefundFeature" name="test_10_loss_booking_rejection_rejects_main_booking" time="0.468" /><testcase classname="backend.tests.test_refund_feature.TestRefundAPIValidation" name="test_invalid_refund_status" time="0.319" /><testcase classname="backend.tests.test_refund_feature.TestRefundAPIValidation" name="test_nonexistent_refund_request" time="0.263" /><testcase classname="backend.tests.test_refund_feature.TestRefundAPIValidation" name="test_unauthorized_access_to_refunds" time="0.029" /></testsuite></testsuites>