<?xml version="1.0" encoding="utf-8"?><testsuites name="pytest tests"><testsuite name="pytest" errors="0" failures="0" skipped="0" tests="21" time="1.032" timestamp="2026-02-07T12:29:27.887440+00:00" hostname="agent-env-a8aea8db-7022-43de-9d53-7045f127bcbd"><testcase classname="backend.tests.test_registration_otp_flow.TestRegistrationOTPFlow" name="test_health_endpoint" time="0.072" /><testcase classname="backend.tests.test_registration_otp_flow.TestRegistrationOTPFlow" name="test_request_otp_invalid_email_domain_gmail" time="0.045" /><testcase classname="backend.tests.test_registration_otp_flow.TestRegistrationOTPFlow" name="test_request_otp_invalid_email_domain_yahoo" time="0.045" /><testcase classname="backend.tests.test_registration_otp_flow.TestRegistrationOTPFlow" name="test_request_otp_invalid_email_domain_hotmail" time="0.041" /><testcase classname="backend.tests.test_registration_otp_flow.TestRegistrationOTPFlow" name="test_request_otp_missing_mobile_number" time="0.037" /><testcase classname="backend.tests.test_registration_otp_flow.TestRegistrationOTPFlow" name="test_request_otp_missing_pan_number" time="0.042" /><testcase classname="backend.tests.test_registration_otp_flow.TestRegistrationOTPFlow" name="test_request_otp_missing_email" time="0.040" /><testcase classname="backend.tests.test_registration_otp_flow.TestRegistrationOTPFlow" name="test_request_otp_invalid_mobile_too_short" time="0.041" /><testcase classname="backend.tests.test_registration_otp_flow.TestRegistrationOTPFlow" name="test_request_otp_invalid_mobile_too_long" time="0.043" /><testcase classname="backend.tests.test_registration_otp_flow.TestRegistrationOTPFlow" name="test_request_otp_mobile_with_non_digits_stripped" time="0.080" /><testcase classname="backend.tests.test_registration_otp_flow.TestRegistrationOTPFlow" name="test_request_otp_invalid_pan_format" time="0.051" /><testcase classname="backend.tests.test_registration_otp_flow.TestRegistrationOTPFlow" name="test_request_otp_pan_too_short" time="0.044" /><testcase classname="backend.tests.test_registration_otp_flow.TestRegistrationOTPFlow" name="test_request_otp_pan_all_numbers" time="0.039" /><testcase classname="backend.tests.test_registration_otp_flow.TestRegistrationOTPFlow" name="test_request_otp_valid_smifs_com_domain_format" time="0.039" /><testcase classname="backend.tests.test_registration_otp_flow.TestRegistrationOTPFlow" name="test_request_otp_valid_smifs_co_in_domain_format" time="0.038" /><testcase classname="backend.tests.test_registration_otp_flow.TestRegistrationOTPFlow" name="test_verify_otp_no_pending_registration" time="0.081" /><testcase classname="backend.tests.test_registration_otp_flow.TestRegistrationOTPFlow" name="test_resend_otp_no_pending_registration" time="0.042" /><testcase classname="backend.tests.test_registration_otp_flow.TestRegistrationEdgeCases" name="test_empty_payload" time="0.039" /><testcase classname="backend.tests.test_registration_otp_flow.TestRegistrationEdgeCases" name="test_null_values" time="0.036" /><testcase classname="backend.tests.test_registration_otp_flow.TestRegistrationEdgeCases" name="test_email_case_insensitivity" time="0.036" /><testcase classname="backend.tests.test_registration_otp_flow.TestRegistrationEdgeCases" name="test_pan_lowercase_converted" time="0.039" /></testsuite></testsuites>