<?xml version="1.0" encoding="utf-8"?><testsuites name="pytest tests"><testsuite name="pytest" errors="0" failures="4" skipped="0" tests="21" time="1.095" timestamp="2026-02-07T12:25:10.610809+00:00" hostname="agent-env-a8aea8db-7022-43de-9d53-7045f127bcbd"><testcase classname="backend.tests.test_registration_otp_flow.TestRegistrationOTPFlow" name="test_health_endpoint" time="0.093" /><testcase classname="backend.tests.test_registration_otp_flow.TestRegistrationOTPFlow" name="test_request_otp_invalid_email_domain_gmail" time="0.058" /><testcase classname="backend.tests.test_registration_otp_flow.TestRegistrationOTPFlow" name="test_request_otp_invalid_email_domain_yahoo" time="0.042" /><testcase classname="backend.tests.test_registration_otp_flow.TestRegistrationOTPFlow" name="test_request_otp_invalid_email_domain_hotmail" time="0.040" /><testcase classname="backend.tests.test_registration_otp_flow.TestRegistrationOTPFlow" name="test_request_otp_missing_mobile_number" time="0.042" /><testcase classname="backend.tests.test_registration_otp_flow.TestRegistrationOTPFlow" name="test_request_otp_missing_pan_number" time="0.044" /><testcase classname="backend.tests.test_registration_otp_flow.TestRegistrationOTPFlow" name="test_request_otp_missing_email" time="0.042" /><testcase classname="backend.tests.test_registration_otp_flow.TestRegistrationOTPFlow" name="test_request_otp_invalid_mobile_too_short" time="0.044"><failure message="AssertionError: assert ('10' in 'email already registered' or 'digits' in 'email already registered' or 'mobile' in 'email already registered')">backend/tests/test_registration_otp_flow.py:144: in test_request_otp_invalid_mobile_too_short
    assert "10" in error_msg or "digits" in error_msg or "mobile" in error_msg
E   AssertionError: assert ('10' in 'email already registered' or 'digits' in 'email already registered' or 'mobile' in 'email already registered')</failure></testcase><testcase classname="backend.tests.test_registration_otp_flow.TestRegistrationOTPFlow" name="test_request_otp_invalid_mobile_too_long" time="0.046" /><testcase classname="backend.tests.test_registration_otp_flow.TestRegistrationOTPFlow" name="test_request_otp_mobile_with_non_digits_stripped" time="0.038" /><testcase classname="backend.tests.test_registration_otp_flow.TestRegistrationOTPFlow" name="test_request_otp_invalid_pan_format" time="0.038"><failure message="AssertionError: assert ('pan' in 'email already registered' or 'format' in 'email already registered' or 'invalid' in 'email already registered')">backend/tests/test_registration_otp_flow.py:197: in test_request_otp_invalid_pan_format
    assert "pan" in error_msg or "format" in error_msg or "invalid" in error_msg
E   AssertionError: assert ('pan' in 'email already registered' or 'format' in 'email already registered' or 'invalid' in 'email already registered')</failure></testcase><testcase classname="backend.tests.test_registration_otp_flow.TestRegistrationOTPFlow" name="test_request_otp_pan_too_short" time="0.044" /><testcase classname="backend.tests.test_registration_otp_flow.TestRegistrationOTPFlow" name="test_request_otp_pan_all_numbers" time="0.044" /><testcase classname="backend.tests.test_registration_otp_flow.TestRegistrationOTPFlow" name="test_request_otp_valid_smifs_com_domain_format" time="0.083" /><testcase classname="backend.tests.test_registration_otp_flow.TestRegistrationOTPFlow" name="test_request_otp_valid_smifs_co_in_domain_format" time="0.038" /><testcase classname="backend.tests.test_registration_otp_flow.TestRegistrationOTPFlow" name="test_verify_otp_no_pending_registration" time="0.051"><failure message="AssertionError: Expected 400 for no pending registration, got 422&#10;assert 422 == 400&#10; +  where 422 = &lt;Response [422]&gt;.status_code">backend/tests/test_registration_otp_flow.py:292: in test_verify_otp_no_pending_registration
    assert response.status_code == 400, f"Expected 400 for no pending registration, got {response.status_code}"
E   AssertionError: Expected 400 for no pending registration, got 422
E   assert 422 == 400
E    +  where 422 = &lt;Response [422]&gt;.status_code</failure></testcase><testcase classname="backend.tests.test_registration_otp_flow.TestRegistrationOTPFlow" name="test_resend_otp_no_pending_registration" time="0.039"><failure message="AssertionError: Expected 400 for no pending registration, got 422&#10;assert 422 == 400&#10; +  where 422 = &lt;Response [422]&gt;.status_code">backend/tests/test_registration_otp_flow.py:306: in test_resend_otp_no_pending_registration
    assert response.status_code == 400, f"Expected 400 for no pending registration, got {response.status_code}"
E   AssertionError: Expected 400 for no pending registration, got 422
E   assert 422 == 400
E    +  where 422 = &lt;Response [422]&gt;.status_code</failure></testcase><testcase classname="backend.tests.test_registration_otp_flow.TestRegistrationEdgeCases" name="test_empty_payload" time="0.038" /><testcase classname="backend.tests.test_registration_otp_flow.TestRegistrationEdgeCases" name="test_null_values" time="0.040" /><testcase classname="backend.tests.test_registration_otp_flow.TestRegistrationEdgeCases" name="test_email_case_insensitivity" time="0.042" /><testcase classname="backend.tests.test_registration_otp_flow.TestRegistrationEdgeCases" name="test_pan_lowercase_converted" time="0.040" /></testsuite></testsuites>