<?xml version="1.0" encoding="utf-8"?><testsuites name="pytest tests"><testsuite name="pytest" errors="0" failures="0" skipped="6" tests="17" time="14.867" timestamp="2026-01-30T15:54:25.227050+00:00" hostname="agent-env-e1009c0b-4f70-4e40-8de3-76489693b413"><testcase classname="backend.tests.test_research_center.TestResearchCenterAuth" name="test_pe_desk_login" time="0.301" /><testcase classname="backend.tests.test_research_center.TestResearchStats" name="test_get_research_stats" time="0.302" /><testcase classname="backend.tests.test_research_center.TestResearchReportsListing" name="test_list_research_reports" time="0.314" /><testcase classname="backend.tests.test_research_center.TestResearchReportsListing" name="test_list_reports_with_stock_filter" time="0.039" /><testcase classname="backend.tests.test_research_center.TestResearchReportsListing" name="test_list_reports_with_type_filter" time="0.083" /><testcase classname="backend.tests.test_research_center.TestResearchReportUpload" name="test_upload_report_pe_desk" time="0.303"><skipped type="pytest.skip" message="No stocks available for testing">/app/backend/tests/test_research_center.py:200: No stocks available for testing</skipped></testcase><testcase classname="backend.tests.test_research_center.TestResearchReportUpload" name="test_upload_report_employee_forbidden" time="0.039"><skipped type="pytest.skip" message="Employee login failed">/app/backend/tests/test_research_center.py:237: Employee login failed</skipped></testcase><testcase classname="backend.tests.test_research_center.TestResearchReportUpload" name="test_upload_invalid_file_type" time="0.000"><skipped type="pytest.skip" message="No stocks available for testing">/app/backend/tests/test_research_center.py:265: No stocks available for testing</skipped></testcase><testcase classname="backend.tests.test_research_center.TestResearchReportUpload" name="test_upload_missing_required_fields" time="0.047" /><testcase classname="backend.tests.test_research_center.TestResearchReportDelete" name="test_delete_nonexistent_report" time="0.307" /><testcase classname="backend.tests.test_research_center.TestResearchReportDelete" name="test_employee_cannot_delete" time="0.036"><skipped type="pytest.skip" message="Employee login failed">/app/backend/tests/test_research_center.py:356: Employee login failed</skipped></testcase><testcase classname="backend.tests.test_research_center.TestAIResearchAssistant" name="test_ai_research_general_query" time="12.218" /><testcase classname="backend.tests.test_research_center.TestAIResearchAssistant" name="test_ai_research_with_stock" time="0.061"><skipped type="pytest.skip" message="No stock available for testing">/app/backend/tests/test_research_center.py:427: No stock available for testing</skipped></testcase><testcase classname="backend.tests.test_research_center.TestAIResearchAssistant" name="test_ai_research_empty_query" time="0.043" /><testcase classname="backend.tests.test_research_center.TestResearchReportsByStock" name="test_get_reports_by_stock" time="0.301"><skipped type="pytest.skip" message="No stocks available">/app/backend/tests/test_research_center.py:487: No stocks available</skipped></testcase><testcase classname="backend.tests.test_research_center.TestResearchReportsByStock" name="test_get_reports_invalid_stock" time="0.038" /><testcase classname="backend.tests.test_research_center.TestCleanupTestData" name="test_cleanup_test_reports" time="0.309" /></testsuite></testsuites>