<?xml version="1.0" encoding="utf-8"?><testsuites name="pytest tests"><testsuite name="pytest" errors="0" failures="0" skipped="0" tests="17" time="4.995" timestamp="2026-02-04T14:01:42.324142+00:00" hostname="agent-env-d87143ae-f9f5-4c3e-9f16-55094c095de5"><testcase classname="backend.tests.test_role_management_system.TestRoleManagementSystem" name="test_01_get_all_roles" time="1.501" /><testcase classname="backend.tests.test_role_management_system.TestRoleManagementSystem" name="test_02_get_all_permissions" time="0.037" /><testcase classname="backend.tests.test_role_management_system.TestRoleManagementSystem" name="test_03_create_custom_role" time="0.041" /><testcase classname="backend.tests.test_role_management_system.TestRoleManagementSystem" name="test_04_get_specific_role" time="0.042" /><testcase classname="backend.tests.test_role_management_system.TestRoleManagementSystem" name="test_05_update_role_permissions" time="0.042" /><testcase classname="backend.tests.test_role_management_system.TestRoleManagementSystem" name="test_06_cannot_delete_system_roles" time="0.221" /><testcase classname="backend.tests.test_role_management_system.TestRoleManagementSystem" name="test_07_can_delete_custom_role" time="0.105" /><testcase classname="backend.tests.test_role_management_system.TestRoleManagementSystem" name="test_08_create_test_user" time="0.261" /><testcase classname="backend.tests.test_role_management_system.TestRoleManagementSystem" name="test_09_assign_custom_role_to_user" time="0.039" /><testcase classname="backend.tests.test_role_management_system.TestRoleManagementSystem" name="test_10_verify_user_permissions_after_role_assignment" time="0.037" /><testcase classname="backend.tests.test_role_management_system.TestRoleManagementSystem" name="test_11_login_as_test_user_and_verify_permissions" time="2.264" /><testcase classname="backend.tests.test_role_management_system.TestRoleManagementSystem" name="test_12_auth_me_returns_fresh_permissions" time="0.039" /><testcase classname="backend.tests.test_role_management_system.TestRoleManagementSystem" name="test_13_add_permission_to_role_and_verify_user_access" time="0.057" /><testcase classname="backend.tests.test_role_management_system.TestRoleManagementSystem" name="test_14_remove_permission_from_role_and_verify_user_access" time="0.055" /><testcase classname="backend.tests.test_role_management_system.TestRoleManagementSystem" name="test_15_assign_system_roles_to_user" time="0.047" /><testcase classname="backend.tests.test_role_management_system.TestRoleManagementSystem" name="test_16_check_permission_endpoint" time="0.075" /><testcase classname="backend.tests.test_role_management_system.TestRoleManagementSystem" name="test_99_cleanup" time="0.054" /></testsuite></testsuites>