<?xml version="1.0" encoding="utf-8"?><testsuites name="pytest tests"><testsuite name="pytest" errors="0" failures="7" skipped="0" tests="17" time="4.009" timestamp="2026-02-04T13:59:53.874103+00:00" hostname="agent-env-d87143ae-f9f5-4c3e-9f16-55094c095de5"><testcase classname="backend.tests.test_role_management_system.TestRoleManagementSystem" name="test_01_get_all_roles" time="0.532" /><testcase classname="backend.tests.test_role_management_system.TestRoleManagementSystem" name="test_02_get_all_permissions" time="0.281" /><testcase classname="backend.tests.test_role_management_system.TestRoleManagementSystem" name="test_03_create_custom_role" time="0.277" /><testcase classname="backend.tests.test_role_management_system.TestRoleManagementSystem" name="test_04_get_specific_role" time="0.279" /><testcase classname="backend.tests.test_role_management_system.TestRoleManagementSystem" name="test_05_update_role_permissions" time="0.287" /><testcase classname="backend.tests.test_role_management_system.TestRoleManagementSystem" name="test_06_cannot_delete_system_roles" time="0.518" /><testcase classname="backend.tests.test_role_management_system.TestRoleManagementSystem" name="test_07_can_delete_custom_role" time="0.287" /><testcase classname="backend.tests.test_role_management_system.TestRoleManagementSystem" name="test_08_create_test_user" time="0.497" /><testcase classname="backend.tests.test_role_management_system.TestRoleManagementSystem" name="test_09_assign_custom_role_to_user" time="0.359" /><testcase classname="backend.tests.test_role_management_system.TestRoleManagementSystem" name="test_10_verify_user_permissions_after_role_assignment" time="0.276" /><testcase classname="backend.tests.test_role_management_system.TestRoleManagementSystem" name="test_11_login_as_test_user_and_verify_permissions" time="0.032"><failure message="AssertionError: Test user login failed: {&quot;detail&quot;:&quot;Too many requests. Please try again later.&quot;}&#10;assert 429 == 200&#10; +  where 429 = &lt;Response [429]&gt;.status_code">backend/tests/test_role_management_system.py:275: in test_11_login_as_test_user_and_verify_permissions
    assert response.status_code == 200, f"Test user login failed: {response.text}"
E   AssertionError: Test user login failed: {"detail":"Too many requests. Please try again later."}
E   assert 429 == 200
E    +  where 429 = &lt;Response [429]&gt;.status_code</failure></testcase><testcase classname="backend.tests.test_role_management_system.TestRoleManagementSystem" name="test_12_auth_me_returns_fresh_permissions" time="0.032"><failure message="AssertionError: Test user login failed: {&quot;detail&quot;:&quot;Too many requests. Please try again later.&quot;}&#10;assert 429 == 200&#10; +  where 429 = &lt;Response [429]&gt;.status_code">backend/tests/test_role_management_system.py:291: in test_12_auth_me_returns_fresh_permissions
    self.test_11_login_as_test_user_and_verify_permissions()
backend/tests/test_role_management_system.py:275: in test_11_login_as_test_user_and_verify_permissions
    assert response.status_code == 200, f"Test user login failed: {response.text}"
E   AssertionError: Test user login failed: {"detail":"Too many requests. Please try again later."}
E   assert 429 == 200
E    +  where 429 = &lt;Response [429]&gt;.status_code</failure></testcase><testcase classname="backend.tests.test_role_management_system.TestRoleManagementSystem" name="test_13_add_permission_to_role_and_verify_user_access" time="0.034"><failure message="AssertionError: Test user login failed: {&quot;detail&quot;:&quot;Too many requests. Please try again later.&quot;}&#10;assert 429 == 200&#10; +  where 429 = &lt;Response [429]&gt;.status_code">backend/tests/test_role_management_system.py:312: in test_13_add_permission_to_role_and_verify_user_access
    self.test_11_login_as_test_user_and_verify_permissions()
backend/tests/test_role_management_system.py:275: in test_11_login_as_test_user_and_verify_permissions
    assert response.status_code == 200, f"Test user login failed: {response.text}"
E   AssertionError: Test user login failed: {"detail":"Too many requests. Please try again later."}
E   assert 429 == 200
E    +  where 429 = &lt;Response [429]&gt;.status_code</failure></testcase><testcase classname="backend.tests.test_role_management_system.TestRoleManagementSystem" name="test_14_remove_permission_from_role_and_verify_user_access" time="0.033"><failure message="AssertionError: Test user login failed: {&quot;detail&quot;:&quot;Too many requests. Please try again later.&quot;}&#10;assert 429 == 200&#10; +  where 429 = &lt;Response [429]&gt;.status_code">backend/tests/test_role_management_system.py:347: in test_14_remove_permission_from_role_and_verify_user_access
    self.test_11_login_as_test_user_and_verify_permissions()
backend/tests/test_role_management_system.py:275: in test_11_login_as_test_user_and_verify_permissions
    assert response.status_code == 200, f"Test user login failed: {response.text}"
E   AssertionError: Test user login failed: {"detail":"Too many requests. Please try again later."}
E   assert 429 == 200
E    +  where 429 = &lt;Response [429]&gt;.status_code</failure></testcase><testcase classname="backend.tests.test_role_management_system.TestRoleManagementSystem" name="test_15_assign_system_roles_to_user" time="0.035"><failure message="AssertionError: PE Desk login failed: {&quot;detail&quot;:&quot;Too many requests. Please try again later.&quot;}&#10;assert 429 == 200&#10; +  where 429 = &lt;Response [429]&gt;.status_code">backend/tests/test_role_management_system.py:390: in test_15_assign_system_roles_to_user
    headers=self.auth_headers()
            ^^^^^^^^^^^^^^^^^^^
backend/tests/test_role_management_system.py:47: in auth_headers
    return {"Authorization": f"Bearer {token or self.get_pe_token()}"}
                                                ^^^^^^^^^^^^^^^^^^^
backend/tests/test_role_management_system.py:41: in get_pe_token
    assert response.status_code == 200, f"PE Desk login failed: {response.text}"
E   AssertionError: PE Desk login failed: {"detail":"Too many requests. Please try again later."}
E   assert 429 == 200
E    +  where 429 = &lt;Response [429]&gt;.status_code</failure></testcase><testcase classname="backend.tests.test_role_management_system.TestRoleManagementSystem" name="test_16_check_permission_endpoint" time="0.034"><failure message="AssertionError: PE Desk login failed: {&quot;detail&quot;:&quot;Too many requests. Please try again later.&quot;}&#10;assert 429 == 200&#10; +  where 429 = &lt;Response [429]&gt;.status_code">backend/tests/test_role_management_system.py:413: in test_16_check_permission_endpoint
    headers=self.auth_headers()
            ^^^^^^^^^^^^^^^^^^^
backend/tests/test_role_management_system.py:47: in auth_headers
    return {"Authorization": f"Bearer {token or self.get_pe_token()}"}
                                                ^^^^^^^^^^^^^^^^^^^
backend/tests/test_role_management_system.py:41: in get_pe_token
    assert response.status_code == 200, f"PE Desk login failed: {response.text}"
E   AssertionError: PE Desk login failed: {"detail":"Too many requests. Please try again later."}
E   assert 429 == 200
E    +  where 429 = &lt;Response [429]&gt;.status_code</failure></testcase><testcase classname="backend.tests.test_role_management_system.TestRoleManagementSystem" name="test_99_cleanup" time="0.031"><failure message="AssertionError: PE Desk login failed: {&quot;detail&quot;:&quot;Too many requests. Please try again later.&quot;}&#10;assert 429 == 200&#10; +  where 429 = &lt;Response [429]&gt;.status_code">backend/tests/test_role_management_system.py:429: in test_99_cleanup
    headers=self.auth_headers()
            ^^^^^^^^^^^^^^^^^^^
backend/tests/test_role_management_system.py:47: in auth_headers
    return {"Authorization": f"Bearer {token or self.get_pe_token()}"}
                                                ^^^^^^^^^^^^^^^^^^^
backend/tests/test_role_management_system.py:41: in get_pe_token
    assert response.status_code == 200, f"PE Desk login failed: {response.text}"
E   AssertionError: PE Desk login failed: {"detail":"Too many requests. Please try again later."}
E   assert 429 == 200
E    +  where 429 = &lt;Response [429]&gt;.status_code</failure></testcase></testsuite></testsuites>