<?xml version="1.0" encoding="utf-8"?><testsuites name="pytest tests"><testsuite name="pytest" errors="0" failures="0" skipped="0" tests="12" time="4.727" timestamp="2026-01-28T19:47:48.035272+00:00" hostname="agent-env-3d81e11f-0b9d-4f0f-a9b3-9c9ca655d419"><testcase classname="backend.tests.test_rp_approval_workflow.TestRPApprovalWorkflow" name="test_01_employee_creates_rp_status_pending" time="0.309" /><testcase classname="backend.tests.test_rp_approval_workflow.TestRPApprovalWorkflow" name="test_02_pe_level_creates_rp_auto_approved" time="0.267" /><testcase classname="backend.tests.test_rp_approval_workflow.TestRPApprovalWorkflow" name="test_03_pe_level_can_view_pending_approvals" time="0.270" /><testcase classname="backend.tests.test_rp_approval_workflow.TestRPApprovalWorkflow" name="test_04_non_pe_level_cannot_view_pending_approvals" time="0.315" /><testcase classname="backend.tests.test_rp_approval_workflow.TestRPApprovalWorkflow" name="test_05_pe_level_can_approve_pending_rp" time="0.599" /><testcase classname="backend.tests.test_rp_approval_workflow.TestRPApprovalWorkflow" name="test_06_pe_level_can_reject_pending_rp_with_reason" time="0.597" /><testcase classname="backend.tests.test_rp_approval_workflow.TestRPApprovalWorkflow" name="test_07_rejection_without_reason_fails" time="0.598" /><testcase classname="backend.tests.test_rp_approval_workflow.TestRPApprovalWorkflow" name="test_08_booking_form_shows_only_approved_rps" time="0.266" /><testcase classname="backend.tests.test_rp_approval_workflow.TestRPApprovalWorkflow" name="test_09_already_approved_rp_cannot_be_approved_again" time="0.281" /><testcase classname="backend.tests.test_rp_approval_workflow.TestRPApprovalWorkflow" name="test_10_non_pe_level_cannot_approve_rps" time="0.550" /><testcase classname="backend.tests.test_rp_approval_workflow.TestRPApprovalStatusBadge" name="test_11_rp_list_includes_approval_status" time="0.268" /><testcase classname="backend.tests.test_rp_approval_workflow.TestRPApprovalStatusBadge" name="test_12_rp_detail_includes_approval_info" time="0.325" /></testsuite></testsuites>