<?xml version="1.0" encoding="utf-8"?><testsuites name="pytest tests"><testsuite name="pytest" errors="0" failures="1" skipped="0" tests="12" time="4.666" timestamp="2026-01-28T19:46:48.341035+00:00" hostname="agent-env-3d81e11f-0b9d-4f0f-a9b3-9c9ca655d419"><testcase classname="backend.tests.test_rp_approval_workflow.TestRPApprovalWorkflow" name="test_01_employee_creates_rp_status_pending" time="0.348"><failure message="AssertionError: Failed to create RP: {&quot;detail&quot;:&quot;Referral Partner with Aadhar 123456789012 already exists&quot;}&#10;assert 400 == 200&#10; +  where 400 = &lt;Response [400]&gt;.status_code">backend/tests/test_rp_approval_workflow.py:99: in test_01_employee_creates_rp_status_pending
    assert response.status_code == 200, f"Failed to create RP: {response.text}"
E   AssertionError: Failed to create RP: {"detail":"Referral Partner with Aadhar 123456789012 already exists"}
E   assert 400 == 200
E    +  where 400 = &lt;Response [400]&gt;.status_code</failure></testcase><testcase classname="backend.tests.test_rp_approval_workflow.TestRPApprovalWorkflow" name="test_02_pe_level_creates_rp_auto_approved" time="0.280" /><testcase classname="backend.tests.test_rp_approval_workflow.TestRPApprovalWorkflow" name="test_03_pe_level_can_view_pending_approvals" time="0.279" /><testcase classname="backend.tests.test_rp_approval_workflow.TestRPApprovalWorkflow" name="test_04_non_pe_level_cannot_view_pending_approvals" time="0.278" /><testcase classname="backend.tests.test_rp_approval_workflow.TestRPApprovalWorkflow" name="test_05_pe_level_can_approve_pending_rp" time="0.564" /><testcase classname="backend.tests.test_rp_approval_workflow.TestRPApprovalWorkflow" name="test_06_pe_level_can_reject_pending_rp_with_reason" time="0.531" /><testcase classname="backend.tests.test_rp_approval_workflow.TestRPApprovalWorkflow" name="test_07_rejection_without_reason_fails" time="0.569" /><testcase classname="backend.tests.test_rp_approval_workflow.TestRPApprovalWorkflow" name="test_08_booking_form_shows_only_approved_rps" time="0.270" /><testcase classname="backend.tests.test_rp_approval_workflow.TestRPApprovalWorkflow" name="test_09_already_approved_rp_cannot_be_approved_again" time="0.296" /><testcase classname="backend.tests.test_rp_approval_workflow.TestRPApprovalWorkflow" name="test_10_non_pe_level_cannot_approve_rps" time="0.533" /><testcase classname="backend.tests.test_rp_approval_workflow.TestRPApprovalStatusBadge" name="test_11_rp_list_includes_approval_status" time="0.262" /><testcase classname="backend.tests.test_rp_approval_workflow.TestRPApprovalStatusBadge" name="test_12_rp_detail_includes_approval_info" time="0.322" /></testsuite></testsuites>