<?xml version="1.0" encoding="utf-8"?><testsuites name="pytest tests"><testsuite name="pytest" errors="0" failures="0" skipped="2" tests="12" time="3.570" timestamp="2026-01-28T18:51:47.070201+00:00" hostname="agent-env-3d81e11f-0b9d-4f0f-a9b3-9c9ca655d419"><testcase classname="tests.test_rp_finance_integration.TestRPFinanceIntegration" name="test_01_rp_revenue_share_cap_30_percent" time="0.382" /><testcase classname="tests.test_rp_finance_integration.TestRPFinanceIntegration" name="test_02_rp_revenue_share_negative_rejected" time="0.347" /><testcase classname="tests.test_rp_finance_integration.TestRPFinanceIntegration" name="test_03_rp_revenue_share_valid_30_percent" time="0.317" /><testcase classname="tests.test_rp_finance_integration.TestRPFinanceIntegration" name="test_04_get_rp_payments_endpoint" time="0.271" /><testcase classname="tests.test_rp_finance_integration.TestRPFinanceIntegration" name="test_05_get_rp_payments_with_status_filter" time="0.265" /><testcase classname="tests.test_rp_finance_integration.TestRPFinanceIntegration" name="test_06_get_rp_payments_summary" time="0.267" /><testcase classname="tests.test_rp_finance_integration.TestRPFinanceIntegration" name="test_07_update_rp_payment_status" time="0.270"><skipped type="pytest.skip" message="No RP payments available for testing">/app/backend/tests/test_rp_finance_integration.py:288: No RP payments available for testing</skipped></testcase><testcase classname="tests.test_rp_finance_integration.TestRPFinanceIntegration" name="test_08_update_rp_payment_to_paid" time="0.311"><skipped type="pytest.skip" message="No RP payments available for testing">/app/backend/tests/test_rp_finance_integration.py:330: No RP payments available for testing</skipped></testcase><testcase classname="tests.test_rp_finance_integration.TestRPFinanceIntegration" name="test_09_update_nonexistent_rp_payment" time="0.275" /><testcase classname="tests.test_rp_finance_integration.TestRPFinanceIntegration" name="test_10_finance_summary_includes_rp_payments" time="0.279" /><testcase classname="tests.test_rp_finance_integration.TestRPFinanceIntegration" name="test_11_rp_payments_requires_finance_access" time="0.033" /><testcase classname="tests.test_rp_finance_integration.TestEndToEndRPPaymentFlow" name="test_e2e_booking_with_rp_creates_payment_on_transfer" time="0.438" /></testsuite></testsuites>