<?xml version="1.0" encoding="utf-8"?><testsuites name="pytest tests"><testsuite name="pytest" errors="0" failures="0" skipped="0" tests="26" time="7.531" timestamp="2026-01-28T19:35:40.181211+00:00" hostname="agent-env-3d81e11f-0b9d-4f0f-a9b3-9c9ca655d419"><testcase classname="tests.test_rp_mandatory_fields.TestRPMandatoryFields" name="test_01_name_required" time="0.293" /><testcase classname="tests.test_rp_mandatory_fields.TestRPMandatoryFields" name="test_02_name_whitespace_only" time="0.308" /><testcase classname="tests.test_rp_mandatory_fields.TestRPMandatoryFields" name="test_03_email_required" time="0.302" /><testcase classname="tests.test_rp_mandatory_fields.TestRPMandatoryFields" name="test_04_email_invalid_format" time="0.349" /><testcase classname="tests.test_rp_mandatory_fields.TestRPMandatoryFields" name="test_05_email_valid_format" time="0.272" /><testcase classname="tests.test_rp_mandatory_fields.TestRPMandatoryFields" name="test_06_phone_required" time="0.278" /><testcase classname="tests.test_rp_mandatory_fields.TestRPMandatoryFields" name="test_07_phone_less_than_10_digits" time="0.270" /><testcase classname="tests.test_rp_mandatory_fields.TestRPMandatoryFields" name="test_08_phone_more_than_10_digits" time="0.267" /><testcase classname="tests.test_rp_mandatory_fields.TestRPMandatoryFields" name="test_09_phone_with_plus91_rejected" time="0.269" /><testcase classname="tests.test_rp_mandatory_fields.TestRPMandatoryFields" name="test_10_phone_exactly_10_digits_valid" time="0.272" /><testcase classname="tests.test_rp_mandatory_fields.TestRPMandatoryFields" name="test_11_pan_required" time="0.273" /><testcase classname="tests.test_rp_mandatory_fields.TestRPMandatoryFields" name="test_12_pan_less_than_10_chars" time="0.266" /><testcase classname="tests.test_rp_mandatory_fields.TestRPMandatoryFields" name="test_13_pan_more_than_10_chars" time="0.269" /><testcase classname="tests.test_rp_mandatory_fields.TestRPMandatoryFields" name="test_14_aadhar_required" time="0.266" /><testcase classname="tests.test_rp_mandatory_fields.TestRPMandatoryFields" name="test_15_aadhar_less_than_12_digits" time="0.270" /><testcase classname="tests.test_rp_mandatory_fields.TestRPMandatoryFields" name="test_16_aadhar_more_than_12_digits" time="0.309" /><testcase classname="tests.test_rp_mandatory_fields.TestRPMandatoryFields" name="test_17_address_required" time="0.311" /><testcase classname="tests.test_rp_mandatory_fields.TestRPMandatoryFields" name="test_18_address_whitespace_only" time="0.272" /><testcase classname="tests.test_rp_mandatory_fields.TestRPMandatoryFields" name="test_19_successful_rp_creation_all_fields" time="0.291" /><testcase classname="tests.test_rp_mandatory_fields.TestRPMandatoryFields" name="test_20_duplicate_pan_rejected" time="0.286" /><testcase classname="tests.test_rp_mandatory_fields.TestRPMandatoryFields" name="test_21_duplicate_email_rejected" time="0.285" /><testcase classname="tests.test_rp_mandatory_fields.TestRPMandatoryFields" name="test_22_duplicate_aadhar_rejected" time="0.315" /><testcase classname="tests.test_rp_mandatory_fields.TestRPEmailNotification" name="test_23_rp_deal_notification_template_exists" time="0.267" /><testcase classname="tests.test_rp_mandatory_fields.TestRPEmailNotification" name="test_24_stock_transfer_creates_rp_payment" time="0.310" /><testcase classname="tests.test_rp_mandatory_fields.TestRPEditValidation" name="test_25_edit_rp_phone_validation" time="0.280" /><testcase classname="tests.test_rp_mandatory_fields.TestRPEditValidation" name="test_26_edit_rp_aadhar_validation" time="0.287" /></testsuite></testsuites>