<?xml version="1.0" encoding="utf-8"?><testsuites name="pytest tests"><testsuite name="pytest" errors="0" failures="4" skipped="7" tests="11" time="24.906" timestamp="2026-02-03T13:21:33.215844+00:00" hostname="agent-env-69cf2a05-7150-494e-8385-cb3eb5b127e3"><testcase classname="backend.tests.test_rp_mapping_feature" name="test_01_login_and_get_bookings" time="2.485"><failure message="AssertionError: Failed to get bookings: {&quot;detail&quot;:&quot;Invalid token&quot;}&#10;assert 401 == 200&#10; +  where 401 = &lt;Response [401]&gt;.status_code">backend/tests/test_rp_mapping_feature.py:85: in test_01_login_and_get_bookings
    assert response.status_code == 200, f"Failed to get bookings: {response.text}"
E   AssertionError: Failed to get bookings: {"detail":"Invalid token"}
E   assert 401 == 200
E    +  where 401 = &lt;Response [401]&gt;.status_code</failure></testcase><testcase classname="backend.tests.test_rp_mapping_feature" name="test_02_get_approved_rps" time="2.250"><failure message="AssertionError: Failed to get RPs: {&quot;detail&quot;:&quot;Invalid token&quot;}&#10;assert 401 == 200&#10; +  where 401 = &lt;Response [401]&gt;.status_code">backend/tests/test_rp_mapping_feature.py:96: in test_02_get_approved_rps
    assert response.status_code == 200, f"Failed to get RPs: {response.text}"
E   AssertionError: Failed to get RPs: {"detail":"Invalid token"}
E   assert 401 == 200
E    +  where 401 = &lt;Response [401]&gt;.status_code</failure></testcase><testcase classname="backend.tests.test_rp_mapping_feature" name="test_03_update_rp_mapping_add_rp" time="2.256"><skipped type="pytest.skip" message="No suitable booking found for testing">/app/backend/tests/test_rp_mapping_feature.py:108: No suitable booking found for testing</skipped></testcase><testcase classname="backend.tests.test_rp_mapping_feature" name="test_04_update_rp_mapping_change_share" time="2.255"><skipped type="pytest.skip" message="No suitable booking found for testing">/app/backend/tests/test_rp_mapping_feature.py:142: No suitable booking found for testing</skipped></testcase><testcase classname="backend.tests.test_rp_mapping_feature" name="test_05_update_rp_mapping_remove_rp" time="2.249"><skipped type="pytest.skip" message="No suitable booking found for testing">/app/backend/tests/test_rp_mapping_feature.py:173: No suitable booking found for testing</skipped></testcase><testcase classname="backend.tests.test_rp_mapping_feature" name="test_06_verify_booking_after_rp_update" time="2.250"><skipped type="pytest.skip" message="No suitable booking found for testing">/app/backend/tests/test_rp_mapping_feature.py:197: No suitable booking found for testing</skipped></testcase><testcase classname="backend.tests.test_rp_mapping_feature" name="test_07_rp_share_default_30_percent" time="2.252"><skipped type="pytest.skip" message="No suitable booking found for testing">/app/backend/tests/test_rp_mapping_feature.py:233: No suitable booking found for testing</skipped></testcase><testcase classname="backend.tests.test_rp_mapping_feature" name="test_08_invalid_rp_id" time="2.263"><skipped type="pytest.skip" message="No suitable booking found for testing">/app/backend/tests/test_rp_mapping_feature.py:264: No suitable booking found for testing</skipped></testcase><testcase classname="backend.tests.test_rp_mapping_feature" name="test_09_invalid_booking_id" time="2.248"><skipped type="pytest.skip" message="No approved RP found for testing">/app/backend/tests/test_rp_mapping_feature.py:286: No approved RP found for testing</skipped></testcase><testcase classname="backend.tests.test_rp_mapping_feature" name="test_10_cannot_update_transferred_booking" time="2.285"><failure message="assert 401 == 200&#10; +  where 401 = &lt;Response [401]&gt;.status_code">backend/tests/test_rp_mapping_feature.py:308: in test_10_cannot_update_transferred_booking
    assert response.status_code == 200
E   assert 401 == 200
E    +  where 401 = &lt;Response [401]&gt;.status_code</failure></testcase><testcase classname="backend.tests.test_rp_mapping_feature" name="test_11_cannot_update_bp_booking" time="2.009"><failure message="Exception: Login failed: {&quot;detail&quot;:&quot;Too many requests. Please try again later.&quot;}">backend/tests/test_rp_mapping_feature.py:341: in test_11_cannot_update_bp_booking
    session = get_authenticated_session()
              ^^^^^^^^^^^^^^^^^^^^^^^^^^^
backend/tests/test_rp_mapping_feature.py:44: in get_authenticated_session
    raise Exception(f"Login failed: {response.text}")
E   Exception: Login failed: {"detail":"Too many requests. Please try again later."}</failure></testcase></testsuite></testsuites>