<?xml version="1.0" encoding="utf-8"?><testsuites name="pytest tests"><testsuite name="pytest" errors="0" failures="2" skipped="0" tests="26" time="7.744" timestamp="2026-01-28T19:33:46.121660+00:00" hostname="agent-env-3d81e11f-0b9d-4f0f-a9b3-9c9ca655d419"><testcase classname="tests.test_rp_mandatory_fields.TestRPMandatoryFields" name="test_01_name_required" time="0.301" /><testcase classname="tests.test_rp_mandatory_fields.TestRPMandatoryFields" name="test_02_name_whitespace_only" time="0.275" /><testcase classname="tests.test_rp_mandatory_fields.TestRPMandatoryFields" name="test_03_email_required" time="0.319" /><testcase classname="tests.test_rp_mandatory_fields.TestRPMandatoryFields" name="test_04_email_invalid_format" time="0.284" /><testcase classname="tests.test_rp_mandatory_fields.TestRPMandatoryFields" name="test_05_email_valid_format" time="0.274" /><testcase classname="tests.test_rp_mandatory_fields.TestRPMandatoryFields" name="test_06_phone_required" time="0.313" /><testcase classname="tests.test_rp_mandatory_fields.TestRPMandatoryFields" name="test_07_phone_less_than_10_digits" time="0.280" /><testcase classname="tests.test_rp_mandatory_fields.TestRPMandatoryFields" name="test_08_phone_more_than_10_digits" time="0.269" /><testcase classname="tests.test_rp_mandatory_fields.TestRPMandatoryFields" name="test_09_phone_with_plus91_rejected" time="0.278" /><testcase classname="tests.test_rp_mandatory_fields.TestRPMandatoryFields" name="test_10_phone_exactly_10_digits_valid" time="0.311" /><testcase classname="tests.test_rp_mandatory_fields.TestRPMandatoryFields" name="test_11_pan_required" time="0.267" /><testcase classname="tests.test_rp_mandatory_fields.TestRPMandatoryFields" name="test_12_pan_less_than_10_chars" time="0.269" /><testcase classname="tests.test_rp_mandatory_fields.TestRPMandatoryFields" name="test_13_pan_more_than_10_chars" time="0.302" /><testcase classname="tests.test_rp_mandatory_fields.TestRPMandatoryFields" name="test_14_aadhar_required" time="0.270" /><testcase classname="tests.test_rp_mandatory_fields.TestRPMandatoryFields" name="test_15_aadhar_less_than_12_digits" time="0.266" /><testcase classname="tests.test_rp_mandatory_fields.TestRPMandatoryFields" name="test_16_aadhar_more_than_12_digits" time="0.266" /><testcase classname="tests.test_rp_mandatory_fields.TestRPMandatoryFields" name="test_17_address_required" time="0.344" /><testcase classname="tests.test_rp_mandatory_fields.TestRPMandatoryFields" name="test_18_address_whitespace_only" time="0.277" /><testcase classname="tests.test_rp_mandatory_fields.TestRPMandatoryFields" name="test_19_successful_rp_creation_all_fields" time="0.321"><failure message="AssertionError: Expected 201, got 200: {&quot;id&quot;:&quot;1bf5a09d-2ca6-485e-9157-712ba06e9ffb&quot;,&quot;rp_code&quot;:&quot;RP-0011&quot;,&quot;name&quot;:&quot;Test RP 1C1EA4&quot;,&quot;email&quot;:&quot;testrp_1c1ea4@example.com&quot;,&quot;phone&quot;:&quot;9876543210&quot;,&quot;pan_number&quot;:&quot;TEST1C1EA4&quot;,&quot;aadhar_number&quot;:&quot;807106685370&quot;,&quot;address&quot;:&quot;123 Test Street, Test City, Test State 123456&quot;,&quot;pan_card_url&quot;:null,&quot;aadhar_card_url&quot;:null,&quot;cancelled_cheque_url&quot;:null,&quot;is_active&quot;:true,&quot;created_by&quot;:&quot;49202979-3285-436f-a37a-e8a1d6b1962e&quot;,&quot;created_by_name&quot;:&quot;PE Desk Super Admin&quot;,&quot;created_at&quot;:&quot;2026-01-28T19:33:51.691876+00:00&quot;,&quot;updated_at&quot;:null,&quot;updated_by&quot;:null}&#10;assert 200 == 201&#10; +  where 200 = &lt;Response [200]&gt;.status_code">tests/test_rp_mandatory_fields.py:339: in test_19_successful_rp_creation_all_fields
    assert response.status_code == 201, f"Expected 201, got {response.status_code}: {response.text}"
E   AssertionError: Expected 201, got 200: {"id":"1bf5a09d-2ca6-485e-9157-712ba06e9ffb","rp_code":"RP-0011","name":"Test RP 1C1EA4","email":"testrp_1c1ea4@example.com","phone":"9876543210","pan_number":"TEST1C1EA4","aadhar_number":"807106685370","address":"123 Test Street, Test City, Test State 123456","pan_card_url":null,"aadhar_card_url":null,"cancelled_cheque_url":null,"is_active":true,"created_by":"49202979-3285-436f-a37a-e8a1d6b1962e","created_by_name":"PE Desk Super Admin","created_at":"2026-01-28T19:33:51.691876+00:00","updated_at":null,"updated_by":null}
E   assert 200 == 201
E    +  where 200 = &lt;Response [200]&gt;.status_code</failure></testcase><testcase classname="tests.test_rp_mandatory_fields.TestRPMandatoryFields" name="test_20_duplicate_pan_rejected" time="0.321" /><testcase classname="tests.test_rp_mandatory_fields.TestRPMandatoryFields" name="test_21_duplicate_email_rejected" time="0.317" /><testcase classname="tests.test_rp_mandatory_fields.TestRPMandatoryFields" name="test_22_duplicate_aadhar_rejected" time="0.274" /><testcase classname="tests.test_rp_mandatory_fields.TestRPEmailNotification" name="test_23_rp_deal_notification_template_exists" time="0.264"><failure message="AssertionError: Template should be active&#10;assert None == True&#10; +  where None = &lt;built-in method get of dict object at 0xfa3f7ebf4240&gt;('is_active')&#10; +    where &lt;built-in method get of dict object at 0xfa3f7ebf4240&gt; = {'body': '\n        &lt;div style=&quot;font-family: Arial, sans-serif; max-width: 600px; margin: 0 auto;&quot;&gt;\n            &lt;h2 style=&quot;color: #10b981;&quot;&gt;✓ New Revenue Booked&lt;/h2&gt;\n            &lt;p&gt;Dear {{rp_name}},&lt;/p&gt;\n            &lt;p&gt;We are pleased to inform you that a stock transfer has been completed for a booking you referred. Your commission has been booked.&lt;/p&gt;\n            \n            &lt;table style=&quot;width: 100%; border-collapse: collapse; margin: 20px 0; border: 1px solid #e5e7eb;&quot;&gt;\n                &lt;tr style=&quot;background-color: #064E3B; color: white;&quot;&gt;\n                    &lt;th colspan=&quot;2&quot; style=&quot;padding: 12px; text-align: left;&quot;&gt;Deal Details&lt;/th&gt;\n                &lt;/tr&gt;\n                &lt;tr style=&quot;background-color: #f3f4f6;&quot;&gt;\n                    &lt;td style=&quot;padding: 10px; border: 1px solid #e5e7eb; width: 40%;&quot;&gt;&lt;strong&gt;Your RP Code&lt;/strong&gt;&lt;/td&gt;\n                    &lt;td style=&quot;padding: 10px; border: 1px solid #e5e7eb; font-family: monospace;&quot;&gt;{{rp_code}}&lt;/td&gt;\n                &lt;/tr&gt;\n                &lt;tr&gt;\n                    &lt;td style=&quot;padding: 10px; border: 1px solid #e5e7eb;&quot;&gt;&lt;strong&gt;Booking Reference&lt;/strong&gt;&lt;/td&gt;\n                    &lt;td style=&quot;padding: 10px; border: 1px solid #e5e7e...                  &lt;td style=&quot;padding: 10px; border: 1px solid #e5e7eb;&quot;&gt;&lt;strong&gt;Your Share&lt;/strong&gt;&lt;/td&gt;\n                    &lt;td style=&quot;padding: 10px; border: 1px solid #e5e7eb;&quot;&gt;{{revenue_share_percent}}%&lt;/td&gt;\n                &lt;/tr&gt;\n                &lt;tr style=&quot;background-color: #d1fae5;&quot;&gt;\n                    &lt;td style=&quot;padding: 10px; border: 1px solid #e5e7eb;&quot;&gt;&lt;strong&gt;Commission Amount&lt;/strong&gt;&lt;/td&gt;\n                    &lt;td style=&quot;padding: 10px; border: 1px solid #e5e7eb;&quot;&gt;&lt;strong style=&quot;color: #059669; font-size: 18px;&quot;&gt;₹{{payment_amount}}&lt;/strong&gt;&lt;/td&gt;\n                &lt;/tr&gt;\n            &lt;/table&gt;\n            \n            &lt;div style=&quot;background-color: #fef3c7; border-left: 4px solid #f59e0b; padding: 12px; margin: 20px 0;&quot;&gt;\n                &lt;p style=&quot;margin: 0; color: #92400e;&quot;&gt;&lt;strong&gt;Note:&lt;/strong&gt; Your commission is now pending and will be processed as per our payment cycle.&lt;/p&gt;\n            &lt;/div&gt;\n            \n            &lt;p&gt;Thank you for your continued partnership!&lt;/p&gt;\n            &lt;p&gt;Best regards,&lt;br&gt;&lt;strong&gt;SMIFS Private Equity System&lt;/strong&gt;&lt;/p&gt;\n        &lt;/div&gt;\n        ', 'is_customized': False, 'key': 'rp_deal_notification', 'name': 'RP Deal Notification', ...}.get">tests/test_rp_mandatory_fields.py:481: in test_23_rp_deal_notification_template_exists
    assert rp_template.get("is_active") == True, "Template should be active"
E   AssertionError: Template should be active
E   assert None == True
E    +  where None = &lt;built-in method get of dict object at 0xfa3f7ebf4240&gt;('is_active')
E    +    where &lt;built-in method get of dict object at 0xfa3f7ebf4240&gt; = {'body': '\n        &lt;div style="font-family: Arial, sans-serif; max-width: 600px; margin: 0 auto;"&gt;\n            &lt;h2 style="color: #10b981;"&gt;✓ New Revenue Booked&lt;/h2&gt;\n            &lt;p&gt;Dear {{rp_name}},&lt;/p&gt;\n            &lt;p&gt;We are pleased to inform you that a stock transfer has been completed for a booking you referred. Your commission has been booked.&lt;/p&gt;\n            \n            &lt;table style="width: 100%; border-collapse: collapse; margin: 20px 0; border: 1px solid #e5e7eb;"&gt;\n                &lt;tr style="background-color: #064E3B; color: white;"&gt;\n                    &lt;th colspan="2" style="padding: 12px; text-align: left;"&gt;Deal Details&lt;/th&gt;\n                &lt;/tr&gt;\n                &lt;tr style="background-color: #f3f4f6;"&gt;\n                    &lt;td style="padding: 10px; border: 1px solid #e5e7eb; width: 40%;"&gt;&lt;strong&gt;Your RP Code&lt;/strong&gt;&lt;/td&gt;\n                    &lt;td style="padding: 10px; border: 1px solid #e5e7eb; font-family: monospace;"&gt;{{rp_code}}&lt;/td&gt;\n                &lt;/tr&gt;\n                &lt;tr&gt;\n                    &lt;td style="padding: 10px; border: 1px solid #e5e7eb;"&gt;&lt;strong&gt;Booking Reference&lt;/strong&gt;&lt;/td&gt;\n                    &lt;td style="padding: 10px; border: 1px solid #e5e7e...                  &lt;td style="padding: 10px; border: 1px solid #e5e7eb;"&gt;&lt;strong&gt;Your Share&lt;/strong&gt;&lt;/td&gt;\n                    &lt;td style="padding: 10px; border: 1px solid #e5e7eb;"&gt;{{revenue_share_percent}}%&lt;/td&gt;\n                &lt;/tr&gt;\n                &lt;tr style="background-color: #d1fae5;"&gt;\n                    &lt;td style="padding: 10px; border: 1px solid #e5e7eb;"&gt;&lt;strong&gt;Commission Amount&lt;/strong&gt;&lt;/td&gt;\n                    &lt;td style="padding: 10px; border: 1px solid #e5e7eb;"&gt;&lt;strong style="color: #059669; font-size: 18px;"&gt;₹{{payment_amount}}&lt;/strong&gt;&lt;/td&gt;\n                &lt;/tr&gt;\n            &lt;/table&gt;\n            \n            &lt;div style="background-color: #fef3c7; border-left: 4px solid #f59e0b; padding: 12px; margin: 20px 0;"&gt;\n                &lt;p style="margin: 0; color: #92400e;"&gt;&lt;strong&gt;Note:&lt;/strong&gt; Your commission is now pending and will be processed as per our payment cycle.&lt;/p&gt;\n            &lt;/div&gt;\n            \n            &lt;p&gt;Thank you for your continued partnership!&lt;/p&gt;\n            &lt;p&gt;Best regards,&lt;br&gt;&lt;strong&gt;SMIFS Private Equity System&lt;/strong&gt;&lt;/p&gt;\n        &lt;/div&gt;\n        ', 'is_customized': False, 'key': 'rp_deal_notification', 'name': 'RP Deal Notification', ...}.get</failure></testcase><testcase classname="tests.test_rp_mandatory_fields.TestRPEmailNotification" name="test_24_stock_transfer_creates_rp_payment" time="0.311" /><testcase classname="tests.test_rp_mandatory_fields.TestRPEditValidation" name="test_25_edit_rp_phone_validation" time="0.315" /><testcase classname="tests.test_rp_mandatory_fields.TestRPEditValidation" name="test_26_edit_rp_aadhar_validation" time="0.293" /></testsuite></testsuites>