<?xml version="1.0" encoding="utf-8"?><testsuites name="pytest tests"><testsuite name="pytest" errors="0" failures="1" skipped="0" tests="14" time="1.132" timestamp="2026-02-08T14:40:53.160141+00:00" hostname="agent-env-237895fa-930c-4e6f-a1e6-bd6983ff4739"><testcase classname="backend.tests.test_to_pay_feature.TestToPayEndpoint" name="test_endpoint_returns_200" time="0.437" /><testcase classname="backend.tests.test_to_pay_feature.TestToPayEndpoint" name="test_response_structure" time="0.050" /><testcase classname="backend.tests.test_to_pay_feature.TestToPayEndpoint" name="test_tcs_threshold_value" time="0.050" /><testcase classname="backend.tests.test_to_pay_feature.TestToPayEndpoint" name="test_tcs_rate_value" time="0.044" /><testcase classname="backend.tests.test_to_pay_feature.TestToPayEndpoint" name="test_stamp_duty_rate_value" time="0.050" /><testcase classname="backend.tests.test_to_pay_feature.TestToPayEndpoint" name="test_summary_fields" time="0.047" /><testcase classname="backend.tests.test_to_pay_feature.TestToPayEndpoint" name="test_to_pay_item_fields" time="0.045" /><testcase classname="backend.tests.test_to_pay_feature.TestToPayEndpoint" name="test_gross_consideration_calculation" time="0.046" /><testcase classname="backend.tests.test_to_pay_feature.TestToPayEndpoint" name="test_stamp_duty_calculation" time="0.047" /><testcase classname="backend.tests.test_to_pay_feature.TestToPayEndpoint" name="test_net_payable_calculation" time="0.047" /><testcase classname="backend.tests.test_to_pay_feature.TestToPayEndpoint" name="test_tcs_applicability_when_below_threshold" time="0.045" /><testcase classname="backend.tests.test_to_pay_feature.TestToPayEndpoint" name="test_unauthorized_access" time="0.037"><failure message="AssertionError: Expected 401, got 403&#10;assert 403 == 401&#10; +  where 403 = &lt;Response [403]&gt;.status_code">backend/tests/test_to_pay_feature.py:186: in test_unauthorized_access
    assert response.status_code == 401, f"Expected 401, got {response.status_code}"
E   AssertionError: Expected 401, got 403
E   assert 403 == 401
E    +  where 403 = &lt;Response [403]&gt;.status_code</failure></testcase><testcase classname="backend.tests.test_to_pay_feature.TestToPayCalculationLogic" name="test_financial_year_format" time="0.047" /><testcase classname="backend.tests.test_to_pay_feature.TestToPayCalculationLogic" name="test_summary_totals_match_items" time="0.046" /></testsuite></testsuites>