<?xml version="1.0" encoding="utf-8"?><testsuites name="pytest tests"><testsuite name="pytest" errors="0" failures="0" skipped="0" tests="18" time="3.695" timestamp="2026-01-25T05:34:12.517360+00:00" hostname="agent-env-b430cb04-b527-4400-8e05-fac21914cbb7"><testcase classname="backend.tests.test_user_management_db_backup.TestAuthentication" name="test_pe_desk_login" time="0.604" /><testcase classname="backend.tests.test_user_management_db_backup.TestUserManagement" name="test_list_users" time="0.044" /><testcase classname="backend.tests.test_user_management_db_backup.TestUserManagement" name="test_create_user" time="0.262" /><testcase classname="backend.tests.test_user_management_db_backup.TestUserManagement" name="test_create_user_duplicate_email" time="0.041" /><testcase classname="backend.tests.test_user_management_db_backup.TestUserManagement" name="test_update_user_role" time="0.341" /><testcase classname="backend.tests.test_user_management_db_backup.TestUserManagement" name="test_reset_user_password" time="0.595" /><testcase classname="backend.tests.test_user_management_db_backup.TestUserManagement" name="test_delete_user" time="0.329" /><testcase classname="backend.tests.test_user_management_db_backup.TestUserManagement" name="test_cannot_delete_super_admin" time="0.117" /><testcase classname="backend.tests.test_user_management_db_backup.TestDatabaseBackup" name="test_get_database_stats" time="0.043" /><testcase classname="backend.tests.test_user_management_db_backup.TestDatabaseBackup" name="test_list_backups" time="0.036" /><testcase classname="backend.tests.test_user_management_db_backup.TestDatabaseBackup" name="test_create_backup" time="0.058" /><testcase classname="backend.tests.test_user_management_db_backup.TestDatabaseBackup" name="test_delete_backup" time="0.128" /><testcase classname="backend.tests.test_user_management_db_backup.TestPEDeskDeletePermissions" name="test_delete_client_endpoint_exists" time="0.037" /><testcase classname="backend.tests.test_user_management_db_backup.TestPEDeskDeletePermissions" name="test_delete_stock_endpoint_exists" time="0.035" /><testcase classname="backend.tests.test_user_management_db_backup.TestPEDeskDeletePermissions" name="test_delete_booking_endpoint_exists" time="0.032" /><testcase classname="backend.tests.test_user_management_db_backup.TestPEDeskDeletePermissions" name="test_delete_purchase_endpoint_exists" time="0.039" /><testcase classname="backend.tests.test_user_management_db_backup.TestPEDeskDeletePermissions" name="test_create_and_delete_client" time="0.083" /><testcase classname="backend.tests.test_user_management_db_backup.TestPEDeskDeletePermissions" name="test_create_and_delete_stock" time="0.743" /></testsuite></testsuites>