<?xml version="1.0" encoding="utf-8"?><testsuites name="pytest tests"><testsuite name="pytest" errors="0" failures="0" skipped="0" tests="13" time="3.965" timestamp="2026-01-24T21:14:24.568876+00:00" hostname="agent-env-0ee70b4d-133b-4ca0-8dea-d6b403d44aed"><testcase classname="backend.tests.test_vendor_payment_dp_transfer.TestVendorPaymentAndDPTransfer" name="test_get_purchases_list" time="0.333" /><testcase classname="backend.tests.test_vendor_payment_dp_transfer.TestVendorPaymentAndDPTransfer" name="test_purchase_payment_status_fields" time="0.274" /><testcase classname="backend.tests.test_vendor_payment_dp_transfer.TestVendorPaymentAndDPTransfer" name="test_record_vendor_payment_requires_pe_desk" time="0.288" /><testcase classname="backend.tests.test_vendor_payment_dp_transfer.TestVendorPaymentAndDPTransfer" name="test_payment_validation_exceeds_remaining" time="0.281" /><testcase classname="backend.tests.test_vendor_payment_dp_transfer.TestVendorPaymentAndDPTransfer" name="test_payment_invalid_purchase_id" time="0.275" /><testcase classname="backend.tests.test_vendor_payment_dp_transfer.TestVendorPaymentAndDPTransfer" name="test_get_purchase_payments" time="0.284" /><testcase classname="backend.tests.test_vendor_payment_dp_transfer.TestVendorPaymentAndDPTransfer" name="test_get_dp_transfer_report" time="0.264" /><testcase classname="backend.tests.test_vendor_payment_dp_transfer.TestVendorPaymentAndDPTransfer" name="test_confirm_transfer_requires_pe_desk" time="0.321" /><testcase classname="backend.tests.test_vendor_payment_dp_transfer.TestVendorPaymentAndDPTransfer" name="test_confirm_transfer_invalid_booking" time="0.266" /><testcase classname="backend.tests.test_vendor_payment_dp_transfer.TestVendorPaymentAndDPTransfer" name="test_confirm_transfer_not_ready" time="0.324" /><testcase classname="backend.tests.test_vendor_payment_dp_transfer.TestVendorPaymentAndDPTransfer" name="test_purchases_page_data_structure" time="0.261" /><testcase classname="backend.tests.test_vendor_payment_dp_transfer.TestVendorPaymentAndDPTransfer" name="test_dp_transfer_report_data_structure" time="0.283" /><testcase classname="backend.tests.test_vendor_payment_dp_transfer.TestVendorPaymentEndToEnd" name="test_create_purchase_and_record_payment" time="0.386" /></testsuite></testsuites>