<?xml version="1.0" encoding="utf-8"?><testsuites name="pytest tests"><testsuite name="pytest" errors="0" failures="0" skipped="0" tests="10" time="2.159" timestamp="2026-02-05T19:44:06.602269+00:00" hostname="agent-env-c8835818-b683-4ab7-a4e3-f355d3d8fcba"><testcase classname="backend.tests.test_whatsapp_automation.TestWhatsAppAutomationConfig" name="test_get_automation_config" time="0.473" /><testcase classname="backend.tests.test_whatsapp_automation.TestWhatsAppAutomationConfig" name="test_update_automation_config" time="0.135" /><testcase classname="backend.tests.test_whatsapp_automation.TestWhatsAppAutomationTriggers" name="test_trigger_payment_reminders" time="0.297" /><testcase classname="backend.tests.test_whatsapp_automation.TestWhatsAppAutomationTriggers" name="test_trigger_document_reminders" time="0.045" /><testcase classname="backend.tests.test_whatsapp_automation.TestWhatsAppAutomationTriggers" name="test_trigger_dp_ready_notifications" time="0.039" /><testcase classname="backend.tests.test_whatsapp_automation.TestWhatsAppAutomationTriggers" name="test_run_all_automations" time="0.051" /><testcase classname="backend.tests.test_whatsapp_automation.TestWhatsAppAutomationLogs" name="test_get_automation_logs" time="0.351" /><testcase classname="backend.tests.test_whatsapp_automation.TestWhatsAppAutomationLogs" name="test_get_broadcasts" time="0.040" /><testcase classname="backend.tests.test_whatsapp_automation.TestWhatsAppBulkBroadcast" name="test_bulk_broadcast_validation" time="0.347" /><testcase classname="backend.tests.test_whatsapp_automation.TestSchedulerIntegration" name="test_scheduler_jobs_endpoint" time="0.306" /></testsuite></testsuites>